[2025-03-28T06:35:29.012+0000] {processor.py:186} INFO - Started process (PID=76) to work on /home/airflow/.local/lib/python3.12/site-packages/airflow/example_dags/example_params_trigger_ui.py
[2025-03-28T06:35:29.012+0000] {processor.py:914} INFO - Processing file /home/airflow/.local/lib/python3.12/site-packages/airflow/example_dags/example_params_trigger_ui.py for tasks to queue
[2025-03-28T06:35:29.014+0000] {logging_mixin.py:190} INFO - [2025-03-28T06:35:29.014+0000] {dagbag.py:588} INFO - Filling up the DagBag from /home/airflow/.local/lib/python3.12/site-packages/airflow/example_dags/example_params_trigger_ui.py
[2025-03-28T06:35:29.023+0000] {processor.py:925} INFO - DAG(s) 'example_params_trigger_ui' retrieved from /home/airflow/.local/lib/python3.12/site-packages/airflow/example_dags/example_params_trigger_ui.py
[2025-03-28T06:35:29.120+0000] {logging_mixin.py:190} INFO - [2025-03-28T06:35:29.119+0000] {override.py:1912} INFO - Created Permission View: can delete on DAG:example_params_trigger_ui
[2025-03-28T06:35:29.126+0000] {logging_mixin.py:190} INFO - [2025-03-28T06:35:29.126+0000] {override.py:1912} INFO - Created Permission View: can edit on DAG:example_params_trigger_ui
[2025-03-28T06:35:29.131+0000] {logging_mixin.py:190} INFO - [2025-03-28T06:35:29.130+0000] {override.py:1912} INFO - Created Permission View: can read on DAG:example_params_trigger_ui
[2025-03-28T06:35:29.135+0000] {logging_mixin.py:190} INFO - [2025-03-28T06:35:29.135+0000] {override.py:1912} INFO - Created Permission View: can create on DAG Run:example_params_trigger_ui
[2025-03-28T06:35:29.139+0000] {logging_mixin.py:190} INFO - [2025-03-28T06:35:29.139+0000] {override.py:1912} INFO - Created Permission View: can delete on DAG Run:example_params_trigger_ui
[2025-03-28T06:35:29.143+0000] {logging_mixin.py:190} INFO - [2025-03-28T06:35:29.143+0000] {override.py:1912} INFO - Created Permission View: can read on DAG Run:example_params_trigger_ui
[2025-03-28T06:35:29.147+0000] {logging_mixin.py:190} INFO - [2025-03-28T06:35:29.146+0000] {override.py:1912} INFO - Created Permission View: menu access on DAG Run:example_params_trigger_ui
[2025-03-28T06:35:29.147+0000] {logging_mixin.py:190} INFO - [2025-03-28T06:35:29.147+0000] {dag.py:3239} INFO - Sync 1 DAGs
[2025-03-28T06:35:29.158+0000] {logging_mixin.py:190} INFO - [2025-03-28T06:35:29.158+0000] {dag.py:3262} INFO - Creating ORM DAG for example_params_trigger_ui
[2025-03-28T06:35:29.158+0000] {logging_mixin.py:190} INFO - [2025-03-28T06:35:29.158+0000] {dag.py:4180} INFO - Setting next_dagrun for example_params_trigger_ui to None, run_after=None
[2025-03-28T06:35:29.170+0000] {processor.py:208} INFO - Processing /home/airflow/.local/lib/python3.12/site-packages/airflow/example_dags/example_params_trigger_ui.py took 0.163 seconds
[2025-03-28T06:35:59.997+0000] {processor.py:186} INFO - Started process (PID=139) to work on /home/airflow/.local/lib/python3.12/site-packages/airflow/example_dags/example_params_trigger_ui.py
[2025-03-28T06:35:59.998+0000] {processor.py:914} INFO - Processing file /home/airflow/.local/lib/python3.12/site-packages/airflow/example_dags/example_params_trigger_ui.py for tasks to queue
[2025-03-28T06:35:59.999+0000] {logging_mixin.py:190} INFO - [2025-03-28T06:35:59.999+0000] {dagbag.py:588} INFO - Filling up the DagBag from /home/airflow/.local/lib/python3.12/site-packages/airflow/example_dags/example_params_trigger_ui.py
[2025-03-28T06:36:00.009+0000] {processor.py:925} INFO - DAG(s) 'example_params_trigger_ui' retrieved from /home/airflow/.local/lib/python3.12/site-packages/airflow/example_dags/example_params_trigger_ui.py
[2025-03-28T06:36:00.043+0000] {logging_mixin.py:190} INFO - [2025-03-28T06:36:00.042+0000] {dag.py:3239} INFO - Sync 1 DAGs
[2025-03-28T06:36:00.054+0000] {logging_mixin.py:190} INFO - [2025-03-28T06:36:00.054+0000] {dag.py:4180} INFO - Setting next_dagrun for example_params_trigger_ui to None, run_after=None
[2025-03-28T06:36:00.067+0000] {processor.py:208} INFO - Processing /home/airflow/.local/lib/python3.12/site-packages/airflow/example_dags/example_params_trigger_ui.py took 0.076 seconds
[2025-03-28T06:36:31.148+0000] {processor.py:186} INFO - Started process (PID=202) to work on /home/airflow/.local/lib/python3.12/site-packages/airflow/example_dags/example_params_trigger_ui.py
[2025-03-28T06:36:31.149+0000] {processor.py:914} INFO - Processing file /home/airflow/.local/lib/python3.12/site-packages/airflow/example_dags/example_params_trigger_ui.py for tasks to queue
[2025-03-28T06:36:31.151+0000] {logging_mixin.py:190} INFO - [2025-03-28T06:36:31.151+0000] {dagbag.py:588} INFO - Filling up the DagBag from /home/airflow/.local/lib/python3.12/site-packages/airflow/example_dags/example_params_trigger_ui.py
[2025-03-28T06:36:31.160+0000] {processor.py:925} INFO - DAG(s) 'example_params_trigger_ui' retrieved from /home/airflow/.local/lib/python3.12/site-packages/airflow/example_dags/example_params_trigger_ui.py
[2025-03-28T06:36:31.198+0000] {logging_mixin.py:190} INFO - [2025-03-28T06:36:31.198+0000] {dag.py:3239} INFO - Sync 1 DAGs
[2025-03-28T06:36:31.210+0000] {logging_mixin.py:190} INFO - [2025-03-28T06:36:31.210+0000] {dag.py:4180} INFO - Setting next_dagrun for example_params_trigger_ui to None, run_after=None
[2025-03-28T06:36:31.226+0000] {processor.py:208} INFO - Processing /home/airflow/.local/lib/python3.12/site-packages/airflow/example_dags/example_params_trigger_ui.py took 0.083 seconds
[2025-03-28T06:45:49.860+0000] {processor.py:186} INFO - Started process (PID=75) to work on /home/airflow/.local/lib/python3.12/site-packages/airflow/example_dags/example_params_trigger_ui.py
[2025-03-28T06:45:49.860+0000] {processor.py:914} INFO - Processing file /home/airflow/.local/lib/python3.12/site-packages/airflow/example_dags/example_params_trigger_ui.py for tasks to queue
[2025-03-28T06:45:49.862+0000] {logging_mixin.py:190} INFO - [2025-03-28T06:45:49.861+0000] {dagbag.py:588} INFO - Filling up the DagBag from /home/airflow/.local/lib/python3.12/site-packages/airflow/example_dags/example_params_trigger_ui.py
[2025-03-28T06:45:49.869+0000] {processor.py:925} INFO - DAG(s) 'example_params_trigger_ui' retrieved from /home/airflow/.local/lib/python3.12/site-packages/airflow/example_dags/example_params_trigger_ui.py
[2025-03-28T06:45:49.902+0000] {logging_mixin.py:190} INFO - [2025-03-28T06:45:49.902+0000] {dag.py:3239} INFO - Sync 1 DAGs
[2025-03-28T06:45:49.912+0000] {logging_mixin.py:190} INFO - [2025-03-28T06:45:49.912+0000] {dag.py:4180} INFO - Setting next_dagrun for example_params_trigger_ui to None, run_after=None
[2025-03-28T06:45:49.924+0000] {processor.py:208} INFO - Processing /home/airflow/.local/lib/python3.12/site-packages/airflow/example_dags/example_params_trigger_ui.py took 0.068 seconds
[2025-03-28T06:46:20.282+0000] {processor.py:186} INFO - Started process (PID=138) to work on /home/airflow/.local/lib/python3.12/site-packages/airflow/example_dags/example_params_trigger_ui.py
[2025-03-28T06:46:20.283+0000] {processor.py:914} INFO - Processing file /home/airflow/.local/lib/python3.12/site-packages/airflow/example_dags/example_params_trigger_ui.py for tasks to queue
[2025-03-28T06:46:20.284+0000] {logging_mixin.py:190} INFO - [2025-03-28T06:46:20.284+0000] {dagbag.py:588} INFO - Filling up the DagBag from /home/airflow/.local/lib/python3.12/site-packages/airflow/example_dags/example_params_trigger_ui.py
[2025-03-28T06:46:20.295+0000] {processor.py:925} INFO - DAG(s) 'example_params_trigger_ui' retrieved from /home/airflow/.local/lib/python3.12/site-packages/airflow/example_dags/example_params_trigger_ui.py
[2025-03-28T06:46:20.337+0000] {logging_mixin.py:190} INFO - [2025-03-28T06:46:20.337+0000] {dag.py:3239} INFO - Sync 1 DAGs
[2025-03-28T06:46:20.349+0000] {logging_mixin.py:190} INFO - [2025-03-28T06:46:20.349+0000] {dag.py:4180} INFO - Setting next_dagrun for example_params_trigger_ui to None, run_after=None
[2025-03-28T06:46:20.362+0000] {processor.py:208} INFO - Processing /home/airflow/.local/lib/python3.12/site-packages/airflow/example_dags/example_params_trigger_ui.py took 0.085 seconds
[2025-03-28T06:46:51.073+0000] {processor.py:186} INFO - Started process (PID=201) to work on /home/airflow/.local/lib/python3.12/site-packages/airflow/example_dags/example_params_trigger_ui.py
[2025-03-28T06:46:51.074+0000] {processor.py:914} INFO - Processing file /home/airflow/.local/lib/python3.12/site-packages/airflow/example_dags/example_params_trigger_ui.py for tasks to queue
[2025-03-28T06:46:51.076+0000] {logging_mixin.py:190} INFO - [2025-03-28T06:46:51.075+0000] {dagbag.py:588} INFO - Filling up the DagBag from /home/airflow/.local/lib/python3.12/site-packages/airflow/example_dags/example_params_trigger_ui.py
[2025-03-28T06:46:51.083+0000] {processor.py:925} INFO - DAG(s) 'example_params_trigger_ui' retrieved from /home/airflow/.local/lib/python3.12/site-packages/airflow/example_dags/example_params_trigger_ui.py
[2025-03-28T06:46:51.114+0000] {logging_mixin.py:190} INFO - [2025-03-28T06:46:51.114+0000] {dag.py:3239} INFO - Sync 1 DAGs
[2025-03-28T06:46:51.124+0000] {logging_mixin.py:190} INFO - [2025-03-28T06:46:51.124+0000] {dag.py:4180} INFO - Setting next_dagrun for example_params_trigger_ui to None, run_after=None
[2025-03-28T06:46:51.136+0000] {processor.py:208} INFO - Processing /home/airflow/.local/lib/python3.12/site-packages/airflow/example_dags/example_params_trigger_ui.py took 0.067 seconds
