[2025-03-28T06:35:29.338+0000] {processor.py:186} INFO - Started process (PID=79) to work on /home/airflow/.local/lib/python3.12/site-packages/airflow/example_dags/example_python_operator.py
[2025-03-28T06:35:29.339+0000] {processor.py:914} INFO - Processing file /home/airflow/.local/lib/python3.12/site-packages/airflow/example_dags/example_python_operator.py for tasks to queue
[2025-03-28T06:35:29.340+0000] {logging_mixin.py:190} INFO - [2025-03-28T06:35:29.340+0000] {dagbag.py:588} INFO - Filling up the DagBag from /home/airflow/.local/lib/python3.12/site-packages/airflow/example_dags/example_python_operator.py
[2025-03-28T06:35:29.351+0000] {processor.py:925} INFO - DAG(s) 'example_python_operator' retrieved from /home/airflow/.local/lib/python3.12/site-packages/airflow/example_dags/example_python_operator.py
[2025-03-28T06:35:29.436+0000] {logging_mixin.py:190} INFO - [2025-03-28T06:35:29.436+0000] {override.py:1912} INFO - Created Permission View: can delete on DAG:example_python_operator
[2025-03-28T06:35:29.444+0000] {logging_mixin.py:190} INFO - [2025-03-28T06:35:29.444+0000] {override.py:1912} INFO - Created Permission View: can edit on DAG:example_python_operator
[2025-03-28T06:35:29.449+0000] {logging_mixin.py:190} INFO - [2025-03-28T06:35:29.449+0000] {override.py:1912} INFO - Created Permission View: can read on DAG:example_python_operator
[2025-03-28T06:35:29.454+0000] {logging_mixin.py:190} INFO - [2025-03-28T06:35:29.454+0000] {override.py:1912} INFO - Created Permission View: can create on DAG Run:example_python_operator
[2025-03-28T06:35:29.459+0000] {logging_mixin.py:190} INFO - [2025-03-28T06:35:29.459+0000] {override.py:1912} INFO - Created Permission View: can delete on DAG Run:example_python_operator
[2025-03-28T06:35:29.463+0000] {logging_mixin.py:190} INFO - [2025-03-28T06:35:29.463+0000] {override.py:1912} INFO - Created Permission View: can read on DAG Run:example_python_operator
[2025-03-28T06:35:29.467+0000] {logging_mixin.py:190} INFO - [2025-03-28T06:35:29.467+0000] {override.py:1912} INFO - Created Permission View: menu access on DAG Run:example_python_operator
[2025-03-28T06:35:29.468+0000] {logging_mixin.py:190} INFO - [2025-03-28T06:35:29.467+0000] {dag.py:3239} INFO - Sync 1 DAGs
[2025-03-28T06:35:29.476+0000] {logging_mixin.py:190} INFO - [2025-03-28T06:35:29.476+0000] {dag.py:3262} INFO - Creating ORM DAG for example_python_operator
[2025-03-28T06:35:29.477+0000] {logging_mixin.py:190} INFO - [2025-03-28T06:35:29.477+0000] {dag.py:4180} INFO - Setting next_dagrun for example_python_operator to None, run_after=None
[2025-03-28T06:35:29.488+0000] {processor.py:208} INFO - Processing /home/airflow/.local/lib/python3.12/site-packages/airflow/example_dags/example_python_operator.py took 0.155 seconds
[2025-03-28T06:36:00.196+0000] {processor.py:186} INFO - Started process (PID=142) to work on /home/airflow/.local/lib/python3.12/site-packages/airflow/example_dags/example_python_operator.py
[2025-03-28T06:36:00.197+0000] {processor.py:914} INFO - Processing file /home/airflow/.local/lib/python3.12/site-packages/airflow/example_dags/example_python_operator.py for tasks to queue
[2025-03-28T06:36:00.198+0000] {logging_mixin.py:190} INFO - [2025-03-28T06:36:00.198+0000] {dagbag.py:588} INFO - Filling up the DagBag from /home/airflow/.local/lib/python3.12/site-packages/airflow/example_dags/example_python_operator.py
[2025-03-28T06:36:00.209+0000] {processor.py:925} INFO - DAG(s) 'example_python_operator' retrieved from /home/airflow/.local/lib/python3.12/site-packages/airflow/example_dags/example_python_operator.py
[2025-03-28T06:36:00.228+0000] {logging_mixin.py:190} INFO - [2025-03-28T06:36:00.228+0000] {dag.py:3239} INFO - Sync 1 DAGs
[2025-03-28T06:36:00.240+0000] {logging_mixin.py:190} INFO - [2025-03-28T06:36:00.239+0000] {dag.py:4180} INFO - Setting next_dagrun for example_python_operator to None, run_after=None
[2025-03-28T06:36:00.252+0000] {processor.py:208} INFO - Processing /home/airflow/.local/lib/python3.12/site-packages/airflow/example_dags/example_python_operator.py took 0.061 seconds
[2025-03-28T06:36:31.343+0000] {processor.py:186} INFO - Started process (PID=205) to work on /home/airflow/.local/lib/python3.12/site-packages/airflow/example_dags/example_python_operator.py
[2025-03-28T06:36:31.344+0000] {processor.py:914} INFO - Processing file /home/airflow/.local/lib/python3.12/site-packages/airflow/example_dags/example_python_operator.py for tasks to queue
[2025-03-28T06:36:31.345+0000] {logging_mixin.py:190} INFO - [2025-03-28T06:36:31.345+0000] {dagbag.py:588} INFO - Filling up the DagBag from /home/airflow/.local/lib/python3.12/site-packages/airflow/example_dags/example_python_operator.py
[2025-03-28T06:36:31.355+0000] {processor.py:925} INFO - DAG(s) 'example_python_operator' retrieved from /home/airflow/.local/lib/python3.12/site-packages/airflow/example_dags/example_python_operator.py
[2025-03-28T06:36:31.373+0000] {logging_mixin.py:190} INFO - [2025-03-28T06:36:31.373+0000] {dag.py:3239} INFO - Sync 1 DAGs
[2025-03-28T06:36:31.385+0000] {logging_mixin.py:190} INFO - [2025-03-28T06:36:31.385+0000] {dag.py:4180} INFO - Setting next_dagrun for example_python_operator to None, run_after=None
[2025-03-28T06:36:31.398+0000] {processor.py:208} INFO - Processing /home/airflow/.local/lib/python3.12/site-packages/airflow/example_dags/example_python_operator.py took 0.059 seconds
[2025-03-28T06:45:50.090+0000] {processor.py:186} INFO - Started process (PID=78) to work on /home/airflow/.local/lib/python3.12/site-packages/airflow/example_dags/example_python_operator.py
[2025-03-28T06:45:50.090+0000] {processor.py:914} INFO - Processing file /home/airflow/.local/lib/python3.12/site-packages/airflow/example_dags/example_python_operator.py for tasks to queue
[2025-03-28T06:45:50.092+0000] {logging_mixin.py:190} INFO - [2025-03-28T06:45:50.092+0000] {dagbag.py:588} INFO - Filling up the DagBag from /home/airflow/.local/lib/python3.12/site-packages/airflow/example_dags/example_python_operator.py
[2025-03-28T06:45:50.100+0000] {processor.py:925} INFO - DAG(s) 'example_python_operator' retrieved from /home/airflow/.local/lib/python3.12/site-packages/airflow/example_dags/example_python_operator.py
[2025-03-28T06:45:50.185+0000] {logging_mixin.py:190} INFO - [2025-03-28T06:45:50.185+0000] {dag.py:3239} INFO - Sync 1 DAGs
[2025-03-28T06:45:50.193+0000] {logging_mixin.py:190} INFO - [2025-03-28T06:45:50.193+0000] {dag.py:4180} INFO - Setting next_dagrun for example_python_operator to None, run_after=None
[2025-03-28T06:45:50.206+0000] {processor.py:208} INFO - Processing /home/airflow/.local/lib/python3.12/site-packages/airflow/example_dags/example_python_operator.py took 0.120 seconds
[2025-03-28T06:46:20.416+0000] {processor.py:186} INFO - Started process (PID=141) to work on /home/airflow/.local/lib/python3.12/site-packages/airflow/example_dags/example_python_operator.py
[2025-03-28T06:46:20.417+0000] {processor.py:914} INFO - Processing file /home/airflow/.local/lib/python3.12/site-packages/airflow/example_dags/example_python_operator.py for tasks to queue
[2025-03-28T06:46:20.419+0000] {logging_mixin.py:190} INFO - [2025-03-28T06:46:20.418+0000] {dagbag.py:588} INFO - Filling up the DagBag from /home/airflow/.local/lib/python3.12/site-packages/airflow/example_dags/example_python_operator.py
[2025-03-28T06:46:20.429+0000] {processor.py:925} INFO - DAG(s) 'example_python_operator' retrieved from /home/airflow/.local/lib/python3.12/site-packages/airflow/example_dags/example_python_operator.py
[2025-03-28T06:46:20.448+0000] {logging_mixin.py:190} INFO - [2025-03-28T06:46:20.448+0000] {dag.py:3239} INFO - Sync 1 DAGs
[2025-03-28T06:46:20.459+0000] {logging_mixin.py:190} INFO - [2025-03-28T06:46:20.459+0000] {dag.py:4180} INFO - Setting next_dagrun for example_python_operator to None, run_after=None
[2025-03-28T06:46:20.472+0000] {processor.py:208} INFO - Processing /home/airflow/.local/lib/python3.12/site-packages/airflow/example_dags/example_python_operator.py took 0.060 seconds
[2025-03-28T06:46:51.329+0000] {processor.py:186} INFO - Started process (PID=204) to work on /home/airflow/.local/lib/python3.12/site-packages/airflow/example_dags/example_python_operator.py
[2025-03-28T06:46:51.329+0000] {processor.py:914} INFO - Processing file /home/airflow/.local/lib/python3.12/site-packages/airflow/example_dags/example_python_operator.py for tasks to queue
[2025-03-28T06:46:51.331+0000] {logging_mixin.py:190} INFO - [2025-03-28T06:46:51.331+0000] {dagbag.py:588} INFO - Filling up the DagBag from /home/airflow/.local/lib/python3.12/site-packages/airflow/example_dags/example_python_operator.py
[2025-03-28T06:46:51.340+0000] {processor.py:925} INFO - DAG(s) 'example_python_operator' retrieved from /home/airflow/.local/lib/python3.12/site-packages/airflow/example_dags/example_python_operator.py
[2025-03-28T06:46:51.357+0000] {logging_mixin.py:190} INFO - [2025-03-28T06:46:51.357+0000] {dag.py:3239} INFO - Sync 1 DAGs
[2025-03-28T06:46:51.367+0000] {logging_mixin.py:190} INFO - [2025-03-28T06:46:51.367+0000] {dag.py:4180} INFO - Setting next_dagrun for example_python_operator to None, run_after=None
[2025-03-28T06:46:51.378+0000] {processor.py:208} INFO - Processing /home/airflow/.local/lib/python3.12/site-packages/airflow/example_dags/example_python_operator.py took 0.054 seconds
