[2025-03-28T06:35:27.703+0000] {processor.py:186} INFO - Started process (PID=64) to work on /home/airflow/.local/lib/python3.12/site-packages/airflow/example_dags/example_branch_python_dop_operator_3.py
[2025-03-28T06:35:27.704+0000] {processor.py:914} INFO - Processing file /home/airflow/.local/lib/python3.12/site-packages/airflow/example_dags/example_branch_python_dop_operator_3.py for tasks to queue
[2025-03-28T06:35:27.706+0000] {logging_mixin.py:190} INFO - [2025-03-28T06:35:27.706+0000] {dagbag.py:588} INFO - Filling up the DagBag from /home/airflow/.local/lib/python3.12/site-packages/airflow/example_dags/example_branch_python_dop_operator_3.py
[2025-03-28T06:35:27.715+0000] {processor.py:925} INFO - DAG(s) 'example_branch_dop_operator_v3' retrieved from /home/airflow/.local/lib/python3.12/site-packages/airflow/example_dags/example_branch_python_dop_operator_3.py
[2025-03-28T06:35:27.798+0000] {logging_mixin.py:190} INFO - [2025-03-28T06:35:27.797+0000] {override.py:1912} INFO - Created Permission View: can delete on DAG:example_branch_dop_operator_v3
[2025-03-28T06:35:27.805+0000] {logging_mixin.py:190} INFO - [2025-03-28T06:35:27.804+0000] {override.py:1912} INFO - Created Permission View: can edit on DAG:example_branch_dop_operator_v3
[2025-03-28T06:35:27.809+0000] {logging_mixin.py:190} INFO - [2025-03-28T06:35:27.809+0000] {override.py:1912} INFO - Created Permission View: can read on DAG:example_branch_dop_operator_v3
[2025-03-28T06:35:27.814+0000] {logging_mixin.py:190} INFO - [2025-03-28T06:35:27.814+0000] {override.py:1912} INFO - Created Permission View: can create on DAG Run:example_branch_dop_operator_v3
[2025-03-28T06:35:27.819+0000] {logging_mixin.py:190} INFO - [2025-03-28T06:35:27.819+0000] {override.py:1912} INFO - Created Permission View: can delete on DAG Run:example_branch_dop_operator_v3
[2025-03-28T06:35:27.824+0000] {logging_mixin.py:190} INFO - [2025-03-28T06:35:27.823+0000] {override.py:1912} INFO - Created Permission View: can read on DAG Run:example_branch_dop_operator_v3
[2025-03-28T06:35:27.828+0000] {logging_mixin.py:190} INFO - [2025-03-28T06:35:27.828+0000] {override.py:1912} INFO - Created Permission View: menu access on DAG Run:example_branch_dop_operator_v3
[2025-03-28T06:35:27.828+0000] {logging_mixin.py:190} INFO - [2025-03-28T06:35:27.828+0000] {dag.py:3239} INFO - Sync 1 DAGs
[2025-03-28T06:35:27.839+0000] {logging_mixin.py:190} INFO - [2025-03-28T06:35:27.839+0000] {dag.py:3262} INFO - Creating ORM DAG for example_branch_dop_operator_v3
[2025-03-28T06:35:27.848+0000] {logging_mixin.py:190} INFO - [2025-03-28T06:35:27.848+0000] {dag.py:4180} INFO - Setting next_dagrun for example_branch_dop_operator_v3 to 2025-03-28 06:34:00+00:00, run_after=2025-03-28 06:35:00+00:00
[2025-03-28T06:35:27.860+0000] {processor.py:208} INFO - Processing /home/airflow/.local/lib/python3.12/site-packages/airflow/example_dags/example_branch_python_dop_operator_3.py took 0.161 seconds
[2025-03-28T06:35:58.124+0000] {processor.py:186} INFO - Started process (PID=127) to work on /home/airflow/.local/lib/python3.12/site-packages/airflow/example_dags/example_branch_python_dop_operator_3.py
[2025-03-28T06:35:58.125+0000] {processor.py:914} INFO - Processing file /home/airflow/.local/lib/python3.12/site-packages/airflow/example_dags/example_branch_python_dop_operator_3.py for tasks to queue
[2025-03-28T06:35:58.127+0000] {logging_mixin.py:190} INFO - [2025-03-28T06:35:58.127+0000] {dagbag.py:588} INFO - Filling up the DagBag from /home/airflow/.local/lib/python3.12/site-packages/airflow/example_dags/example_branch_python_dop_operator_3.py
[2025-03-28T06:35:58.137+0000] {processor.py:925} INFO - DAG(s) 'example_branch_dop_operator_v3' retrieved from /home/airflow/.local/lib/python3.12/site-packages/airflow/example_dags/example_branch_python_dop_operator_3.py
[2025-03-28T06:35:58.156+0000] {logging_mixin.py:190} INFO - [2025-03-28T06:35:58.156+0000] {dag.py:3239} INFO - Sync 1 DAGs
[2025-03-28T06:35:58.176+0000] {logging_mixin.py:190} INFO - [2025-03-28T06:35:58.176+0000] {dag.py:4180} INFO - Setting next_dagrun for example_branch_dop_operator_v3 to 2025-03-28 06:34:00+00:00, run_after=2025-03-28 06:35:00+00:00
[2025-03-28T06:35:58.188+0000] {processor.py:208} INFO - Processing /home/airflow/.local/lib/python3.12/site-packages/airflow/example_dags/example_branch_python_dop_operator_3.py took 0.070 seconds
[2025-03-28T06:36:28.727+0000] {processor.py:186} INFO - Started process (PID=190) to work on /home/airflow/.local/lib/python3.12/site-packages/airflow/example_dags/example_branch_python_dop_operator_3.py
[2025-03-28T06:36:28.728+0000] {processor.py:914} INFO - Processing file /home/airflow/.local/lib/python3.12/site-packages/airflow/example_dags/example_branch_python_dop_operator_3.py for tasks to queue
[2025-03-28T06:36:28.730+0000] {logging_mixin.py:190} INFO - [2025-03-28T06:36:28.730+0000] {dagbag.py:588} INFO - Filling up the DagBag from /home/airflow/.local/lib/python3.12/site-packages/airflow/example_dags/example_branch_python_dop_operator_3.py
[2025-03-28T06:36:28.738+0000] {processor.py:925} INFO - DAG(s) 'example_branch_dop_operator_v3' retrieved from /home/airflow/.local/lib/python3.12/site-packages/airflow/example_dags/example_branch_python_dop_operator_3.py
[2025-03-28T06:36:28.754+0000] {logging_mixin.py:190} INFO - [2025-03-28T06:36:28.754+0000] {dag.py:3239} INFO - Sync 1 DAGs
[2025-03-28T06:36:28.773+0000] {logging_mixin.py:190} INFO - [2025-03-28T06:36:28.773+0000] {dag.py:4180} INFO - Setting next_dagrun for example_branch_dop_operator_v3 to 2025-03-28 06:35:00+00:00, run_after=2025-03-28 06:36:00+00:00
[2025-03-28T06:36:28.785+0000] {processor.py:208} INFO - Processing /home/airflow/.local/lib/python3.12/site-packages/airflow/example_dags/example_branch_python_dop_operator_3.py took 0.063 seconds
[2025-03-28T06:45:48.930+0000] {processor.py:186} INFO - Started process (PID=63) to work on /home/airflow/.local/lib/python3.12/site-packages/airflow/example_dags/example_branch_python_dop_operator_3.py
[2025-03-28T06:45:48.931+0000] {processor.py:914} INFO - Processing file /home/airflow/.local/lib/python3.12/site-packages/airflow/example_dags/example_branch_python_dop_operator_3.py for tasks to queue
[2025-03-28T06:45:48.933+0000] {logging_mixin.py:190} INFO - [2025-03-28T06:45:48.933+0000] {dagbag.py:588} INFO - Filling up the DagBag from /home/airflow/.local/lib/python3.12/site-packages/airflow/example_dags/example_branch_python_dop_operator_3.py
[2025-03-28T06:45:48.942+0000] {processor.py:925} INFO - DAG(s) 'example_branch_dop_operator_v3' retrieved from /home/airflow/.local/lib/python3.12/site-packages/airflow/example_dags/example_branch_python_dop_operator_3.py
[2025-03-28T06:45:48.961+0000] {logging_mixin.py:190} INFO - [2025-03-28T06:45:48.961+0000] {dag.py:3239} INFO - Sync 1 DAGs
[2025-03-28T06:45:48.983+0000] {logging_mixin.py:190} INFO - [2025-03-28T06:45:48.983+0000] {dag.py:4180} INFO - Setting next_dagrun for example_branch_dop_operator_v3 to 2025-03-28 06:44:00+00:00, run_after=2025-03-28 06:45:00+00:00
[2025-03-28T06:45:48.997+0000] {processor.py:208} INFO - Processing /home/airflow/.local/lib/python3.12/site-packages/airflow/example_dags/example_branch_python_dop_operator_3.py took 0.072 seconds
[2025-03-28T06:46:19.560+0000] {processor.py:186} INFO - Started process (PID=126) to work on /home/airflow/.local/lib/python3.12/site-packages/airflow/example_dags/example_branch_python_dop_operator_3.py
[2025-03-28T06:46:19.561+0000] {processor.py:914} INFO - Processing file /home/airflow/.local/lib/python3.12/site-packages/airflow/example_dags/example_branch_python_dop_operator_3.py for tasks to queue
[2025-03-28T06:46:19.562+0000] {logging_mixin.py:190} INFO - [2025-03-28T06:46:19.562+0000] {dagbag.py:588} INFO - Filling up the DagBag from /home/airflow/.local/lib/python3.12/site-packages/airflow/example_dags/example_branch_python_dop_operator_3.py
[2025-03-28T06:46:19.570+0000] {processor.py:925} INFO - DAG(s) 'example_branch_dop_operator_v3' retrieved from /home/airflow/.local/lib/python3.12/site-packages/airflow/example_dags/example_branch_python_dop_operator_3.py
[2025-03-28T06:46:19.584+0000] {logging_mixin.py:190} INFO - [2025-03-28T06:46:19.584+0000] {dag.py:3239} INFO - Sync 1 DAGs
[2025-03-28T06:46:19.602+0000] {logging_mixin.py:190} INFO - [2025-03-28T06:46:19.602+0000] {dag.py:4180} INFO - Setting next_dagrun for example_branch_dop_operator_v3 to 2025-03-28 06:45:00+00:00, run_after=2025-03-28 06:46:00+00:00
[2025-03-28T06:46:19.614+0000] {processor.py:208} INFO - Processing /home/airflow/.local/lib/python3.12/site-packages/airflow/example_dags/example_branch_python_dop_operator_3.py took 0.058 seconds
[2025-03-28T06:46:50.546+0000] {processor.py:186} INFO - Started process (PID=189) to work on /home/airflow/.local/lib/python3.12/site-packages/airflow/example_dags/example_branch_python_dop_operator_3.py
[2025-03-28T06:46:50.547+0000] {processor.py:914} INFO - Processing file /home/airflow/.local/lib/python3.12/site-packages/airflow/example_dags/example_branch_python_dop_operator_3.py for tasks to queue
[2025-03-28T06:46:50.550+0000] {logging_mixin.py:190} INFO - [2025-03-28T06:46:50.550+0000] {dagbag.py:588} INFO - Filling up the DagBag from /home/airflow/.local/lib/python3.12/site-packages/airflow/example_dags/example_branch_python_dop_operator_3.py
[2025-03-28T06:46:50.559+0000] {processor.py:925} INFO - DAG(s) 'example_branch_dop_operator_v3' retrieved from /home/airflow/.local/lib/python3.12/site-packages/airflow/example_dags/example_branch_python_dop_operator_3.py
[2025-03-28T06:46:50.578+0000] {logging_mixin.py:190} INFO - [2025-03-28T06:46:50.578+0000] {dag.py:3239} INFO - Sync 1 DAGs
[2025-03-28T06:46:50.601+0000] {logging_mixin.py:190} INFO - [2025-03-28T06:46:50.600+0000] {dag.py:4180} INFO - Setting next_dagrun for example_branch_dop_operator_v3 to 2025-03-28 06:45:00+00:00, run_after=2025-03-28 06:46:00+00:00
[2025-03-28T06:46:50.616+0000] {processor.py:208} INFO - Processing /home/airflow/.local/lib/python3.12/site-packages/airflow/example_dags/example_branch_python_dop_operator_3.py took 0.076 seconds
[2025-03-28T06:47:21.598+0000] {processor.py:186} INFO - Started process (PID=252) to work on /home/airflow/.local/lib/python3.12/site-packages/airflow/example_dags/example_branch_python_dop_operator_3.py
[2025-03-28T06:47:21.599+0000] {processor.py:914} INFO - Processing file /home/airflow/.local/lib/python3.12/site-packages/airflow/example_dags/example_branch_python_dop_operator_3.py for tasks to queue
[2025-03-28T06:47:21.601+0000] {logging_mixin.py:190} INFO - [2025-03-28T06:47:21.601+0000] {dagbag.py:588} INFO - Filling up the DagBag from /home/airflow/.local/lib/python3.12/site-packages/airflow/example_dags/example_branch_python_dop_operator_3.py
[2025-03-28T06:47:21.611+0000] {processor.py:925} INFO - DAG(s) 'example_branch_dop_operator_v3' retrieved from /home/airflow/.local/lib/python3.12/site-packages/airflow/example_dags/example_branch_python_dop_operator_3.py
[2025-03-28T06:47:21.630+0000] {logging_mixin.py:190} INFO - [2025-03-28T06:47:21.630+0000] {dag.py:3239} INFO - Sync 1 DAGs
[2025-03-28T06:47:21.654+0000] {logging_mixin.py:190} INFO - [2025-03-28T06:47:21.653+0000] {dag.py:4180} INFO - Setting next_dagrun for example_branch_dop_operator_v3 to 2025-03-28 06:46:00+00:00, run_after=2025-03-28 06:47:00+00:00
[2025-03-28T06:47:21.675+0000] {processor.py:208} INFO - Processing /home/airflow/.local/lib/python3.12/site-packages/airflow/example_dags/example_branch_python_dop_operator_3.py took 0.082 seconds
