[2025-03-28T06:35:26.463+0000] {processor.py:186} INFO - Started process (PID=53) to work on /home/airflow/.local/lib/python3.12/site-packages/airflow/example_dags/example_setup_teardown.py
[2025-03-28T06:35:26.464+0000] {processor.py:914} INFO - Processing file /home/airflow/.local/lib/python3.12/site-packages/airflow/example_dags/example_setup_teardown.py for tasks to queue
[2025-03-28T06:35:26.466+0000] {logging_mixin.py:190} INFO - [2025-03-28T06:35:26.465+0000] {dagbag.py:588} INFO - Filling up the DagBag from /home/airflow/.local/lib/python3.12/site-packages/airflow/example_dags/example_setup_teardown.py
[2025-03-28T06:35:26.474+0000] {processor.py:925} INFO - DAG(s) 'example_setup_teardown' retrieved from /home/airflow/.local/lib/python3.12/site-packages/airflow/example_dags/example_setup_teardown.py
[2025-03-28T06:35:26.566+0000] {logging_mixin.py:190} INFO - [2025-03-28T06:35:26.566+0000] {override.py:1912} INFO - Created Permission View: can delete on DAG:example_setup_teardown
[2025-03-28T06:35:26.573+0000] {logging_mixin.py:190} INFO - [2025-03-28T06:35:26.573+0000] {override.py:1912} INFO - Created Permission View: can edit on DAG:example_setup_teardown
[2025-03-28T06:35:26.577+0000] {logging_mixin.py:190} INFO - [2025-03-28T06:35:26.577+0000] {override.py:1912} INFO - Created Permission View: can read on DAG:example_setup_teardown
[2025-03-28T06:35:26.582+0000] {logging_mixin.py:190} INFO - [2025-03-28T06:35:26.581+0000] {override.py:1912} INFO - Created Permission View: can create on DAG Run:example_setup_teardown
[2025-03-28T06:35:26.586+0000] {logging_mixin.py:190} INFO - [2025-03-28T06:35:26.586+0000] {override.py:1912} INFO - Created Permission View: can delete on DAG Run:example_setup_teardown
[2025-03-28T06:35:26.590+0000] {logging_mixin.py:190} INFO - [2025-03-28T06:35:26.590+0000] {override.py:1912} INFO - Created Permission View: can read on DAG Run:example_setup_teardown
[2025-03-28T06:35:26.595+0000] {logging_mixin.py:190} INFO - [2025-03-28T06:35:26.594+0000] {override.py:1912} INFO - Created Permission View: menu access on DAG Run:example_setup_teardown
[2025-03-28T06:35:26.595+0000] {logging_mixin.py:190} INFO - [2025-03-28T06:35:26.595+0000] {dag.py:3239} INFO - Sync 1 DAGs
[2025-03-28T06:35:26.604+0000] {logging_mixin.py:190} INFO - [2025-03-28T06:35:26.604+0000] {dag.py:3262} INFO - Creating ORM DAG for example_setup_teardown
[2025-03-28T06:35:26.605+0000] {logging_mixin.py:190} INFO - [2025-03-28T06:35:26.605+0000] {dag.py:4180} INFO - Setting next_dagrun for example_setup_teardown to None, run_after=None
[2025-03-28T06:35:26.615+0000] {processor.py:208} INFO - Processing /home/airflow/.local/lib/python3.12/site-packages/airflow/example_dags/example_setup_teardown.py took 0.157 seconds
[2025-03-28T06:35:57.410+0000] {processor.py:186} INFO - Started process (PID=116) to work on /home/airflow/.local/lib/python3.12/site-packages/airflow/example_dags/example_setup_teardown.py
[2025-03-28T06:35:57.411+0000] {processor.py:914} INFO - Processing file /home/airflow/.local/lib/python3.12/site-packages/airflow/example_dags/example_setup_teardown.py for tasks to queue
[2025-03-28T06:35:57.412+0000] {logging_mixin.py:190} INFO - [2025-03-28T06:35:57.412+0000] {dagbag.py:588} INFO - Filling up the DagBag from /home/airflow/.local/lib/python3.12/site-packages/airflow/example_dags/example_setup_teardown.py
[2025-03-28T06:35:57.419+0000] {processor.py:925} INFO - DAG(s) 'example_setup_teardown' retrieved from /home/airflow/.local/lib/python3.12/site-packages/airflow/example_dags/example_setup_teardown.py
[2025-03-28T06:35:57.439+0000] {logging_mixin.py:190} INFO - [2025-03-28T06:35:57.439+0000] {dag.py:3239} INFO - Sync 1 DAGs
[2025-03-28T06:35:57.450+0000] {logging_mixin.py:190} INFO - [2025-03-28T06:35:57.450+0000] {dag.py:4180} INFO - Setting next_dagrun for example_setup_teardown to None, run_after=None
[2025-03-28T06:35:57.462+0000] {processor.py:208} INFO - Processing /home/airflow/.local/lib/python3.12/site-packages/airflow/example_dags/example_setup_teardown.py took 0.057 seconds
[2025-03-28T06:36:28.135+0000] {processor.py:186} INFO - Started process (PID=179) to work on /home/airflow/.local/lib/python3.12/site-packages/airflow/example_dags/example_setup_teardown.py
[2025-03-28T06:36:28.135+0000] {processor.py:914} INFO - Processing file /home/airflow/.local/lib/python3.12/site-packages/airflow/example_dags/example_setup_teardown.py for tasks to queue
[2025-03-28T06:36:28.137+0000] {logging_mixin.py:190} INFO - [2025-03-28T06:36:28.137+0000] {dagbag.py:588} INFO - Filling up the DagBag from /home/airflow/.local/lib/python3.12/site-packages/airflow/example_dags/example_setup_teardown.py
[2025-03-28T06:36:28.144+0000] {processor.py:925} INFO - DAG(s) 'example_setup_teardown' retrieved from /home/airflow/.local/lib/python3.12/site-packages/airflow/example_dags/example_setup_teardown.py
[2025-03-28T06:36:28.159+0000] {logging_mixin.py:190} INFO - [2025-03-28T06:36:28.159+0000] {dag.py:3239} INFO - Sync 1 DAGs
[2025-03-28T06:36:28.170+0000] {logging_mixin.py:190} INFO - [2025-03-28T06:36:28.169+0000] {dag.py:4180} INFO - Setting next_dagrun for example_setup_teardown to None, run_after=None
[2025-03-28T06:36:28.182+0000] {processor.py:208} INFO - Processing /home/airflow/.local/lib/python3.12/site-packages/airflow/example_dags/example_setup_teardown.py took 0.051 seconds
[2025-03-28T06:45:48.392+0000] {processor.py:186} INFO - Started process (PID=52) to work on /home/airflow/.local/lib/python3.12/site-packages/airflow/example_dags/example_setup_teardown.py
[2025-03-28T06:45:48.393+0000] {processor.py:914} INFO - Processing file /home/airflow/.local/lib/python3.12/site-packages/airflow/example_dags/example_setup_teardown.py for tasks to queue
[2025-03-28T06:45:48.395+0000] {logging_mixin.py:190} INFO - [2025-03-28T06:45:48.394+0000] {dagbag.py:588} INFO - Filling up the DagBag from /home/airflow/.local/lib/python3.12/site-packages/airflow/example_dags/example_setup_teardown.py
[2025-03-28T06:45:48.402+0000] {processor.py:925} INFO - DAG(s) 'example_setup_teardown' retrieved from /home/airflow/.local/lib/python3.12/site-packages/airflow/example_dags/example_setup_teardown.py
[2025-03-28T06:45:48.424+0000] {logging_mixin.py:190} INFO - [2025-03-28T06:45:48.423+0000] {dag.py:3239} INFO - Sync 1 DAGs
[2025-03-28T06:45:48.437+0000] {logging_mixin.py:190} INFO - [2025-03-28T06:45:48.437+0000] {dag.py:4180} INFO - Setting next_dagrun for example_setup_teardown to None, run_after=None
[2025-03-28T06:45:48.452+0000] {processor.py:208} INFO - Processing /home/airflow/.local/lib/python3.12/site-packages/airflow/example_dags/example_setup_teardown.py took 0.063 seconds
[2025-03-28T06:46:19.151+0000] {processor.py:186} INFO - Started process (PID=115) to work on /home/airflow/.local/lib/python3.12/site-packages/airflow/example_dags/example_setup_teardown.py
[2025-03-28T06:46:19.151+0000] {processor.py:914} INFO - Processing file /home/airflow/.local/lib/python3.12/site-packages/airflow/example_dags/example_setup_teardown.py for tasks to queue
[2025-03-28T06:46:19.153+0000] {logging_mixin.py:190} INFO - [2025-03-28T06:46:19.152+0000] {dagbag.py:588} INFO - Filling up the DagBag from /home/airflow/.local/lib/python3.12/site-packages/airflow/example_dags/example_setup_teardown.py
[2025-03-28T06:46:19.159+0000] {processor.py:925} INFO - DAG(s) 'example_setup_teardown' retrieved from /home/airflow/.local/lib/python3.12/site-packages/airflow/example_dags/example_setup_teardown.py
[2025-03-28T06:46:19.174+0000] {logging_mixin.py:190} INFO - [2025-03-28T06:46:19.174+0000] {dag.py:3239} INFO - Sync 1 DAGs
[2025-03-28T06:46:19.184+0000] {logging_mixin.py:190} INFO - [2025-03-28T06:46:19.184+0000] {dag.py:4180} INFO - Setting next_dagrun for example_setup_teardown to None, run_after=None
[2025-03-28T06:46:19.195+0000] {processor.py:208} INFO - Processing /home/airflow/.local/lib/python3.12/site-packages/airflow/example_dags/example_setup_teardown.py took 0.049 seconds
[2025-03-28T06:46:49.899+0000] {processor.py:186} INFO - Started process (PID=178) to work on /home/airflow/.local/lib/python3.12/site-packages/airflow/example_dags/example_setup_teardown.py
[2025-03-28T06:46:49.899+0000] {processor.py:914} INFO - Processing file /home/airflow/.local/lib/python3.12/site-packages/airflow/example_dags/example_setup_teardown.py for tasks to queue
[2025-03-28T06:46:49.901+0000] {logging_mixin.py:190} INFO - [2025-03-28T06:46:49.901+0000] {dagbag.py:588} INFO - Filling up the DagBag from /home/airflow/.local/lib/python3.12/site-packages/airflow/example_dags/example_setup_teardown.py
[2025-03-28T06:46:49.909+0000] {processor.py:925} INFO - DAG(s) 'example_setup_teardown' retrieved from /home/airflow/.local/lib/python3.12/site-packages/airflow/example_dags/example_setup_teardown.py
[2025-03-28T06:46:49.929+0000] {logging_mixin.py:190} INFO - [2025-03-28T06:46:49.928+0000] {dag.py:3239} INFO - Sync 1 DAGs
[2025-03-28T06:46:49.940+0000] {logging_mixin.py:190} INFO - [2025-03-28T06:46:49.940+0000] {dag.py:4180} INFO - Setting next_dagrun for example_setup_teardown to None, run_after=None
[2025-03-28T06:46:49.953+0000] {processor.py:208} INFO - Processing /home/airflow/.local/lib/python3.12/site-packages/airflow/example_dags/example_setup_teardown.py took 0.061 seconds
[2025-03-28T06:47:20.309+0000] {processor.py:186} INFO - Started process (PID=240) to work on /home/airflow/.local/lib/python3.12/site-packages/airflow/example_dags/example_setup_teardown.py
[2025-03-28T06:47:20.310+0000] {processor.py:914} INFO - Processing file /home/airflow/.local/lib/python3.12/site-packages/airflow/example_dags/example_setup_teardown.py for tasks to queue
[2025-03-28T06:47:20.312+0000] {logging_mixin.py:190} INFO - [2025-03-28T06:47:20.312+0000] {dagbag.py:588} INFO - Filling up the DagBag from /home/airflow/.local/lib/python3.12/site-packages/airflow/example_dags/example_setup_teardown.py
[2025-03-28T06:47:20.319+0000] {processor.py:925} INFO - DAG(s) 'example_setup_teardown' retrieved from /home/airflow/.local/lib/python3.12/site-packages/airflow/example_dags/example_setup_teardown.py
[2025-03-28T06:47:20.337+0000] {logging_mixin.py:190} INFO - [2025-03-28T06:47:20.337+0000] {dag.py:3239} INFO - Sync 1 DAGs
[2025-03-28T06:47:20.349+0000] {logging_mixin.py:190} INFO - [2025-03-28T06:47:20.349+0000] {dag.py:4180} INFO - Setting next_dagrun for example_setup_teardown to None, run_after=None
[2025-03-28T06:47:20.362+0000] {processor.py:208} INFO - Processing /home/airflow/.local/lib/python3.12/site-packages/airflow/example_dags/example_setup_teardown.py took 0.058 seconds
