[2025-03-28T06:35:27.192+0000] {processor.py:186} INFO - Started process (PID=60) to work on /home/airflow/.local/lib/python3.12/site-packages/airflow/example_dags/example_display_name.py
[2025-03-28T06:35:27.193+0000] {processor.py:914} INFO - Processing file /home/airflow/.local/lib/python3.12/site-packages/airflow/example_dags/example_display_name.py for tasks to queue
[2025-03-28T06:35:27.194+0000] {logging_mixin.py:190} INFO - [2025-03-28T06:35:27.194+0000] {dagbag.py:588} INFO - Filling up the DagBag from /home/airflow/.local/lib/python3.12/site-packages/airflow/example_dags/example_display_name.py
[2025-03-28T06:35:27.200+0000] {processor.py:925} INFO - DAG(s) 'example_display_name' retrieved from /home/airflow/.local/lib/python3.12/site-packages/airflow/example_dags/example_display_name.py
[2025-03-28T06:35:27.281+0000] {logging_mixin.py:190} INFO - [2025-03-28T06:35:27.280+0000] {override.py:1912} INFO - Created Permission View: can delete on DAG:example_display_name
[2025-03-28T06:35:27.287+0000] {logging_mixin.py:190} INFO - [2025-03-28T06:35:27.287+0000] {override.py:1912} INFO - Created Permission View: can edit on DAG:example_display_name
[2025-03-28T06:35:27.292+0000] {logging_mixin.py:190} INFO - [2025-03-28T06:35:27.292+0000] {override.py:1912} INFO - Created Permission View: can read on DAG:example_display_name
[2025-03-28T06:35:27.297+0000] {logging_mixin.py:190} INFO - [2025-03-28T06:35:27.297+0000] {override.py:1912} INFO - Created Permission View: can create on DAG Run:example_display_name
[2025-03-28T06:35:27.301+0000] {logging_mixin.py:190} INFO - [2025-03-28T06:35:27.301+0000] {override.py:1912} INFO - Created Permission View: can delete on DAG Run:example_display_name
[2025-03-28T06:35:27.305+0000] {logging_mixin.py:190} INFO - [2025-03-28T06:35:27.305+0000] {override.py:1912} INFO - Created Permission View: can read on DAG Run:example_display_name
[2025-03-28T06:35:27.309+0000] {logging_mixin.py:190} INFO - [2025-03-28T06:35:27.309+0000] {override.py:1912} INFO - Created Permission View: menu access on DAG Run:example_display_name
[2025-03-28T06:35:27.310+0000] {logging_mixin.py:190} INFO - [2025-03-28T06:35:27.310+0000] {dag.py:3239} INFO - Sync 1 DAGs
[2025-03-28T06:35:27.320+0000] {logging_mixin.py:190} INFO - [2025-03-28T06:35:27.320+0000] {dag.py:3262} INFO - Creating ORM DAG for example_display_name
[2025-03-28T06:35:27.320+0000] {logging_mixin.py:190} INFO - [2025-03-28T06:35:27.320+0000] {dag.py:4180} INFO - Setting next_dagrun for example_display_name to None, run_after=None
[2025-03-28T06:35:27.332+0000] {processor.py:208} INFO - Processing /home/airflow/.local/lib/python3.12/site-packages/airflow/example_dags/example_display_name.py took 0.144 seconds
[2025-03-28T06:35:57.879+0000] {processor.py:186} INFO - Started process (PID=123) to work on /home/airflow/.local/lib/python3.12/site-packages/airflow/example_dags/example_display_name.py
[2025-03-28T06:35:57.880+0000] {processor.py:914} INFO - Processing file /home/airflow/.local/lib/python3.12/site-packages/airflow/example_dags/example_display_name.py for tasks to queue
[2025-03-28T06:35:57.882+0000] {logging_mixin.py:190} INFO - [2025-03-28T06:35:57.881+0000] {dagbag.py:588} INFO - Filling up the DagBag from /home/airflow/.local/lib/python3.12/site-packages/airflow/example_dags/example_display_name.py
[2025-03-28T06:35:57.888+0000] {processor.py:925} INFO - DAG(s) 'example_display_name' retrieved from /home/airflow/.local/lib/python3.12/site-packages/airflow/example_dags/example_display_name.py
[2025-03-28T06:35:57.906+0000] {logging_mixin.py:190} INFO - [2025-03-28T06:35:57.906+0000] {dag.py:3239} INFO - Sync 1 DAGs
[2025-03-28T06:35:57.918+0000] {logging_mixin.py:190} INFO - [2025-03-28T06:35:57.917+0000] {dag.py:4180} INFO - Setting next_dagrun for example_display_name to None, run_after=None
[2025-03-28T06:35:57.931+0000] {processor.py:208} INFO - Processing /home/airflow/.local/lib/python3.12/site-packages/airflow/example_dags/example_display_name.py took 0.058 seconds
[2025-03-28T06:36:28.503+0000] {processor.py:186} INFO - Started process (PID=186) to work on /home/airflow/.local/lib/python3.12/site-packages/airflow/example_dags/example_display_name.py
[2025-03-28T06:36:28.503+0000] {processor.py:914} INFO - Processing file /home/airflow/.local/lib/python3.12/site-packages/airflow/example_dags/example_display_name.py for tasks to queue
[2025-03-28T06:36:28.505+0000] {logging_mixin.py:190} INFO - [2025-03-28T06:36:28.504+0000] {dagbag.py:588} INFO - Filling up the DagBag from /home/airflow/.local/lib/python3.12/site-packages/airflow/example_dags/example_display_name.py
[2025-03-28T06:36:28.510+0000] {processor.py:925} INFO - DAG(s) 'example_display_name' retrieved from /home/airflow/.local/lib/python3.12/site-packages/airflow/example_dags/example_display_name.py
[2025-03-28T06:36:28.525+0000] {logging_mixin.py:190} INFO - [2025-03-28T06:36:28.525+0000] {dag.py:3239} INFO - Sync 1 DAGs
[2025-03-28T06:36:28.535+0000] {logging_mixin.py:190} INFO - [2025-03-28T06:36:28.535+0000] {dag.py:4180} INFO - Setting next_dagrun for example_display_name to None, run_after=None
[2025-03-28T06:36:28.547+0000] {processor.py:208} INFO - Processing /home/airflow/.local/lib/python3.12/site-packages/airflow/example_dags/example_display_name.py took 0.049 seconds
[2025-03-28T06:45:48.747+0000] {processor.py:186} INFO - Started process (PID=59) to work on /home/airflow/.local/lib/python3.12/site-packages/airflow/example_dags/example_display_name.py
[2025-03-28T06:45:48.747+0000] {processor.py:914} INFO - Processing file /home/airflow/.local/lib/python3.12/site-packages/airflow/example_dags/example_display_name.py for tasks to queue
[2025-03-28T06:45:48.750+0000] {logging_mixin.py:190} INFO - [2025-03-28T06:45:48.749+0000] {dagbag.py:588} INFO - Filling up the DagBag from /home/airflow/.local/lib/python3.12/site-packages/airflow/example_dags/example_display_name.py
[2025-03-28T06:45:48.756+0000] {processor.py:925} INFO - DAG(s) 'example_display_name' retrieved from /home/airflow/.local/lib/python3.12/site-packages/airflow/example_dags/example_display_name.py
[2025-03-28T06:45:48.775+0000] {logging_mixin.py:190} INFO - [2025-03-28T06:45:48.775+0000] {dag.py:3239} INFO - Sync 1 DAGs
[2025-03-28T06:45:48.789+0000] {logging_mixin.py:190} INFO - [2025-03-28T06:45:48.789+0000] {dag.py:4180} INFO - Setting next_dagrun for example_display_name to None, run_after=None
[2025-03-28T06:45:48.804+0000] {processor.py:208} INFO - Processing /home/airflow/.local/lib/python3.12/site-packages/airflow/example_dags/example_display_name.py took 0.063 seconds
[2025-03-28T06:46:19.422+0000] {processor.py:186} INFO - Started process (PID=122) to work on /home/airflow/.local/lib/python3.12/site-packages/airflow/example_dags/example_display_name.py
[2025-03-28T06:46:19.422+0000] {processor.py:914} INFO - Processing file /home/airflow/.local/lib/python3.12/site-packages/airflow/example_dags/example_display_name.py for tasks to queue
[2025-03-28T06:46:19.424+0000] {logging_mixin.py:190} INFO - [2025-03-28T06:46:19.424+0000] {dagbag.py:588} INFO - Filling up the DagBag from /home/airflow/.local/lib/python3.12/site-packages/airflow/example_dags/example_display_name.py
[2025-03-28T06:46:19.429+0000] {processor.py:925} INFO - DAG(s) 'example_display_name' retrieved from /home/airflow/.local/lib/python3.12/site-packages/airflow/example_dags/example_display_name.py
[2025-03-28T06:46:19.444+0000] {logging_mixin.py:190} INFO - [2025-03-28T06:46:19.444+0000] {dag.py:3239} INFO - Sync 1 DAGs
[2025-03-28T06:46:19.454+0000] {logging_mixin.py:190} INFO - [2025-03-28T06:46:19.454+0000] {dag.py:4180} INFO - Setting next_dagrun for example_display_name to None, run_after=None
[2025-03-28T06:46:19.465+0000] {processor.py:208} INFO - Processing /home/airflow/.local/lib/python3.12/site-packages/airflow/example_dags/example_display_name.py took 0.048 seconds
[2025-03-28T06:46:50.367+0000] {processor.py:186} INFO - Started process (PID=185) to work on /home/airflow/.local/lib/python3.12/site-packages/airflow/example_dags/example_display_name.py
[2025-03-28T06:46:50.368+0000] {processor.py:914} INFO - Processing file /home/airflow/.local/lib/python3.12/site-packages/airflow/example_dags/example_display_name.py for tasks to queue
[2025-03-28T06:46:50.370+0000] {logging_mixin.py:190} INFO - [2025-03-28T06:46:50.370+0000] {dagbag.py:588} INFO - Filling up the DagBag from /home/airflow/.local/lib/python3.12/site-packages/airflow/example_dags/example_display_name.py
[2025-03-28T06:46:50.377+0000] {processor.py:925} INFO - DAG(s) 'example_display_name' retrieved from /home/airflow/.local/lib/python3.12/site-packages/airflow/example_dags/example_display_name.py
[2025-03-28T06:46:50.394+0000] {logging_mixin.py:190} INFO - [2025-03-28T06:46:50.393+0000] {dag.py:3239} INFO - Sync 1 DAGs
[2025-03-28T06:46:50.405+0000] {logging_mixin.py:190} INFO - [2025-03-28T06:46:50.405+0000] {dag.py:4180} INFO - Setting next_dagrun for example_display_name to None, run_after=None
[2025-03-28T06:46:50.418+0000] {processor.py:208} INFO - Processing /home/airflow/.local/lib/python3.12/site-packages/airflow/example_dags/example_display_name.py took 0.056 seconds
[2025-03-28T06:47:21.262+0000] {processor.py:186} INFO - Started process (PID=248) to work on /home/airflow/.local/lib/python3.12/site-packages/airflow/example_dags/example_display_name.py
[2025-03-28T06:47:21.264+0000] {processor.py:914} INFO - Processing file /home/airflow/.local/lib/python3.12/site-packages/airflow/example_dags/example_display_name.py for tasks to queue
[2025-03-28T06:47:21.267+0000] {logging_mixin.py:190} INFO - [2025-03-28T06:47:21.266+0000] {dagbag.py:588} INFO - Filling up the DagBag from /home/airflow/.local/lib/python3.12/site-packages/airflow/example_dags/example_display_name.py
[2025-03-28T06:47:21.280+0000] {processor.py:925} INFO - DAG(s) 'example_display_name' retrieved from /home/airflow/.local/lib/python3.12/site-packages/airflow/example_dags/example_display_name.py
[2025-03-28T06:47:21.302+0000] {logging_mixin.py:190} INFO - [2025-03-28T06:47:21.302+0000] {dag.py:3239} INFO - Sync 1 DAGs
[2025-03-28T06:47:21.317+0000] {logging_mixin.py:190} INFO - [2025-03-28T06:47:21.316+0000] {dag.py:4180} INFO - Setting next_dagrun for example_display_name to None, run_after=None
[2025-03-28T06:47:21.338+0000] {processor.py:208} INFO - Processing /home/airflow/.local/lib/python3.12/site-packages/airflow/example_dags/example_display_name.py took 0.084 seconds
