[2025-03-28T06:35:29.698+0000] {processor.py:186} INFO - Started process (PID=82) to work on /home/airflow/.local/lib/python3.12/site-packages/airflow/example_dags/example_branch_datetime_operator.py
[2025-03-28T06:35:29.699+0000] {processor.py:914} INFO - Processing file /home/airflow/.local/lib/python3.12/site-packages/airflow/example_dags/example_branch_datetime_operator.py for tasks to queue
[2025-03-28T06:35:29.701+0000] {logging_mixin.py:190} INFO - [2025-03-28T06:35:29.700+0000] {dagbag.py:588} INFO - Filling up the DagBag from /home/airflow/.local/lib/python3.12/site-packages/airflow/example_dags/example_branch_datetime_operator.py
[2025-03-28T06:35:29.711+0000] {processor.py:925} INFO - DAG(s) 'example_branch_datetime_operator_2', 'example_branch_datetime_operator_3', 'example_branch_datetime_operator' retrieved from /home/airflow/.local/lib/python3.12/site-packages/airflow/example_dags/example_branch_datetime_operator.py
[2025-03-28T06:35:29.794+0000] {logging_mixin.py:190} INFO - [2025-03-28T06:35:29.794+0000] {override.py:1912} INFO - Created Permission View: can delete on DAG:example_branch_datetime_operator_2
[2025-03-28T06:35:29.803+0000] {logging_mixin.py:190} INFO - [2025-03-28T06:35:29.802+0000] {override.py:1912} INFO - Created Permission View: can edit on DAG:example_branch_datetime_operator_2
[2025-03-28T06:35:29.807+0000] {logging_mixin.py:190} INFO - [2025-03-28T06:35:29.807+0000] {override.py:1912} INFO - Created Permission View: can read on DAG:example_branch_datetime_operator_2
[2025-03-28T06:35:29.812+0000] {logging_mixin.py:190} INFO - [2025-03-28T06:35:29.812+0000] {override.py:1912} INFO - Created Permission View: can create on DAG Run:example_branch_datetime_operator_2
[2025-03-28T06:35:29.817+0000] {logging_mixin.py:190} INFO - [2025-03-28T06:35:29.816+0000] {override.py:1912} INFO - Created Permission View: can delete on DAG Run:example_branch_datetime_operator_2
[2025-03-28T06:35:29.821+0000] {logging_mixin.py:190} INFO - [2025-03-28T06:35:29.821+0000] {override.py:1912} INFO - Created Permission View: can read on DAG Run:example_branch_datetime_operator_2
[2025-03-28T06:35:29.827+0000] {logging_mixin.py:190} INFO - [2025-03-28T06:35:29.827+0000] {override.py:1912} INFO - Created Permission View: menu access on DAG Run:example_branch_datetime_operator_2
[2025-03-28T06:35:29.840+0000] {logging_mixin.py:190} INFO - [2025-03-28T06:35:29.839+0000] {override.py:1912} INFO - Created Permission View: can delete on DAG:example_branch_datetime_operator_3
[2025-03-28T06:35:29.844+0000] {logging_mixin.py:190} INFO - [2025-03-28T06:35:29.844+0000] {override.py:1912} INFO - Created Permission View: can edit on DAG:example_branch_datetime_operator_3
[2025-03-28T06:35:29.848+0000] {logging_mixin.py:190} INFO - [2025-03-28T06:35:29.848+0000] {override.py:1912} INFO - Created Permission View: can read on DAG:example_branch_datetime_operator_3
[2025-03-28T06:35:29.853+0000] {logging_mixin.py:190} INFO - [2025-03-28T06:35:29.853+0000] {override.py:1912} INFO - Created Permission View: can create on DAG Run:example_branch_datetime_operator_3
[2025-03-28T06:35:29.857+0000] {logging_mixin.py:190} INFO - [2025-03-28T06:35:29.857+0000] {override.py:1912} INFO - Created Permission View: can delete on DAG Run:example_branch_datetime_operator_3
[2025-03-28T06:35:29.862+0000] {logging_mixin.py:190} INFO - [2025-03-28T06:35:29.862+0000] {override.py:1912} INFO - Created Permission View: can read on DAG Run:example_branch_datetime_operator_3
[2025-03-28T06:35:29.866+0000] {logging_mixin.py:190} INFO - [2025-03-28T06:35:29.866+0000] {override.py:1912} INFO - Created Permission View: menu access on DAG Run:example_branch_datetime_operator_3
[2025-03-28T06:35:29.876+0000] {logging_mixin.py:190} INFO - [2025-03-28T06:35:29.875+0000] {override.py:1912} INFO - Created Permission View: can delete on DAG:example_branch_datetime_operator
[2025-03-28T06:35:29.881+0000] {logging_mixin.py:190} INFO - [2025-03-28T06:35:29.880+0000] {override.py:1912} INFO - Created Permission View: can edit on DAG:example_branch_datetime_operator
[2025-03-28T06:35:29.885+0000] {logging_mixin.py:190} INFO - [2025-03-28T06:35:29.885+0000] {override.py:1912} INFO - Created Permission View: can read on DAG:example_branch_datetime_operator
[2025-03-28T06:35:29.891+0000] {logging_mixin.py:190} INFO - [2025-03-28T06:35:29.891+0000] {override.py:1912} INFO - Created Permission View: can create on DAG Run:example_branch_datetime_operator
[2025-03-28T06:35:29.896+0000] {logging_mixin.py:190} INFO - [2025-03-28T06:35:29.895+0000] {override.py:1912} INFO - Created Permission View: can delete on DAG Run:example_branch_datetime_operator
[2025-03-28T06:35:29.900+0000] {logging_mixin.py:190} INFO - [2025-03-28T06:35:29.900+0000] {override.py:1912} INFO - Created Permission View: can read on DAG Run:example_branch_datetime_operator
[2025-03-28T06:35:29.905+0000] {logging_mixin.py:190} INFO - [2025-03-28T06:35:29.904+0000] {override.py:1912} INFO - Created Permission View: menu access on DAG Run:example_branch_datetime_operator
[2025-03-28T06:35:29.905+0000] {logging_mixin.py:190} INFO - [2025-03-28T06:35:29.905+0000] {dag.py:3239} INFO - Sync 3 DAGs
[2025-03-28T06:35:29.915+0000] {logging_mixin.py:190} INFO - [2025-03-28T06:35:29.914+0000] {dag.py:3262} INFO - Creating ORM DAG for example_branch_datetime_operator_3
[2025-03-28T06:35:29.915+0000] {logging_mixin.py:190} INFO - [2025-03-28T06:35:29.915+0000] {dag.py:3262} INFO - Creating ORM DAG for example_branch_datetime_operator_2
[2025-03-28T06:35:29.915+0000] {logging_mixin.py:190} INFO - [2025-03-28T06:35:29.915+0000] {dag.py:3262} INFO - Creating ORM DAG for example_branch_datetime_operator
[2025-03-28T06:35:29.923+0000] {logging_mixin.py:190} INFO - [2025-03-28T06:35:29.923+0000] {dag.py:4180} INFO - Setting next_dagrun for example_branch_datetime_operator to 2025-03-27 00:00:00+00:00, run_after=2025-03-28 00:00:00+00:00
[2025-03-28T06:35:29.924+0000] {logging_mixin.py:190} INFO - [2025-03-28T06:35:29.924+0000] {dag.py:4180} INFO - Setting next_dagrun for example_branch_datetime_operator_2 to 2025-03-27 00:00:00+00:00, run_after=2025-03-28 00:00:00+00:00
[2025-03-28T06:35:29.925+0000] {logging_mixin.py:190} INFO - [2025-03-28T06:35:29.925+0000] {dag.py:4180} INFO - Setting next_dagrun for example_branch_datetime_operator_3 to 2025-03-27 00:00:00+00:00, run_after=2025-03-28 00:00:00+00:00
[2025-03-28T06:35:29.937+0000] {processor.py:208} INFO - Processing /home/airflow/.local/lib/python3.12/site-packages/airflow/example_dags/example_branch_datetime_operator.py took 0.243 seconds
[2025-03-28T06:36:00.292+0000] {processor.py:186} INFO - Started process (PID=144) to work on /home/airflow/.local/lib/python3.12/site-packages/airflow/example_dags/example_branch_datetime_operator.py
[2025-03-28T06:36:00.293+0000] {processor.py:914} INFO - Processing file /home/airflow/.local/lib/python3.12/site-packages/airflow/example_dags/example_branch_datetime_operator.py for tasks to queue
[2025-03-28T06:36:00.295+0000] {logging_mixin.py:190} INFO - [2025-03-28T06:36:00.294+0000] {dagbag.py:588} INFO - Filling up the DagBag from /home/airflow/.local/lib/python3.12/site-packages/airflow/example_dags/example_branch_datetime_operator.py
[2025-03-28T06:36:00.305+0000] {processor.py:925} INFO - DAG(s) 'example_branch_datetime_operator_3', 'example_branch_datetime_operator', 'example_branch_datetime_operator_2' retrieved from /home/airflow/.local/lib/python3.12/site-packages/airflow/example_dags/example_branch_datetime_operator.py
[2025-03-28T06:36:00.328+0000] {logging_mixin.py:190} INFO - [2025-03-28T06:36:00.327+0000] {dag.py:3239} INFO - Sync 3 DAGs
[2025-03-28T06:36:00.347+0000] {logging_mixin.py:190} INFO - [2025-03-28T06:36:00.347+0000] {dag.py:4180} INFO - Setting next_dagrun for example_branch_datetime_operator to 2025-03-27 00:00:00+00:00, run_after=2025-03-28 00:00:00+00:00
[2025-03-28T06:36:00.350+0000] {logging_mixin.py:190} INFO - [2025-03-28T06:36:00.350+0000] {dag.py:4180} INFO - Setting next_dagrun for example_branch_datetime_operator_2 to 2025-03-27 00:00:00+00:00, run_after=2025-03-28 00:00:00+00:00
[2025-03-28T06:36:00.352+0000] {logging_mixin.py:190} INFO - [2025-03-28T06:36:00.352+0000] {dag.py:4180} INFO - Setting next_dagrun for example_branch_datetime_operator_3 to 2025-03-27 00:00:00+00:00, run_after=2025-03-28 00:00:00+00:00
[2025-03-28T06:36:00.364+0000] {processor.py:208} INFO - Processing /home/airflow/.local/lib/python3.12/site-packages/airflow/example_dags/example_branch_datetime_operator.py took 0.077 seconds
[2025-03-28T06:36:31.516+0000] {processor.py:186} INFO - Started process (PID=208) to work on /home/airflow/.local/lib/python3.12/site-packages/airflow/example_dags/example_branch_datetime_operator.py
[2025-03-28T06:36:31.517+0000] {processor.py:914} INFO - Processing file /home/airflow/.local/lib/python3.12/site-packages/airflow/example_dags/example_branch_datetime_operator.py for tasks to queue
[2025-03-28T06:36:31.519+0000] {logging_mixin.py:190} INFO - [2025-03-28T06:36:31.518+0000] {dagbag.py:588} INFO - Filling up the DagBag from /home/airflow/.local/lib/python3.12/site-packages/airflow/example_dags/example_branch_datetime_operator.py
[2025-03-28T06:36:31.527+0000] {processor.py:925} INFO - DAG(s) 'example_branch_datetime_operator', 'example_branch_datetime_operator_3', 'example_branch_datetime_operator_2' retrieved from /home/airflow/.local/lib/python3.12/site-packages/airflow/example_dags/example_branch_datetime_operator.py
[2025-03-28T06:36:31.547+0000] {logging_mixin.py:190} INFO - [2025-03-28T06:36:31.547+0000] {dag.py:3239} INFO - Sync 3 DAGs
[2025-03-28T06:36:31.564+0000] {logging_mixin.py:190} INFO - [2025-03-28T06:36:31.564+0000] {dag.py:4180} INFO - Setting next_dagrun for example_branch_datetime_operator to 2025-03-27 00:00:00+00:00, run_after=2025-03-28 00:00:00+00:00
[2025-03-28T06:36:31.568+0000] {logging_mixin.py:190} INFO - [2025-03-28T06:36:31.568+0000] {dag.py:4180} INFO - Setting next_dagrun for example_branch_datetime_operator_2 to 2025-03-27 00:00:00+00:00, run_after=2025-03-28 00:00:00+00:00
[2025-03-28T06:36:31.570+0000] {logging_mixin.py:190} INFO - [2025-03-28T06:36:31.570+0000] {dag.py:4180} INFO - Setting next_dagrun for example_branch_datetime_operator_3 to 2025-03-27 00:00:00+00:00, run_after=2025-03-28 00:00:00+00:00
[2025-03-28T06:36:31.581+0000] {processor.py:208} INFO - Processing /home/airflow/.local/lib/python3.12/site-packages/airflow/example_dags/example_branch_datetime_operator.py took 0.069 seconds
[2025-03-28T06:45:50.310+0000] {processor.py:186} INFO - Started process (PID=81) to work on /home/airflow/.local/lib/python3.12/site-packages/airflow/example_dags/example_branch_datetime_operator.py
[2025-03-28T06:45:50.311+0000] {processor.py:914} INFO - Processing file /home/airflow/.local/lib/python3.12/site-packages/airflow/example_dags/example_branch_datetime_operator.py for tasks to queue
[2025-03-28T06:45:50.312+0000] {logging_mixin.py:190} INFO - [2025-03-28T06:45:50.312+0000] {dagbag.py:588} INFO - Filling up the DagBag from /home/airflow/.local/lib/python3.12/site-packages/airflow/example_dags/example_branch_datetime_operator.py
[2025-03-28T06:45:50.321+0000] {processor.py:925} INFO - DAG(s) 'example_branch_datetime_operator', 'example_branch_datetime_operator_2', 'example_branch_datetime_operator_3' retrieved from /home/airflow/.local/lib/python3.12/site-packages/airflow/example_dags/example_branch_datetime_operator.py
[2025-03-28T06:45:50.341+0000] {logging_mixin.py:190} INFO - [2025-03-28T06:45:50.341+0000] {dag.py:3239} INFO - Sync 3 DAGs
[2025-03-28T06:45:50.358+0000] {logging_mixin.py:190} INFO - [2025-03-28T06:45:50.358+0000] {dag.py:4180} INFO - Setting next_dagrun for example_branch_datetime_operator to 2025-03-27 00:00:00+00:00, run_after=2025-03-28 00:00:00+00:00
[2025-03-28T06:45:50.361+0000] {logging_mixin.py:190} INFO - [2025-03-28T06:45:50.361+0000] {dag.py:4180} INFO - Setting next_dagrun for example_branch_datetime_operator_2 to 2025-03-27 00:00:00+00:00, run_after=2025-03-28 00:00:00+00:00
[2025-03-28T06:45:50.363+0000] {logging_mixin.py:190} INFO - [2025-03-28T06:45:50.363+0000] {dag.py:4180} INFO - Setting next_dagrun for example_branch_datetime_operator_3 to 2025-03-27 00:00:00+00:00, run_after=2025-03-28 00:00:00+00:00
[2025-03-28T06:45:50.374+0000] {processor.py:208} INFO - Processing /home/airflow/.local/lib/python3.12/site-packages/airflow/example_dags/example_branch_datetime_operator.py took 0.068 seconds
[2025-03-28T06:46:20.500+0000] {processor.py:186} INFO - Started process (PID=143) to work on /home/airflow/.local/lib/python3.12/site-packages/airflow/example_dags/example_branch_datetime_operator.py
[2025-03-28T06:46:20.500+0000] {processor.py:914} INFO - Processing file /home/airflow/.local/lib/python3.12/site-packages/airflow/example_dags/example_branch_datetime_operator.py for tasks to queue
[2025-03-28T06:46:20.502+0000] {logging_mixin.py:190} INFO - [2025-03-28T06:46:20.502+0000] {dagbag.py:588} INFO - Filling up the DagBag from /home/airflow/.local/lib/python3.12/site-packages/airflow/example_dags/example_branch_datetime_operator.py
[2025-03-28T06:46:20.512+0000] {processor.py:925} INFO - DAG(s) 'example_branch_datetime_operator', 'example_branch_datetime_operator_3', 'example_branch_datetime_operator_2' retrieved from /home/airflow/.local/lib/python3.12/site-packages/airflow/example_dags/example_branch_datetime_operator.py
[2025-03-28T06:46:20.533+0000] {logging_mixin.py:190} INFO - [2025-03-28T06:46:20.533+0000] {dag.py:3239} INFO - Sync 3 DAGs
[2025-03-28T06:46:20.551+0000] {logging_mixin.py:190} INFO - [2025-03-28T06:46:20.551+0000] {dag.py:4180} INFO - Setting next_dagrun for example_branch_datetime_operator to 2025-03-27 00:00:00+00:00, run_after=2025-03-28 00:00:00+00:00
[2025-03-28T06:46:20.554+0000] {logging_mixin.py:190} INFO - [2025-03-28T06:46:20.554+0000] {dag.py:4180} INFO - Setting next_dagrun for example_branch_datetime_operator_2 to 2025-03-27 00:00:00+00:00, run_after=2025-03-28 00:00:00+00:00
[2025-03-28T06:46:20.556+0000] {logging_mixin.py:190} INFO - [2025-03-28T06:46:20.555+0000] {dag.py:4180} INFO - Setting next_dagrun for example_branch_datetime_operator_3 to 2025-03-27 00:00:00+00:00, run_after=2025-03-28 00:00:00+00:00
[2025-03-28T06:46:20.567+0000] {processor.py:208} INFO - Processing /home/airflow/.local/lib/python3.12/site-packages/airflow/example_dags/example_branch_datetime_operator.py took 0.071 seconds
[2025-03-28T06:46:51.482+0000] {processor.py:186} INFO - Started process (PID=206) to work on /home/airflow/.local/lib/python3.12/site-packages/airflow/example_dags/example_branch_datetime_operator.py
[2025-03-28T06:46:51.483+0000] {processor.py:914} INFO - Processing file /home/airflow/.local/lib/python3.12/site-packages/airflow/example_dags/example_branch_datetime_operator.py for tasks to queue
[2025-03-28T06:46:51.485+0000] {logging_mixin.py:190} INFO - [2025-03-28T06:46:51.485+0000] {dagbag.py:588} INFO - Filling up the DagBag from /home/airflow/.local/lib/python3.12/site-packages/airflow/example_dags/example_branch_datetime_operator.py
[2025-03-28T06:46:51.494+0000] {processor.py:925} INFO - DAG(s) 'example_branch_datetime_operator_2', 'example_branch_datetime_operator', 'example_branch_datetime_operator_3' retrieved from /home/airflow/.local/lib/python3.12/site-packages/airflow/example_dags/example_branch_datetime_operator.py
[2025-03-28T06:46:51.514+0000] {logging_mixin.py:190} INFO - [2025-03-28T06:46:51.514+0000] {dag.py:3239} INFO - Sync 3 DAGs
[2025-03-28T06:46:51.532+0000] {logging_mixin.py:190} INFO - [2025-03-28T06:46:51.531+0000] {dag.py:4180} INFO - Setting next_dagrun for example_branch_datetime_operator to 2025-03-27 00:00:00+00:00, run_after=2025-03-28 00:00:00+00:00
[2025-03-28T06:46:51.535+0000] {logging_mixin.py:190} INFO - [2025-03-28T06:46:51.535+0000] {dag.py:4180} INFO - Setting next_dagrun for example_branch_datetime_operator_2 to 2025-03-27 00:00:00+00:00, run_after=2025-03-28 00:00:00+00:00
[2025-03-28T06:46:51.536+0000] {logging_mixin.py:190} INFO - [2025-03-28T06:46:51.536+0000] {dag.py:4180} INFO - Setting next_dagrun for example_branch_datetime_operator_3 to 2025-03-27 00:00:00+00:00, run_after=2025-03-28 00:00:00+00:00
[2025-03-28T06:46:51.547+0000] {processor.py:208} INFO - Processing /home/airflow/.local/lib/python3.12/site-packages/airflow/example_dags/example_branch_datetime_operator.py took 0.069 seconds
