[2025-03-28T06:35:27.179+0000] {processor.py:186} INFO - Started process (PID=59) to work on /home/airflow/.local/lib/python3.12/site-packages/airflow/example_dags/example_trigger_target_dag.py
[2025-03-28T06:35:27.179+0000] {processor.py:914} INFO - Processing file /home/airflow/.local/lib/python3.12/site-packages/airflow/example_dags/example_trigger_target_dag.py for tasks to queue
[2025-03-28T06:35:27.181+0000] {logging_mixin.py:190} INFO - [2025-03-28T06:35:27.180+0000] {dagbag.py:588} INFO - Filling up the DagBag from /home/airflow/.local/lib/python3.12/site-packages/airflow/example_dags/example_trigger_target_dag.py
[2025-03-28T06:35:27.187+0000] {processor.py:925} INFO - DAG(s) 'example_trigger_target_dag' retrieved from /home/airflow/.local/lib/python3.12/site-packages/airflow/example_dags/example_trigger_target_dag.py
[2025-03-28T06:35:27.270+0000] {logging_mixin.py:190} INFO - [2025-03-28T06:35:27.269+0000] {override.py:1912} INFO - Created Permission View: can delete on DAG:example_trigger_target_dag
[2025-03-28T06:35:27.277+0000] {logging_mixin.py:190} INFO - [2025-03-28T06:35:27.276+0000] {override.py:1912} INFO - Created Permission View: can edit on DAG:example_trigger_target_dag
[2025-03-28T06:35:27.281+0000] {logging_mixin.py:190} INFO - [2025-03-28T06:35:27.281+0000] {override.py:1912} INFO - Created Permission View: can read on DAG:example_trigger_target_dag
[2025-03-28T06:35:27.286+0000] {logging_mixin.py:190} INFO - [2025-03-28T06:35:27.286+0000] {override.py:1912} INFO - Created Permission View: can create on DAG Run:example_trigger_target_dag
[2025-03-28T06:35:27.290+0000] {logging_mixin.py:190} INFO - [2025-03-28T06:35:27.290+0000] {override.py:1912} INFO - Created Permission View: can delete on DAG Run:example_trigger_target_dag
[2025-03-28T06:35:27.295+0000] {logging_mixin.py:190} INFO - [2025-03-28T06:35:27.294+0000] {override.py:1912} INFO - Created Permission View: can read on DAG Run:example_trigger_target_dag
[2025-03-28T06:35:27.299+0000] {logging_mixin.py:190} INFO - [2025-03-28T06:35:27.299+0000] {override.py:1912} INFO - Created Permission View: menu access on DAG Run:example_trigger_target_dag
[2025-03-28T06:35:27.299+0000] {logging_mixin.py:190} INFO - [2025-03-28T06:35:27.299+0000] {dag.py:3239} INFO - Sync 1 DAGs
[2025-03-28T06:35:27.310+0000] {logging_mixin.py:190} INFO - [2025-03-28T06:35:27.310+0000] {dag.py:3262} INFO - Creating ORM DAG for example_trigger_target_dag
[2025-03-28T06:35:27.310+0000] {logging_mixin.py:190} INFO - [2025-03-28T06:35:27.310+0000] {dag.py:4180} INFO - Setting next_dagrun for example_trigger_target_dag to None, run_after=None
[2025-03-28T06:35:27.321+0000] {processor.py:208} INFO - Processing /home/airflow/.local/lib/python3.12/site-packages/airflow/example_dags/example_trigger_target_dag.py took 0.147 seconds
[2025-03-28T06:35:57.862+0000] {processor.py:186} INFO - Started process (PID=122) to work on /home/airflow/.local/lib/python3.12/site-packages/airflow/example_dags/example_trigger_target_dag.py
[2025-03-28T06:35:57.862+0000] {processor.py:914} INFO - Processing file /home/airflow/.local/lib/python3.12/site-packages/airflow/example_dags/example_trigger_target_dag.py for tasks to queue
[2025-03-28T06:35:57.864+0000] {logging_mixin.py:190} INFO - [2025-03-28T06:35:57.864+0000] {dagbag.py:588} INFO - Filling up the DagBag from /home/airflow/.local/lib/python3.12/site-packages/airflow/example_dags/example_trigger_target_dag.py
[2025-03-28T06:35:57.871+0000] {processor.py:925} INFO - DAG(s) 'example_trigger_target_dag' retrieved from /home/airflow/.local/lib/python3.12/site-packages/airflow/example_dags/example_trigger_target_dag.py
[2025-03-28T06:35:57.889+0000] {logging_mixin.py:190} INFO - [2025-03-28T06:35:57.889+0000] {dag.py:3239} INFO - Sync 1 DAGs
[2025-03-28T06:35:57.901+0000] {logging_mixin.py:190} INFO - [2025-03-28T06:35:57.901+0000] {dag.py:4180} INFO - Setting next_dagrun for example_trigger_target_dag to None, run_after=None
[2025-03-28T06:35:57.914+0000] {processor.py:208} INFO - Processing /home/airflow/.local/lib/python3.12/site-packages/airflow/example_dags/example_trigger_target_dag.py took 0.057 seconds
[2025-03-28T06:36:28.496+0000] {processor.py:186} INFO - Started process (PID=185) to work on /home/airflow/.local/lib/python3.12/site-packages/airflow/example_dags/example_trigger_target_dag.py
[2025-03-28T06:36:28.497+0000] {processor.py:914} INFO - Processing file /home/airflow/.local/lib/python3.12/site-packages/airflow/example_dags/example_trigger_target_dag.py for tasks to queue
[2025-03-28T06:36:28.499+0000] {logging_mixin.py:190} INFO - [2025-03-28T06:36:28.498+0000] {dagbag.py:588} INFO - Filling up the DagBag from /home/airflow/.local/lib/python3.12/site-packages/airflow/example_dags/example_trigger_target_dag.py
[2025-03-28T06:36:28.504+0000] {processor.py:925} INFO - DAG(s) 'example_trigger_target_dag' retrieved from /home/airflow/.local/lib/python3.12/site-packages/airflow/example_dags/example_trigger_target_dag.py
[2025-03-28T06:36:28.520+0000] {logging_mixin.py:190} INFO - [2025-03-28T06:36:28.520+0000] {dag.py:3239} INFO - Sync 1 DAGs
[2025-03-28T06:36:28.530+0000] {logging_mixin.py:190} INFO - [2025-03-28T06:36:28.529+0000] {dag.py:4180} INFO - Setting next_dagrun for example_trigger_target_dag to None, run_after=None
[2025-03-28T06:36:28.542+0000] {processor.py:208} INFO - Processing /home/airflow/.local/lib/python3.12/site-packages/airflow/example_dags/example_trigger_target_dag.py took 0.050 seconds
[2025-03-28T06:45:48.678+0000] {processor.py:186} INFO - Started process (PID=58) to work on /home/airflow/.local/lib/python3.12/site-packages/airflow/example_dags/example_trigger_target_dag.py
[2025-03-28T06:45:48.679+0000] {processor.py:914} INFO - Processing file /home/airflow/.local/lib/python3.12/site-packages/airflow/example_dags/example_trigger_target_dag.py for tasks to queue
[2025-03-28T06:45:48.681+0000] {logging_mixin.py:190} INFO - [2025-03-28T06:45:48.681+0000] {dagbag.py:588} INFO - Filling up the DagBag from /home/airflow/.local/lib/python3.12/site-packages/airflow/example_dags/example_trigger_target_dag.py
[2025-03-28T06:45:48.687+0000] {processor.py:925} INFO - DAG(s) 'example_trigger_target_dag' retrieved from /home/airflow/.local/lib/python3.12/site-packages/airflow/example_dags/example_trigger_target_dag.py
[2025-03-28T06:45:48.705+0000] {logging_mixin.py:190} INFO - [2025-03-28T06:45:48.704+0000] {dag.py:3239} INFO - Sync 1 DAGs
[2025-03-28T06:45:48.718+0000] {logging_mixin.py:190} INFO - [2025-03-28T06:45:48.718+0000] {dag.py:4180} INFO - Setting next_dagrun for example_trigger_target_dag to None, run_after=None
[2025-03-28T06:45:48.735+0000] {processor.py:208} INFO - Processing /home/airflow/.local/lib/python3.12/site-packages/airflow/example_dags/example_trigger_target_dag.py took 0.061 seconds
[2025-03-28T06:46:19.365+0000] {processor.py:186} INFO - Started process (PID=121) to work on /home/airflow/.local/lib/python3.12/site-packages/airflow/example_dags/example_trigger_target_dag.py
[2025-03-28T06:46:19.365+0000] {processor.py:914} INFO - Processing file /home/airflow/.local/lib/python3.12/site-packages/airflow/example_dags/example_trigger_target_dag.py for tasks to queue
[2025-03-28T06:46:19.367+0000] {logging_mixin.py:190} INFO - [2025-03-28T06:46:19.367+0000] {dagbag.py:588} INFO - Filling up the DagBag from /home/airflow/.local/lib/python3.12/site-packages/airflow/example_dags/example_trigger_target_dag.py
[2025-03-28T06:46:19.372+0000] {processor.py:925} INFO - DAG(s) 'example_trigger_target_dag' retrieved from /home/airflow/.local/lib/python3.12/site-packages/airflow/example_dags/example_trigger_target_dag.py
[2025-03-28T06:46:19.387+0000] {logging_mixin.py:190} INFO - [2025-03-28T06:46:19.387+0000] {dag.py:3239} INFO - Sync 1 DAGs
[2025-03-28T06:46:19.398+0000] {logging_mixin.py:190} INFO - [2025-03-28T06:46:19.397+0000] {dag.py:4180} INFO - Setting next_dagrun for example_trigger_target_dag to None, run_after=None
[2025-03-28T06:46:19.410+0000] {processor.py:208} INFO - Processing /home/airflow/.local/lib/python3.12/site-packages/airflow/example_dags/example_trigger_target_dag.py took 0.049 seconds
[2025-03-28T06:46:50.296+0000] {processor.py:186} INFO - Started process (PID=184) to work on /home/airflow/.local/lib/python3.12/site-packages/airflow/example_dags/example_trigger_target_dag.py
[2025-03-28T06:46:50.297+0000] {processor.py:914} INFO - Processing file /home/airflow/.local/lib/python3.12/site-packages/airflow/example_dags/example_trigger_target_dag.py for tasks to queue
[2025-03-28T06:46:50.299+0000] {logging_mixin.py:190} INFO - [2025-03-28T06:46:50.299+0000] {dagbag.py:588} INFO - Filling up the DagBag from /home/airflow/.local/lib/python3.12/site-packages/airflow/example_dags/example_trigger_target_dag.py
[2025-03-28T06:46:50.306+0000] {processor.py:925} INFO - DAG(s) 'example_trigger_target_dag' retrieved from /home/airflow/.local/lib/python3.12/site-packages/airflow/example_dags/example_trigger_target_dag.py
[2025-03-28T06:46:50.324+0000] {logging_mixin.py:190} INFO - [2025-03-28T06:46:50.324+0000] {dag.py:3239} INFO - Sync 1 DAGs
[2025-03-28T06:46:50.336+0000] {logging_mixin.py:190} INFO - [2025-03-28T06:46:50.336+0000] {dag.py:4180} INFO - Setting next_dagrun for example_trigger_target_dag to None, run_after=None
[2025-03-28T06:46:50.354+0000] {processor.py:208} INFO - Processing /home/airflow/.local/lib/python3.12/site-packages/airflow/example_dags/example_trigger_target_dag.py took 0.063 seconds
[2025-03-28T06:47:21.036+0000] {processor.py:186} INFO - Started process (PID=247) to work on /home/airflow/.local/lib/python3.12/site-packages/airflow/example_dags/example_trigger_target_dag.py
[2025-03-28T06:47:21.038+0000] {processor.py:914} INFO - Processing file /home/airflow/.local/lib/python3.12/site-packages/airflow/example_dags/example_trigger_target_dag.py for tasks to queue
[2025-03-28T06:47:21.041+0000] {logging_mixin.py:190} INFO - [2025-03-28T06:47:21.041+0000] {dagbag.py:588} INFO - Filling up the DagBag from /home/airflow/.local/lib/python3.12/site-packages/airflow/example_dags/example_trigger_target_dag.py
[2025-03-28T06:47:21.054+0000] {processor.py:925} INFO - DAG(s) 'example_trigger_target_dag' retrieved from /home/airflow/.local/lib/python3.12/site-packages/airflow/example_dags/example_trigger_target_dag.py
[2025-03-28T06:47:21.112+0000] {logging_mixin.py:190} INFO - [2025-03-28T06:47:21.111+0000] {dag.py:3239} INFO - Sync 1 DAGs
[2025-03-28T06:47:21.139+0000] {logging_mixin.py:190} INFO - [2025-03-28T06:47:21.139+0000] {dag.py:4180} INFO - Setting next_dagrun for example_trigger_target_dag to None, run_after=None
[2025-03-28T06:47:21.207+0000] {processor.py:208} INFO - Processing /home/airflow/.local/lib/python3.12/site-packages/airflow/example_dags/example_trigger_target_dag.py took 0.181 seconds
