[2025-03-28T06:35:30.322+0000] {processor.py:186} INFO - Started process (PID=86) to work on /home/airflow/.local/lib/python3.12/site-packages/airflow/example_dags/example_external_task_marker_dag.py
[2025-03-28T06:35:30.322+0000] {processor.py:914} INFO - Processing file /home/airflow/.local/lib/python3.12/site-packages/airflow/example_dags/example_external_task_marker_dag.py for tasks to queue
[2025-03-28T06:35:30.324+0000] {logging_mixin.py:190} INFO - [2025-03-28T06:35:30.324+0000] {dagbag.py:588} INFO - Filling up the DagBag from /home/airflow/.local/lib/python3.12/site-packages/airflow/example_dags/example_external_task_marker_dag.py
[2025-03-28T06:35:30.330+0000] {processor.py:925} INFO - DAG(s) 'example_external_task_marker_child', 'example_external_task_marker_parent' retrieved from /home/airflow/.local/lib/python3.12/site-packages/airflow/example_dags/example_external_task_marker_dag.py
[2025-03-28T06:35:30.412+0000] {logging_mixin.py:190} INFO - [2025-03-28T06:35:30.411+0000] {override.py:1912} INFO - Created Permission View: can delete on DAG:example_external_task_marker_child
[2025-03-28T06:35:30.419+0000] {logging_mixin.py:190} INFO - [2025-03-28T06:35:30.419+0000] {override.py:1912} INFO - Created Permission View: can edit on DAG:example_external_task_marker_child
[2025-03-28T06:35:30.424+0000] {logging_mixin.py:190} INFO - [2025-03-28T06:35:30.423+0000] {override.py:1912} INFO - Created Permission View: can read on DAG:example_external_task_marker_child
[2025-03-28T06:35:30.428+0000] {logging_mixin.py:190} INFO - [2025-03-28T06:35:30.428+0000] {override.py:1912} INFO - Created Permission View: can create on DAG Run:example_external_task_marker_child
[2025-03-28T06:35:30.433+0000] {logging_mixin.py:190} INFO - [2025-03-28T06:35:30.433+0000] {override.py:1912} INFO - Created Permission View: can delete on DAG Run:example_external_task_marker_child
[2025-03-28T06:35:30.438+0000] {logging_mixin.py:190} INFO - [2025-03-28T06:35:30.437+0000] {override.py:1912} INFO - Created Permission View: can read on DAG Run:example_external_task_marker_child
[2025-03-28T06:35:30.442+0000] {logging_mixin.py:190} INFO - [2025-03-28T06:35:30.442+0000] {override.py:1912} INFO - Created Permission View: menu access on DAG Run:example_external_task_marker_child
[2025-03-28T06:35:30.451+0000] {logging_mixin.py:190} INFO - [2025-03-28T06:35:30.451+0000] {override.py:1912} INFO - Created Permission View: can delete on DAG:example_external_task_marker_parent
[2025-03-28T06:35:30.455+0000] {logging_mixin.py:190} INFO - [2025-03-28T06:35:30.455+0000] {override.py:1912} INFO - Created Permission View: can edit on DAG:example_external_task_marker_parent
[2025-03-28T06:35:30.460+0000] {logging_mixin.py:190} INFO - [2025-03-28T06:35:30.460+0000] {override.py:1912} INFO - Created Permission View: can read on DAG:example_external_task_marker_parent
[2025-03-28T06:35:30.465+0000] {logging_mixin.py:190} INFO - [2025-03-28T06:35:30.464+0000] {override.py:1912} INFO - Created Permission View: can create on DAG Run:example_external_task_marker_parent
[2025-03-28T06:35:30.468+0000] {logging_mixin.py:190} INFO - [2025-03-28T06:35:30.468+0000] {override.py:1912} INFO - Created Permission View: can delete on DAG Run:example_external_task_marker_parent
[2025-03-28T06:35:30.473+0000] {logging_mixin.py:190} INFO - [2025-03-28T06:35:30.473+0000] {override.py:1912} INFO - Created Permission View: can read on DAG Run:example_external_task_marker_parent
[2025-03-28T06:35:30.478+0000] {logging_mixin.py:190} INFO - [2025-03-28T06:35:30.477+0000] {override.py:1912} INFO - Created Permission View: menu access on DAG Run:example_external_task_marker_parent
[2025-03-28T06:35:30.478+0000] {logging_mixin.py:190} INFO - [2025-03-28T06:35:30.478+0000] {dag.py:3239} INFO - Sync 2 DAGs
[2025-03-28T06:35:30.487+0000] {logging_mixin.py:190} INFO - [2025-03-28T06:35:30.487+0000] {dag.py:3262} INFO - Creating ORM DAG for example_external_task_marker_child
[2025-03-28T06:35:30.488+0000] {logging_mixin.py:190} INFO - [2025-03-28T06:35:30.488+0000] {dag.py:3262} INFO - Creating ORM DAG for example_external_task_marker_parent
[2025-03-28T06:35:30.488+0000] {logging_mixin.py:190} INFO - [2025-03-28T06:35:30.488+0000] {dag.py:4180} INFO - Setting next_dagrun for example_external_task_marker_child to None, run_after=None
[2025-03-28T06:35:30.489+0000] {logging_mixin.py:190} INFO - [2025-03-28T06:35:30.489+0000] {dag.py:4180} INFO - Setting next_dagrun for example_external_task_marker_parent to None, run_after=None
[2025-03-28T06:35:30.500+0000] {processor.py:208} INFO - Processing /home/airflow/.local/lib/python3.12/site-packages/airflow/example_dags/example_external_task_marker_dag.py took 0.183 seconds
[2025-03-28T06:36:00.667+0000] {processor.py:186} INFO - Started process (PID=149) to work on /home/airflow/.local/lib/python3.12/site-packages/airflow/example_dags/example_external_task_marker_dag.py
[2025-03-28T06:36:00.668+0000] {processor.py:914} INFO - Processing file /home/airflow/.local/lib/python3.12/site-packages/airflow/example_dags/example_external_task_marker_dag.py for tasks to queue
[2025-03-28T06:36:00.670+0000] {logging_mixin.py:190} INFO - [2025-03-28T06:36:00.670+0000] {dagbag.py:588} INFO - Filling up the DagBag from /home/airflow/.local/lib/python3.12/site-packages/airflow/example_dags/example_external_task_marker_dag.py
[2025-03-28T06:36:00.677+0000] {processor.py:925} INFO - DAG(s) 'example_external_task_marker_parent', 'example_external_task_marker_child' retrieved from /home/airflow/.local/lib/python3.12/site-packages/airflow/example_dags/example_external_task_marker_dag.py
[2025-03-28T06:36:00.699+0000] {logging_mixin.py:190} INFO - [2025-03-28T06:36:00.698+0000] {dag.py:3239} INFO - Sync 2 DAGs
[2025-03-28T06:36:00.712+0000] {logging_mixin.py:190} INFO - [2025-03-28T06:36:00.712+0000] {dag.py:4180} INFO - Setting next_dagrun for example_external_task_marker_child to None, run_after=None
[2025-03-28T06:36:00.715+0000] {logging_mixin.py:190} INFO - [2025-03-28T06:36:00.715+0000] {dag.py:4180} INFO - Setting next_dagrun for example_external_task_marker_parent to None, run_after=None
[2025-03-28T06:36:00.727+0000] {processor.py:208} INFO - Processing /home/airflow/.local/lib/python3.12/site-packages/airflow/example_dags/example_external_task_marker_dag.py took 0.065 seconds
[2025-03-28T06:36:31.842+0000] {processor.py:186} INFO - Started process (PID=212) to work on /home/airflow/.local/lib/python3.12/site-packages/airflow/example_dags/example_external_task_marker_dag.py
[2025-03-28T06:36:31.843+0000] {processor.py:914} INFO - Processing file /home/airflow/.local/lib/python3.12/site-packages/airflow/example_dags/example_external_task_marker_dag.py for tasks to queue
[2025-03-28T06:36:31.845+0000] {logging_mixin.py:190} INFO - [2025-03-28T06:36:31.844+0000] {dagbag.py:588} INFO - Filling up the DagBag from /home/airflow/.local/lib/python3.12/site-packages/airflow/example_dags/example_external_task_marker_dag.py
[2025-03-28T06:36:31.850+0000] {processor.py:925} INFO - DAG(s) 'example_external_task_marker_child', 'example_external_task_marker_parent' retrieved from /home/airflow/.local/lib/python3.12/site-packages/airflow/example_dags/example_external_task_marker_dag.py
[2025-03-28T06:36:31.867+0000] {logging_mixin.py:190} INFO - [2025-03-28T06:36:31.867+0000] {dag.py:3239} INFO - Sync 2 DAGs
[2025-03-28T06:36:31.878+0000] {logging_mixin.py:190} INFO - [2025-03-28T06:36:31.877+0000] {dag.py:4180} INFO - Setting next_dagrun for example_external_task_marker_child to None, run_after=None
[2025-03-28T06:36:31.880+0000] {logging_mixin.py:190} INFO - [2025-03-28T06:36:31.880+0000] {dag.py:4180} INFO - Setting next_dagrun for example_external_task_marker_parent to None, run_after=None
[2025-03-28T06:36:31.890+0000] {processor.py:208} INFO - Processing /home/airflow/.local/lib/python3.12/site-packages/airflow/example_dags/example_external_task_marker_dag.py took 0.053 seconds
[2025-03-28T06:45:50.632+0000] {processor.py:186} INFO - Started process (PID=85) to work on /home/airflow/.local/lib/python3.12/site-packages/airflow/example_dags/example_external_task_marker_dag.py
[2025-03-28T06:45:50.633+0000] {processor.py:914} INFO - Processing file /home/airflow/.local/lib/python3.12/site-packages/airflow/example_dags/example_external_task_marker_dag.py for tasks to queue
[2025-03-28T06:45:50.634+0000] {logging_mixin.py:190} INFO - [2025-03-28T06:45:50.634+0000] {dagbag.py:588} INFO - Filling up the DagBag from /home/airflow/.local/lib/python3.12/site-packages/airflow/example_dags/example_external_task_marker_dag.py
[2025-03-28T06:45:50.640+0000] {processor.py:925} INFO - DAG(s) 'example_external_task_marker_parent', 'example_external_task_marker_child' retrieved from /home/airflow/.local/lib/python3.12/site-packages/airflow/example_dags/example_external_task_marker_dag.py
[2025-03-28T06:45:50.658+0000] {logging_mixin.py:190} INFO - [2025-03-28T06:45:50.657+0000] {dag.py:3239} INFO - Sync 2 DAGs
[2025-03-28T06:45:50.668+0000] {logging_mixin.py:190} INFO - [2025-03-28T06:45:50.667+0000] {dag.py:4180} INFO - Setting next_dagrun for example_external_task_marker_child to None, run_after=None
[2025-03-28T06:45:50.670+0000] {logging_mixin.py:190} INFO - [2025-03-28T06:45:50.670+0000] {dag.py:4180} INFO - Setting next_dagrun for example_external_task_marker_parent to None, run_after=None
[2025-03-28T06:45:50.680+0000] {processor.py:208} INFO - Processing /home/airflow/.local/lib/python3.12/site-packages/airflow/example_dags/example_external_task_marker_dag.py took 0.052 seconds
[2025-03-28T06:46:20.702+0000] {processor.py:186} INFO - Started process (PID=147) to work on /home/airflow/.local/lib/python3.12/site-packages/airflow/example_dags/example_external_task_marker_dag.py
[2025-03-28T06:46:20.703+0000] {processor.py:914} INFO - Processing file /home/airflow/.local/lib/python3.12/site-packages/airflow/example_dags/example_external_task_marker_dag.py for tasks to queue
[2025-03-28T06:46:20.704+0000] {logging_mixin.py:190} INFO - [2025-03-28T06:46:20.704+0000] {dagbag.py:588} INFO - Filling up the DagBag from /home/airflow/.local/lib/python3.12/site-packages/airflow/example_dags/example_external_task_marker_dag.py
[2025-03-28T06:46:20.710+0000] {processor.py:925} INFO - DAG(s) 'example_external_task_marker_parent', 'example_external_task_marker_child' retrieved from /home/airflow/.local/lib/python3.12/site-packages/airflow/example_dags/example_external_task_marker_dag.py
[2025-03-28T06:46:20.726+0000] {logging_mixin.py:190} INFO - [2025-03-28T06:46:20.726+0000] {dag.py:3239} INFO - Sync 2 DAGs
[2025-03-28T06:46:20.736+0000] {logging_mixin.py:190} INFO - [2025-03-28T06:46:20.736+0000] {dag.py:4180} INFO - Setting next_dagrun for example_external_task_marker_child to None, run_after=None
[2025-03-28T06:46:20.738+0000] {logging_mixin.py:190} INFO - [2025-03-28T06:46:20.738+0000] {dag.py:4180} INFO - Setting next_dagrun for example_external_task_marker_parent to None, run_after=None
[2025-03-28T06:46:20.748+0000] {processor.py:208} INFO - Processing /home/airflow/.local/lib/python3.12/site-packages/airflow/example_dags/example_external_task_marker_dag.py took 0.050 seconds
[2025-03-28T06:46:51.643+0000] {processor.py:186} INFO - Started process (PID=210) to work on /home/airflow/.local/lib/python3.12/site-packages/airflow/example_dags/example_external_task_marker_dag.py
[2025-03-28T06:46:51.643+0000] {processor.py:914} INFO - Processing file /home/airflow/.local/lib/python3.12/site-packages/airflow/example_dags/example_external_task_marker_dag.py for tasks to queue
[2025-03-28T06:46:51.645+0000] {logging_mixin.py:190} INFO - [2025-03-28T06:46:51.645+0000] {dagbag.py:588} INFO - Filling up the DagBag from /home/airflow/.local/lib/python3.12/site-packages/airflow/example_dags/example_external_task_marker_dag.py
[2025-03-28T06:46:51.650+0000] {processor.py:925} INFO - DAG(s) 'example_external_task_marker_parent', 'example_external_task_marker_child' retrieved from /home/airflow/.local/lib/python3.12/site-packages/airflow/example_dags/example_external_task_marker_dag.py
[2025-03-28T06:46:51.667+0000] {logging_mixin.py:190} INFO - [2025-03-28T06:46:51.667+0000] {dag.py:3239} INFO - Sync 2 DAGs
[2025-03-28T06:46:51.678+0000] {logging_mixin.py:190} INFO - [2025-03-28T06:46:51.678+0000] {dag.py:4180} INFO - Setting next_dagrun for example_external_task_marker_child to None, run_after=None
[2025-03-28T06:46:51.680+0000] {logging_mixin.py:190} INFO - [2025-03-28T06:46:51.680+0000] {dag.py:4180} INFO - Setting next_dagrun for example_external_task_marker_parent to None, run_after=None
[2025-03-28T06:46:51.690+0000] {processor.py:208} INFO - Processing /home/airflow/.local/lib/python3.12/site-packages/airflow/example_dags/example_external_task_marker_dag.py took 0.052 seconds
