[2025-03-28T06:35:29.152+0000] {processor.py:186} INFO - Started process (PID=77) to work on /home/airflow/.local/lib/python3.12/site-packages/airflow/example_dags/example_nested_branch_dag.py
[2025-03-28T06:35:29.152+0000] {processor.py:914} INFO - Processing file /home/airflow/.local/lib/python3.12/site-packages/airflow/example_dags/example_nested_branch_dag.py for tasks to queue
[2025-03-28T06:35:29.154+0000] {logging_mixin.py:190} INFO - [2025-03-28T06:35:29.154+0000] {dagbag.py:588} INFO - Filling up the DagBag from /home/airflow/.local/lib/python3.12/site-packages/airflow/example_dags/example_nested_branch_dag.py
[2025-03-28T06:35:29.163+0000] {processor.py:925} INFO - DAG(s) 'example_nested_branch_dag' retrieved from /home/airflow/.local/lib/python3.12/site-packages/airflow/example_dags/example_nested_branch_dag.py
[2025-03-28T06:35:29.247+0000] {logging_mixin.py:190} INFO - [2025-03-28T06:35:29.247+0000] {override.py:1912} INFO - Created Permission View: can delete on DAG:example_nested_branch_dag
[2025-03-28T06:35:29.254+0000] {logging_mixin.py:190} INFO - [2025-03-28T06:35:29.254+0000] {override.py:1912} INFO - Created Permission View: can edit on DAG:example_nested_branch_dag
[2025-03-28T06:35:29.258+0000] {logging_mixin.py:190} INFO - [2025-03-28T06:35:29.258+0000] {override.py:1912} INFO - Created Permission View: can read on DAG:example_nested_branch_dag
[2025-03-28T06:35:29.263+0000] {logging_mixin.py:190} INFO - [2025-03-28T06:35:29.263+0000] {override.py:1912} INFO - Created Permission View: can create on DAG Run:example_nested_branch_dag
[2025-03-28T06:35:29.268+0000] {logging_mixin.py:190} INFO - [2025-03-28T06:35:29.268+0000] {override.py:1912} INFO - Created Permission View: can delete on DAG Run:example_nested_branch_dag
[2025-03-28T06:35:29.274+0000] {logging_mixin.py:190} INFO - [2025-03-28T06:35:29.274+0000] {override.py:1912} INFO - Created Permission View: can read on DAG Run:example_nested_branch_dag
[2025-03-28T06:35:29.279+0000] {logging_mixin.py:190} INFO - [2025-03-28T06:35:29.278+0000] {override.py:1912} INFO - Created Permission View: menu access on DAG Run:example_nested_branch_dag
[2025-03-28T06:35:29.279+0000] {logging_mixin.py:190} INFO - [2025-03-28T06:35:29.279+0000] {dag.py:3239} INFO - Sync 1 DAGs
[2025-03-28T06:35:29.288+0000] {logging_mixin.py:190} INFO - [2025-03-28T06:35:29.288+0000] {dag.py:3262} INFO - Creating ORM DAG for example_nested_branch_dag
[2025-03-28T06:35:29.296+0000] {logging_mixin.py:190} INFO - [2025-03-28T06:35:29.296+0000] {dag.py:4180} INFO - Setting next_dagrun for example_nested_branch_dag to 2025-03-27 00:00:00+00:00, run_after=2025-03-28 00:00:00+00:00
[2025-03-28T06:35:29.308+0000] {processor.py:208} INFO - Processing /home/airflow/.local/lib/python3.12/site-packages/airflow/example_dags/example_nested_branch_dag.py took 0.162 seconds
[2025-03-28T06:36:00.099+0000] {processor.py:186} INFO - Started process (PID=140) to work on /home/airflow/.local/lib/python3.12/site-packages/airflow/example_dags/example_nested_branch_dag.py
[2025-03-28T06:36:00.100+0000] {processor.py:914} INFO - Processing file /home/airflow/.local/lib/python3.12/site-packages/airflow/example_dags/example_nested_branch_dag.py for tasks to queue
[2025-03-28T06:36:00.102+0000] {logging_mixin.py:190} INFO - [2025-03-28T06:36:00.102+0000] {dagbag.py:588} INFO - Filling up the DagBag from /home/airflow/.local/lib/python3.12/site-packages/airflow/example_dags/example_nested_branch_dag.py
[2025-03-28T06:36:00.113+0000] {processor.py:925} INFO - DAG(s) 'example_nested_branch_dag' retrieved from /home/airflow/.local/lib/python3.12/site-packages/airflow/example_dags/example_nested_branch_dag.py
[2025-03-28T06:36:00.133+0000] {logging_mixin.py:190} INFO - [2025-03-28T06:36:00.133+0000] {dag.py:3239} INFO - Sync 1 DAGs
[2025-03-28T06:36:00.152+0000] {logging_mixin.py:190} INFO - [2025-03-28T06:36:00.152+0000] {dag.py:4180} INFO - Setting next_dagrun for example_nested_branch_dag to 2025-03-27 00:00:00+00:00, run_after=2025-03-28 00:00:00+00:00
[2025-03-28T06:36:00.165+0000] {processor.py:208} INFO - Processing /home/airflow/.local/lib/python3.12/site-packages/airflow/example_dags/example_nested_branch_dag.py took 0.071 seconds
[2025-03-28T06:36:31.254+0000] {processor.py:186} INFO - Started process (PID=203) to work on /home/airflow/.local/lib/python3.12/site-packages/airflow/example_dags/example_nested_branch_dag.py
[2025-03-28T06:36:31.255+0000] {processor.py:914} INFO - Processing file /home/airflow/.local/lib/python3.12/site-packages/airflow/example_dags/example_nested_branch_dag.py for tasks to queue
[2025-03-28T06:36:31.257+0000] {logging_mixin.py:190} INFO - [2025-03-28T06:36:31.256+0000] {dagbag.py:588} INFO - Filling up the DagBag from /home/airflow/.local/lib/python3.12/site-packages/airflow/example_dags/example_nested_branch_dag.py
[2025-03-28T06:36:31.266+0000] {processor.py:925} INFO - DAG(s) 'example_nested_branch_dag' retrieved from /home/airflow/.local/lib/python3.12/site-packages/airflow/example_dags/example_nested_branch_dag.py
[2025-03-28T06:36:31.285+0000] {logging_mixin.py:190} INFO - [2025-03-28T06:36:31.285+0000] {dag.py:3239} INFO - Sync 1 DAGs
[2025-03-28T06:36:31.305+0000] {logging_mixin.py:190} INFO - [2025-03-28T06:36:31.305+0000] {dag.py:4180} INFO - Setting next_dagrun for example_nested_branch_dag to 2025-03-27 00:00:00+00:00, run_after=2025-03-28 00:00:00+00:00
[2025-03-28T06:36:31.318+0000] {processor.py:208} INFO - Processing /home/airflow/.local/lib/python3.12/site-packages/airflow/example_dags/example_nested_branch_dag.py took 0.070 seconds
[2025-03-28T06:45:49.866+0000] {processor.py:186} INFO - Started process (PID=76) to work on /home/airflow/.local/lib/python3.12/site-packages/airflow/example_dags/example_nested_branch_dag.py
[2025-03-28T06:45:49.867+0000] {processor.py:914} INFO - Processing file /home/airflow/.local/lib/python3.12/site-packages/airflow/example_dags/example_nested_branch_dag.py for tasks to queue
[2025-03-28T06:45:49.868+0000] {logging_mixin.py:190} INFO - [2025-03-28T06:45:49.868+0000] {dagbag.py:588} INFO - Filling up the DagBag from /home/airflow/.local/lib/python3.12/site-packages/airflow/example_dags/example_nested_branch_dag.py
[2025-03-28T06:45:49.876+0000] {processor.py:925} INFO - DAG(s) 'example_nested_branch_dag' retrieved from /home/airflow/.local/lib/python3.12/site-packages/airflow/example_dags/example_nested_branch_dag.py
[2025-03-28T06:45:49.894+0000] {logging_mixin.py:190} INFO - [2025-03-28T06:45:49.894+0000] {dag.py:3239} INFO - Sync 1 DAGs
[2025-03-28T06:45:49.910+0000] {logging_mixin.py:190} INFO - [2025-03-28T06:45:49.910+0000] {dag.py:4180} INFO - Setting next_dagrun for example_nested_branch_dag to 2025-03-27 00:00:00+00:00, run_after=2025-03-28 00:00:00+00:00
[2025-03-28T06:45:49.922+0000] {processor.py:208} INFO - Processing /home/airflow/.local/lib/python3.12/site-packages/airflow/example_dags/example_nested_branch_dag.py took 0.060 seconds
[2025-03-28T06:46:20.323+0000] {processor.py:186} INFO - Started process (PID=139) to work on /home/airflow/.local/lib/python3.12/site-packages/airflow/example_dags/example_nested_branch_dag.py
[2025-03-28T06:46:20.324+0000] {processor.py:914} INFO - Processing file /home/airflow/.local/lib/python3.12/site-packages/airflow/example_dags/example_nested_branch_dag.py for tasks to queue
[2025-03-28T06:46:20.326+0000] {logging_mixin.py:190} INFO - [2025-03-28T06:46:20.326+0000] {dagbag.py:588} INFO - Filling up the DagBag from /home/airflow/.local/lib/python3.12/site-packages/airflow/example_dags/example_nested_branch_dag.py
[2025-03-28T06:46:20.339+0000] {processor.py:925} INFO - DAG(s) 'example_nested_branch_dag' retrieved from /home/airflow/.local/lib/python3.12/site-packages/airflow/example_dags/example_nested_branch_dag.py
[2025-03-28T06:46:20.358+0000] {logging_mixin.py:190} INFO - [2025-03-28T06:46:20.357+0000] {dag.py:3239} INFO - Sync 1 DAGs
[2025-03-28T06:46:20.375+0000] {logging_mixin.py:190} INFO - [2025-03-28T06:46:20.375+0000] {dag.py:4180} INFO - Setting next_dagrun for example_nested_branch_dag to 2025-03-27 00:00:00+00:00, run_after=2025-03-28 00:00:00+00:00
[2025-03-28T06:46:20.388+0000] {processor.py:208} INFO - Processing /home/airflow/.local/lib/python3.12/site-packages/airflow/example_dags/example_nested_branch_dag.py took 0.071 seconds
[2025-03-28T06:46:51.161+0000] {processor.py:186} INFO - Started process (PID=202) to work on /home/airflow/.local/lib/python3.12/site-packages/airflow/example_dags/example_nested_branch_dag.py
[2025-03-28T06:46:51.162+0000] {processor.py:914} INFO - Processing file /home/airflow/.local/lib/python3.12/site-packages/airflow/example_dags/example_nested_branch_dag.py for tasks to queue
[2025-03-28T06:46:51.163+0000] {logging_mixin.py:190} INFO - [2025-03-28T06:46:51.163+0000] {dagbag.py:588} INFO - Filling up the DagBag from /home/airflow/.local/lib/python3.12/site-packages/airflow/example_dags/example_nested_branch_dag.py
[2025-03-28T06:46:51.172+0000] {processor.py:925} INFO - DAG(s) 'example_nested_branch_dag' retrieved from /home/airflow/.local/lib/python3.12/site-packages/airflow/example_dags/example_nested_branch_dag.py
[2025-03-28T06:46:51.190+0000] {logging_mixin.py:190} INFO - [2025-03-28T06:46:51.190+0000] {dag.py:3239} INFO - Sync 1 DAGs
[2025-03-28T06:46:51.207+0000] {logging_mixin.py:190} INFO - [2025-03-28T06:46:51.207+0000] {dag.py:4180} INFO - Setting next_dagrun for example_nested_branch_dag to 2025-03-27 00:00:00+00:00, run_after=2025-03-28 00:00:00+00:00
[2025-03-28T06:46:51.220+0000] {processor.py:208} INFO - Processing /home/airflow/.local/lib/python3.12/site-packages/airflow/example_dags/example_nested_branch_dag.py took 0.063 seconds
