[2025-03-28T06:35:28.066+0000] {processor.py:186} INFO - Started process (PID=68) to work on /home/airflow/.local/lib/python3.12/site-packages/airflow/example_dags/example_branch_day_of_week_operator.py
[2025-03-28T06:35:28.066+0000] {processor.py:914} INFO - Processing file /home/airflow/.local/lib/python3.12/site-packages/airflow/example_dags/example_branch_day_of_week_operator.py for tasks to queue
[2025-03-28T06:35:28.068+0000] {logging_mixin.py:190} INFO - [2025-03-28T06:35:28.067+0000] {dagbag.py:588} INFO - Filling up the DagBag from /home/airflow/.local/lib/python3.12/site-packages/airflow/example_dags/example_branch_day_of_week_operator.py
[2025-03-28T06:35:28.076+0000] {processor.py:925} INFO - DAG(s) 'example_weekday_branch_operator' retrieved from /home/airflow/.local/lib/python3.12/site-packages/airflow/example_dags/example_branch_day_of_week_operator.py
[2025-03-28T06:35:28.162+0000] {logging_mixin.py:190} INFO - [2025-03-28T06:35:28.161+0000] {override.py:1912} INFO - Created Permission View: can delete on DAG:example_weekday_branch_operator
[2025-03-28T06:35:28.169+0000] {logging_mixin.py:190} INFO - [2025-03-28T06:35:28.168+0000] {override.py:1912} INFO - Created Permission View: can edit on DAG:example_weekday_branch_operator
[2025-03-28T06:35:28.173+0000] {logging_mixin.py:190} INFO - [2025-03-28T06:35:28.173+0000] {override.py:1912} INFO - Created Permission View: can read on DAG:example_weekday_branch_operator
[2025-03-28T06:35:28.179+0000] {logging_mixin.py:190} INFO - [2025-03-28T06:35:28.178+0000] {override.py:1912} INFO - Created Permission View: can create on DAG Run:example_weekday_branch_operator
[2025-03-28T06:35:28.183+0000] {logging_mixin.py:190} INFO - [2025-03-28T06:35:28.183+0000] {override.py:1912} INFO - Created Permission View: can delete on DAG Run:example_weekday_branch_operator
[2025-03-28T06:35:28.188+0000] {logging_mixin.py:190} INFO - [2025-03-28T06:35:28.187+0000] {override.py:1912} INFO - Created Permission View: can read on DAG Run:example_weekday_branch_operator
[2025-03-28T06:35:28.192+0000] {logging_mixin.py:190} INFO - [2025-03-28T06:35:28.192+0000] {override.py:1912} INFO - Created Permission View: menu access on DAG Run:example_weekday_branch_operator
[2025-03-28T06:35:28.192+0000] {logging_mixin.py:190} INFO - [2025-03-28T06:35:28.192+0000] {dag.py:3239} INFO - Sync 1 DAGs
[2025-03-28T06:35:28.203+0000] {logging_mixin.py:190} INFO - [2025-03-28T06:35:28.202+0000] {dag.py:3262} INFO - Creating ORM DAG for example_weekday_branch_operator
[2025-03-28T06:35:28.210+0000] {logging_mixin.py:190} INFO - [2025-03-28T06:35:28.210+0000] {dag.py:4180} INFO - Setting next_dagrun for example_weekday_branch_operator to 2025-03-27 00:00:00+00:00, run_after=2025-03-28 00:00:00+00:00
[2025-03-28T06:35:28.222+0000] {processor.py:208} INFO - Processing /home/airflow/.local/lib/python3.12/site-packages/airflow/example_dags/example_branch_day_of_week_operator.py took 0.161 seconds
[2025-03-28T06:35:58.306+0000] {processor.py:186} INFO - Started process (PID=130) to work on /home/airflow/.local/lib/python3.12/site-packages/airflow/example_dags/example_branch_day_of_week_operator.py
[2025-03-28T06:35:58.307+0000] {processor.py:914} INFO - Processing file /home/airflow/.local/lib/python3.12/site-packages/airflow/example_dags/example_branch_day_of_week_operator.py for tasks to queue
[2025-03-28T06:35:58.309+0000] {logging_mixin.py:190} INFO - [2025-03-28T06:35:58.308+0000] {dagbag.py:588} INFO - Filling up the DagBag from /home/airflow/.local/lib/python3.12/site-packages/airflow/example_dags/example_branch_day_of_week_operator.py
[2025-03-28T06:35:58.318+0000] {processor.py:925} INFO - DAG(s) 'example_weekday_branch_operator' retrieved from /home/airflow/.local/lib/python3.12/site-packages/airflow/example_dags/example_branch_day_of_week_operator.py
[2025-03-28T06:35:58.338+0000] {logging_mixin.py:190} INFO - [2025-03-28T06:35:58.338+0000] {dag.py:3239} INFO - Sync 1 DAGs
[2025-03-28T06:35:58.356+0000] {logging_mixin.py:190} INFO - [2025-03-28T06:35:58.356+0000] {dag.py:4180} INFO - Setting next_dagrun for example_weekday_branch_operator to 2025-03-27 00:00:00+00:00, run_after=2025-03-28 00:00:00+00:00
[2025-03-28T06:35:58.370+0000] {processor.py:208} INFO - Processing /home/airflow/.local/lib/python3.12/site-packages/airflow/example_dags/example_branch_day_of_week_operator.py took 0.069 seconds
[2025-03-28T06:36:28.891+0000] {processor.py:186} INFO - Started process (PID=193) to work on /home/airflow/.local/lib/python3.12/site-packages/airflow/example_dags/example_branch_day_of_week_operator.py
[2025-03-28T06:36:28.892+0000] {processor.py:914} INFO - Processing file /home/airflow/.local/lib/python3.12/site-packages/airflow/example_dags/example_branch_day_of_week_operator.py for tasks to queue
[2025-03-28T06:36:28.895+0000] {logging_mixin.py:190} INFO - [2025-03-28T06:36:28.894+0000] {dagbag.py:588} INFO - Filling up the DagBag from /home/airflow/.local/lib/python3.12/site-packages/airflow/example_dags/example_branch_day_of_week_operator.py
[2025-03-28T06:36:28.902+0000] {processor.py:925} INFO - DAG(s) 'example_weekday_branch_operator' retrieved from /home/airflow/.local/lib/python3.12/site-packages/airflow/example_dags/example_branch_day_of_week_operator.py
[2025-03-28T06:36:28.918+0000] {logging_mixin.py:190} INFO - [2025-03-28T06:36:28.918+0000] {dag.py:3239} INFO - Sync 1 DAGs
[2025-03-28T06:36:28.935+0000] {logging_mixin.py:190} INFO - [2025-03-28T06:36:28.935+0000] {dag.py:4180} INFO - Setting next_dagrun for example_weekday_branch_operator to 2025-03-27 00:00:00+00:00, run_after=2025-03-28 00:00:00+00:00
[2025-03-28T06:36:28.946+0000] {processor.py:208} INFO - Processing /home/airflow/.local/lib/python3.12/site-packages/airflow/example_dags/example_branch_day_of_week_operator.py took 0.059 seconds
[2025-03-28T06:45:49.135+0000] {processor.py:186} INFO - Started process (PID=67) to work on /home/airflow/.local/lib/python3.12/site-packages/airflow/example_dags/example_branch_day_of_week_operator.py
[2025-03-28T06:45:49.136+0000] {processor.py:914} INFO - Processing file /home/airflow/.local/lib/python3.12/site-packages/airflow/example_dags/example_branch_day_of_week_operator.py for tasks to queue
[2025-03-28T06:45:49.138+0000] {logging_mixin.py:190} INFO - [2025-03-28T06:45:49.137+0000] {dagbag.py:588} INFO - Filling up the DagBag from /home/airflow/.local/lib/python3.12/site-packages/airflow/example_dags/example_branch_day_of_week_operator.py
[2025-03-28T06:45:49.148+0000] {processor.py:925} INFO - DAG(s) 'example_weekday_branch_operator' retrieved from /home/airflow/.local/lib/python3.12/site-packages/airflow/example_dags/example_branch_day_of_week_operator.py
[2025-03-28T06:45:49.175+0000] {logging_mixin.py:190} INFO - [2025-03-28T06:45:49.174+0000] {dag.py:3239} INFO - Sync 1 DAGs
[2025-03-28T06:45:49.197+0000] {logging_mixin.py:190} INFO - [2025-03-28T06:45:49.197+0000] {dag.py:4180} INFO - Setting next_dagrun for example_weekday_branch_operator to 2025-03-27 00:00:00+00:00, run_after=2025-03-28 00:00:00+00:00
[2025-03-28T06:45:49.222+0000] {processor.py:208} INFO - Processing /home/airflow/.local/lib/python3.12/site-packages/airflow/example_dags/example_branch_day_of_week_operator.py took 0.092 seconds
[2025-03-28T06:46:19.671+0000] {processor.py:186} INFO - Started process (PID=129) to work on /home/airflow/.local/lib/python3.12/site-packages/airflow/example_dags/example_branch_day_of_week_operator.py
[2025-03-28T06:46:19.671+0000] {processor.py:914} INFO - Processing file /home/airflow/.local/lib/python3.12/site-packages/airflow/example_dags/example_branch_day_of_week_operator.py for tasks to queue
[2025-03-28T06:46:19.673+0000] {logging_mixin.py:190} INFO - [2025-03-28T06:46:19.673+0000] {dagbag.py:588} INFO - Filling up the DagBag from /home/airflow/.local/lib/python3.12/site-packages/airflow/example_dags/example_branch_day_of_week_operator.py
[2025-03-28T06:46:19.680+0000] {processor.py:925} INFO - DAG(s) 'example_weekday_branch_operator' retrieved from /home/airflow/.local/lib/python3.12/site-packages/airflow/example_dags/example_branch_day_of_week_operator.py
[2025-03-28T06:46:19.695+0000] {logging_mixin.py:190} INFO - [2025-03-28T06:46:19.694+0000] {dag.py:3239} INFO - Sync 1 DAGs
[2025-03-28T06:46:19.714+0000] {logging_mixin.py:190} INFO - [2025-03-28T06:46:19.714+0000] {dag.py:4180} INFO - Setting next_dagrun for example_weekday_branch_operator to 2025-03-27 00:00:00+00:00, run_after=2025-03-28 00:00:00+00:00
[2025-03-28T06:46:19.726+0000] {processor.py:208} INFO - Processing /home/airflow/.local/lib/python3.12/site-packages/airflow/example_dags/example_branch_day_of_week_operator.py took 0.059 seconds
[2025-03-28T06:46:50.686+0000] {processor.py:186} INFO - Started process (PID=192) to work on /home/airflow/.local/lib/python3.12/site-packages/airflow/example_dags/example_branch_day_of_week_operator.py
[2025-03-28T06:46:50.687+0000] {processor.py:914} INFO - Processing file /home/airflow/.local/lib/python3.12/site-packages/airflow/example_dags/example_branch_day_of_week_operator.py for tasks to queue
[2025-03-28T06:46:50.689+0000] {logging_mixin.py:190} INFO - [2025-03-28T06:46:50.688+0000] {dagbag.py:588} INFO - Filling up the DagBag from /home/airflow/.local/lib/python3.12/site-packages/airflow/example_dags/example_branch_day_of_week_operator.py
[2025-03-28T06:46:50.697+0000] {processor.py:925} INFO - DAG(s) 'example_weekday_branch_operator' retrieved from /home/airflow/.local/lib/python3.12/site-packages/airflow/example_dags/example_branch_day_of_week_operator.py
[2025-03-28T06:46:50.714+0000] {logging_mixin.py:190} INFO - [2025-03-28T06:46:50.713+0000] {dag.py:3239} INFO - Sync 1 DAGs
[2025-03-28T06:46:50.730+0000] {logging_mixin.py:190} INFO - [2025-03-28T06:46:50.730+0000] {dag.py:4180} INFO - Setting next_dagrun for example_weekday_branch_operator to 2025-03-27 00:00:00+00:00, run_after=2025-03-28 00:00:00+00:00
[2025-03-28T06:46:50.742+0000] {processor.py:208} INFO - Processing /home/airflow/.local/lib/python3.12/site-packages/airflow/example_dags/example_branch_day_of_week_operator.py took 0.061 seconds
[2025-03-28T06:47:21.793+0000] {processor.py:186} INFO - Started process (PID=255) to work on /home/airflow/.local/lib/python3.12/site-packages/airflow/example_dags/example_branch_day_of_week_operator.py
[2025-03-28T06:47:21.794+0000] {processor.py:914} INFO - Processing file /home/airflow/.local/lib/python3.12/site-packages/airflow/example_dags/example_branch_day_of_week_operator.py for tasks to queue
[2025-03-28T06:47:21.796+0000] {logging_mixin.py:190} INFO - [2025-03-28T06:47:21.796+0000] {dagbag.py:588} INFO - Filling up the DagBag from /home/airflow/.local/lib/python3.12/site-packages/airflow/example_dags/example_branch_day_of_week_operator.py
[2025-03-28T06:47:21.806+0000] {processor.py:925} INFO - DAG(s) 'example_weekday_branch_operator' retrieved from /home/airflow/.local/lib/python3.12/site-packages/airflow/example_dags/example_branch_day_of_week_operator.py
[2025-03-28T06:47:21.828+0000] {logging_mixin.py:190} INFO - [2025-03-28T06:47:21.828+0000] {dag.py:3239} INFO - Sync 1 DAGs
[2025-03-28T06:47:22.290+0000] {logging_mixin.py:190} INFO - [2025-03-28T06:47:22.290+0000] {process_utils.py:266} INFO - Waiting up to 5 seconds for processes to exit...
