[2025-03-28T06:35:24.447+0000] {processor.py:186} INFO - Started process (PID=44) to work on /home/airflow/.local/lib/python3.12/site-packages/airflow/example_dags/example_sla_dag.py
[2025-03-28T06:35:24.448+0000] {processor.py:914} INFO - Processing file /home/airflow/.local/lib/python3.12/site-packages/airflow/example_dags/example_sla_dag.py for tasks to queue
[2025-03-28T06:35:24.450+0000] {logging_mixin.py:190} INFO - [2025-03-28T06:35:24.450+0000] {dagbag.py:588} INFO - Filling up the DagBag from /home/airflow/.local/lib/python3.12/site-packages/airflow/example_dags/example_sla_dag.py
[2025-03-28T06:35:24.470+0000] {processor.py:925} INFO - DAG(s) 'example_sla_dag' retrieved from /home/airflow/.local/lib/python3.12/site-packages/airflow/example_dags/example_sla_dag.py
[2025-03-28T06:35:24.663+0000] {logging_mixin.py:190} INFO - [2025-03-28T06:35:24.663+0000] {override.py:1912} INFO - Created Permission View: can delete on DAG:example_sla_dag
[2025-03-28T06:35:24.671+0000] {logging_mixin.py:190} INFO - [2025-03-28T06:35:24.671+0000] {override.py:1912} INFO - Created Permission View: can edit on DAG:example_sla_dag
[2025-03-28T06:35:24.675+0000] {logging_mixin.py:190} INFO - [2025-03-28T06:35:24.675+0000] {override.py:1912} INFO - Created Permission View: can read on DAG:example_sla_dag
[2025-03-28T06:35:24.680+0000] {logging_mixin.py:190} INFO - [2025-03-28T06:35:24.680+0000] {override.py:1912} INFO - Created Permission View: can create on DAG Run:example_sla_dag
[2025-03-28T06:35:24.684+0000] {logging_mixin.py:190} INFO - [2025-03-28T06:35:24.684+0000] {override.py:1912} INFO - Created Permission View: can delete on DAG Run:example_sla_dag
[2025-03-28T06:35:24.688+0000] {logging_mixin.py:190} INFO - [2025-03-28T06:35:24.688+0000] {override.py:1912} INFO - Created Permission View: can read on DAG Run:example_sla_dag
[2025-03-28T06:35:24.692+0000] {logging_mixin.py:190} INFO - [2025-03-28T06:35:24.692+0000] {override.py:1912} INFO - Created Permission View: menu access on DAG Run:example_sla_dag
[2025-03-28T06:35:24.692+0000] {logging_mixin.py:190} INFO - [2025-03-28T06:35:24.692+0000] {dag.py:3239} INFO - Sync 1 DAGs
[2025-03-28T06:35:24.702+0000] {logging_mixin.py:190} INFO - [2025-03-28T06:35:24.701+0000] {dag.py:3262} INFO - Creating ORM DAG for example_sla_dag
[2025-03-28T06:35:24.712+0000] {logging_mixin.py:190} INFO - [2025-03-28T06:35:24.712+0000] {dag.py:4180} INFO - Setting next_dagrun for example_sla_dag to 2025-03-28 06:32:00+00:00, run_after=2025-03-28 06:34:00+00:00
[2025-03-28T06:35:24.726+0000] {processor.py:208} INFO - Processing /home/airflow/.local/lib/python3.12/site-packages/airflow/example_dags/example_sla_dag.py took 0.283 seconds
[2025-03-28T06:35:55.686+0000] {processor.py:186} INFO - Started process (PID=107) to work on /home/airflow/.local/lib/python3.12/site-packages/airflow/example_dags/example_sla_dag.py
[2025-03-28T06:35:55.695+0000] {processor.py:914} INFO - Processing file /home/airflow/.local/lib/python3.12/site-packages/airflow/example_dags/example_sla_dag.py for tasks to queue
[2025-03-28T06:35:55.697+0000] {logging_mixin.py:190} INFO - [2025-03-28T06:35:55.697+0000] {dagbag.py:588} INFO - Filling up the DagBag from /home/airflow/.local/lib/python3.12/site-packages/airflow/example_dags/example_sla_dag.py
[2025-03-28T06:35:55.707+0000] {processor.py:925} INFO - DAG(s) 'example_sla_dag' retrieved from /home/airflow/.local/lib/python3.12/site-packages/airflow/example_dags/example_sla_dag.py
[2025-03-28T06:35:55.723+0000] {logging_mixin.py:190} INFO - [2025-03-28T06:35:55.723+0000] {dag.py:3239} INFO - Sync 1 DAGs
[2025-03-28T06:35:55.742+0000] {logging_mixin.py:190} INFO - [2025-03-28T06:35:55.742+0000] {dag.py:4180} INFO - Setting next_dagrun for example_sla_dag to 2025-03-28 06:32:00+00:00, run_after=2025-03-28 06:34:00+00:00
[2025-03-28T06:35:55.754+0000] {processor.py:208} INFO - Processing /home/airflow/.local/lib/python3.12/site-packages/airflow/example_dags/example_sla_dag.py took 0.073 seconds
[2025-03-28T06:36:26.393+0000] {processor.py:186} INFO - Started process (PID=170) to work on /home/airflow/.local/lib/python3.12/site-packages/airflow/example_dags/example_sla_dag.py
[2025-03-28T06:36:26.402+0000] {processor.py:914} INFO - Processing file /home/airflow/.local/lib/python3.12/site-packages/airflow/example_dags/example_sla_dag.py for tasks to queue
[2025-03-28T06:36:26.405+0000] {logging_mixin.py:190} INFO - [2025-03-28T06:36:26.404+0000] {dagbag.py:588} INFO - Filling up the DagBag from /home/airflow/.local/lib/python3.12/site-packages/airflow/example_dags/example_sla_dag.py
[2025-03-28T06:36:26.416+0000] {processor.py:925} INFO - DAG(s) 'example_sla_dag' retrieved from /home/airflow/.local/lib/python3.12/site-packages/airflow/example_dags/example_sla_dag.py
[2025-03-28T06:36:26.437+0000] {logging_mixin.py:190} INFO - [2025-03-28T06:36:26.436+0000] {dag.py:3239} INFO - Sync 1 DAGs
[2025-03-28T06:36:26.458+0000] {logging_mixin.py:190} INFO - [2025-03-28T06:36:26.458+0000] {dag.py:4180} INFO - Setting next_dagrun for example_sla_dag to 2025-03-28 06:34:00+00:00, run_after=2025-03-28 06:36:00+00:00
[2025-03-28T06:36:26.474+0000] {processor.py:208} INFO - Processing /home/airflow/.local/lib/python3.12/site-packages/airflow/example_dags/example_sla_dag.py took 0.087 seconds
[2025-03-28T06:45:47.491+0000] {processor.py:186} INFO - Started process (PID=43) to work on /home/airflow/.local/lib/python3.12/site-packages/airflow/example_dags/example_sla_dag.py
[2025-03-28T06:45:47.492+0000] {processor.py:914} INFO - Processing file /home/airflow/.local/lib/python3.12/site-packages/airflow/example_dags/example_sla_dag.py for tasks to queue
[2025-03-28T06:45:47.493+0000] {logging_mixin.py:190} INFO - [2025-03-28T06:45:47.493+0000] {dagbag.py:588} INFO - Filling up the DagBag from /home/airflow/.local/lib/python3.12/site-packages/airflow/example_dags/example_sla_dag.py
[2025-03-28T06:45:47.503+0000] {processor.py:925} INFO - DAG(s) 'example_sla_dag' retrieved from /home/airflow/.local/lib/python3.12/site-packages/airflow/example_dags/example_sla_dag.py
[2025-03-28T06:45:47.529+0000] {logging_mixin.py:190} INFO - [2025-03-28T06:45:47.528+0000] {dag.py:3239} INFO - Sync 1 DAGs
[2025-03-28T06:45:47.551+0000] {logging_mixin.py:190} INFO - [2025-03-28T06:45:47.550+0000] {dag.py:4180} INFO - Setting next_dagrun for example_sla_dag to 2025-03-28 06:42:00+00:00, run_after=2025-03-28 06:44:00+00:00
[2025-03-28T06:45:47.575+0000] {processor.py:208} INFO - Processing /home/airflow/.local/lib/python3.12/site-packages/airflow/example_dags/example_sla_dag.py took 0.089 seconds
[2025-03-28T06:46:17.891+0000] {processor.py:186} INFO - Started process (PID=106) to work on /home/airflow/.local/lib/python3.12/site-packages/airflow/example_dags/example_sla_dag.py
[2025-03-28T06:46:17.892+0000] {processor.py:914} INFO - Processing file /home/airflow/.local/lib/python3.12/site-packages/airflow/example_dags/example_sla_dag.py for tasks to queue
[2025-03-28T06:46:17.894+0000] {logging_mixin.py:190} INFO - [2025-03-28T06:46:17.893+0000] {dagbag.py:588} INFO - Filling up the DagBag from /home/airflow/.local/lib/python3.12/site-packages/airflow/example_dags/example_sla_dag.py
[2025-03-28T06:46:17.902+0000] {processor.py:925} INFO - DAG(s) 'example_sla_dag' retrieved from /home/airflow/.local/lib/python3.12/site-packages/airflow/example_dags/example_sla_dag.py
[2025-03-28T06:46:17.920+0000] {logging_mixin.py:190} INFO - [2025-03-28T06:46:17.920+0000] {dag.py:3239} INFO - Sync 1 DAGs
[2025-03-28T06:46:17.939+0000] {logging_mixin.py:190} INFO - [2025-03-28T06:46:17.939+0000] {dag.py:4180} INFO - Setting next_dagrun for example_sla_dag to 2025-03-28 06:44:00+00:00, run_after=2025-03-28 06:46:00+00:00
[2025-03-28T06:46:17.952+0000] {processor.py:208} INFO - Processing /home/airflow/.local/lib/python3.12/site-packages/airflow/example_dags/example_sla_dag.py took 0.065 seconds
[2025-03-28T06:46:48.225+0000] {processor.py:186} INFO - Started process (PID=169) to work on /home/airflow/.local/lib/python3.12/site-packages/airflow/example_dags/example_sla_dag.py
[2025-03-28T06:46:48.233+0000] {processor.py:914} INFO - Processing file /home/airflow/.local/lib/python3.12/site-packages/airflow/example_dags/example_sla_dag.py for tasks to queue
[2025-03-28T06:46:48.235+0000] {logging_mixin.py:190} INFO - [2025-03-28T06:46:48.235+0000] {dagbag.py:588} INFO - Filling up the DagBag from /home/airflow/.local/lib/python3.12/site-packages/airflow/example_dags/example_sla_dag.py
[2025-03-28T06:46:48.244+0000] {processor.py:925} INFO - DAG(s) 'example_sla_dag' retrieved from /home/airflow/.local/lib/python3.12/site-packages/airflow/example_dags/example_sla_dag.py
[2025-03-28T06:46:48.260+0000] {logging_mixin.py:190} INFO - [2025-03-28T06:46:48.260+0000] {dag.py:3239} INFO - Sync 1 DAGs
[2025-03-28T06:46:48.278+0000] {logging_mixin.py:190} INFO - [2025-03-28T06:46:48.278+0000] {dag.py:4180} INFO - Setting next_dagrun for example_sla_dag to 2025-03-28 06:44:00+00:00, run_after=2025-03-28 06:46:00+00:00
[2025-03-28T06:46:48.294+0000] {processor.py:208} INFO - Processing /home/airflow/.local/lib/python3.12/site-packages/airflow/example_dags/example_sla_dag.py took 0.074 seconds
[2025-03-28T06:47:18.823+0000] {processor.py:186} INFO - Started process (PID=232) to work on /home/airflow/.local/lib/python3.12/site-packages/airflow/example_dags/example_sla_dag.py
[2025-03-28T06:47:18.832+0000] {processor.py:914} INFO - Processing file /home/airflow/.local/lib/python3.12/site-packages/airflow/example_dags/example_sla_dag.py for tasks to queue
[2025-03-28T06:47:18.834+0000] {logging_mixin.py:190} INFO - [2025-03-28T06:47:18.834+0000] {dagbag.py:588} INFO - Filling up the DagBag from /home/airflow/.local/lib/python3.12/site-packages/airflow/example_dags/example_sla_dag.py
[2025-03-28T06:47:18.843+0000] {processor.py:925} INFO - DAG(s) 'example_sla_dag' retrieved from /home/airflow/.local/lib/python3.12/site-packages/airflow/example_dags/example_sla_dag.py
[2025-03-28T06:47:18.861+0000] {logging_mixin.py:190} INFO - [2025-03-28T06:47:18.861+0000] {dag.py:3239} INFO - Sync 1 DAGs
[2025-03-28T06:47:18.880+0000] {logging_mixin.py:190} INFO - [2025-03-28T06:47:18.880+0000] {dag.py:4180} INFO - Setting next_dagrun for example_sla_dag to 2025-03-28 06:44:00+00:00, run_after=2025-03-28 06:46:00+00:00
[2025-03-28T06:47:18.893+0000] {processor.py:208} INFO - Processing /home/airflow/.local/lib/python3.12/site-packages/airflow/example_dags/example_sla_dag.py took 0.074 seconds
