[2025-03-28T06:35:27.533+0000] {processor.py:186} INFO - Started process (PID=63) to work on /home/airflow/.local/lib/python3.12/site-packages/airflow/example_dags/example_setup_teardown_taskflow.py
[2025-03-28T06:35:27.535+0000] {processor.py:914} INFO - Processing file /home/airflow/.local/lib/python3.12/site-packages/airflow/example_dags/example_setup_teardown_taskflow.py for tasks to queue
[2025-03-28T06:35:27.538+0000] {logging_mixin.py:190} INFO - [2025-03-28T06:35:27.537+0000] {dagbag.py:588} INFO - Filling up the DagBag from /home/airflow/.local/lib/python3.12/site-packages/airflow/example_dags/example_setup_teardown_taskflow.py
[2025-03-28T06:35:27.547+0000] {processor.py:925} INFO - DAG(s) 'example_setup_teardown_taskflow' retrieved from /home/airflow/.local/lib/python3.12/site-packages/airflow/example_dags/example_setup_teardown_taskflow.py
[2025-03-28T06:35:27.629+0000] {logging_mixin.py:190} INFO - [2025-03-28T06:35:27.629+0000] {override.py:1912} INFO - Created Permission View: can delete on DAG:example_setup_teardown_taskflow
[2025-03-28T06:35:27.635+0000] {logging_mixin.py:190} INFO - [2025-03-28T06:35:27.635+0000] {override.py:1912} INFO - Created Permission View: can edit on DAG:example_setup_teardown_taskflow
[2025-03-28T06:35:27.640+0000] {logging_mixin.py:190} INFO - [2025-03-28T06:35:27.640+0000] {override.py:1912} INFO - Created Permission View: can read on DAG:example_setup_teardown_taskflow
[2025-03-28T06:35:27.645+0000] {logging_mixin.py:190} INFO - [2025-03-28T06:35:27.645+0000] {override.py:1912} INFO - Created Permission View: can create on DAG Run:example_setup_teardown_taskflow
[2025-03-28T06:35:27.649+0000] {logging_mixin.py:190} INFO - [2025-03-28T06:35:27.649+0000] {override.py:1912} INFO - Created Permission View: can delete on DAG Run:example_setup_teardown_taskflow
[2025-03-28T06:35:27.653+0000] {logging_mixin.py:190} INFO - [2025-03-28T06:35:27.653+0000] {override.py:1912} INFO - Created Permission View: can read on DAG Run:example_setup_teardown_taskflow
[2025-03-28T06:35:27.657+0000] {logging_mixin.py:190} INFO - [2025-03-28T06:35:27.657+0000] {override.py:1912} INFO - Created Permission View: menu access on DAG Run:example_setup_teardown_taskflow
[2025-03-28T06:35:27.658+0000] {logging_mixin.py:190} INFO - [2025-03-28T06:35:27.657+0000] {dag.py:3239} INFO - Sync 1 DAGs
[2025-03-28T06:35:27.667+0000] {logging_mixin.py:190} INFO - [2025-03-28T06:35:27.667+0000] {dag.py:3262} INFO - Creating ORM DAG for example_setup_teardown_taskflow
[2025-03-28T06:35:27.667+0000] {logging_mixin.py:190} INFO - [2025-03-28T06:35:27.667+0000] {dag.py:4180} INFO - Setting next_dagrun for example_setup_teardown_taskflow to None, run_after=None
[2025-03-28T06:35:27.678+0000] {processor.py:208} INFO - Processing /home/airflow/.local/lib/python3.12/site-packages/airflow/example_dags/example_setup_teardown_taskflow.py took 0.152 seconds
[2025-03-28T06:35:58.039+0000] {processor.py:186} INFO - Started process (PID=126) to work on /home/airflow/.local/lib/python3.12/site-packages/airflow/example_dags/example_setup_teardown_taskflow.py
[2025-03-28T06:35:58.040+0000] {processor.py:914} INFO - Processing file /home/airflow/.local/lib/python3.12/site-packages/airflow/example_dags/example_setup_teardown_taskflow.py for tasks to queue
[2025-03-28T06:35:58.042+0000] {logging_mixin.py:190} INFO - [2025-03-28T06:35:58.042+0000] {dagbag.py:588} INFO - Filling up the DagBag from /home/airflow/.local/lib/python3.12/site-packages/airflow/example_dags/example_setup_teardown_taskflow.py
[2025-03-28T06:35:58.051+0000] {processor.py:925} INFO - DAG(s) 'example_setup_teardown_taskflow' retrieved from /home/airflow/.local/lib/python3.12/site-packages/airflow/example_dags/example_setup_teardown_taskflow.py
[2025-03-28T06:35:58.071+0000] {logging_mixin.py:190} INFO - [2025-03-28T06:35:58.070+0000] {dag.py:3239} INFO - Sync 1 DAGs
[2025-03-28T06:35:58.082+0000] {logging_mixin.py:190} INFO - [2025-03-28T06:35:58.081+0000] {dag.py:4180} INFO - Setting next_dagrun for example_setup_teardown_taskflow to None, run_after=None
[2025-03-28T06:35:58.094+0000] {processor.py:208} INFO - Processing /home/airflow/.local/lib/python3.12/site-packages/airflow/example_dags/example_setup_teardown_taskflow.py took 0.060 seconds
[2025-03-28T06:36:28.657+0000] {processor.py:186} INFO - Started process (PID=189) to work on /home/airflow/.local/lib/python3.12/site-packages/airflow/example_dags/example_setup_teardown_taskflow.py
[2025-03-28T06:36:28.658+0000] {processor.py:914} INFO - Processing file /home/airflow/.local/lib/python3.12/site-packages/airflow/example_dags/example_setup_teardown_taskflow.py for tasks to queue
[2025-03-28T06:36:28.660+0000] {logging_mixin.py:190} INFO - [2025-03-28T06:36:28.660+0000] {dagbag.py:588} INFO - Filling up the DagBag from /home/airflow/.local/lib/python3.12/site-packages/airflow/example_dags/example_setup_teardown_taskflow.py
[2025-03-28T06:36:28.667+0000] {processor.py:925} INFO - DAG(s) 'example_setup_teardown_taskflow' retrieved from /home/airflow/.local/lib/python3.12/site-packages/airflow/example_dags/example_setup_teardown_taskflow.py
[2025-03-28T06:36:28.685+0000] {logging_mixin.py:190} INFO - [2025-03-28T06:36:28.685+0000] {dag.py:3239} INFO - Sync 1 DAGs
[2025-03-28T06:36:28.696+0000] {logging_mixin.py:190} INFO - [2025-03-28T06:36:28.696+0000] {dag.py:4180} INFO - Setting next_dagrun for example_setup_teardown_taskflow to None, run_after=None
[2025-03-28T06:36:28.710+0000] {processor.py:208} INFO - Processing /home/airflow/.local/lib/python3.12/site-packages/airflow/example_dags/example_setup_teardown_taskflow.py took 0.058 seconds
[2025-03-28T06:45:48.870+0000] {processor.py:186} INFO - Started process (PID=62) to work on /home/airflow/.local/lib/python3.12/site-packages/airflow/example_dags/example_setup_teardown_taskflow.py
[2025-03-28T06:45:48.871+0000] {processor.py:914} INFO - Processing file /home/airflow/.local/lib/python3.12/site-packages/airflow/example_dags/example_setup_teardown_taskflow.py for tasks to queue
[2025-03-28T06:45:48.874+0000] {logging_mixin.py:190} INFO - [2025-03-28T06:45:48.873+0000] {dagbag.py:588} INFO - Filling up the DagBag from /home/airflow/.local/lib/python3.12/site-packages/airflow/example_dags/example_setup_teardown_taskflow.py
[2025-03-28T06:45:48.884+0000] {processor.py:925} INFO - DAG(s) 'example_setup_teardown_taskflow' retrieved from /home/airflow/.local/lib/python3.12/site-packages/airflow/example_dags/example_setup_teardown_taskflow.py
[2025-03-28T06:45:48.907+0000] {logging_mixin.py:190} INFO - [2025-03-28T06:45:48.907+0000] {dag.py:3239} INFO - Sync 1 DAGs
[2025-03-28T06:45:48.922+0000] {logging_mixin.py:190} INFO - [2025-03-28T06:45:48.922+0000] {dag.py:4180} INFO - Setting next_dagrun for example_setup_teardown_taskflow to None, run_after=None
[2025-03-28T06:45:48.938+0000] {processor.py:208} INFO - Processing /home/airflow/.local/lib/python3.12/site-packages/airflow/example_dags/example_setup_teardown_taskflow.py took 0.072 seconds
[2025-03-28T06:46:19.514+0000] {processor.py:186} INFO - Started process (PID=125) to work on /home/airflow/.local/lib/python3.12/site-packages/airflow/example_dags/example_setup_teardown_taskflow.py
[2025-03-28T06:46:19.515+0000] {processor.py:914} INFO - Processing file /home/airflow/.local/lib/python3.12/site-packages/airflow/example_dags/example_setup_teardown_taskflow.py for tasks to queue
[2025-03-28T06:46:19.517+0000] {logging_mixin.py:190} INFO - [2025-03-28T06:46:19.517+0000] {dagbag.py:588} INFO - Filling up the DagBag from /home/airflow/.local/lib/python3.12/site-packages/airflow/example_dags/example_setup_teardown_taskflow.py
[2025-03-28T06:46:19.524+0000] {processor.py:925} INFO - DAG(s) 'example_setup_teardown_taskflow' retrieved from /home/airflow/.local/lib/python3.12/site-packages/airflow/example_dags/example_setup_teardown_taskflow.py
[2025-03-28T06:46:19.541+0000] {logging_mixin.py:190} INFO - [2025-03-28T06:46:19.541+0000] {dag.py:3239} INFO - Sync 1 DAGs
[2025-03-28T06:46:19.551+0000] {logging_mixin.py:190} INFO - [2025-03-28T06:46:19.551+0000] {dag.py:4180} INFO - Setting next_dagrun for example_setup_teardown_taskflow to None, run_after=None
[2025-03-28T06:46:19.564+0000] {processor.py:208} INFO - Processing /home/airflow/.local/lib/python3.12/site-packages/airflow/example_dags/example_setup_teardown_taskflow.py took 0.054 seconds
[2025-03-28T06:46:50.488+0000] {processor.py:186} INFO - Started process (PID=188) to work on /home/airflow/.local/lib/python3.12/site-packages/airflow/example_dags/example_setup_teardown_taskflow.py
[2025-03-28T06:46:50.488+0000] {processor.py:914} INFO - Processing file /home/airflow/.local/lib/python3.12/site-packages/airflow/example_dags/example_setup_teardown_taskflow.py for tasks to queue
[2025-03-28T06:46:50.491+0000] {logging_mixin.py:190} INFO - [2025-03-28T06:46:50.490+0000] {dagbag.py:588} INFO - Filling up the DagBag from /home/airflow/.local/lib/python3.12/site-packages/airflow/example_dags/example_setup_teardown_taskflow.py
[2025-03-28T06:46:50.500+0000] {processor.py:925} INFO - DAG(s) 'example_setup_teardown_taskflow' retrieved from /home/airflow/.local/lib/python3.12/site-packages/airflow/example_dags/example_setup_teardown_taskflow.py
[2025-03-28T06:46:50.521+0000] {logging_mixin.py:190} INFO - [2025-03-28T06:46:50.521+0000] {dag.py:3239} INFO - Sync 1 DAGs
[2025-03-28T06:46:50.534+0000] {logging_mixin.py:190} INFO - [2025-03-28T06:46:50.534+0000] {dag.py:4180} INFO - Setting next_dagrun for example_setup_teardown_taskflow to None, run_after=None
[2025-03-28T06:46:50.549+0000] {processor.py:208} INFO - Processing /home/airflow/.local/lib/python3.12/site-packages/airflow/example_dags/example_setup_teardown_taskflow.py took 0.066 seconds
[2025-03-28T06:47:21.532+0000] {processor.py:186} INFO - Started process (PID=251) to work on /home/airflow/.local/lib/python3.12/site-packages/airflow/example_dags/example_setup_teardown_taskflow.py
[2025-03-28T06:47:21.533+0000] {processor.py:914} INFO - Processing file /home/airflow/.local/lib/python3.12/site-packages/airflow/example_dags/example_setup_teardown_taskflow.py for tasks to queue
[2025-03-28T06:47:21.535+0000] {logging_mixin.py:190} INFO - [2025-03-28T06:47:21.535+0000] {dagbag.py:588} INFO - Filling up the DagBag from /home/airflow/.local/lib/python3.12/site-packages/airflow/example_dags/example_setup_teardown_taskflow.py
[2025-03-28T06:47:21.547+0000] {processor.py:925} INFO - DAG(s) 'example_setup_teardown_taskflow' retrieved from /home/airflow/.local/lib/python3.12/site-packages/airflow/example_dags/example_setup_teardown_taskflow.py
[2025-03-28T06:47:21.577+0000] {logging_mixin.py:190} INFO - [2025-03-28T06:47:21.576+0000] {dag.py:3239} INFO - Sync 1 DAGs
[2025-03-28T06:47:21.593+0000] {logging_mixin.py:190} INFO - [2025-03-28T06:47:21.593+0000] {dag.py:4180} INFO - Setting next_dagrun for example_setup_teardown_taskflow to None, run_after=None
[2025-03-28T06:47:21.609+0000] {processor.py:208} INFO - Processing /home/airflow/.local/lib/python3.12/site-packages/airflow/example_dags/example_setup_teardown_taskflow.py took 0.084 seconds
