[2025-03-28T06:35:28.816+0000] {processor.py:186} INFO - Started process (PID=73) to work on /home/airflow/.local/lib/python3.12/site-packages/airflow/example_dags/example_time_delta_sensor_async.py
[2025-03-28T06:35:28.817+0000] {processor.py:914} INFO - Processing file /home/airflow/.local/lib/python3.12/site-packages/airflow/example_dags/example_time_delta_sensor_async.py for tasks to queue
[2025-03-28T06:35:28.818+0000] {logging_mixin.py:190} INFO - [2025-03-28T06:35:28.818+0000] {dagbag.py:588} INFO - Filling up the DagBag from /home/airflow/.local/lib/python3.12/site-packages/airflow/example_dags/example_time_delta_sensor_async.py
[2025-03-28T06:35:28.824+0000] {processor.py:925} INFO - DAG(s) 'example_time_delta_sensor_async' retrieved from /home/airflow/.local/lib/python3.12/site-packages/airflow/example_dags/example_time_delta_sensor_async.py
[2025-03-28T06:35:28.906+0000] {logging_mixin.py:190} INFO - [2025-03-28T06:35:28.905+0000] {override.py:1912} INFO - Created Permission View: can delete on DAG:example_time_delta_sensor_async
[2025-03-28T06:35:28.912+0000] {logging_mixin.py:190} INFO - [2025-03-28T06:35:28.912+0000] {override.py:1912} INFO - Created Permission View: can edit on DAG:example_time_delta_sensor_async
[2025-03-28T06:35:28.916+0000] {logging_mixin.py:190} INFO - [2025-03-28T06:35:28.916+0000] {override.py:1912} INFO - Created Permission View: can read on DAG:example_time_delta_sensor_async
[2025-03-28T06:35:28.920+0000] {logging_mixin.py:190} INFO - [2025-03-28T06:35:28.920+0000] {override.py:1912} INFO - Created Permission View: can create on DAG Run:example_time_delta_sensor_async
[2025-03-28T06:35:28.924+0000] {logging_mixin.py:190} INFO - [2025-03-28T06:35:28.924+0000] {override.py:1912} INFO - Created Permission View: can delete on DAG Run:example_time_delta_sensor_async
[2025-03-28T06:35:28.928+0000] {logging_mixin.py:190} INFO - [2025-03-28T06:35:28.928+0000] {override.py:1912} INFO - Created Permission View: can read on DAG Run:example_time_delta_sensor_async
[2025-03-28T06:35:28.932+0000] {logging_mixin.py:190} INFO - [2025-03-28T06:35:28.931+0000] {override.py:1912} INFO - Created Permission View: menu access on DAG Run:example_time_delta_sensor_async
[2025-03-28T06:35:28.932+0000] {logging_mixin.py:190} INFO - [2025-03-28T06:35:28.932+0000] {dag.py:3239} INFO - Sync 1 DAGs
[2025-03-28T06:35:28.942+0000] {logging_mixin.py:190} INFO - [2025-03-28T06:35:28.942+0000] {dag.py:3262} INFO - Creating ORM DAG for example_time_delta_sensor_async
[2025-03-28T06:35:28.942+0000] {logging_mixin.py:190} INFO - [2025-03-28T06:35:28.942+0000] {dag.py:4180} INFO - Setting next_dagrun for example_time_delta_sensor_async to None, run_after=None
[2025-03-28T06:35:28.953+0000] {processor.py:208} INFO - Processing /home/airflow/.local/lib/python3.12/site-packages/airflow/example_dags/example_time_delta_sensor_async.py took 0.142 seconds
[2025-03-28T06:35:59.734+0000] {processor.py:186} INFO - Started process (PID=136) to work on /home/airflow/.local/lib/python3.12/site-packages/airflow/example_dags/example_time_delta_sensor_async.py
[2025-03-28T06:35:59.735+0000] {processor.py:914} INFO - Processing file /home/airflow/.local/lib/python3.12/site-packages/airflow/example_dags/example_time_delta_sensor_async.py for tasks to queue
[2025-03-28T06:35:59.737+0000] {logging_mixin.py:190} INFO - [2025-03-28T06:35:59.736+0000] {dagbag.py:588} INFO - Filling up the DagBag from /home/airflow/.local/lib/python3.12/site-packages/airflow/example_dags/example_time_delta_sensor_async.py
[2025-03-28T06:35:59.744+0000] {processor.py:925} INFO - DAG(s) 'example_time_delta_sensor_async' retrieved from /home/airflow/.local/lib/python3.12/site-packages/airflow/example_dags/example_time_delta_sensor_async.py
[2025-03-28T06:35:59.763+0000] {logging_mixin.py:190} INFO - [2025-03-28T06:35:59.763+0000] {dag.py:3239} INFO - Sync 1 DAGs
[2025-03-28T06:35:59.775+0000] {logging_mixin.py:190} INFO - [2025-03-28T06:35:59.775+0000] {dag.py:4180} INFO - Setting next_dagrun for example_time_delta_sensor_async to None, run_after=None
[2025-03-28T06:35:59.790+0000] {processor.py:208} INFO - Processing /home/airflow/.local/lib/python3.12/site-packages/airflow/example_dags/example_time_delta_sensor_async.py took 0.062 seconds
[2025-03-28T06:36:30.152+0000] {processor.py:186} INFO - Started process (PID=198) to work on /home/airflow/.local/lib/python3.12/site-packages/airflow/example_dags/example_time_delta_sensor_async.py
[2025-03-28T06:36:30.152+0000] {processor.py:914} INFO - Processing file /home/airflow/.local/lib/python3.12/site-packages/airflow/example_dags/example_time_delta_sensor_async.py for tasks to queue
[2025-03-28T06:36:30.154+0000] {logging_mixin.py:190} INFO - [2025-03-28T06:36:30.154+0000] {dagbag.py:588} INFO - Filling up the DagBag from /home/airflow/.local/lib/python3.12/site-packages/airflow/example_dags/example_time_delta_sensor_async.py
[2025-03-28T06:36:30.161+0000] {processor.py:925} INFO - DAG(s) 'example_time_delta_sensor_async' retrieved from /home/airflow/.local/lib/python3.12/site-packages/airflow/example_dags/example_time_delta_sensor_async.py
[2025-03-28T06:36:30.179+0000] {logging_mixin.py:190} INFO - [2025-03-28T06:36:30.179+0000] {dag.py:3239} INFO - Sync 1 DAGs
[2025-03-28T06:36:30.191+0000] {logging_mixin.py:190} INFO - [2025-03-28T06:36:30.191+0000] {dag.py:4180} INFO - Setting next_dagrun for example_time_delta_sensor_async to None, run_after=None
[2025-03-28T06:36:30.205+0000] {processor.py:208} INFO - Processing /home/airflow/.local/lib/python3.12/site-packages/airflow/example_dags/example_time_delta_sensor_async.py took 0.059 seconds
[2025-03-28T06:45:49.703+0000] {processor.py:186} INFO - Started process (PID=72) to work on /home/airflow/.local/lib/python3.12/site-packages/airflow/example_dags/example_time_delta_sensor_async.py
[2025-03-28T06:45:49.704+0000] {processor.py:914} INFO - Processing file /home/airflow/.local/lib/python3.12/site-packages/airflow/example_dags/example_time_delta_sensor_async.py for tasks to queue
[2025-03-28T06:45:49.706+0000] {logging_mixin.py:190} INFO - [2025-03-28T06:45:49.705+0000] {dagbag.py:588} INFO - Filling up the DagBag from /home/airflow/.local/lib/python3.12/site-packages/airflow/example_dags/example_time_delta_sensor_async.py
[2025-03-28T06:45:49.712+0000] {processor.py:925} INFO - DAG(s) 'example_time_delta_sensor_async' retrieved from /home/airflow/.local/lib/python3.12/site-packages/airflow/example_dags/example_time_delta_sensor_async.py
[2025-03-28T06:45:49.733+0000] {logging_mixin.py:190} INFO - [2025-03-28T06:45:49.733+0000] {dag.py:3239} INFO - Sync 1 DAGs
[2025-03-28T06:45:49.747+0000] {logging_mixin.py:190} INFO - [2025-03-28T06:45:49.747+0000] {dag.py:4180} INFO - Setting next_dagrun for example_time_delta_sensor_async to None, run_after=None
[2025-03-28T06:45:49.759+0000] {processor.py:208} INFO - Processing /home/airflow/.local/lib/python3.12/site-packages/airflow/example_dags/example_time_delta_sensor_async.py took 0.062 seconds
[2025-03-28T06:46:20.043+0000] {processor.py:186} INFO - Started process (PID=135) to work on /home/airflow/.local/lib/python3.12/site-packages/airflow/example_dags/example_time_delta_sensor_async.py
[2025-03-28T06:46:20.044+0000] {processor.py:914} INFO - Processing file /home/airflow/.local/lib/python3.12/site-packages/airflow/example_dags/example_time_delta_sensor_async.py for tasks to queue
[2025-03-28T06:46:20.046+0000] {logging_mixin.py:190} INFO - [2025-03-28T06:46:20.045+0000] {dagbag.py:588} INFO - Filling up the DagBag from /home/airflow/.local/lib/python3.12/site-packages/airflow/example_dags/example_time_delta_sensor_async.py
[2025-03-28T06:46:20.051+0000] {processor.py:925} INFO - DAG(s) 'example_time_delta_sensor_async' retrieved from /home/airflow/.local/lib/python3.12/site-packages/airflow/example_dags/example_time_delta_sensor_async.py
[2025-03-28T06:46:20.067+0000] {logging_mixin.py:190} INFO - [2025-03-28T06:46:20.067+0000] {dag.py:3239} INFO - Sync 1 DAGs
[2025-03-28T06:46:20.078+0000] {logging_mixin.py:190} INFO - [2025-03-28T06:46:20.078+0000] {dag.py:4180} INFO - Setting next_dagrun for example_time_delta_sensor_async to None, run_after=None
[2025-03-28T06:46:20.090+0000] {processor.py:208} INFO - Processing /home/airflow/.local/lib/python3.12/site-packages/airflow/example_dags/example_time_delta_sensor_async.py took 0.052 seconds
[2025-03-28T06:46:50.900+0000] {processor.py:186} INFO - Started process (PID=197) to work on /home/airflow/.local/lib/python3.12/site-packages/airflow/example_dags/example_time_delta_sensor_async.py
[2025-03-28T06:46:50.900+0000] {processor.py:914} INFO - Processing file /home/airflow/.local/lib/python3.12/site-packages/airflow/example_dags/example_time_delta_sensor_async.py for tasks to queue
[2025-03-28T06:46:50.902+0000] {logging_mixin.py:190} INFO - [2025-03-28T06:46:50.902+0000] {dagbag.py:588} INFO - Filling up the DagBag from /home/airflow/.local/lib/python3.12/site-packages/airflow/example_dags/example_time_delta_sensor_async.py
[2025-03-28T06:46:50.907+0000] {processor.py:925} INFO - DAG(s) 'example_time_delta_sensor_async' retrieved from /home/airflow/.local/lib/python3.12/site-packages/airflow/example_dags/example_time_delta_sensor_async.py
[2025-03-28T06:46:50.922+0000] {logging_mixin.py:190} INFO - [2025-03-28T06:46:50.922+0000] {dag.py:3239} INFO - Sync 1 DAGs
[2025-03-28T06:46:50.932+0000] {logging_mixin.py:190} INFO - [2025-03-28T06:46:50.932+0000] {dag.py:4180} INFO - Setting next_dagrun for example_time_delta_sensor_async to None, run_after=None
[2025-03-28T06:46:50.944+0000] {processor.py:208} INFO - Processing /home/airflow/.local/lib/python3.12/site-packages/airflow/example_dags/example_time_delta_sensor_async.py took 0.049 seconds
