[2025-03-28T06:35:27.347+0000] {processor.py:186} INFO - Started process (PID=61) to work on /home/airflow/.local/lib/python3.12/site-packages/airflow/example_dags/example_branch_labels.py
[2025-03-28T06:35:27.348+0000] {processor.py:914} INFO - Processing file /home/airflow/.local/lib/python3.12/site-packages/airflow/example_dags/example_branch_labels.py for tasks to queue
[2025-03-28T06:35:27.349+0000] {logging_mixin.py:190} INFO - [2025-03-28T06:35:27.349+0000] {dagbag.py:588} INFO - Filling up the DagBag from /home/airflow/.local/lib/python3.12/site-packages/airflow/example_dags/example_branch_labels.py
[2025-03-28T06:35:27.357+0000] {processor.py:925} INFO - DAG(s) 'example_branch_labels' retrieved from /home/airflow/.local/lib/python3.12/site-packages/airflow/example_dags/example_branch_labels.py
[2025-03-28T06:35:27.439+0000] {logging_mixin.py:190} INFO - [2025-03-28T06:35:27.439+0000] {override.py:1912} INFO - Created Permission View: can delete on DAG:example_branch_labels
[2025-03-28T06:35:27.446+0000] {logging_mixin.py:190} INFO - [2025-03-28T06:35:27.446+0000] {override.py:1912} INFO - Created Permission View: can edit on DAG:example_branch_labels
[2025-03-28T06:35:27.450+0000] {logging_mixin.py:190} INFO - [2025-03-28T06:35:27.450+0000] {override.py:1912} INFO - Created Permission View: can read on DAG:example_branch_labels
[2025-03-28T06:35:27.455+0000] {logging_mixin.py:190} INFO - [2025-03-28T06:35:27.455+0000] {override.py:1912} INFO - Created Permission View: can create on DAG Run:example_branch_labels
[2025-03-28T06:35:27.460+0000] {logging_mixin.py:190} INFO - [2025-03-28T06:35:27.459+0000] {override.py:1912} INFO - Created Permission View: can delete on DAG Run:example_branch_labels
[2025-03-28T06:35:27.464+0000] {logging_mixin.py:190} INFO - [2025-03-28T06:35:27.464+0000] {override.py:1912} INFO - Created Permission View: can read on DAG Run:example_branch_labels
[2025-03-28T06:35:27.468+0000] {logging_mixin.py:190} INFO - [2025-03-28T06:35:27.468+0000] {override.py:1912} INFO - Created Permission View: menu access on DAG Run:example_branch_labels
[2025-03-28T06:35:27.468+0000] {logging_mixin.py:190} INFO - [2025-03-28T06:35:27.468+0000] {dag.py:3239} INFO - Sync 1 DAGs
[2025-03-28T06:35:27.479+0000] {logging_mixin.py:190} INFO - [2025-03-28T06:35:27.479+0000] {dag.py:3262} INFO - Creating ORM DAG for example_branch_labels
[2025-03-28T06:35:27.487+0000] {logging_mixin.py:190} INFO - [2025-03-28T06:35:27.486+0000] {dag.py:4180} INFO - Setting next_dagrun for example_branch_labels to 2025-03-27 00:00:00+00:00, run_after=2025-03-28 00:00:00+00:00
[2025-03-28T06:35:27.498+0000] {processor.py:208} INFO - Processing /home/airflow/.local/lib/python3.12/site-packages/airflow/example_dags/example_branch_labels.py took 0.156 seconds
[2025-03-28T06:35:57.947+0000] {processor.py:186} INFO - Started process (PID=124) to work on /home/airflow/.local/lib/python3.12/site-packages/airflow/example_dags/example_branch_labels.py
[2025-03-28T06:35:57.947+0000] {processor.py:914} INFO - Processing file /home/airflow/.local/lib/python3.12/site-packages/airflow/example_dags/example_branch_labels.py for tasks to queue
[2025-03-28T06:35:57.950+0000] {logging_mixin.py:190} INFO - [2025-03-28T06:35:57.949+0000] {dagbag.py:588} INFO - Filling up the DagBag from /home/airflow/.local/lib/python3.12/site-packages/airflow/example_dags/example_branch_labels.py
[2025-03-28T06:35:57.958+0000] {processor.py:925} INFO - DAG(s) 'example_branch_labels' retrieved from /home/airflow/.local/lib/python3.12/site-packages/airflow/example_dags/example_branch_labels.py
[2025-03-28T06:35:57.977+0000] {logging_mixin.py:190} INFO - [2025-03-28T06:35:57.977+0000] {dag.py:3239} INFO - Sync 1 DAGs
[2025-03-28T06:35:57.995+0000] {logging_mixin.py:190} INFO - [2025-03-28T06:35:57.995+0000] {dag.py:4180} INFO - Setting next_dagrun for example_branch_labels to 2025-03-27 00:00:00+00:00, run_after=2025-03-28 00:00:00+00:00
[2025-03-28T06:35:58.008+0000] {processor.py:208} INFO - Processing /home/airflow/.local/lib/python3.12/site-packages/airflow/example_dags/example_branch_labels.py took 0.067 seconds
[2025-03-28T06:36:28.566+0000] {processor.py:186} INFO - Started process (PID=187) to work on /home/airflow/.local/lib/python3.12/site-packages/airflow/example_dags/example_branch_labels.py
[2025-03-28T06:36:28.567+0000] {processor.py:914} INFO - Processing file /home/airflow/.local/lib/python3.12/site-packages/airflow/example_dags/example_branch_labels.py for tasks to queue
[2025-03-28T06:36:28.569+0000] {logging_mixin.py:190} INFO - [2025-03-28T06:36:28.568+0000] {dagbag.py:588} INFO - Filling up the DagBag from /home/airflow/.local/lib/python3.12/site-packages/airflow/example_dags/example_branch_labels.py
[2025-03-28T06:36:28.576+0000] {processor.py:925} INFO - DAG(s) 'example_branch_labels' retrieved from /home/airflow/.local/lib/python3.12/site-packages/airflow/example_dags/example_branch_labels.py
[2025-03-28T06:36:28.593+0000] {logging_mixin.py:190} INFO - [2025-03-28T06:36:28.592+0000] {dag.py:3239} INFO - Sync 1 DAGs
[2025-03-28T06:36:28.610+0000] {logging_mixin.py:190} INFO - [2025-03-28T06:36:28.610+0000] {dag.py:4180} INFO - Setting next_dagrun for example_branch_labels to 2025-03-27 00:00:00+00:00, run_after=2025-03-28 00:00:00+00:00
[2025-03-28T06:36:28.623+0000] {processor.py:208} INFO - Processing /home/airflow/.local/lib/python3.12/site-packages/airflow/example_dags/example_branch_labels.py took 0.061 seconds
[2025-03-28T06:45:48.767+0000] {processor.py:186} INFO - Started process (PID=60) to work on /home/airflow/.local/lib/python3.12/site-packages/airflow/example_dags/example_branch_labels.py
[2025-03-28T06:45:48.768+0000] {processor.py:914} INFO - Processing file /home/airflow/.local/lib/python3.12/site-packages/airflow/example_dags/example_branch_labels.py for tasks to queue
[2025-03-28T06:45:48.770+0000] {logging_mixin.py:190} INFO - [2025-03-28T06:45:48.770+0000] {dagbag.py:588} INFO - Filling up the DagBag from /home/airflow/.local/lib/python3.12/site-packages/airflow/example_dags/example_branch_labels.py
[2025-03-28T06:45:48.779+0000] {processor.py:925} INFO - DAG(s) 'example_branch_labels' retrieved from /home/airflow/.local/lib/python3.12/site-packages/airflow/example_dags/example_branch_labels.py
[2025-03-28T06:45:48.799+0000] {logging_mixin.py:190} INFO - [2025-03-28T06:45:48.799+0000] {dag.py:3239} INFO - Sync 1 DAGs
[2025-03-28T06:45:48.821+0000] {logging_mixin.py:190} INFO - [2025-03-28T06:45:48.821+0000] {dag.py:4180} INFO - Setting next_dagrun for example_branch_labels to 2025-03-27 00:00:00+00:00, run_after=2025-03-28 00:00:00+00:00
[2025-03-28T06:45:48.839+0000] {processor.py:208} INFO - Processing /home/airflow/.local/lib/python3.12/site-packages/airflow/example_dags/example_branch_labels.py took 0.076 seconds
[2025-03-28T06:46:19.434+0000] {processor.py:186} INFO - Started process (PID=123) to work on /home/airflow/.local/lib/python3.12/site-packages/airflow/example_dags/example_branch_labels.py
[2025-03-28T06:46:19.435+0000] {processor.py:914} INFO - Processing file /home/airflow/.local/lib/python3.12/site-packages/airflow/example_dags/example_branch_labels.py for tasks to queue
[2025-03-28T06:46:19.436+0000] {logging_mixin.py:190} INFO - [2025-03-28T06:46:19.436+0000] {dagbag.py:588} INFO - Filling up the DagBag from /home/airflow/.local/lib/python3.12/site-packages/airflow/example_dags/example_branch_labels.py
[2025-03-28T06:46:19.443+0000] {processor.py:925} INFO - DAG(s) 'example_branch_labels' retrieved from /home/airflow/.local/lib/python3.12/site-packages/airflow/example_dags/example_branch_labels.py
[2025-03-28T06:46:19.459+0000] {logging_mixin.py:190} INFO - [2025-03-28T06:46:19.459+0000] {dag.py:3239} INFO - Sync 1 DAGs
[2025-03-28T06:46:19.476+0000] {logging_mixin.py:190} INFO - [2025-03-28T06:46:19.475+0000] {dag.py:4180} INFO - Setting next_dagrun for example_branch_labels to 2025-03-27 00:00:00+00:00, run_after=2025-03-28 00:00:00+00:00
[2025-03-28T06:46:19.487+0000] {processor.py:208} INFO - Processing /home/airflow/.local/lib/python3.12/site-packages/airflow/example_dags/example_branch_labels.py took 0.057 seconds
[2025-03-28T06:46:50.388+0000] {processor.py:186} INFO - Started process (PID=186) to work on /home/airflow/.local/lib/python3.12/site-packages/airflow/example_dags/example_branch_labels.py
[2025-03-28T06:46:50.389+0000] {processor.py:914} INFO - Processing file /home/airflow/.local/lib/python3.12/site-packages/airflow/example_dags/example_branch_labels.py for tasks to queue
[2025-03-28T06:46:50.391+0000] {logging_mixin.py:190} INFO - [2025-03-28T06:46:50.391+0000] {dagbag.py:588} INFO - Filling up the DagBag from /home/airflow/.local/lib/python3.12/site-packages/airflow/example_dags/example_branch_labels.py
[2025-03-28T06:46:50.399+0000] {processor.py:925} INFO - DAG(s) 'example_branch_labels' retrieved from /home/airflow/.local/lib/python3.12/site-packages/airflow/example_dags/example_branch_labels.py
[2025-03-28T06:46:50.418+0000] {logging_mixin.py:190} INFO - [2025-03-28T06:46:50.417+0000] {dag.py:3239} INFO - Sync 1 DAGs
[2025-03-28T06:46:50.436+0000] {logging_mixin.py:190} INFO - [2025-03-28T06:46:50.436+0000] {dag.py:4180} INFO - Setting next_dagrun for example_branch_labels to 2025-03-27 00:00:00+00:00, run_after=2025-03-28 00:00:00+00:00
[2025-03-28T06:46:50.451+0000] {processor.py:208} INFO - Processing /home/airflow/.local/lib/python3.12/site-packages/airflow/example_dags/example_branch_labels.py took 0.068 seconds
[2025-03-28T06:47:21.395+0000] {processor.py:186} INFO - Started process (PID=249) to work on /home/airflow/.local/lib/python3.12/site-packages/airflow/example_dags/example_branch_labels.py
[2025-03-28T06:47:21.396+0000] {processor.py:914} INFO - Processing file /home/airflow/.local/lib/python3.12/site-packages/airflow/example_dags/example_branch_labels.py for tasks to queue
[2025-03-28T06:47:21.400+0000] {logging_mixin.py:190} INFO - [2025-03-28T06:47:21.399+0000] {dagbag.py:588} INFO - Filling up the DagBag from /home/airflow/.local/lib/python3.12/site-packages/airflow/example_dags/example_branch_labels.py
[2025-03-28T06:47:21.412+0000] {processor.py:925} INFO - DAG(s) 'example_branch_labels' retrieved from /home/airflow/.local/lib/python3.12/site-packages/airflow/example_dags/example_branch_labels.py
[2025-03-28T06:47:21.437+0000] {logging_mixin.py:190} INFO - [2025-03-28T06:47:21.436+0000] {dag.py:3239} INFO - Sync 1 DAGs
[2025-03-28T06:47:21.465+0000] {logging_mixin.py:190} INFO - [2025-03-28T06:47:21.465+0000] {dag.py:4180} INFO - Setting next_dagrun for example_branch_labels to 2025-03-27 00:00:00+00:00, run_after=2025-03-28 00:00:00+00:00
[2025-03-28T06:47:21.491+0000] {processor.py:208} INFO - Processing /home/airflow/.local/lib/python3.12/site-packages/airflow/example_dags/example_branch_labels.py took 0.103 seconds
