[2025-03-28T06:35:24.465+0000] {processor.py:186} INFO - Started process (PID=45) to work on /home/airflow/.local/lib/python3.12/site-packages/airflow/example_dags/example_datasets.py
[2025-03-28T06:35:24.466+0000] {processor.py:914} INFO - Processing file /home/airflow/.local/lib/python3.12/site-packages/airflow/example_dags/example_datasets.py for tasks to queue
[2025-03-28T06:35:24.468+0000] {logging_mixin.py:190} INFO - [2025-03-28T06:35:24.467+0000] {dagbag.py:588} INFO - Filling up the DagBag from /home/airflow/.local/lib/python3.12/site-packages/airflow/example_dags/example_datasets.py
[2025-03-28T06:35:25.864+0000] {processor.py:925} INFO - DAG(s) 'dataset_consumes_1_and_2', 'dataset_produces_1', 'conditional_dataset_and_time_based_timetable', 'consume_1_or_both_2_and_3_with_dataset_expressions', 'dataset_consumes_1_never_scheduled', 'dataset_consumes_1', 'consume_1_and_2_with_dataset_expressions', 'dataset_consumes_unknown_never_scheduled', 'consume_1_or_2_with_dataset_expressions', 'dataset_produces_2' retrieved from /home/airflow/.local/lib/python3.12/site-packages/airflow/example_dags/example_datasets.py
[2025-03-28T06:35:25.952+0000] {logging_mixin.py:190} INFO - [2025-03-28T06:35:25.951+0000] {override.py:1912} INFO - Created Permission View: can delete on DAG:dataset_consumes_1_and_2
[2025-03-28T06:35:25.959+0000] {logging_mixin.py:190} INFO - [2025-03-28T06:35:25.959+0000] {override.py:1912} INFO - Created Permission View: can edit on DAG:dataset_consumes_1_and_2
[2025-03-28T06:35:25.965+0000] {logging_mixin.py:190} INFO - [2025-03-28T06:35:25.965+0000] {override.py:1912} INFO - Created Permission View: can read on DAG:dataset_consumes_1_and_2
[2025-03-28T06:35:25.971+0000] {logging_mixin.py:190} INFO - [2025-03-28T06:35:25.971+0000] {override.py:1912} INFO - Created Permission View: can create on DAG Run:dataset_consumes_1_and_2
[2025-03-28T06:35:25.976+0000] {logging_mixin.py:190} INFO - [2025-03-28T06:35:25.976+0000] {override.py:1912} INFO - Created Permission View: can delete on DAG Run:dataset_consumes_1_and_2
[2025-03-28T06:35:25.981+0000] {logging_mixin.py:190} INFO - [2025-03-28T06:35:25.980+0000] {override.py:1912} INFO - Created Permission View: can read on DAG Run:dataset_consumes_1_and_2
[2025-03-28T06:35:25.985+0000] {logging_mixin.py:190} INFO - [2025-03-28T06:35:25.985+0000] {override.py:1912} INFO - Created Permission View: menu access on DAG Run:dataset_consumes_1_and_2
[2025-03-28T06:35:25.996+0000] {logging_mixin.py:190} INFO - [2025-03-28T06:35:25.995+0000] {override.py:1912} INFO - Created Permission View: can delete on DAG:dataset_produces_1
[2025-03-28T06:35:26.002+0000] {logging_mixin.py:190} INFO - [2025-03-28T06:35:26.001+0000] {override.py:1912} INFO - Created Permission View: can edit on DAG:dataset_produces_1
[2025-03-28T06:35:26.007+0000] {logging_mixin.py:190} INFO - [2025-03-28T06:35:26.007+0000] {override.py:1912} INFO - Created Permission View: can read on DAG:dataset_produces_1
[2025-03-28T06:35:26.014+0000] {logging_mixin.py:190} INFO - [2025-03-28T06:35:26.014+0000] {override.py:1912} INFO - Created Permission View: can create on DAG Run:dataset_produces_1
[2025-03-28T06:35:26.020+0000] {logging_mixin.py:190} INFO - [2025-03-28T06:35:26.020+0000] {override.py:1912} INFO - Created Permission View: can delete on DAG Run:dataset_produces_1
[2025-03-28T06:35:26.026+0000] {logging_mixin.py:190} INFO - [2025-03-28T06:35:26.025+0000] {override.py:1912} INFO - Created Permission View: can read on DAG Run:dataset_produces_1
[2025-03-28T06:35:26.033+0000] {logging_mixin.py:190} INFO - [2025-03-28T06:35:26.032+0000] {override.py:1912} INFO - Created Permission View: menu access on DAG Run:dataset_produces_1
[2025-03-28T06:35:26.044+0000] {logging_mixin.py:190} INFO - [2025-03-28T06:35:26.044+0000] {override.py:1912} INFO - Created Permission View: can delete on DAG:conditional_dataset_and_time_based_timetable
[2025-03-28T06:35:26.049+0000] {logging_mixin.py:190} INFO - [2025-03-28T06:35:26.049+0000] {override.py:1912} INFO - Created Permission View: can edit on DAG:conditional_dataset_and_time_based_timetable
[2025-03-28T06:35:26.055+0000] {logging_mixin.py:190} INFO - [2025-03-28T06:35:26.055+0000] {override.py:1912} INFO - Created Permission View: can read on DAG:conditional_dataset_and_time_based_timetable
[2025-03-28T06:35:26.061+0000] {logging_mixin.py:190} INFO - [2025-03-28T06:35:26.061+0000] {override.py:1912} INFO - Created Permission View: can create on DAG Run:conditional_dataset_and_time_based_timetable
[2025-03-28T06:35:26.067+0000] {logging_mixin.py:190} INFO - [2025-03-28T06:35:26.066+0000] {override.py:1912} INFO - Created Permission View: can delete on DAG Run:conditional_dataset_and_time_based_timetable
[2025-03-28T06:35:26.072+0000] {logging_mixin.py:190} INFO - [2025-03-28T06:35:26.072+0000] {override.py:1912} INFO - Created Permission View: can read on DAG Run:conditional_dataset_and_time_based_timetable
[2025-03-28T06:35:26.077+0000] {logging_mixin.py:190} INFO - [2025-03-28T06:35:26.077+0000] {override.py:1912} INFO - Created Permission View: menu access on DAG Run:conditional_dataset_and_time_based_timetable
[2025-03-28T06:35:26.087+0000] {logging_mixin.py:190} INFO - [2025-03-28T06:35:26.087+0000] {override.py:1912} INFO - Created Permission View: can delete on DAG:consume_1_or_both_2_and_3_with_dataset_expressions
[2025-03-28T06:35:26.092+0000] {logging_mixin.py:190} INFO - [2025-03-28T06:35:26.092+0000] {override.py:1912} INFO - Created Permission View: can edit on DAG:consume_1_or_both_2_and_3_with_dataset_expressions
[2025-03-28T06:35:26.097+0000] {logging_mixin.py:190} INFO - [2025-03-28T06:35:26.097+0000] {override.py:1912} INFO - Created Permission View: can read on DAG:consume_1_or_both_2_and_3_with_dataset_expressions
[2025-03-28T06:35:26.103+0000] {logging_mixin.py:190} INFO - [2025-03-28T06:35:26.103+0000] {override.py:1912} INFO - Created Permission View: can create on DAG Run:consume_1_or_both_2_and_3_with_dataset_expressions
[2025-03-28T06:35:26.108+0000] {logging_mixin.py:190} INFO - [2025-03-28T06:35:26.108+0000] {override.py:1912} INFO - Created Permission View: can delete on DAG Run:consume_1_or_both_2_and_3_with_dataset_expressions
[2025-03-28T06:35:26.113+0000] {logging_mixin.py:190} INFO - [2025-03-28T06:35:26.113+0000] {override.py:1912} INFO - Created Permission View: can read on DAG Run:consume_1_or_both_2_and_3_with_dataset_expressions
[2025-03-28T06:35:26.118+0000] {logging_mixin.py:190} INFO - [2025-03-28T06:35:26.118+0000] {override.py:1912} INFO - Created Permission View: menu access on DAG Run:consume_1_or_both_2_and_3_with_dataset_expressions
[2025-03-28T06:35:26.127+0000] {logging_mixin.py:190} INFO - [2025-03-28T06:35:26.127+0000] {override.py:1912} INFO - Created Permission View: can delete on DAG:dataset_consumes_1_never_scheduled
[2025-03-28T06:35:26.132+0000] {logging_mixin.py:190} INFO - [2025-03-28T06:35:26.132+0000] {override.py:1912} INFO - Created Permission View: can edit on DAG:dataset_consumes_1_never_scheduled
[2025-03-28T06:35:26.137+0000] {logging_mixin.py:190} INFO - [2025-03-28T06:35:26.137+0000] {override.py:1912} INFO - Created Permission View: can read on DAG:dataset_consumes_1_never_scheduled
[2025-03-28T06:35:26.142+0000] {logging_mixin.py:190} INFO - [2025-03-28T06:35:26.142+0000] {override.py:1912} INFO - Created Permission View: can create on DAG Run:dataset_consumes_1_never_scheduled
[2025-03-28T06:35:26.147+0000] {logging_mixin.py:190} INFO - [2025-03-28T06:35:26.147+0000] {override.py:1912} INFO - Created Permission View: can delete on DAG Run:dataset_consumes_1_never_scheduled
[2025-03-28T06:35:26.152+0000] {logging_mixin.py:190} INFO - [2025-03-28T06:35:26.152+0000] {override.py:1912} INFO - Created Permission View: can read on DAG Run:dataset_consumes_1_never_scheduled
[2025-03-28T06:35:26.158+0000] {logging_mixin.py:190} INFO - [2025-03-28T06:35:26.157+0000] {override.py:1912} INFO - Created Permission View: menu access on DAG Run:dataset_consumes_1_never_scheduled
[2025-03-28T06:35:26.168+0000] {logging_mixin.py:190} INFO - [2025-03-28T06:35:26.168+0000] {override.py:1912} INFO - Created Permission View: can delete on DAG:dataset_consumes_1
[2025-03-28T06:35:26.174+0000] {logging_mixin.py:190} INFO - [2025-03-28T06:35:26.174+0000] {override.py:1912} INFO - Created Permission View: can edit on DAG:dataset_consumes_1
[2025-03-28T06:35:26.180+0000] {logging_mixin.py:190} INFO - [2025-03-28T06:35:26.179+0000] {override.py:1912} INFO - Created Permission View: can read on DAG:dataset_consumes_1
[2025-03-28T06:35:26.186+0000] {logging_mixin.py:190} INFO - [2025-03-28T06:35:26.185+0000] {override.py:1912} INFO - Created Permission View: can create on DAG Run:dataset_consumes_1
[2025-03-28T06:35:26.191+0000] {logging_mixin.py:190} INFO - [2025-03-28T06:35:26.191+0000] {override.py:1912} INFO - Created Permission View: can delete on DAG Run:dataset_consumes_1
[2025-03-28T06:35:26.198+0000] {logging_mixin.py:190} INFO - [2025-03-28T06:35:26.198+0000] {override.py:1912} INFO - Created Permission View: can read on DAG Run:dataset_consumes_1
[2025-03-28T06:35:26.203+0000] {logging_mixin.py:190} INFO - [2025-03-28T06:35:26.203+0000] {override.py:1912} INFO - Created Permission View: menu access on DAG Run:dataset_consumes_1
[2025-03-28T06:35:26.213+0000] {logging_mixin.py:190} INFO - [2025-03-28T06:35:26.213+0000] {override.py:1912} INFO - Created Permission View: can delete on DAG:consume_1_and_2_with_dataset_expressions
[2025-03-28T06:35:26.220+0000] {logging_mixin.py:190} INFO - [2025-03-28T06:35:26.219+0000] {override.py:1912} INFO - Created Permission View: can edit on DAG:consume_1_and_2_with_dataset_expressions
[2025-03-28T06:35:26.225+0000] {logging_mixin.py:190} INFO - [2025-03-28T06:35:26.225+0000] {override.py:1912} INFO - Created Permission View: can read on DAG:consume_1_and_2_with_dataset_expressions
[2025-03-28T06:35:26.231+0000] {logging_mixin.py:190} INFO - [2025-03-28T06:35:26.231+0000] {override.py:1912} INFO - Created Permission View: can create on DAG Run:consume_1_and_2_with_dataset_expressions
[2025-03-28T06:35:26.237+0000] {logging_mixin.py:190} INFO - [2025-03-28T06:35:26.236+0000] {override.py:1912} INFO - Created Permission View: can delete on DAG Run:consume_1_and_2_with_dataset_expressions
[2025-03-28T06:35:26.242+0000] {logging_mixin.py:190} INFO - [2025-03-28T06:35:26.242+0000] {override.py:1912} INFO - Created Permission View: can read on DAG Run:consume_1_and_2_with_dataset_expressions
[2025-03-28T06:35:26.247+0000] {logging_mixin.py:190} INFO - [2025-03-28T06:35:26.247+0000] {override.py:1912} INFO - Created Permission View: menu access on DAG Run:consume_1_and_2_with_dataset_expressions
[2025-03-28T06:35:26.257+0000] {logging_mixin.py:190} INFO - [2025-03-28T06:35:26.257+0000] {override.py:1912} INFO - Created Permission View: can delete on DAG:dataset_consumes_unknown_never_scheduled
[2025-03-28T06:35:26.262+0000] {logging_mixin.py:190} INFO - [2025-03-28T06:35:26.262+0000] {override.py:1912} INFO - Created Permission View: can edit on DAG:dataset_consumes_unknown_never_scheduled
[2025-03-28T06:35:26.267+0000] {logging_mixin.py:190} INFO - [2025-03-28T06:35:26.267+0000] {override.py:1912} INFO - Created Permission View: can read on DAG:dataset_consumes_unknown_never_scheduled
[2025-03-28T06:35:26.273+0000] {logging_mixin.py:190} INFO - [2025-03-28T06:35:26.273+0000] {override.py:1912} INFO - Created Permission View: can create on DAG Run:dataset_consumes_unknown_never_scheduled
[2025-03-28T06:35:26.278+0000] {logging_mixin.py:190} INFO - [2025-03-28T06:35:26.278+0000] {override.py:1912} INFO - Created Permission View: can delete on DAG Run:dataset_consumes_unknown_never_scheduled
[2025-03-28T06:35:26.283+0000] {logging_mixin.py:190} INFO - [2025-03-28T06:35:26.282+0000] {override.py:1912} INFO - Created Permission View: can read on DAG Run:dataset_consumes_unknown_never_scheduled
[2025-03-28T06:35:26.288+0000] {logging_mixin.py:190} INFO - [2025-03-28T06:35:26.288+0000] {override.py:1912} INFO - Created Permission View: menu access on DAG Run:dataset_consumes_unknown_never_scheduled
[2025-03-28T06:35:26.297+0000] {logging_mixin.py:190} INFO - [2025-03-28T06:35:26.297+0000] {override.py:1912} INFO - Created Permission View: can delete on DAG:consume_1_or_2_with_dataset_expressions
[2025-03-28T06:35:26.302+0000] {logging_mixin.py:190} INFO - [2025-03-28T06:35:26.302+0000] {override.py:1912} INFO - Created Permission View: can edit on DAG:consume_1_or_2_with_dataset_expressions
[2025-03-28T06:35:26.306+0000] {logging_mixin.py:190} INFO - [2025-03-28T06:35:26.306+0000] {override.py:1912} INFO - Created Permission View: can read on DAG:consume_1_or_2_with_dataset_expressions
[2025-03-28T06:35:26.311+0000] {logging_mixin.py:190} INFO - [2025-03-28T06:35:26.311+0000] {override.py:1912} INFO - Created Permission View: can create on DAG Run:consume_1_or_2_with_dataset_expressions
[2025-03-28T06:35:26.315+0000] {logging_mixin.py:190} INFO - [2025-03-28T06:35:26.315+0000] {override.py:1912} INFO - Created Permission View: can delete on DAG Run:consume_1_or_2_with_dataset_expressions
[2025-03-28T06:35:26.320+0000] {logging_mixin.py:190} INFO - [2025-03-28T06:35:26.320+0000] {override.py:1912} INFO - Created Permission View: can read on DAG Run:consume_1_or_2_with_dataset_expressions
[2025-03-28T06:35:26.325+0000] {logging_mixin.py:190} INFO - [2025-03-28T06:35:26.324+0000] {override.py:1912} INFO - Created Permission View: menu access on DAG Run:consume_1_or_2_with_dataset_expressions
[2025-03-28T06:35:26.335+0000] {logging_mixin.py:190} INFO - [2025-03-28T06:35:26.335+0000] {override.py:1912} INFO - Created Permission View: can delete on DAG:dataset_produces_2
[2025-03-28T06:35:26.341+0000] {logging_mixin.py:190} INFO - [2025-03-28T06:35:26.340+0000] {override.py:1912} INFO - Created Permission View: can edit on DAG:dataset_produces_2
[2025-03-28T06:35:26.346+0000] {logging_mixin.py:190} INFO - [2025-03-28T06:35:26.346+0000] {override.py:1912} INFO - Created Permission View: can read on DAG:dataset_produces_2
[2025-03-28T06:35:26.352+0000] {logging_mixin.py:190} INFO - [2025-03-28T06:35:26.352+0000] {override.py:1912} INFO - Created Permission View: can create on DAG Run:dataset_produces_2
[2025-03-28T06:35:26.358+0000] {logging_mixin.py:190} INFO - [2025-03-28T06:35:26.358+0000] {override.py:1912} INFO - Created Permission View: can delete on DAG Run:dataset_produces_2
[2025-03-28T06:35:26.364+0000] {logging_mixin.py:190} INFO - [2025-03-28T06:35:26.364+0000] {override.py:1912} INFO - Created Permission View: can read on DAG Run:dataset_produces_2
[2025-03-28T06:35:26.369+0000] {logging_mixin.py:190} INFO - [2025-03-28T06:35:26.369+0000] {override.py:1912} INFO - Created Permission View: menu access on DAG Run:dataset_produces_2
[2025-03-28T06:35:26.369+0000] {logging_mixin.py:190} INFO - [2025-03-28T06:35:26.369+0000] {dag.py:3239} INFO - Sync 10 DAGs
[2025-03-28T06:35:26.380+0000] {logging_mixin.py:190} INFO - [2025-03-28T06:35:26.380+0000] {dag.py:3262} INFO - Creating ORM DAG for dataset_consumes_1
[2025-03-28T06:35:26.381+0000] {logging_mixin.py:190} INFO - [2025-03-28T06:35:26.381+0000] {dag.py:3262} INFO - Creating ORM DAG for dataset_consumes_unknown_never_scheduled
[2025-03-28T06:35:26.381+0000] {logging_mixin.py:190} INFO - [2025-03-28T06:35:26.381+0000] {dag.py:3262} INFO - Creating ORM DAG for conditional_dataset_and_time_based_timetable
[2025-03-28T06:35:26.382+0000] {logging_mixin.py:190} INFO - [2025-03-28T06:35:26.382+0000] {dag.py:3262} INFO - Creating ORM DAG for consume_1_and_2_with_dataset_expressions
[2025-03-28T06:35:26.382+0000] {logging_mixin.py:190} INFO - [2025-03-28T06:35:26.382+0000] {dag.py:3262} INFO - Creating ORM DAG for dataset_consumes_1_never_scheduled
[2025-03-28T06:35:26.382+0000] {logging_mixin.py:190} INFO - [2025-03-28T06:35:26.382+0000] {dag.py:3262} INFO - Creating ORM DAG for dataset_produces_2
[2025-03-28T06:35:26.383+0000] {logging_mixin.py:190} INFO - [2025-03-28T06:35:26.383+0000] {dag.py:3262} INFO - Creating ORM DAG for dataset_produces_1
[2025-03-28T06:35:26.383+0000] {logging_mixin.py:190} INFO - [2025-03-28T06:35:26.383+0000] {dag.py:3262} INFO - Creating ORM DAG for consume_1_or_both_2_and_3_with_dataset_expressions
[2025-03-28T06:35:26.384+0000] {logging_mixin.py:190} INFO - [2025-03-28T06:35:26.384+0000] {dag.py:3262} INFO - Creating ORM DAG for dataset_consumes_1_and_2
[2025-03-28T06:35:26.384+0000] {logging_mixin.py:190} INFO - [2025-03-28T06:35:26.384+0000] {dag.py:3262} INFO - Creating ORM DAG for consume_1_or_2_with_dataset_expressions
[2025-03-28T06:35:26.393+0000] {logging_mixin.py:190} INFO - [2025-03-28T06:35:26.392+0000] {dag.py:4180} INFO - Setting next_dagrun for conditional_dataset_and_time_based_timetable to 2025-03-26 01:00:00+00:00, run_after=2025-03-26 01:00:00+00:00
[2025-03-28T06:35:26.393+0000] {logging_mixin.py:190} INFO - [2025-03-28T06:35:26.393+0000] {dag.py:4180} INFO - Setting next_dagrun for consume_1_and_2_with_dataset_expressions to None, run_after=None
[2025-03-28T06:35:26.393+0000] {logging_mixin.py:190} INFO - [2025-03-28T06:35:26.393+0000] {dag.py:4180} INFO - Setting next_dagrun for consume_1_or_2_with_dataset_expressions to None, run_after=None
[2025-03-28T06:35:26.394+0000] {logging_mixin.py:190} INFO - [2025-03-28T06:35:26.394+0000] {dag.py:4180} INFO - Setting next_dagrun for consume_1_or_both_2_and_3_with_dataset_expressions to None, run_after=None
[2025-03-28T06:35:26.394+0000] {logging_mixin.py:190} INFO - [2025-03-28T06:35:26.394+0000] {dag.py:4180} INFO - Setting next_dagrun for dataset_consumes_1 to None, run_after=None
[2025-03-28T06:35:26.394+0000] {logging_mixin.py:190} INFO - [2025-03-28T06:35:26.394+0000] {dag.py:4180} INFO - Setting next_dagrun for dataset_consumes_1_and_2 to None, run_after=None
[2025-03-28T06:35:26.395+0000] {logging_mixin.py:190} INFO - [2025-03-28T06:35:26.395+0000] {dag.py:4180} INFO - Setting next_dagrun for dataset_consumes_1_never_scheduled to None, run_after=None
[2025-03-28T06:35:26.395+0000] {logging_mixin.py:190} INFO - [2025-03-28T06:35:26.395+0000] {dag.py:4180} INFO - Setting next_dagrun for dataset_consumes_unknown_never_scheduled to None, run_after=None
[2025-03-28T06:35:26.396+0000] {logging_mixin.py:190} INFO - [2025-03-28T06:35:26.396+0000] {dag.py:4180} INFO - Setting next_dagrun for dataset_produces_1 to 2025-03-27 00:00:00+00:00, run_after=2025-03-28 00:00:00+00:00
[2025-03-28T06:35:26.397+0000] {logging_mixin.py:190} INFO - [2025-03-28T06:35:26.397+0000] {dag.py:4180} INFO - Setting next_dagrun for dataset_produces_2 to None, run_after=None
[2025-03-28T06:35:26.434+0000] {processor.py:208} INFO - Processing /home/airflow/.local/lib/python3.12/site-packages/airflow/example_dags/example_datasets.py took 1.974 seconds
[2025-03-28T06:35:56.957+0000] {processor.py:186} INFO - Started process (PID=112) to work on /home/airflow/.local/lib/python3.12/site-packages/airflow/example_dags/example_datasets.py
[2025-03-28T06:35:56.966+0000] {processor.py:914} INFO - Processing file /home/airflow/.local/lib/python3.12/site-packages/airflow/example_dags/example_datasets.py for tasks to queue
[2025-03-28T06:35:56.969+0000] {logging_mixin.py:190} INFO - [2025-03-28T06:35:56.968+0000] {dagbag.py:588} INFO - Filling up the DagBag from /home/airflow/.local/lib/python3.12/site-packages/airflow/example_dags/example_datasets.py
[2025-03-28T06:35:57.533+0000] {processor.py:925} INFO - DAG(s) 'dataset_consumes_1', 'consume_1_or_2_with_dataset_expressions', 'dataset_consumes_1_and_2', 'consume_1_and_2_with_dataset_expressions', 'dataset_produces_2', 'consume_1_or_both_2_and_3_with_dataset_expressions', 'dataset_produces_1', 'dataset_consumes_unknown_never_scheduled', 'dataset_consumes_1_never_scheduled', 'conditional_dataset_and_time_based_timetable' retrieved from /home/airflow/.local/lib/python3.12/site-packages/airflow/example_dags/example_datasets.py
[2025-03-28T06:35:57.566+0000] {logging_mixin.py:190} INFO - [2025-03-28T06:35:57.566+0000] {dag.py:3239} INFO - Sync 10 DAGs
[2025-03-28T06:35:57.586+0000] {logging_mixin.py:190} INFO - [2025-03-28T06:35:57.586+0000] {dag.py:4180} INFO - Setting next_dagrun for conditional_dataset_and_time_based_timetable to 2025-03-26 01:00:00+00:00, run_after=2025-03-26 01:00:00+00:00
[2025-03-28T06:35:57.589+0000] {logging_mixin.py:190} INFO - [2025-03-28T06:35:57.589+0000] {dag.py:4180} INFO - Setting next_dagrun for consume_1_and_2_with_dataset_expressions to None, run_after=None
[2025-03-28T06:35:57.590+0000] {logging_mixin.py:190} INFO - [2025-03-28T06:35:57.590+0000] {dag.py:4180} INFO - Setting next_dagrun for consume_1_or_2_with_dataset_expressions to None, run_after=None
[2025-03-28T06:35:57.591+0000] {logging_mixin.py:190} INFO - [2025-03-28T06:35:57.591+0000] {dag.py:4180} INFO - Setting next_dagrun for consume_1_or_both_2_and_3_with_dataset_expressions to None, run_after=None
[2025-03-28T06:35:57.592+0000] {logging_mixin.py:190} INFO - [2025-03-28T06:35:57.592+0000] {dag.py:4180} INFO - Setting next_dagrun for dataset_consumes_1 to None, run_after=None
[2025-03-28T06:35:57.593+0000] {logging_mixin.py:190} INFO - [2025-03-28T06:35:57.593+0000] {dag.py:4180} INFO - Setting next_dagrun for dataset_consumes_1_and_2 to None, run_after=None
[2025-03-28T06:35:57.593+0000] {logging_mixin.py:190} INFO - [2025-03-28T06:35:57.593+0000] {dag.py:4180} INFO - Setting next_dagrun for dataset_consumes_1_never_scheduled to None, run_after=None
[2025-03-28T06:35:57.594+0000] {logging_mixin.py:190} INFO - [2025-03-28T06:35:57.594+0000] {dag.py:4180} INFO - Setting next_dagrun for dataset_consumes_unknown_never_scheduled to None, run_after=None
[2025-03-28T06:35:57.596+0000] {logging_mixin.py:190} INFO - [2025-03-28T06:35:57.596+0000] {dag.py:4180} INFO - Setting next_dagrun for dataset_produces_1 to 2025-03-27 00:00:00+00:00, run_after=2025-03-28 00:00:00+00:00
[2025-03-28T06:35:57.597+0000] {logging_mixin.py:190} INFO - [2025-03-28T06:35:57.597+0000] {dag.py:4180} INFO - Setting next_dagrun for dataset_produces_2 to None, run_after=None
[2025-03-28T06:35:57.623+0000] {processor.py:208} INFO - Processing /home/airflow/.local/lib/python3.12/site-packages/airflow/example_dags/example_datasets.py took 0.671 seconds
[2025-03-28T06:36:27.709+0000] {processor.py:186} INFO - Started process (PID=175) to work on /home/airflow/.local/lib/python3.12/site-packages/airflow/example_dags/example_datasets.py
[2025-03-28T06:36:27.718+0000] {processor.py:914} INFO - Processing file /home/airflow/.local/lib/python3.12/site-packages/airflow/example_dags/example_datasets.py for tasks to queue
[2025-03-28T06:36:27.721+0000] {logging_mixin.py:190} INFO - [2025-03-28T06:36:27.720+0000] {dagbag.py:588} INFO - Filling up the DagBag from /home/airflow/.local/lib/python3.12/site-packages/airflow/example_dags/example_datasets.py
[2025-03-28T06:36:28.209+0000] {processor.py:925} INFO - DAG(s) 'consume_1_or_both_2_and_3_with_dataset_expressions', 'dataset_consumes_1_and_2', 'consume_1_or_2_with_dataset_expressions', 'conditional_dataset_and_time_based_timetable', 'dataset_consumes_unknown_never_scheduled', 'dataset_produces_2', 'dataset_consumes_1_never_scheduled', 'dataset_produces_1', 'consume_1_and_2_with_dataset_expressions', 'dataset_consumes_1' retrieved from /home/airflow/.local/lib/python3.12/site-packages/airflow/example_dags/example_datasets.py
[2025-03-28T06:36:28.240+0000] {logging_mixin.py:190} INFO - [2025-03-28T06:36:28.240+0000] {dag.py:3239} INFO - Sync 10 DAGs
[2025-03-28T06:36:28.258+0000] {logging_mixin.py:190} INFO - [2025-03-28T06:36:28.257+0000] {dag.py:4180} INFO - Setting next_dagrun for conditional_dataset_and_time_based_timetable to 2025-03-26 01:00:00+00:00, run_after=2025-03-26 01:00:00+00:00
[2025-03-28T06:36:28.260+0000] {logging_mixin.py:190} INFO - [2025-03-28T06:36:28.260+0000] {dag.py:4180} INFO - Setting next_dagrun for consume_1_and_2_with_dataset_expressions to None, run_after=None
[2025-03-28T06:36:28.261+0000] {logging_mixin.py:190} INFO - [2025-03-28T06:36:28.261+0000] {dag.py:4180} INFO - Setting next_dagrun for consume_1_or_2_with_dataset_expressions to None, run_after=None
[2025-03-28T06:36:28.262+0000] {logging_mixin.py:190} INFO - [2025-03-28T06:36:28.262+0000] {dag.py:4180} INFO - Setting next_dagrun for consume_1_or_both_2_and_3_with_dataset_expressions to None, run_after=None
[2025-03-28T06:36:28.263+0000] {logging_mixin.py:190} INFO - [2025-03-28T06:36:28.263+0000] {dag.py:4180} INFO - Setting next_dagrun for dataset_consumes_1 to None, run_after=None
[2025-03-28T06:36:28.264+0000] {logging_mixin.py:190} INFO - [2025-03-28T06:36:28.263+0000] {dag.py:4180} INFO - Setting next_dagrun for dataset_consumes_1_and_2 to None, run_after=None
[2025-03-28T06:36:28.264+0000] {logging_mixin.py:190} INFO - [2025-03-28T06:36:28.264+0000] {dag.py:4180} INFO - Setting next_dagrun for dataset_consumes_1_never_scheduled to None, run_after=None
[2025-03-28T06:36:28.265+0000] {logging_mixin.py:190} INFO - [2025-03-28T06:36:28.265+0000] {dag.py:4180} INFO - Setting next_dagrun for dataset_consumes_unknown_never_scheduled to None, run_after=None
[2025-03-28T06:36:28.267+0000] {logging_mixin.py:190} INFO - [2025-03-28T06:36:28.267+0000] {dag.py:4180} INFO - Setting next_dagrun for dataset_produces_1 to 2025-03-27 00:00:00+00:00, run_after=2025-03-28 00:00:00+00:00
[2025-03-28T06:36:28.268+0000] {logging_mixin.py:190} INFO - [2025-03-28T06:36:28.268+0000] {dag.py:4180} INFO - Setting next_dagrun for dataset_produces_2 to None, run_after=None
[2025-03-28T06:36:28.292+0000] {processor.py:208} INFO - Processing /home/airflow/.local/lib/python3.12/site-packages/airflow/example_dags/example_datasets.py took 0.588 seconds
[2025-03-28T06:45:47.502+0000] {processor.py:186} INFO - Started process (PID=44) to work on /home/airflow/.local/lib/python3.12/site-packages/airflow/example_dags/example_datasets.py
[2025-03-28T06:45:47.503+0000] {processor.py:914} INFO - Processing file /home/airflow/.local/lib/python3.12/site-packages/airflow/example_dags/example_datasets.py for tasks to queue
[2025-03-28T06:45:47.505+0000] {logging_mixin.py:190} INFO - [2025-03-28T06:45:47.505+0000] {dagbag.py:588} INFO - Filling up the DagBag from /home/airflow/.local/lib/python3.12/site-packages/airflow/example_dags/example_datasets.py
[2025-03-28T06:45:48.061+0000] {processor.py:925} INFO - DAG(s) 'dataset_produces_1', 'consume_1_and_2_with_dataset_expressions', 'dataset_consumes_unknown_never_scheduled', 'dataset_consumes_1_never_scheduled', 'dataset_produces_2', 'conditional_dataset_and_time_based_timetable', 'consume_1_or_2_with_dataset_expressions', 'consume_1_or_both_2_and_3_with_dataset_expressions', 'dataset_consumes_1_and_2', 'dataset_consumes_1' retrieved from /home/airflow/.local/lib/python3.12/site-packages/airflow/example_dags/example_datasets.py
[2025-03-28T06:45:48.098+0000] {logging_mixin.py:190} INFO - [2025-03-28T06:45:48.097+0000] {dag.py:3239} INFO - Sync 10 DAGs
[2025-03-28T06:45:48.122+0000] {logging_mixin.py:190} INFO - [2025-03-28T06:45:48.122+0000] {dag.py:4180} INFO - Setting next_dagrun for conditional_dataset_and_time_based_timetable to 2025-03-26 01:00:00+00:00, run_after=2025-03-26 01:00:00+00:00
[2025-03-28T06:45:48.126+0000] {logging_mixin.py:190} INFO - [2025-03-28T06:45:48.126+0000] {dag.py:4180} INFO - Setting next_dagrun for consume_1_and_2_with_dataset_expressions to None, run_after=None
[2025-03-28T06:45:48.128+0000] {logging_mixin.py:190} INFO - [2025-03-28T06:45:48.128+0000] {dag.py:4180} INFO - Setting next_dagrun for consume_1_or_2_with_dataset_expressions to None, run_after=None
[2025-03-28T06:45:48.129+0000] {logging_mixin.py:190} INFO - [2025-03-28T06:45:48.129+0000] {dag.py:4180} INFO - Setting next_dagrun for consume_1_or_both_2_and_3_with_dataset_expressions to None, run_after=None
[2025-03-28T06:45:48.130+0000] {logging_mixin.py:190} INFO - [2025-03-28T06:45:48.129+0000] {dag.py:4180} INFO - Setting next_dagrun for dataset_consumes_1 to None, run_after=None
[2025-03-28T06:45:48.130+0000] {logging_mixin.py:190} INFO - [2025-03-28T06:45:48.130+0000] {dag.py:4180} INFO - Setting next_dagrun for dataset_consumes_1_and_2 to None, run_after=None
[2025-03-28T06:45:48.131+0000] {logging_mixin.py:190} INFO - [2025-03-28T06:45:48.131+0000] {dag.py:4180} INFO - Setting next_dagrun for dataset_consumes_1_never_scheduled to None, run_after=None
[2025-03-28T06:45:48.132+0000] {logging_mixin.py:190} INFO - [2025-03-28T06:45:48.132+0000] {dag.py:4180} INFO - Setting next_dagrun for dataset_consumes_unknown_never_scheduled to None, run_after=None
[2025-03-28T06:45:48.134+0000] {logging_mixin.py:190} INFO - [2025-03-28T06:45:48.134+0000] {dag.py:4180} INFO - Setting next_dagrun for dataset_produces_1 to 2025-03-27 00:00:00+00:00, run_after=2025-03-28 00:00:00+00:00
[2025-03-28T06:45:48.135+0000] {logging_mixin.py:190} INFO - [2025-03-28T06:45:48.135+0000] {dag.py:4180} INFO - Setting next_dagrun for dataset_produces_2 to None, run_after=None
[2025-03-28T06:45:48.166+0000] {processor.py:208} INFO - Processing /home/airflow/.local/lib/python3.12/site-packages/airflow/example_dags/example_datasets.py took 0.668 seconds
[2025-03-28T06:46:18.232+0000] {processor.py:186} INFO - Started process (PID=111) to work on /home/airflow/.local/lib/python3.12/site-packages/airflow/example_dags/example_datasets.py
[2025-03-28T06:46:18.233+0000] {processor.py:914} INFO - Processing file /home/airflow/.local/lib/python3.12/site-packages/airflow/example_dags/example_datasets.py for tasks to queue
[2025-03-28T06:46:18.235+0000] {logging_mixin.py:190} INFO - [2025-03-28T06:46:18.235+0000] {dagbag.py:588} INFO - Filling up the DagBag from /home/airflow/.local/lib/python3.12/site-packages/airflow/example_dags/example_datasets.py
[2025-03-28T06:46:18.803+0000] {processor.py:925} INFO - DAG(s) 'dataset_consumes_unknown_never_scheduled', 'dataset_consumes_1', 'dataset_produces_1', 'conditional_dataset_and_time_based_timetable', 'dataset_consumes_1_and_2', 'consume_1_and_2_with_dataset_expressions', 'consume_1_or_both_2_and_3_with_dataset_expressions', 'dataset_consumes_1_never_scheduled', 'dataset_produces_2', 'consume_1_or_2_with_dataset_expressions' retrieved from /home/airflow/.local/lib/python3.12/site-packages/airflow/example_dags/example_datasets.py
[2025-03-28T06:46:18.835+0000] {logging_mixin.py:190} INFO - [2025-03-28T06:46:18.835+0000] {dag.py:3239} INFO - Sync 10 DAGs
[2025-03-28T06:46:18.854+0000] {logging_mixin.py:190} INFO - [2025-03-28T06:46:18.854+0000] {dag.py:4180} INFO - Setting next_dagrun for conditional_dataset_and_time_based_timetable to 2025-03-26 01:00:00+00:00, run_after=2025-03-26 01:00:00+00:00
[2025-03-28T06:46:18.856+0000] {logging_mixin.py:190} INFO - [2025-03-28T06:46:18.856+0000] {dag.py:4180} INFO - Setting next_dagrun for consume_1_and_2_with_dataset_expressions to None, run_after=None
[2025-03-28T06:46:18.857+0000] {logging_mixin.py:190} INFO - [2025-03-28T06:46:18.857+0000] {dag.py:4180} INFO - Setting next_dagrun for consume_1_or_2_with_dataset_expressions to None, run_after=None
[2025-03-28T06:46:18.858+0000] {logging_mixin.py:190} INFO - [2025-03-28T06:46:18.858+0000] {dag.py:4180} INFO - Setting next_dagrun for consume_1_or_both_2_and_3_with_dataset_expressions to None, run_after=None
[2025-03-28T06:46:18.859+0000] {logging_mixin.py:190} INFO - [2025-03-28T06:46:18.859+0000] {dag.py:4180} INFO - Setting next_dagrun for dataset_consumes_1 to None, run_after=None
[2025-03-28T06:46:18.860+0000] {logging_mixin.py:190} INFO - [2025-03-28T06:46:18.860+0000] {dag.py:4180} INFO - Setting next_dagrun for dataset_consumes_1_and_2 to None, run_after=None
[2025-03-28T06:46:18.860+0000] {logging_mixin.py:190} INFO - [2025-03-28T06:46:18.860+0000] {dag.py:4180} INFO - Setting next_dagrun for dataset_consumes_1_never_scheduled to None, run_after=None
[2025-03-28T06:46:18.861+0000] {logging_mixin.py:190} INFO - [2025-03-28T06:46:18.861+0000] {dag.py:4180} INFO - Setting next_dagrun for dataset_consumes_unknown_never_scheduled to None, run_after=None
[2025-03-28T06:46:18.863+0000] {logging_mixin.py:190} INFO - [2025-03-28T06:46:18.863+0000] {dag.py:4180} INFO - Setting next_dagrun for dataset_produces_1 to 2025-03-27 00:00:00+00:00, run_after=2025-03-28 00:00:00+00:00
[2025-03-28T06:46:18.864+0000] {logging_mixin.py:190} INFO - [2025-03-28T06:46:18.864+0000] {dag.py:4180} INFO - Setting next_dagrun for dataset_produces_2 to None, run_after=None
[2025-03-28T06:46:18.896+0000] {processor.py:208} INFO - Processing /home/airflow/.local/lib/python3.12/site-packages/airflow/example_dags/example_datasets.py took 0.668 seconds
[2025-03-28T06:46:49.424+0000] {processor.py:186} INFO - Started process (PID=174) to work on /home/airflow/.local/lib/python3.12/site-packages/airflow/example_dags/example_datasets.py
[2025-03-28T06:46:49.433+0000] {processor.py:914} INFO - Processing file /home/airflow/.local/lib/python3.12/site-packages/airflow/example_dags/example_datasets.py for tasks to queue
[2025-03-28T06:46:49.435+0000] {logging_mixin.py:190} INFO - [2025-03-28T06:46:49.435+0000] {dagbag.py:588} INFO - Filling up the DagBag from /home/airflow/.local/lib/python3.12/site-packages/airflow/example_dags/example_datasets.py
[2025-03-28T06:46:50.078+0000] {processor.py:925} INFO - DAG(s) 'dataset_consumes_1_and_2', 'dataset_consumes_1_never_scheduled', 'dataset_produces_1', 'consume_1_or_both_2_and_3_with_dataset_expressions', 'consume_1_and_2_with_dataset_expressions', 'conditional_dataset_and_time_based_timetable', 'dataset_produces_2', 'dataset_consumes_unknown_never_scheduled', 'consume_1_or_2_with_dataset_expressions', 'dataset_consumes_1' retrieved from /home/airflow/.local/lib/python3.12/site-packages/airflow/example_dags/example_datasets.py
[2025-03-28T06:46:50.109+0000] {logging_mixin.py:190} INFO - [2025-03-28T06:46:50.109+0000] {dag.py:3239} INFO - Sync 10 DAGs
[2025-03-28T06:46:50.130+0000] {logging_mixin.py:190} INFO - [2025-03-28T06:46:50.130+0000] {dag.py:4180} INFO - Setting next_dagrun for conditional_dataset_and_time_based_timetable to 2025-03-26 01:00:00+00:00, run_after=2025-03-26 01:00:00+00:00
[2025-03-28T06:46:50.133+0000] {logging_mixin.py:190} INFO - [2025-03-28T06:46:50.133+0000] {dag.py:4180} INFO - Setting next_dagrun for consume_1_and_2_with_dataset_expressions to None, run_after=None
[2025-03-28T06:46:50.134+0000] {logging_mixin.py:190} INFO - [2025-03-28T06:46:50.134+0000] {dag.py:4180} INFO - Setting next_dagrun for consume_1_or_2_with_dataset_expressions to None, run_after=None
[2025-03-28T06:46:50.135+0000] {logging_mixin.py:190} INFO - [2025-03-28T06:46:50.135+0000] {dag.py:4180} INFO - Setting next_dagrun for consume_1_or_both_2_and_3_with_dataset_expressions to None, run_after=None
[2025-03-28T06:46:50.136+0000] {logging_mixin.py:190} INFO - [2025-03-28T06:46:50.136+0000] {dag.py:4180} INFO - Setting next_dagrun for dataset_consumes_1 to None, run_after=None
[2025-03-28T06:46:50.137+0000] {logging_mixin.py:190} INFO - [2025-03-28T06:46:50.136+0000] {dag.py:4180} INFO - Setting next_dagrun for dataset_consumes_1_and_2 to None, run_after=None
[2025-03-28T06:46:50.137+0000] {logging_mixin.py:190} INFO - [2025-03-28T06:46:50.137+0000] {dag.py:4180} INFO - Setting next_dagrun for dataset_consumes_1_never_scheduled to None, run_after=None
[2025-03-28T06:46:50.138+0000] {logging_mixin.py:190} INFO - [2025-03-28T06:46:50.138+0000] {dag.py:4180} INFO - Setting next_dagrun for dataset_consumes_unknown_never_scheduled to None, run_after=None
[2025-03-28T06:46:50.140+0000] {logging_mixin.py:190} INFO - [2025-03-28T06:46:50.140+0000] {dag.py:4180} INFO - Setting next_dagrun for dataset_produces_1 to 2025-03-27 00:00:00+00:00, run_after=2025-03-28 00:00:00+00:00
[2025-03-28T06:46:50.141+0000] {logging_mixin.py:190} INFO - [2025-03-28T06:46:50.140+0000] {dag.py:4180} INFO - Setting next_dagrun for dataset_produces_2 to None, run_after=None
[2025-03-28T06:46:50.168+0000] {processor.py:208} INFO - Processing /home/airflow/.local/lib/python3.12/site-packages/airflow/example_dags/example_datasets.py took 0.748 seconds
[2025-03-28T06:47:20.396+0000] {processor.py:186} INFO - Started process (PID=242) to work on /home/airflow/.local/lib/python3.12/site-packages/airflow/example_dags/example_datasets.py
[2025-03-28T06:47:20.396+0000] {processor.py:914} INFO - Processing file /home/airflow/.local/lib/python3.12/site-packages/airflow/example_dags/example_datasets.py for tasks to queue
[2025-03-28T06:47:20.398+0000] {logging_mixin.py:190} INFO - [2025-03-28T06:47:20.398+0000] {dagbag.py:588} INFO - Filling up the DagBag from /home/airflow/.local/lib/python3.12/site-packages/airflow/example_dags/example_datasets.py
[2025-03-28T06:47:21.264+0000] {processor.py:925} INFO - DAG(s) 'consume_1_and_2_with_dataset_expressions', 'dataset_consumes_1_never_scheduled', 'conditional_dataset_and_time_based_timetable', 'dataset_produces_1', 'dataset_consumes_1_and_2', 'dataset_consumes_1', 'consume_1_or_2_with_dataset_expressions', 'consume_1_or_both_2_and_3_with_dataset_expressions', 'dataset_consumes_unknown_never_scheduled', 'dataset_produces_2' retrieved from /home/airflow/.local/lib/python3.12/site-packages/airflow/example_dags/example_datasets.py
[2025-03-28T06:47:21.320+0000] {logging_mixin.py:190} INFO - [2025-03-28T06:47:21.319+0000] {dag.py:3239} INFO - Sync 10 DAGs
[2025-03-28T06:47:21.351+0000] {logging_mixin.py:190} INFO - [2025-03-28T06:47:21.351+0000] {dag.py:4180} INFO - Setting next_dagrun for conditional_dataset_and_time_based_timetable to 2025-03-26 01:00:00+00:00, run_after=2025-03-26 01:00:00+00:00
[2025-03-28T06:47:21.356+0000] {logging_mixin.py:190} INFO - [2025-03-28T06:47:21.356+0000] {dag.py:4180} INFO - Setting next_dagrun for consume_1_and_2_with_dataset_expressions to None, run_after=None
[2025-03-28T06:47:21.358+0000] {logging_mixin.py:190} INFO - [2025-03-28T06:47:21.357+0000] {dag.py:4180} INFO - Setting next_dagrun for consume_1_or_2_with_dataset_expressions to None, run_after=None
[2025-03-28T06:47:21.359+0000] {logging_mixin.py:190} INFO - [2025-03-28T06:47:21.359+0000] {dag.py:4180} INFO - Setting next_dagrun for consume_1_or_both_2_and_3_with_dataset_expressions to None, run_after=None
[2025-03-28T06:47:21.360+0000] {logging_mixin.py:190} INFO - [2025-03-28T06:47:21.360+0000] {dag.py:4180} INFO - Setting next_dagrun for dataset_consumes_1 to None, run_after=None
[2025-03-28T06:47:21.362+0000] {logging_mixin.py:190} INFO - [2025-03-28T06:47:21.361+0000] {dag.py:4180} INFO - Setting next_dagrun for dataset_consumes_1_and_2 to None, run_after=None
[2025-03-28T06:47:21.363+0000] {logging_mixin.py:190} INFO - [2025-03-28T06:47:21.363+0000] {dag.py:4180} INFO - Setting next_dagrun for dataset_consumes_1_never_scheduled to None, run_after=None
[2025-03-28T06:47:21.365+0000] {logging_mixin.py:190} INFO - [2025-03-28T06:47:21.365+0000] {dag.py:4180} INFO - Setting next_dagrun for dataset_consumes_unknown_never_scheduled to None, run_after=None
[2025-03-28T06:47:21.368+0000] {logging_mixin.py:190} INFO - [2025-03-28T06:47:21.368+0000] {dag.py:4180} INFO - Setting next_dagrun for dataset_produces_1 to 2025-03-27 00:00:00+00:00, run_after=2025-03-28 00:00:00+00:00
[2025-03-28T06:47:21.371+0000] {logging_mixin.py:190} INFO - [2025-03-28T06:47:21.371+0000] {dag.py:4180} INFO - Setting next_dagrun for dataset_produces_2 to None, run_after=None
[2025-03-28T06:47:21.419+0000] {processor.py:208} INFO - Processing /home/airflow/.local/lib/python3.12/site-packages/airflow/example_dags/example_datasets.py took 1.028 seconds
