[2025-03-28T06:35:31.277+0000] {processor.py:186} INFO - Started process (PID=92) to work on /home/airflow/.local/lib/python3.12/site-packages/airflow/example_dags/example_dataset_alias_with_no_taskflow.py
[2025-03-28T06:35:31.278+0000] {processor.py:914} INFO - Processing file /home/airflow/.local/lib/python3.12/site-packages/airflow/example_dags/example_dataset_alias_with_no_taskflow.py for tasks to queue
[2025-03-28T06:35:31.279+0000] {logging_mixin.py:190} INFO - [2025-03-28T06:35:31.279+0000] {dagbag.py:588} INFO - Filling up the DagBag from /home/airflow/.local/lib/python3.12/site-packages/airflow/example_dags/example_dataset_alias_with_no_taskflow.py
[2025-03-28T06:35:31.757+0000] {processor.py:925} INFO - DAG(s) 'dataset_alias_example_alias_consumer_with_no_taskflow', 'dataset_s3_bucket_consumer_with_no_taskflow', 'dataset_s3_bucket_producer_with_no_taskflow', 'dataset_alias_example_alias_producer_with_no_taskflow' retrieved from /home/airflow/.local/lib/python3.12/site-packages/airflow/example_dags/example_dataset_alias_with_no_taskflow.py
[2025-03-28T06:35:31.826+0000] {logging_mixin.py:190} INFO - [2025-03-28T06:35:31.826+0000] {override.py:1912} INFO - Created Permission View: can delete on DAG:dataset_alias_example_alias_consumer_with_no_taskflow
[2025-03-28T06:35:31.833+0000] {logging_mixin.py:190} INFO - [2025-03-28T06:35:31.833+0000] {override.py:1912} INFO - Created Permission View: can edit on DAG:dataset_alias_example_alias_consumer_with_no_taskflow
[2025-03-28T06:35:31.838+0000] {logging_mixin.py:190} INFO - [2025-03-28T06:35:31.837+0000] {override.py:1912} INFO - Created Permission View: can read on DAG:dataset_alias_example_alias_consumer_with_no_taskflow
[2025-03-28T06:35:31.842+0000] {logging_mixin.py:190} INFO - [2025-03-28T06:35:31.842+0000] {override.py:1912} INFO - Created Permission View: can create on DAG Run:dataset_alias_example_alias_consumer_with_no_taskflow
[2025-03-28T06:35:31.847+0000] {logging_mixin.py:190} INFO - [2025-03-28T06:35:31.847+0000] {override.py:1912} INFO - Created Permission View: can delete on DAG Run:dataset_alias_example_alias_consumer_with_no_taskflow
[2025-03-28T06:35:31.851+0000] {logging_mixin.py:190} INFO - [2025-03-28T06:35:31.851+0000] {override.py:1912} INFO - Created Permission View: can read on DAG Run:dataset_alias_example_alias_consumer_with_no_taskflow
[2025-03-28T06:35:31.855+0000] {logging_mixin.py:190} INFO - [2025-03-28T06:35:31.855+0000] {override.py:1912} INFO - Created Permission View: menu access on DAG Run:dataset_alias_example_alias_consumer_with_no_taskflow
[2025-03-28T06:35:31.864+0000] {logging_mixin.py:190} INFO - [2025-03-28T06:35:31.864+0000] {override.py:1912} INFO - Created Permission View: can delete on DAG:dataset_s3_bucket_consumer_with_no_taskflow
[2025-03-28T06:35:31.868+0000] {logging_mixin.py:190} INFO - [2025-03-28T06:35:31.868+0000] {override.py:1912} INFO - Created Permission View: can edit on DAG:dataset_s3_bucket_consumer_with_no_taskflow
[2025-03-28T06:35:31.872+0000] {logging_mixin.py:190} INFO - [2025-03-28T06:35:31.872+0000] {override.py:1912} INFO - Created Permission View: can read on DAG:dataset_s3_bucket_consumer_with_no_taskflow
[2025-03-28T06:35:31.882+0000] {logging_mixin.py:190} INFO - [2025-03-28T06:35:31.881+0000] {override.py:1912} INFO - Created Permission View: can create on DAG Run:dataset_s3_bucket_consumer_with_no_taskflow
[2025-03-28T06:35:31.886+0000] {logging_mixin.py:190} INFO - [2025-03-28T06:35:31.886+0000] {override.py:1912} INFO - Created Permission View: can delete on DAG Run:dataset_s3_bucket_consumer_with_no_taskflow
[2025-03-28T06:35:31.891+0000] {logging_mixin.py:190} INFO - [2025-03-28T06:35:31.890+0000] {override.py:1912} INFO - Created Permission View: can read on DAG Run:dataset_s3_bucket_consumer_with_no_taskflow
[2025-03-28T06:35:31.895+0000] {logging_mixin.py:190} INFO - [2025-03-28T06:35:31.895+0000] {override.py:1912} INFO - Created Permission View: menu access on DAG Run:dataset_s3_bucket_consumer_with_no_taskflow
[2025-03-28T06:35:31.904+0000] {logging_mixin.py:190} INFO - [2025-03-28T06:35:31.903+0000] {override.py:1912} INFO - Created Permission View: can delete on DAG:dataset_s3_bucket_producer_with_no_taskflow
[2025-03-28T06:35:31.908+0000] {logging_mixin.py:190} INFO - [2025-03-28T06:35:31.908+0000] {override.py:1912} INFO - Created Permission View: can edit on DAG:dataset_s3_bucket_producer_with_no_taskflow
[2025-03-28T06:35:31.913+0000] {logging_mixin.py:190} INFO - [2025-03-28T06:35:31.912+0000] {override.py:1912} INFO - Created Permission View: can read on DAG:dataset_s3_bucket_producer_with_no_taskflow
[2025-03-28T06:35:31.917+0000] {logging_mixin.py:190} INFO - [2025-03-28T06:35:31.917+0000] {override.py:1912} INFO - Created Permission View: can create on DAG Run:dataset_s3_bucket_producer_with_no_taskflow
[2025-03-28T06:35:31.922+0000] {logging_mixin.py:190} INFO - [2025-03-28T06:35:31.922+0000] {override.py:1912} INFO - Created Permission View: can delete on DAG Run:dataset_s3_bucket_producer_with_no_taskflow
[2025-03-28T06:35:31.926+0000] {logging_mixin.py:190} INFO - [2025-03-28T06:35:31.926+0000] {override.py:1912} INFO - Created Permission View: can read on DAG Run:dataset_s3_bucket_producer_with_no_taskflow
[2025-03-28T06:35:31.931+0000] {logging_mixin.py:190} INFO - [2025-03-28T06:35:31.930+0000] {override.py:1912} INFO - Created Permission View: menu access on DAG Run:dataset_s3_bucket_producer_with_no_taskflow
[2025-03-28T06:35:31.940+0000] {logging_mixin.py:190} INFO - [2025-03-28T06:35:31.940+0000] {override.py:1912} INFO - Created Permission View: can delete on DAG:dataset_alias_example_alias_producer_with_no_taskflow
[2025-03-28T06:35:31.945+0000] {logging_mixin.py:190} INFO - [2025-03-28T06:35:31.945+0000] {override.py:1912} INFO - Created Permission View: can edit on DAG:dataset_alias_example_alias_producer_with_no_taskflow
[2025-03-28T06:35:31.950+0000] {logging_mixin.py:190} INFO - [2025-03-28T06:35:31.950+0000] {override.py:1912} INFO - Created Permission View: can read on DAG:dataset_alias_example_alias_producer_with_no_taskflow
[2025-03-28T06:35:31.955+0000] {logging_mixin.py:190} INFO - [2025-03-28T06:35:31.955+0000] {override.py:1912} INFO - Created Permission View: can create on DAG Run:dataset_alias_example_alias_producer_with_no_taskflow
[2025-03-28T06:35:31.959+0000] {logging_mixin.py:190} INFO - [2025-03-28T06:35:31.959+0000] {override.py:1912} INFO - Created Permission View: can delete on DAG Run:dataset_alias_example_alias_producer_with_no_taskflow
[2025-03-28T06:35:31.964+0000] {logging_mixin.py:190} INFO - [2025-03-28T06:35:31.964+0000] {override.py:1912} INFO - Created Permission View: can read on DAG Run:dataset_alias_example_alias_producer_with_no_taskflow
[2025-03-28T06:35:31.968+0000] {logging_mixin.py:190} INFO - [2025-03-28T06:35:31.968+0000] {override.py:1912} INFO - Created Permission View: menu access on DAG Run:dataset_alias_example_alias_producer_with_no_taskflow
[2025-03-28T06:35:31.969+0000] {logging_mixin.py:190} INFO - [2025-03-28T06:35:31.968+0000] {dag.py:3239} INFO - Sync 4 DAGs
[2025-03-28T06:35:31.978+0000] {logging_mixin.py:190} INFO - [2025-03-28T06:35:31.978+0000] {dag.py:3262} INFO - Creating ORM DAG for dataset_alias_example_alias_consumer_with_no_taskflow
[2025-03-28T06:35:31.979+0000] {logging_mixin.py:190} INFO - [2025-03-28T06:35:31.979+0000] {dag.py:3262} INFO - Creating ORM DAG for dataset_s3_bucket_producer_with_no_taskflow
[2025-03-28T06:35:31.979+0000] {logging_mixin.py:190} INFO - [2025-03-28T06:35:31.979+0000] {dag.py:3262} INFO - Creating ORM DAG for dataset_alias_example_alias_producer_with_no_taskflow
[2025-03-28T06:35:31.980+0000] {logging_mixin.py:190} INFO - [2025-03-28T06:35:31.979+0000] {dag.py:3262} INFO - Creating ORM DAG for dataset_s3_bucket_consumer_with_no_taskflow
[2025-03-28T06:35:31.988+0000] {logging_mixin.py:190} INFO - [2025-03-28T06:35:31.988+0000] {dag.py:4180} INFO - Setting next_dagrun for dataset_alias_example_alias_consumer_with_no_taskflow to None, run_after=None
[2025-03-28T06:35:31.989+0000] {logging_mixin.py:190} INFO - [2025-03-28T06:35:31.988+0000] {dag.py:4180} INFO - Setting next_dagrun for dataset_alias_example_alias_producer_with_no_taskflow to None, run_after=None
[2025-03-28T06:35:31.989+0000] {logging_mixin.py:190} INFO - [2025-03-28T06:35:31.989+0000] {dag.py:4180} INFO - Setting next_dagrun for dataset_s3_bucket_consumer_with_no_taskflow to None, run_after=None
[2025-03-28T06:35:31.990+0000] {logging_mixin.py:190} INFO - [2025-03-28T06:35:31.989+0000] {dag.py:4180} INFO - Setting next_dagrun for dataset_s3_bucket_producer_with_no_taskflow to None, run_after=None
[2025-03-28T06:35:32.015+0000] {processor.py:208} INFO - Processing /home/airflow/.local/lib/python3.12/site-packages/airflow/example_dags/example_dataset_alias_with_no_taskflow.py took 0.743 seconds
[2025-03-28T06:36:02.278+0000] {processor.py:186} INFO - Started process (PID=155) to work on /home/airflow/.local/lib/python3.12/site-packages/airflow/example_dags/example_dataset_alias_with_no_taskflow.py
[2025-03-28T06:36:02.279+0000] {processor.py:914} INFO - Processing file /home/airflow/.local/lib/python3.12/site-packages/airflow/example_dags/example_dataset_alias_with_no_taskflow.py for tasks to queue
[2025-03-28T06:36:02.281+0000] {logging_mixin.py:190} INFO - [2025-03-28T06:36:02.280+0000] {dagbag.py:588} INFO - Filling up the DagBag from /home/airflow/.local/lib/python3.12/site-packages/airflow/example_dags/example_dataset_alias_with_no_taskflow.py
[2025-03-28T06:36:02.894+0000] {processor.py:925} INFO - DAG(s) 'dataset_alias_example_alias_producer_with_no_taskflow', 'dataset_s3_bucket_producer_with_no_taskflow', 'dataset_alias_example_alias_consumer_with_no_taskflow', 'dataset_s3_bucket_consumer_with_no_taskflow' retrieved from /home/airflow/.local/lib/python3.12/site-packages/airflow/example_dags/example_dataset_alias_with_no_taskflow.py
[2025-03-28T06:36:02.910+0000] {logging_mixin.py:190} INFO - [2025-03-28T06:36:02.910+0000] {dag.py:3239} INFO - Sync 4 DAGs
[2025-03-28T06:36:02.930+0000] {logging_mixin.py:190} INFO - [2025-03-28T06:36:02.929+0000] {dag.py:4180} INFO - Setting next_dagrun for dataset_alias_example_alias_consumer_with_no_taskflow to None, run_after=None
[2025-03-28T06:36:02.931+0000] {logging_mixin.py:190} INFO - [2025-03-28T06:36:02.931+0000] {dag.py:4180} INFO - Setting next_dagrun for dataset_alias_example_alias_producer_with_no_taskflow to None, run_after=None
[2025-03-28T06:36:02.932+0000] {logging_mixin.py:190} INFO - [2025-03-28T06:36:02.932+0000] {dag.py:4180} INFO - Setting next_dagrun for dataset_s3_bucket_consumer_with_no_taskflow to None, run_after=None
[2025-03-28T06:36:02.933+0000] {logging_mixin.py:190} INFO - [2025-03-28T06:36:02.933+0000] {dag.py:4180} INFO - Setting next_dagrun for dataset_s3_bucket_producer_with_no_taskflow to None, run_after=None
[2025-03-28T06:36:02.947+0000] {processor.py:208} INFO - Processing /home/airflow/.local/lib/python3.12/site-packages/airflow/example_dags/example_dataset_alias_with_no_taskflow.py took 0.675 seconds
[2025-03-28T06:36:33.172+0000] {processor.py:186} INFO - Started process (PID=218) to work on /home/airflow/.local/lib/python3.12/site-packages/airflow/example_dags/example_dataset_alias_with_no_taskflow.py
[2025-03-28T06:36:33.173+0000] {processor.py:914} INFO - Processing file /home/airflow/.local/lib/python3.12/site-packages/airflow/example_dags/example_dataset_alias_with_no_taskflow.py for tasks to queue
[2025-03-28T06:36:33.175+0000] {logging_mixin.py:190} INFO - [2025-03-28T06:36:33.175+0000] {dagbag.py:588} INFO - Filling up the DagBag from /home/airflow/.local/lib/python3.12/site-packages/airflow/example_dags/example_dataset_alias_with_no_taskflow.py
[2025-03-28T06:36:33.737+0000] {processor.py:925} INFO - DAG(s) 'dataset_alias_example_alias_producer_with_no_taskflow', 'dataset_alias_example_alias_consumer_with_no_taskflow', 'dataset_s3_bucket_producer_with_no_taskflow', 'dataset_s3_bucket_consumer_with_no_taskflow' retrieved from /home/airflow/.local/lib/python3.12/site-packages/airflow/example_dags/example_dataset_alias_with_no_taskflow.py
[2025-03-28T06:36:33.753+0000] {logging_mixin.py:190} INFO - [2025-03-28T06:36:33.753+0000] {dag.py:3239} INFO - Sync 4 DAGs
[2025-03-28T06:36:33.772+0000] {logging_mixin.py:190} INFO - [2025-03-28T06:36:33.772+0000] {dag.py:4180} INFO - Setting next_dagrun for dataset_alias_example_alias_consumer_with_no_taskflow to None, run_after=None
[2025-03-28T06:36:33.774+0000] {logging_mixin.py:190} INFO - [2025-03-28T06:36:33.774+0000] {dag.py:4180} INFO - Setting next_dagrun for dataset_alias_example_alias_producer_with_no_taskflow to None, run_after=None
[2025-03-28T06:36:33.775+0000] {logging_mixin.py:190} INFO - [2025-03-28T06:36:33.775+0000] {dag.py:4180} INFO - Setting next_dagrun for dataset_s3_bucket_consumer_with_no_taskflow to None, run_after=None
[2025-03-28T06:36:33.775+0000] {logging_mixin.py:190} INFO - [2025-03-28T06:36:33.775+0000] {dag.py:4180} INFO - Setting next_dagrun for dataset_s3_bucket_producer_with_no_taskflow to None, run_after=None
[2025-03-28T06:36:33.791+0000] {processor.py:208} INFO - Processing /home/airflow/.local/lib/python3.12/site-packages/airflow/example_dags/example_dataset_alias_with_no_taskflow.py took 0.624 seconds
[2025-03-28T06:45:51.108+0000] {processor.py:186} INFO - Started process (PID=91) to work on /home/airflow/.local/lib/python3.12/site-packages/airflow/example_dags/example_dataset_alias_with_no_taskflow.py
[2025-03-28T06:45:51.109+0000] {processor.py:914} INFO - Processing file /home/airflow/.local/lib/python3.12/site-packages/airflow/example_dags/example_dataset_alias_with_no_taskflow.py for tasks to queue
[2025-03-28T06:45:51.110+0000] {logging_mixin.py:190} INFO - [2025-03-28T06:45:51.110+0000] {dagbag.py:588} INFO - Filling up the DagBag from /home/airflow/.local/lib/python3.12/site-packages/airflow/example_dags/example_dataset_alias_with_no_taskflow.py
[2025-03-28T06:45:51.582+0000] {processor.py:925} INFO - DAG(s) 'dataset_s3_bucket_consumer_with_no_taskflow', 'dataset_alias_example_alias_consumer_with_no_taskflow', 'dataset_alias_example_alias_producer_with_no_taskflow', 'dataset_s3_bucket_producer_with_no_taskflow' retrieved from /home/airflow/.local/lib/python3.12/site-packages/airflow/example_dags/example_dataset_alias_with_no_taskflow.py
[2025-03-28T06:45:51.596+0000] {logging_mixin.py:190} INFO - [2025-03-28T06:45:51.596+0000] {dag.py:3239} INFO - Sync 4 DAGs
[2025-03-28T06:45:51.614+0000] {logging_mixin.py:190} INFO - [2025-03-28T06:45:51.613+0000] {dag.py:4180} INFO - Setting next_dagrun for dataset_alias_example_alias_consumer_with_no_taskflow to None, run_after=None
[2025-03-28T06:45:51.616+0000] {logging_mixin.py:190} INFO - [2025-03-28T06:45:51.616+0000] {dag.py:4180} INFO - Setting next_dagrun for dataset_alias_example_alias_producer_with_no_taskflow to None, run_after=None
[2025-03-28T06:45:51.617+0000] {logging_mixin.py:190} INFO - [2025-03-28T06:45:51.617+0000] {dag.py:4180} INFO - Setting next_dagrun for dataset_s3_bucket_consumer_with_no_taskflow to None, run_after=None
[2025-03-28T06:45:51.618+0000] {logging_mixin.py:190} INFO - [2025-03-28T06:45:51.618+0000] {dag.py:4180} INFO - Setting next_dagrun for dataset_s3_bucket_producer_with_no_taskflow to None, run_after=None
[2025-03-28T06:45:51.633+0000] {processor.py:208} INFO - Processing /home/airflow/.local/lib/python3.12/site-packages/airflow/example_dags/example_dataset_alias_with_no_taskflow.py took 0.528 seconds
[2025-03-28T06:46:21.855+0000] {processor.py:186} INFO - Started process (PID=157) to work on /home/airflow/.local/lib/python3.12/site-packages/airflow/example_dags/example_dataset_alias_with_no_taskflow.py
[2025-03-28T06:46:21.856+0000] {processor.py:914} INFO - Processing file /home/airflow/.local/lib/python3.12/site-packages/airflow/example_dags/example_dataset_alias_with_no_taskflow.py for tasks to queue
[2025-03-28T06:46:21.857+0000] {logging_mixin.py:190} INFO - [2025-03-28T06:46:21.857+0000] {dagbag.py:588} INFO - Filling up the DagBag from /home/airflow/.local/lib/python3.12/site-packages/airflow/example_dags/example_dataset_alias_with_no_taskflow.py
[2025-03-28T06:46:22.315+0000] {processor.py:925} INFO - DAG(s) 'dataset_s3_bucket_consumer_with_no_taskflow', 'dataset_alias_example_alias_producer_with_no_taskflow', 'dataset_alias_example_alias_consumer_with_no_taskflow', 'dataset_s3_bucket_producer_with_no_taskflow' retrieved from /home/airflow/.local/lib/python3.12/site-packages/airflow/example_dags/example_dataset_alias_with_no_taskflow.py
[2025-03-28T06:46:22.330+0000] {logging_mixin.py:190} INFO - [2025-03-28T06:46:22.329+0000] {dag.py:3239} INFO - Sync 4 DAGs
[2025-03-28T06:46:22.346+0000] {logging_mixin.py:190} INFO - [2025-03-28T06:46:22.345+0000] {dag.py:4180} INFO - Setting next_dagrun for dataset_alias_example_alias_consumer_with_no_taskflow to None, run_after=None
[2025-03-28T06:46:22.348+0000] {logging_mixin.py:190} INFO - [2025-03-28T06:46:22.347+0000] {dag.py:4180} INFO - Setting next_dagrun for dataset_alias_example_alias_producer_with_no_taskflow to None, run_after=None
[2025-03-28T06:46:22.349+0000] {logging_mixin.py:190} INFO - [2025-03-28T06:46:22.349+0000] {dag.py:4180} INFO - Setting next_dagrun for dataset_s3_bucket_consumer_with_no_taskflow to None, run_after=None
[2025-03-28T06:46:22.350+0000] {logging_mixin.py:190} INFO - [2025-03-28T06:46:22.350+0000] {dag.py:4180} INFO - Setting next_dagrun for dataset_s3_bucket_producer_with_no_taskflow to None, run_after=None
[2025-03-28T06:46:22.363+0000] {processor.py:208} INFO - Processing /home/airflow/.local/lib/python3.12/site-packages/airflow/example_dags/example_dataset_alias_with_no_taskflow.py took 0.512 seconds
[2025-03-28T06:46:52.572+0000] {processor.py:186} INFO - Started process (PID=223) to work on /home/airflow/.local/lib/python3.12/site-packages/airflow/example_dags/example_dataset_alias_with_no_taskflow.py
[2025-03-28T06:46:52.572+0000] {processor.py:914} INFO - Processing file /home/airflow/.local/lib/python3.12/site-packages/airflow/example_dags/example_dataset_alias_with_no_taskflow.py for tasks to queue
[2025-03-28T06:46:52.574+0000] {logging_mixin.py:190} INFO - [2025-03-28T06:46:52.574+0000] {dagbag.py:588} INFO - Filling up the DagBag from /home/airflow/.local/lib/python3.12/site-packages/airflow/example_dags/example_dataset_alias_with_no_taskflow.py
[2025-03-28T06:46:53.033+0000] {processor.py:925} INFO - DAG(s) 'dataset_alias_example_alias_producer_with_no_taskflow', 'dataset_alias_example_alias_consumer_with_no_taskflow', 'dataset_s3_bucket_producer_with_no_taskflow', 'dataset_s3_bucket_consumer_with_no_taskflow' retrieved from /home/airflow/.local/lib/python3.12/site-packages/airflow/example_dags/example_dataset_alias_with_no_taskflow.py
[2025-03-28T06:46:53.049+0000] {logging_mixin.py:190} INFO - [2025-03-28T06:46:53.048+0000] {dag.py:3239} INFO - Sync 4 DAGs
[2025-03-28T06:46:53.067+0000] {logging_mixin.py:190} INFO - [2025-03-28T06:46:53.067+0000] {dag.py:4180} INFO - Setting next_dagrun for dataset_alias_example_alias_consumer_with_no_taskflow to None, run_after=None
[2025-03-28T06:46:53.068+0000] {logging_mixin.py:190} INFO - [2025-03-28T06:46:53.068+0000] {dag.py:4180} INFO - Setting next_dagrun for dataset_alias_example_alias_producer_with_no_taskflow to None, run_after=None
[2025-03-28T06:46:53.069+0000] {logging_mixin.py:190} INFO - [2025-03-28T06:46:53.069+0000] {dag.py:4180} INFO - Setting next_dagrun for dataset_s3_bucket_consumer_with_no_taskflow to None, run_after=None
[2025-03-28T06:46:53.070+0000] {logging_mixin.py:190} INFO - [2025-03-28T06:46:53.070+0000] {dag.py:4180} INFO - Setting next_dagrun for dataset_s3_bucket_producer_with_no_taskflow to None, run_after=None
[2025-03-28T06:46:53.095+0000] {processor.py:208} INFO - Processing /home/airflow/.local/lib/python3.12/site-packages/airflow/example_dags/example_dataset_alias_with_no_taskflow.py took 0.527 seconds
