[2025-03-28T06:35:26.641+0000] {processor.py:186} INFO - Started process (PID=54) to work on /home/airflow/.local/lib/python3.12/site-packages/airflow/example_dags/example_short_circuit_decorator.py
[2025-03-28T06:35:26.642+0000] {processor.py:914} INFO - Processing file /home/airflow/.local/lib/python3.12/site-packages/airflow/example_dags/example_short_circuit_decorator.py for tasks to queue
[2025-03-28T06:35:26.643+0000] {logging_mixin.py:190} INFO - [2025-03-28T06:35:26.643+0000] {dagbag.py:588} INFO - Filling up the DagBag from /home/airflow/.local/lib/python3.12/site-packages/airflow/example_dags/example_short_circuit_decorator.py
[2025-03-28T06:35:26.651+0000] {processor.py:925} INFO - DAG(s) 'example_short_circuit_decorator' retrieved from /home/airflow/.local/lib/python3.12/site-packages/airflow/example_dags/example_short_circuit_decorator.py
[2025-03-28T06:35:26.733+0000] {logging_mixin.py:190} INFO - [2025-03-28T06:35:26.733+0000] {override.py:1912} INFO - Created Permission View: can delete on DAG:example_short_circuit_decorator
[2025-03-28T06:35:26.740+0000] {logging_mixin.py:190} INFO - [2025-03-28T06:35:26.740+0000] {override.py:1912} INFO - Created Permission View: can edit on DAG:example_short_circuit_decorator
[2025-03-28T06:35:26.745+0000] {logging_mixin.py:190} INFO - [2025-03-28T06:35:26.745+0000] {override.py:1912} INFO - Created Permission View: can read on DAG:example_short_circuit_decorator
[2025-03-28T06:35:26.750+0000] {logging_mixin.py:190} INFO - [2025-03-28T06:35:26.750+0000] {override.py:1912} INFO - Created Permission View: can create on DAG Run:example_short_circuit_decorator
[2025-03-28T06:35:26.755+0000] {logging_mixin.py:190} INFO - [2025-03-28T06:35:26.754+0000] {override.py:1912} INFO - Created Permission View: can delete on DAG Run:example_short_circuit_decorator
[2025-03-28T06:35:26.759+0000] {logging_mixin.py:190} INFO - [2025-03-28T06:35:26.759+0000] {override.py:1912} INFO - Created Permission View: can read on DAG Run:example_short_circuit_decorator
[2025-03-28T06:35:26.763+0000] {logging_mixin.py:190} INFO - [2025-03-28T06:35:26.763+0000] {override.py:1912} INFO - Created Permission View: menu access on DAG Run:example_short_circuit_decorator
[2025-03-28T06:35:26.764+0000] {logging_mixin.py:190} INFO - [2025-03-28T06:35:26.763+0000] {dag.py:3239} INFO - Sync 1 DAGs
[2025-03-28T06:35:26.774+0000] {logging_mixin.py:190} INFO - [2025-03-28T06:35:26.774+0000] {dag.py:3262} INFO - Creating ORM DAG for example_short_circuit_decorator
[2025-03-28T06:35:26.774+0000] {logging_mixin.py:190} INFO - [2025-03-28T06:35:26.774+0000] {dag.py:4180} INFO - Setting next_dagrun for example_short_circuit_decorator to None, run_after=None
[2025-03-28T06:35:26.785+0000] {processor.py:208} INFO - Processing /home/airflow/.local/lib/python3.12/site-packages/airflow/example_dags/example_short_circuit_decorator.py took 0.148 seconds
[2025-03-28T06:35:57.493+0000] {processor.py:186} INFO - Started process (PID=117) to work on /home/airflow/.local/lib/python3.12/site-packages/airflow/example_dags/example_short_circuit_decorator.py
[2025-03-28T06:35:57.494+0000] {processor.py:914} INFO - Processing file /home/airflow/.local/lib/python3.12/site-packages/airflow/example_dags/example_short_circuit_decorator.py for tasks to queue
[2025-03-28T06:35:57.496+0000] {logging_mixin.py:190} INFO - [2025-03-28T06:35:57.495+0000] {dagbag.py:588} INFO - Filling up the DagBag from /home/airflow/.local/lib/python3.12/site-packages/airflow/example_dags/example_short_circuit_decorator.py
[2025-03-28T06:35:57.503+0000] {processor.py:925} INFO - DAG(s) 'example_short_circuit_decorator' retrieved from /home/airflow/.local/lib/python3.12/site-packages/airflow/example_dags/example_short_circuit_decorator.py
[2025-03-28T06:35:57.523+0000] {logging_mixin.py:190} INFO - [2025-03-28T06:35:57.523+0000] {dag.py:3239} INFO - Sync 1 DAGs
[2025-03-28T06:35:57.535+0000] {logging_mixin.py:190} INFO - [2025-03-28T06:35:57.535+0000] {dag.py:4180} INFO - Setting next_dagrun for example_short_circuit_decorator to None, run_after=None
[2025-03-28T06:35:57.549+0000] {processor.py:208} INFO - Processing /home/airflow/.local/lib/python3.12/site-packages/airflow/example_dags/example_short_circuit_decorator.py took 0.061 seconds
[2025-03-28T06:36:28.207+0000] {processor.py:186} INFO - Started process (PID=180) to work on /home/airflow/.local/lib/python3.12/site-packages/airflow/example_dags/example_short_circuit_decorator.py
[2025-03-28T06:36:28.207+0000] {processor.py:914} INFO - Processing file /home/airflow/.local/lib/python3.12/site-packages/airflow/example_dags/example_short_circuit_decorator.py for tasks to queue
[2025-03-28T06:36:28.209+0000] {logging_mixin.py:190} INFO - [2025-03-28T06:36:28.209+0000] {dagbag.py:588} INFO - Filling up the DagBag from /home/airflow/.local/lib/python3.12/site-packages/airflow/example_dags/example_short_circuit_decorator.py
[2025-03-28T06:36:28.216+0000] {processor.py:925} INFO - DAG(s) 'example_short_circuit_decorator' retrieved from /home/airflow/.local/lib/python3.12/site-packages/airflow/example_dags/example_short_circuit_decorator.py
[2025-03-28T06:36:28.234+0000] {logging_mixin.py:190} INFO - [2025-03-28T06:36:28.234+0000] {dag.py:3239} INFO - Sync 1 DAGs
[2025-03-28T06:36:28.243+0000] {logging_mixin.py:190} INFO - [2025-03-28T06:36:28.243+0000] {dag.py:4180} INFO - Setting next_dagrun for example_short_circuit_decorator to None, run_after=None
[2025-03-28T06:36:28.255+0000] {processor.py:208} INFO - Processing /home/airflow/.local/lib/python3.12/site-packages/airflow/example_dags/example_short_circuit_decorator.py took 0.052 seconds
[2025-03-28T06:45:48.401+0000] {processor.py:186} INFO - Started process (PID=53) to work on /home/airflow/.local/lib/python3.12/site-packages/airflow/example_dags/example_short_circuit_decorator.py
[2025-03-28T06:45:48.402+0000] {processor.py:914} INFO - Processing file /home/airflow/.local/lib/python3.12/site-packages/airflow/example_dags/example_short_circuit_decorator.py for tasks to queue
[2025-03-28T06:45:48.404+0000] {logging_mixin.py:190} INFO - [2025-03-28T06:45:48.404+0000] {dagbag.py:588} INFO - Filling up the DagBag from /home/airflow/.local/lib/python3.12/site-packages/airflow/example_dags/example_short_circuit_decorator.py
[2025-03-28T06:45:48.413+0000] {processor.py:925} INFO - DAG(s) 'example_short_circuit_decorator' retrieved from /home/airflow/.local/lib/python3.12/site-packages/airflow/example_dags/example_short_circuit_decorator.py
[2025-03-28T06:45:48.436+0000] {logging_mixin.py:190} INFO - [2025-03-28T06:45:48.435+0000] {dag.py:3239} INFO - Sync 1 DAGs
[2025-03-28T06:45:48.448+0000] {logging_mixin.py:190} INFO - [2025-03-28T06:45:48.448+0000] {dag.py:4180} INFO - Setting next_dagrun for example_short_circuit_decorator to None, run_after=None
[2025-03-28T06:45:48.463+0000] {processor.py:208} INFO - Processing /home/airflow/.local/lib/python3.12/site-packages/airflow/example_dags/example_short_circuit_decorator.py took 0.066 seconds
[2025-03-28T06:46:19.171+0000] {processor.py:186} INFO - Started process (PID=116) to work on /home/airflow/.local/lib/python3.12/site-packages/airflow/example_dags/example_short_circuit_decorator.py
[2025-03-28T06:46:19.172+0000] {processor.py:914} INFO - Processing file /home/airflow/.local/lib/python3.12/site-packages/airflow/example_dags/example_short_circuit_decorator.py for tasks to queue
[2025-03-28T06:46:19.173+0000] {logging_mixin.py:190} INFO - [2025-03-28T06:46:19.173+0000] {dagbag.py:588} INFO - Filling up the DagBag from /home/airflow/.local/lib/python3.12/site-packages/airflow/example_dags/example_short_circuit_decorator.py
[2025-03-28T06:46:19.180+0000] {processor.py:925} INFO - DAG(s) 'example_short_circuit_decorator' retrieved from /home/airflow/.local/lib/python3.12/site-packages/airflow/example_dags/example_short_circuit_decorator.py
[2025-03-28T06:46:19.197+0000] {logging_mixin.py:190} INFO - [2025-03-28T06:46:19.196+0000] {dag.py:3239} INFO - Sync 1 DAGs
[2025-03-28T06:46:19.206+0000] {logging_mixin.py:190} INFO - [2025-03-28T06:46:19.206+0000] {dag.py:4180} INFO - Setting next_dagrun for example_short_circuit_decorator to None, run_after=None
[2025-03-28T06:46:19.218+0000] {processor.py:208} INFO - Processing /home/airflow/.local/lib/python3.12/site-packages/airflow/example_dags/example_short_circuit_decorator.py took 0.051 seconds
[2025-03-28T06:46:49.983+0000] {processor.py:186} INFO - Started process (PID=179) to work on /home/airflow/.local/lib/python3.12/site-packages/airflow/example_dags/example_short_circuit_decorator.py
[2025-03-28T06:46:49.984+0000] {processor.py:914} INFO - Processing file /home/airflow/.local/lib/python3.12/site-packages/airflow/example_dags/example_short_circuit_decorator.py for tasks to queue
[2025-03-28T06:46:49.986+0000] {logging_mixin.py:190} INFO - [2025-03-28T06:46:49.986+0000] {dagbag.py:588} INFO - Filling up the DagBag from /home/airflow/.local/lib/python3.12/site-packages/airflow/example_dags/example_short_circuit_decorator.py
[2025-03-28T06:46:49.994+0000] {processor.py:925} INFO - DAG(s) 'example_short_circuit_decorator' retrieved from /home/airflow/.local/lib/python3.12/site-packages/airflow/example_dags/example_short_circuit_decorator.py
[2025-03-28T06:46:50.014+0000] {logging_mixin.py:190} INFO - [2025-03-28T06:46:50.014+0000] {dag.py:3239} INFO - Sync 1 DAGs
[2025-03-28T06:46:50.025+0000] {logging_mixin.py:190} INFO - [2025-03-28T06:46:50.025+0000] {dag.py:4180} INFO - Setting next_dagrun for example_short_circuit_decorator to None, run_after=None
[2025-03-28T06:46:50.037+0000] {processor.py:208} INFO - Processing /home/airflow/.local/lib/python3.12/site-packages/airflow/example_dags/example_short_circuit_decorator.py took 0.059 seconds
[2025-03-28T06:47:20.330+0000] {processor.py:186} INFO - Started process (PID=241) to work on /home/airflow/.local/lib/python3.12/site-packages/airflow/example_dags/example_short_circuit_decorator.py
[2025-03-28T06:47:20.331+0000] {processor.py:914} INFO - Processing file /home/airflow/.local/lib/python3.12/site-packages/airflow/example_dags/example_short_circuit_decorator.py for tasks to queue
[2025-03-28T06:47:20.333+0000] {logging_mixin.py:190} INFO - [2025-03-28T06:47:20.332+0000] {dagbag.py:588} INFO - Filling up the DagBag from /home/airflow/.local/lib/python3.12/site-packages/airflow/example_dags/example_short_circuit_decorator.py
[2025-03-28T06:47:20.341+0000] {processor.py:925} INFO - DAG(s) 'example_short_circuit_decorator' retrieved from /home/airflow/.local/lib/python3.12/site-packages/airflow/example_dags/example_short_circuit_decorator.py
[2025-03-28T06:47:20.361+0000] {logging_mixin.py:190} INFO - [2025-03-28T06:47:20.361+0000] {dag.py:3239} INFO - Sync 1 DAGs
[2025-03-28T06:47:20.373+0000] {logging_mixin.py:190} INFO - [2025-03-28T06:47:20.373+0000] {dag.py:4180} INFO - Setting next_dagrun for example_short_circuit_decorator to None, run_after=None
[2025-03-28T06:47:20.386+0000] {processor.py:208} INFO - Processing /home/airflow/.local/lib/python3.12/site-packages/airflow/example_dags/example_short_circuit_decorator.py took 0.061 seconds
