[2025-03-28T06:35:26.813+0000] {processor.py:186} INFO - Started process (PID=56) to work on /home/airflow/.local/lib/python3.12/site-packages/airflow/example_dags/example_workday_timetable.py
[2025-03-28T06:35:26.814+0000] {processor.py:914} INFO - Processing file /home/airflow/.local/lib/python3.12/site-packages/airflow/example_dags/example_workday_timetable.py for tasks to queue
[2025-03-28T06:35:26.815+0000] {logging_mixin.py:190} INFO - [2025-03-28T06:35:26.815+0000] {dagbag.py:588} INFO - Filling up the DagBag from /home/airflow/.local/lib/python3.12/site-packages/airflow/example_dags/example_workday_timetable.py
[2025-03-28T06:35:26.820+0000] {processor.py:925} INFO - DAG(s) 'example_workday_timetable' retrieved from /home/airflow/.local/lib/python3.12/site-packages/airflow/example_dags/example_workday_timetable.py
[2025-03-28T06:35:26.903+0000] {logging_mixin.py:190} INFO - [2025-03-28T06:35:26.902+0000] {override.py:1912} INFO - Created Permission View: can delete on DAG:example_workday_timetable
[2025-03-28T06:35:26.909+0000] {logging_mixin.py:190} INFO - [2025-03-28T06:35:26.909+0000] {override.py:1912} INFO - Created Permission View: can edit on DAG:example_workday_timetable
[2025-03-28T06:35:26.912+0000] {logging_mixin.py:190} INFO - [2025-03-28T06:35:26.912+0000] {override.py:1912} INFO - Created Permission View: can read on DAG:example_workday_timetable
[2025-03-28T06:35:26.916+0000] {logging_mixin.py:190} INFO - [2025-03-28T06:35:26.916+0000] {override.py:1912} INFO - Created Permission View: can create on DAG Run:example_workday_timetable
[2025-03-28T06:35:26.920+0000] {logging_mixin.py:190} INFO - [2025-03-28T06:35:26.919+0000] {override.py:1912} INFO - Created Permission View: can delete on DAG Run:example_workday_timetable
[2025-03-28T06:35:26.923+0000] {logging_mixin.py:190} INFO - [2025-03-28T06:35:26.923+0000] {override.py:1912} INFO - Created Permission View: can read on DAG Run:example_workday_timetable
[2025-03-28T06:35:26.927+0000] {logging_mixin.py:190} INFO - [2025-03-28T06:35:26.927+0000] {override.py:1912} INFO - Created Permission View: menu access on DAG Run:example_workday_timetable
[2025-03-28T06:35:26.927+0000] {logging_mixin.py:190} INFO - [2025-03-28T06:35:26.927+0000] {dag.py:3239} INFO - Sync 1 DAGs
[2025-03-28T06:35:26.936+0000] {logging_mixin.py:190} INFO - [2025-03-28T06:35:26.936+0000] {dag.py:3262} INFO - Creating ORM DAG for example_workday_timetable
[2025-03-28T06:35:26.973+0000] {logging_mixin.py:190} INFO - [2025-03-28T06:35:26.973+0000] {dag.py:4180} INFO - Setting next_dagrun for example_workday_timetable to 2021-01-04 00:00:00+00:00, run_after=2021-01-05 00:00:00+00:00
[2025-03-28T06:35:26.984+0000] {processor.py:208} INFO - Processing /home/airflow/.local/lib/python3.12/site-packages/airflow/example_dags/example_workday_timetable.py took 0.175 seconds
[2025-03-28T06:35:57.663+0000] {processor.py:186} INFO - Started process (PID=119) to work on /home/airflow/.local/lib/python3.12/site-packages/airflow/example_dags/example_workday_timetable.py
[2025-03-28T06:35:57.664+0000] {processor.py:914} INFO - Processing file /home/airflow/.local/lib/python3.12/site-packages/airflow/example_dags/example_workday_timetable.py for tasks to queue
[2025-03-28T06:35:57.666+0000] {logging_mixin.py:190} INFO - [2025-03-28T06:35:57.665+0000] {dagbag.py:588} INFO - Filling up the DagBag from /home/airflow/.local/lib/python3.12/site-packages/airflow/example_dags/example_workday_timetable.py
[2025-03-28T06:35:57.671+0000] {processor.py:925} INFO - DAG(s) 'example_workday_timetable' retrieved from /home/airflow/.local/lib/python3.12/site-packages/airflow/example_dags/example_workday_timetable.py
[2025-03-28T06:35:57.689+0000] {logging_mixin.py:190} INFO - [2025-03-28T06:35:57.689+0000] {dag.py:3239} INFO - Sync 1 DAGs
[2025-03-28T06:35:57.733+0000] {logging_mixin.py:190} INFO - [2025-03-28T06:35:57.732+0000] {dag.py:4180} INFO - Setting next_dagrun for example_workday_timetable to 2021-01-04 00:00:00+00:00, run_after=2021-01-05 00:00:00+00:00
[2025-03-28T06:35:57.747+0000] {processor.py:208} INFO - Processing /home/airflow/.local/lib/python3.12/site-packages/airflow/example_dags/example_workday_timetable.py took 0.090 seconds
[2025-03-28T06:36:28.324+0000] {processor.py:186} INFO - Started process (PID=182) to work on /home/airflow/.local/lib/python3.12/site-packages/airflow/example_dags/example_workday_timetable.py
[2025-03-28T06:36:28.325+0000] {processor.py:914} INFO - Processing file /home/airflow/.local/lib/python3.12/site-packages/airflow/example_dags/example_workday_timetable.py for tasks to queue
[2025-03-28T06:36:28.326+0000] {logging_mixin.py:190} INFO - [2025-03-28T06:36:28.326+0000] {dagbag.py:588} INFO - Filling up the DagBag from /home/airflow/.local/lib/python3.12/site-packages/airflow/example_dags/example_workday_timetable.py
[2025-03-28T06:36:28.331+0000] {processor.py:925} INFO - DAG(s) 'example_workday_timetable' retrieved from /home/airflow/.local/lib/python3.12/site-packages/airflow/example_dags/example_workday_timetable.py
[2025-03-28T06:36:28.346+0000] {logging_mixin.py:190} INFO - [2025-03-28T06:36:28.345+0000] {dag.py:3239} INFO - Sync 1 DAGs
[2025-03-28T06:36:28.388+0000] {logging_mixin.py:190} INFO - [2025-03-28T06:36:28.388+0000] {dag.py:4180} INFO - Setting next_dagrun for example_workday_timetable to 2021-01-04 00:00:00+00:00, run_after=2021-01-05 00:00:00+00:00
[2025-03-28T06:36:28.400+0000] {processor.py:208} INFO - Processing /home/airflow/.local/lib/python3.12/site-packages/airflow/example_dags/example_workday_timetable.py took 0.080 seconds
[2025-03-28T06:45:48.557+0000] {processor.py:186} INFO - Started process (PID=55) to work on /home/airflow/.local/lib/python3.12/site-packages/airflow/example_dags/example_workday_timetable.py
[2025-03-28T06:45:48.557+0000] {processor.py:914} INFO - Processing file /home/airflow/.local/lib/python3.12/site-packages/airflow/example_dags/example_workday_timetable.py for tasks to queue
[2025-03-28T06:45:48.560+0000] {logging_mixin.py:190} INFO - [2025-03-28T06:45:48.559+0000] {dagbag.py:588} INFO - Filling up the DagBag from /home/airflow/.local/lib/python3.12/site-packages/airflow/example_dags/example_workday_timetable.py
[2025-03-28T06:45:48.565+0000] {processor.py:925} INFO - DAG(s) 'example_workday_timetable' retrieved from /home/airflow/.local/lib/python3.12/site-packages/airflow/example_dags/example_workday_timetable.py
[2025-03-28T06:45:48.585+0000] {logging_mixin.py:190} INFO - [2025-03-28T06:45:48.585+0000] {dag.py:3239} INFO - Sync 1 DAGs
[2025-03-28T06:45:48.634+0000] {logging_mixin.py:190} INFO - [2025-03-28T06:45:48.634+0000] {dag.py:4180} INFO - Setting next_dagrun for example_workday_timetable to 2021-01-04 00:00:00+00:00, run_after=2021-01-05 00:00:00+00:00
[2025-03-28T06:45:48.649+0000] {processor.py:208} INFO - Processing /home/airflow/.local/lib/python3.12/site-packages/airflow/example_dags/example_workday_timetable.py took 0.098 seconds
[2025-03-28T06:46:19.243+0000] {processor.py:186} INFO - Started process (PID=118) to work on /home/airflow/.local/lib/python3.12/site-packages/airflow/example_dags/example_workday_timetable.py
[2025-03-28T06:46:19.244+0000] {processor.py:914} INFO - Processing file /home/airflow/.local/lib/python3.12/site-packages/airflow/example_dags/example_workday_timetable.py for tasks to queue
[2025-03-28T06:46:19.246+0000] {logging_mixin.py:190} INFO - [2025-03-28T06:46:19.245+0000] {dagbag.py:588} INFO - Filling up the DagBag from /home/airflow/.local/lib/python3.12/site-packages/airflow/example_dags/example_workday_timetable.py
[2025-03-28T06:46:19.250+0000] {processor.py:925} INFO - DAG(s) 'example_workday_timetable' retrieved from /home/airflow/.local/lib/python3.12/site-packages/airflow/example_dags/example_workday_timetable.py
[2025-03-28T06:46:19.266+0000] {logging_mixin.py:190} INFO - [2025-03-28T06:46:19.266+0000] {dag.py:3239} INFO - Sync 1 DAGs
[2025-03-28T06:46:19.308+0000] {logging_mixin.py:190} INFO - [2025-03-28T06:46:19.308+0000] {dag.py:4180} INFO - Setting next_dagrun for example_workday_timetable to 2021-01-04 00:00:00+00:00, run_after=2021-01-05 00:00:00+00:00
[2025-03-28T06:46:19.321+0000] {processor.py:208} INFO - Processing /home/airflow/.local/lib/python3.12/site-packages/airflow/example_dags/example_workday_timetable.py took 0.081 seconds
[2025-03-28T06:46:50.149+0000] {processor.py:186} INFO - Started process (PID=181) to work on /home/airflow/.local/lib/python3.12/site-packages/airflow/example_dags/example_workday_timetable.py
[2025-03-28T06:46:50.150+0000] {processor.py:914} INFO - Processing file /home/airflow/.local/lib/python3.12/site-packages/airflow/example_dags/example_workday_timetable.py for tasks to queue
[2025-03-28T06:46:50.152+0000] {logging_mixin.py:190} INFO - [2025-03-28T06:46:50.152+0000] {dagbag.py:588} INFO - Filling up the DagBag from /home/airflow/.local/lib/python3.12/site-packages/airflow/example_dags/example_workday_timetable.py
[2025-03-28T06:46:50.157+0000] {processor.py:925} INFO - DAG(s) 'example_workday_timetable' retrieved from /home/airflow/.local/lib/python3.12/site-packages/airflow/example_dags/example_workday_timetable.py
[2025-03-28T06:46:50.176+0000] {logging_mixin.py:190} INFO - [2025-03-28T06:46:50.175+0000] {dag.py:3239} INFO - Sync 1 DAGs
[2025-03-28T06:46:50.220+0000] {logging_mixin.py:190} INFO - [2025-03-28T06:46:50.219+0000] {dag.py:4180} INFO - Setting next_dagrun for example_workday_timetable to 2021-01-04 00:00:00+00:00, run_after=2021-01-05 00:00:00+00:00
[2025-03-28T06:46:50.238+0000] {processor.py:208} INFO - Processing /home/airflow/.local/lib/python3.12/site-packages/airflow/example_dags/example_workday_timetable.py took 0.094 seconds
[2025-03-28T06:47:20.514+0000] {processor.py:186} INFO - Started process (PID=244) to work on /home/airflow/.local/lib/python3.12/site-packages/airflow/example_dags/example_workday_timetable.py
[2025-03-28T06:47:20.516+0000] {processor.py:914} INFO - Processing file /home/airflow/.local/lib/python3.12/site-packages/airflow/example_dags/example_workday_timetable.py for tasks to queue
[2025-03-28T06:47:20.519+0000] {logging_mixin.py:190} INFO - [2025-03-28T06:47:20.519+0000] {dagbag.py:588} INFO - Filling up the DagBag from /home/airflow/.local/lib/python3.12/site-packages/airflow/example_dags/example_workday_timetable.py
[2025-03-28T06:47:20.527+0000] {processor.py:925} INFO - DAG(s) 'example_workday_timetable' retrieved from /home/airflow/.local/lib/python3.12/site-packages/airflow/example_dags/example_workday_timetable.py
[2025-03-28T06:47:20.554+0000] {logging_mixin.py:190} INFO - [2025-03-28T06:47:20.554+0000] {dag.py:3239} INFO - Sync 1 DAGs
[2025-03-28T06:47:20.611+0000] {logging_mixin.py:190} INFO - [2025-03-28T06:47:20.611+0000] {dag.py:4180} INFO - Setting next_dagrun for example_workday_timetable to 2021-01-04 00:00:00+00:00, run_after=2021-01-05 00:00:00+00:00
[2025-03-28T06:47:20.627+0000] {processor.py:208} INFO - Processing /home/airflow/.local/lib/python3.12/site-packages/airflow/example_dags/example_workday_timetable.py took 0.124 seconds
