[2025-03-28T06:35:30.894+0000] {processor.py:186} INFO - Started process (PID=90) to work on /home/airflow/.local/lib/python3.12/site-packages/airflow/example_dags/example_xcomargs.py
[2025-03-28T06:35:30.894+0000] {processor.py:914} INFO - Processing file /home/airflow/.local/lib/python3.12/site-packages/airflow/example_dags/example_xcomargs.py for tasks to queue
[2025-03-28T06:35:30.896+0000] {logging_mixin.py:190} INFO - [2025-03-28T06:35:30.895+0000] {dagbag.py:588} INFO - Filling up the DagBag from /home/airflow/.local/lib/python3.12/site-packages/airflow/example_dags/example_xcomargs.py
[2025-03-28T06:35:30.904+0000] {processor.py:925} INFO - DAG(s) 'example_xcom_args', 'example_xcom_args_with_operators' retrieved from /home/airflow/.local/lib/python3.12/site-packages/airflow/example_dags/example_xcomargs.py
[2025-03-28T06:35:30.985+0000] {logging_mixin.py:190} INFO - [2025-03-28T06:35:30.983+0000] {override.py:1912} INFO - Created Permission View: can delete on DAG:example_xcom_args
[2025-03-28T06:35:30.991+0000] {logging_mixin.py:190} INFO - [2025-03-28T06:35:30.991+0000] {override.py:1912} INFO - Created Permission View: can edit on DAG:example_xcom_args
[2025-03-28T06:35:30.996+0000] {logging_mixin.py:190} INFO - [2025-03-28T06:35:30.996+0000] {override.py:1912} INFO - Created Permission View: can read on DAG:example_xcom_args
[2025-03-28T06:35:31.001+0000] {logging_mixin.py:190} INFO - [2025-03-28T06:35:31.001+0000] {override.py:1912} INFO - Created Permission View: can create on DAG Run:example_xcom_args
[2025-03-28T06:35:31.005+0000] {logging_mixin.py:190} INFO - [2025-03-28T06:35:31.005+0000] {override.py:1912} INFO - Created Permission View: can delete on DAG Run:example_xcom_args
[2025-03-28T06:35:31.010+0000] {logging_mixin.py:190} INFO - [2025-03-28T06:35:31.009+0000] {override.py:1912} INFO - Created Permission View: can read on DAG Run:example_xcom_args
[2025-03-28T06:35:31.014+0000] {logging_mixin.py:190} INFO - [2025-03-28T06:35:31.014+0000] {override.py:1912} INFO - Created Permission View: menu access on DAG Run:example_xcom_args
[2025-03-28T06:35:31.024+0000] {logging_mixin.py:190} INFO - [2025-03-28T06:35:31.024+0000] {override.py:1912} INFO - Created Permission View: can delete on DAG:example_xcom_args_with_operators
[2025-03-28T06:35:31.028+0000] {logging_mixin.py:190} INFO - [2025-03-28T06:35:31.028+0000] {override.py:1912} INFO - Created Permission View: can edit on DAG:example_xcom_args_with_operators
[2025-03-28T06:35:31.033+0000] {logging_mixin.py:190} INFO - [2025-03-28T06:35:31.032+0000] {override.py:1912} INFO - Created Permission View: can read on DAG:example_xcom_args_with_operators
[2025-03-28T06:35:31.038+0000] {logging_mixin.py:190} INFO - [2025-03-28T06:35:31.037+0000] {override.py:1912} INFO - Created Permission View: can create on DAG Run:example_xcom_args_with_operators
[2025-03-28T06:35:31.042+0000] {logging_mixin.py:190} INFO - [2025-03-28T06:35:31.042+0000] {override.py:1912} INFO - Created Permission View: can delete on DAG Run:example_xcom_args_with_operators
[2025-03-28T06:35:31.047+0000] {logging_mixin.py:190} INFO - [2025-03-28T06:35:31.046+0000] {override.py:1912} INFO - Created Permission View: can read on DAG Run:example_xcom_args_with_operators
[2025-03-28T06:35:31.051+0000] {logging_mixin.py:190} INFO - [2025-03-28T06:35:31.051+0000] {override.py:1912} INFO - Created Permission View: menu access on DAG Run:example_xcom_args_with_operators
[2025-03-28T06:35:31.051+0000] {logging_mixin.py:190} INFO - [2025-03-28T06:35:31.051+0000] {dag.py:3239} INFO - Sync 2 DAGs
[2025-03-28T06:35:31.061+0000] {logging_mixin.py:190} INFO - [2025-03-28T06:35:31.061+0000] {dag.py:3262} INFO - Creating ORM DAG for example_xcom_args_with_operators
[2025-03-28T06:35:31.061+0000] {logging_mixin.py:190} INFO - [2025-03-28T06:35:31.061+0000] {dag.py:3262} INFO - Creating ORM DAG for example_xcom_args
[2025-03-28T06:35:31.062+0000] {logging_mixin.py:190} INFO - [2025-03-28T06:35:31.062+0000] {dag.py:4180} INFO - Setting next_dagrun for example_xcom_args to None, run_after=None
[2025-03-28T06:35:31.062+0000] {logging_mixin.py:190} INFO - [2025-03-28T06:35:31.062+0000] {dag.py:4180} INFO - Setting next_dagrun for example_xcom_args_with_operators to None, run_after=None
[2025-03-28T06:35:31.075+0000] {processor.py:208} INFO - Processing /home/airflow/.local/lib/python3.12/site-packages/airflow/example_dags/example_xcomargs.py took 0.186 seconds
[2025-03-28T06:36:01.159+0000] {processor.py:186} INFO - Started process (PID=152) to work on /home/airflow/.local/lib/python3.12/site-packages/airflow/example_dags/example_xcomargs.py
[2025-03-28T06:36:01.160+0000] {processor.py:914} INFO - Processing file /home/airflow/.local/lib/python3.12/site-packages/airflow/example_dags/example_xcomargs.py for tasks to queue
[2025-03-28T06:36:01.161+0000] {logging_mixin.py:190} INFO - [2025-03-28T06:36:01.161+0000] {dagbag.py:588} INFO - Filling up the DagBag from /home/airflow/.local/lib/python3.12/site-packages/airflow/example_dags/example_xcomargs.py
[2025-03-28T06:36:01.168+0000] {processor.py:925} INFO - DAG(s) 'example_xcom_args_with_operators', 'example_xcom_args' retrieved from /home/airflow/.local/lib/python3.12/site-packages/airflow/example_dags/example_xcomargs.py
[2025-03-28T06:36:01.185+0000] {logging_mixin.py:190} INFO - [2025-03-28T06:36:01.185+0000] {dag.py:3239} INFO - Sync 2 DAGs
[2025-03-28T06:36:01.195+0000] {logging_mixin.py:190} INFO - [2025-03-28T06:36:01.195+0000] {dag.py:4180} INFO - Setting next_dagrun for example_xcom_args to None, run_after=None
[2025-03-28T06:36:01.198+0000] {logging_mixin.py:190} INFO - [2025-03-28T06:36:01.197+0000] {dag.py:4180} INFO - Setting next_dagrun for example_xcom_args_with_operators to None, run_after=None
[2025-03-28T06:36:01.207+0000] {processor.py:208} INFO - Processing /home/airflow/.local/lib/python3.12/site-packages/airflow/example_dags/example_xcomargs.py took 0.053 seconds
[2025-03-28T06:36:31.998+0000] {processor.py:186} INFO - Started process (PID=215) to work on /home/airflow/.local/lib/python3.12/site-packages/airflow/example_dags/example_xcomargs.py
[2025-03-28T06:36:31.999+0000] {processor.py:914} INFO - Processing file /home/airflow/.local/lib/python3.12/site-packages/airflow/example_dags/example_xcomargs.py for tasks to queue
[2025-03-28T06:36:32.001+0000] {logging_mixin.py:190} INFO - [2025-03-28T06:36:32.001+0000] {dagbag.py:588} INFO - Filling up the DagBag from /home/airflow/.local/lib/python3.12/site-packages/airflow/example_dags/example_xcomargs.py
[2025-03-28T06:36:32.008+0000] {processor.py:925} INFO - DAG(s) 'example_xcom_args_with_operators', 'example_xcom_args' retrieved from /home/airflow/.local/lib/python3.12/site-packages/airflow/example_dags/example_xcomargs.py
[2025-03-28T06:36:32.026+0000] {logging_mixin.py:190} INFO - [2025-03-28T06:36:32.025+0000] {dag.py:3239} INFO - Sync 2 DAGs
[2025-03-28T06:36:32.035+0000] {logging_mixin.py:190} INFO - [2025-03-28T06:36:32.035+0000] {dag.py:4180} INFO - Setting next_dagrun for example_xcom_args to None, run_after=None
[2025-03-28T06:36:32.038+0000] {logging_mixin.py:190} INFO - [2025-03-28T06:36:32.038+0000] {dag.py:4180} INFO - Setting next_dagrun for example_xcom_args_with_operators to None, run_after=None
[2025-03-28T06:36:32.049+0000] {processor.py:208} INFO - Processing /home/airflow/.local/lib/python3.12/site-packages/airflow/example_dags/example_xcomargs.py took 0.055 seconds
[2025-03-28T06:45:50.886+0000] {processor.py:186} INFO - Started process (PID=89) to work on /home/airflow/.local/lib/python3.12/site-packages/airflow/example_dags/example_xcomargs.py
[2025-03-28T06:45:50.886+0000] {processor.py:914} INFO - Processing file /home/airflow/.local/lib/python3.12/site-packages/airflow/example_dags/example_xcomargs.py for tasks to queue
[2025-03-28T06:45:50.888+0000] {logging_mixin.py:190} INFO - [2025-03-28T06:45:50.887+0000] {dagbag.py:588} INFO - Filling up the DagBag from /home/airflow/.local/lib/python3.12/site-packages/airflow/example_dags/example_xcomargs.py
[2025-03-28T06:45:50.895+0000] {processor.py:925} INFO - DAG(s) 'example_xcom_args_with_operators', 'example_xcom_args' retrieved from /home/airflow/.local/lib/python3.12/site-packages/airflow/example_dags/example_xcomargs.py
[2025-03-28T06:45:50.913+0000] {logging_mixin.py:190} INFO - [2025-03-28T06:45:50.913+0000] {dag.py:3239} INFO - Sync 2 DAGs
[2025-03-28T06:45:50.923+0000] {logging_mixin.py:190} INFO - [2025-03-28T06:45:50.923+0000] {dag.py:4180} INFO - Setting next_dagrun for example_xcom_args to None, run_after=None
[2025-03-28T06:45:50.926+0000] {logging_mixin.py:190} INFO - [2025-03-28T06:45:50.925+0000] {dag.py:4180} INFO - Setting next_dagrun for example_xcom_args_with_operators to None, run_after=None
[2025-03-28T06:45:50.936+0000] {processor.py:208} INFO - Processing /home/airflow/.local/lib/python3.12/site-packages/airflow/example_dags/example_xcomargs.py took 0.054 seconds
[2025-03-28T06:46:21.455+0000] {processor.py:186} INFO - Started process (PID=152) to work on /home/airflow/.local/lib/python3.12/site-packages/airflow/example_dags/example_xcomargs.py
[2025-03-28T06:46:21.456+0000] {processor.py:914} INFO - Processing file /home/airflow/.local/lib/python3.12/site-packages/airflow/example_dags/example_xcomargs.py for tasks to queue
[2025-03-28T06:46:21.458+0000] {logging_mixin.py:190} INFO - [2025-03-28T06:46:21.457+0000] {dagbag.py:588} INFO - Filling up the DagBag from /home/airflow/.local/lib/python3.12/site-packages/airflow/example_dags/example_xcomargs.py
[2025-03-28T06:46:21.465+0000] {processor.py:925} INFO - DAG(s) 'example_xcom_args_with_operators', 'example_xcom_args' retrieved from /home/airflow/.local/lib/python3.12/site-packages/airflow/example_dags/example_xcomargs.py
[2025-03-28T06:46:21.484+0000] {logging_mixin.py:190} INFO - [2025-03-28T06:46:21.483+0000] {dag.py:3239} INFO - Sync 2 DAGs
[2025-03-28T06:46:21.494+0000] {logging_mixin.py:190} INFO - [2025-03-28T06:46:21.494+0000] {dag.py:4180} INFO - Setting next_dagrun for example_xcom_args to None, run_after=None
[2025-03-28T06:46:21.496+0000] {logging_mixin.py:190} INFO - [2025-03-28T06:46:21.496+0000] {dag.py:4180} INFO - Setting next_dagrun for example_xcom_args_with_operators to None, run_after=None
[2025-03-28T06:46:21.507+0000] {processor.py:208} INFO - Processing /home/airflow/.local/lib/python3.12/site-packages/airflow/example_dags/example_xcomargs.py took 0.056 seconds
[2025-03-28T06:46:51.863+0000] {processor.py:186} INFO - Started process (PID=214) to work on /home/airflow/.local/lib/python3.12/site-packages/airflow/example_dags/example_xcomargs.py
[2025-03-28T06:46:51.864+0000] {processor.py:914} INFO - Processing file /home/airflow/.local/lib/python3.12/site-packages/airflow/example_dags/example_xcomargs.py for tasks to queue
[2025-03-28T06:46:51.865+0000] {logging_mixin.py:190} INFO - [2025-03-28T06:46:51.865+0000] {dagbag.py:588} INFO - Filling up the DagBag from /home/airflow/.local/lib/python3.12/site-packages/airflow/example_dags/example_xcomargs.py
[2025-03-28T06:46:51.872+0000] {processor.py:925} INFO - DAG(s) 'example_xcom_args_with_operators', 'example_xcom_args' retrieved from /home/airflow/.local/lib/python3.12/site-packages/airflow/example_dags/example_xcomargs.py
[2025-03-28T06:46:51.889+0000] {logging_mixin.py:190} INFO - [2025-03-28T06:46:51.889+0000] {dag.py:3239} INFO - Sync 2 DAGs
[2025-03-28T06:46:51.900+0000] {logging_mixin.py:190} INFO - [2025-03-28T06:46:51.900+0000] {dag.py:4180} INFO - Setting next_dagrun for example_xcom_args to None, run_after=None
[2025-03-28T06:46:51.903+0000] {logging_mixin.py:190} INFO - [2025-03-28T06:46:51.903+0000] {dag.py:4180} INFO - Setting next_dagrun for example_xcom_args_with_operators to None, run_after=None
[2025-03-28T06:46:51.913+0000] {processor.py:208} INFO - Processing /home/airflow/.local/lib/python3.12/site-packages/airflow/example_dags/example_xcomargs.py took 0.054 seconds
