[2025-03-28T06:35:25.561+0000] {processor.py:186} INFO - Started process (PID=50) to work on /home/airflow/.local/lib/python3.12/site-packages/airflow/example_dags/example_dag_decorator.py
[2025-03-28T06:35:25.562+0000] {processor.py:914} INFO - Processing file /home/airflow/.local/lib/python3.12/site-packages/airflow/example_dags/example_dag_decorator.py for tasks to queue
[2025-03-28T06:35:25.564+0000] {logging_mixin.py:190} INFO - [2025-03-28T06:35:25.564+0000] {dagbag.py:588} INFO - Filling up the DagBag from /home/airflow/.local/lib/python3.12/site-packages/airflow/example_dags/example_dag_decorator.py
[2025-03-28T06:35:25.848+0000] {processor.py:925} INFO - DAG(s) 'example_dag_decorator' retrieved from /home/airflow/.local/lib/python3.12/site-packages/airflow/example_dags/example_dag_decorator.py
[2025-03-28T06:35:25.942+0000] {logging_mixin.py:190} INFO - [2025-03-28T06:35:25.941+0000] {override.py:1912} INFO - Created Permission View: can delete on DAG:example_dag_decorator
[2025-03-28T06:35:25.949+0000] {logging_mixin.py:190} INFO - [2025-03-28T06:35:25.949+0000] {override.py:1912} INFO - Created Permission View: can edit on DAG:example_dag_decorator
[2025-03-28T06:35:25.954+0000] {logging_mixin.py:190} INFO - [2025-03-28T06:35:25.954+0000] {override.py:1912} INFO - Created Permission View: can read on DAG:example_dag_decorator
[2025-03-28T06:35:25.960+0000] {logging_mixin.py:190} INFO - [2025-03-28T06:35:25.960+0000] {override.py:1912} INFO - Created Permission View: can create on DAG Run:example_dag_decorator
[2025-03-28T06:35:25.965+0000] {logging_mixin.py:190} INFO - [2025-03-28T06:35:25.965+0000] {override.py:1912} INFO - Created Permission View: can delete on DAG Run:example_dag_decorator
[2025-03-28T06:35:25.970+0000] {logging_mixin.py:190} INFO - [2025-03-28T06:35:25.970+0000] {override.py:1912} INFO - Created Permission View: can read on DAG Run:example_dag_decorator
[2025-03-28T06:35:25.975+0000] {logging_mixin.py:190} INFO - [2025-03-28T06:35:25.975+0000] {override.py:1912} INFO - Created Permission View: menu access on DAG Run:example_dag_decorator
[2025-03-28T06:35:25.975+0000] {logging_mixin.py:190} INFO - [2025-03-28T06:35:25.975+0000] {dag.py:3239} INFO - Sync 1 DAGs
[2025-03-28T06:35:25.985+0000] {logging_mixin.py:190} INFO - [2025-03-28T06:35:25.985+0000] {dag.py:3262} INFO - Creating ORM DAG for example_dag_decorator
[2025-03-28T06:35:25.985+0000] {logging_mixin.py:190} INFO - [2025-03-28T06:35:25.985+0000] {dag.py:4180} INFO - Setting next_dagrun for example_dag_decorator to None, run_after=None
[2025-03-28T06:35:25.999+0000] {processor.py:208} INFO - Processing /home/airflow/.local/lib/python3.12/site-packages/airflow/example_dags/example_dag_decorator.py took 0.442 seconds
[2025-03-28T06:35:56.968+0000] {processor.py:186} INFO - Started process (PID=113) to work on /home/airflow/.local/lib/python3.12/site-packages/airflow/example_dags/example_dag_decorator.py
[2025-03-28T06:35:56.969+0000] {processor.py:914} INFO - Processing file /home/airflow/.local/lib/python3.12/site-packages/airflow/example_dags/example_dag_decorator.py for tasks to queue
[2025-03-28T06:35:56.971+0000] {logging_mixin.py:190} INFO - [2025-03-28T06:35:56.970+0000] {dagbag.py:588} INFO - Filling up the DagBag from /home/airflow/.local/lib/python3.12/site-packages/airflow/example_dags/example_dag_decorator.py
[2025-03-28T06:35:57.045+0000] {processor.py:925} INFO - DAG(s) 'example_dag_decorator' retrieved from /home/airflow/.local/lib/python3.12/site-packages/airflow/example_dags/example_dag_decorator.py
[2025-03-28T06:35:57.133+0000] {logging_mixin.py:190} INFO - [2025-03-28T06:35:57.133+0000] {dag.py:3239} INFO - Sync 1 DAGs
[2025-03-28T06:35:57.142+0000] {logging_mixin.py:190} INFO - [2025-03-28T06:35:57.142+0000] {dag.py:4180} INFO - Setting next_dagrun for example_dag_decorator to None, run_after=None
[2025-03-28T06:35:57.167+0000] {processor.py:208} INFO - Processing /home/airflow/.local/lib/python3.12/site-packages/airflow/example_dags/example_dag_decorator.py took 0.205 seconds
[2025-03-28T06:36:27.721+0000] {processor.py:186} INFO - Started process (PID=176) to work on /home/airflow/.local/lib/python3.12/site-packages/airflow/example_dags/example_dag_decorator.py
[2025-03-28T06:36:27.721+0000] {processor.py:914} INFO - Processing file /home/airflow/.local/lib/python3.12/site-packages/airflow/example_dags/example_dag_decorator.py for tasks to queue
[2025-03-28T06:36:27.723+0000] {logging_mixin.py:190} INFO - [2025-03-28T06:36:27.723+0000] {dagbag.py:588} INFO - Filling up the DagBag from /home/airflow/.local/lib/python3.12/site-packages/airflow/example_dags/example_dag_decorator.py
[2025-03-28T06:36:27.801+0000] {processor.py:925} INFO - DAG(s) 'example_dag_decorator' retrieved from /home/airflow/.local/lib/python3.12/site-packages/airflow/example_dags/example_dag_decorator.py
[2025-03-28T06:36:27.894+0000] {logging_mixin.py:190} INFO - [2025-03-28T06:36:27.894+0000] {dag.py:3239} INFO - Sync 1 DAGs
[2025-03-28T06:36:27.904+0000] {logging_mixin.py:190} INFO - [2025-03-28T06:36:27.904+0000] {dag.py:4180} INFO - Setting next_dagrun for example_dag_decorator to None, run_after=None
[2025-03-28T06:36:27.926+0000] {processor.py:208} INFO - Processing /home/airflow/.local/lib/python3.12/site-packages/airflow/example_dags/example_dag_decorator.py took 0.211 seconds
[2025-03-28T06:45:48.056+0000] {processor.py:186} INFO - Started process (PID=49) to work on /home/airflow/.local/lib/python3.12/site-packages/airflow/example_dags/example_dag_decorator.py
[2025-03-28T06:45:48.056+0000] {processor.py:914} INFO - Processing file /home/airflow/.local/lib/python3.12/site-packages/airflow/example_dags/example_dag_decorator.py for tasks to queue
[2025-03-28T06:45:48.058+0000] {logging_mixin.py:190} INFO - [2025-03-28T06:45:48.058+0000] {dagbag.py:588} INFO - Filling up the DagBag from /home/airflow/.local/lib/python3.12/site-packages/airflow/example_dags/example_dag_decorator.py
[2025-03-28T06:45:48.162+0000] {processor.py:925} INFO - DAG(s) 'example_dag_decorator' retrieved from /home/airflow/.local/lib/python3.12/site-packages/airflow/example_dags/example_dag_decorator.py
[2025-03-28T06:45:48.253+0000] {logging_mixin.py:190} INFO - [2025-03-28T06:45:48.253+0000] {dag.py:3239} INFO - Sync 1 DAGs
[2025-03-28T06:45:48.264+0000] {logging_mixin.py:190} INFO - [2025-03-28T06:45:48.264+0000] {dag.py:4180} INFO - Setting next_dagrun for example_dag_decorator to None, run_after=None
[2025-03-28T06:45:48.281+0000] {processor.py:208} INFO - Processing /home/airflow/.local/lib/python3.12/site-packages/airflow/example_dags/example_dag_decorator.py took 0.229 seconds
[2025-03-28T06:46:18.937+0000] {processor.py:186} INFO - Started process (PID=112) to work on /home/airflow/.local/lib/python3.12/site-packages/airflow/example_dags/example_dag_decorator.py
[2025-03-28T06:46:18.938+0000] {processor.py:914} INFO - Processing file /home/airflow/.local/lib/python3.12/site-packages/airflow/example_dags/example_dag_decorator.py for tasks to queue
[2025-03-28T06:46:18.940+0000] {logging_mixin.py:190} INFO - [2025-03-28T06:46:18.939+0000] {dagbag.py:588} INFO - Filling up the DagBag from /home/airflow/.local/lib/python3.12/site-packages/airflow/example_dags/example_dag_decorator.py
[2025-03-28T06:46:19.030+0000] {processor.py:925} INFO - DAG(s) 'example_dag_decorator' retrieved from /home/airflow/.local/lib/python3.12/site-packages/airflow/example_dags/example_dag_decorator.py
[2025-03-28T06:46:19.122+0000] {logging_mixin.py:190} INFO - [2025-03-28T06:46:19.122+0000] {dag.py:3239} INFO - Sync 1 DAGs
[2025-03-28T06:46:19.131+0000] {logging_mixin.py:190} INFO - [2025-03-28T06:46:19.131+0000] {dag.py:4180} INFO - Setting next_dagrun for example_dag_decorator to None, run_after=None
[2025-03-28T06:46:19.144+0000] {processor.py:208} INFO - Processing /home/airflow/.local/lib/python3.12/site-packages/airflow/example_dags/example_dag_decorator.py took 0.212 seconds
[2025-03-28T06:46:49.433+0000] {processor.py:186} INFO - Started process (PID=175) to work on /home/airflow/.local/lib/python3.12/site-packages/airflow/example_dags/example_dag_decorator.py
[2025-03-28T06:46:49.434+0000] {processor.py:914} INFO - Processing file /home/airflow/.local/lib/python3.12/site-packages/airflow/example_dags/example_dag_decorator.py for tasks to queue
[2025-03-28T06:46:49.436+0000] {logging_mixin.py:190} INFO - [2025-03-28T06:46:49.436+0000] {dagbag.py:588} INFO - Filling up the DagBag from /home/airflow/.local/lib/python3.12/site-packages/airflow/example_dags/example_dag_decorator.py
[2025-03-28T06:46:49.512+0000] {processor.py:925} INFO - DAG(s) 'example_dag_decorator' retrieved from /home/airflow/.local/lib/python3.12/site-packages/airflow/example_dags/example_dag_decorator.py
[2025-03-28T06:46:49.610+0000] {logging_mixin.py:190} INFO - [2025-03-28T06:46:49.610+0000] {dag.py:3239} INFO - Sync 1 DAGs
[2025-03-28T06:46:49.621+0000] {logging_mixin.py:190} INFO - [2025-03-28T06:46:49.621+0000] {dag.py:4180} INFO - Setting next_dagrun for example_dag_decorator to None, run_after=None
[2025-03-28T06:46:49.651+0000] {processor.py:208} INFO - Processing /home/airflow/.local/lib/python3.12/site-packages/airflow/example_dags/example_dag_decorator.py took 0.221 seconds
[2025-03-28T06:47:20.092+0000] {processor.py:186} INFO - Started process (PID=237) to work on /home/airflow/.local/lib/python3.12/site-packages/airflow/example_dags/example_dag_decorator.py
[2025-03-28T06:47:20.093+0000] {processor.py:914} INFO - Processing file /home/airflow/.local/lib/python3.12/site-packages/airflow/example_dags/example_dag_decorator.py for tasks to queue
[2025-03-28T06:47:20.095+0000] {logging_mixin.py:190} INFO - [2025-03-28T06:47:20.095+0000] {dagbag.py:588} INFO - Filling up the DagBag from /home/airflow/.local/lib/python3.12/site-packages/airflow/example_dags/example_dag_decorator.py
[2025-03-28T06:47:20.176+0000] {processor.py:925} INFO - DAG(s) 'example_dag_decorator' retrieved from /home/airflow/.local/lib/python3.12/site-packages/airflow/example_dags/example_dag_decorator.py
[2025-03-28T06:47:20.271+0000] {logging_mixin.py:190} INFO - [2025-03-28T06:47:20.270+0000] {dag.py:3239} INFO - Sync 1 DAGs
[2025-03-28T06:47:20.280+0000] {logging_mixin.py:190} INFO - [2025-03-28T06:47:20.280+0000] {dag.py:4180} INFO - Setting next_dagrun for example_dag_decorator to None, run_after=None
[2025-03-28T06:47:20.294+0000] {processor.py:208} INFO - Processing /home/airflow/.local/lib/python3.12/site-packages/airflow/example_dags/example_dag_decorator.py took 0.207 seconds
