[2025-03-28T06:35:32.074+0000] {processor.py:186} INFO - Started process (PID=94) to work on /home/airflow/.local/lib/python3.12/site-packages/airflow/example_dags/example_params_ui_tutorial.py
[2025-03-28T06:35:32.074+0000] {processor.py:914} INFO - Processing file /home/airflow/.local/lib/python3.12/site-packages/airflow/example_dags/example_params_ui_tutorial.py for tasks to queue
[2025-03-28T06:35:32.076+0000] {logging_mixin.py:190} INFO - [2025-03-28T06:35:32.076+0000] {dagbag.py:588} INFO - Filling up the DagBag from /home/airflow/.local/lib/python3.12/site-packages/airflow/example_dags/example_params_ui_tutorial.py
[2025-03-28T06:35:32.091+0000] {processor.py:925} INFO - DAG(s) 'example_params_ui_tutorial' retrieved from /home/airflow/.local/lib/python3.12/site-packages/airflow/example_dags/example_params_ui_tutorial.py
[2025-03-28T06:35:32.209+0000] {logging_mixin.py:190} INFO - [2025-03-28T06:35:32.209+0000] {override.py:1912} INFO - Created Permission View: can delete on DAG:example_params_ui_tutorial
[2025-03-28T06:35:32.218+0000] {logging_mixin.py:190} INFO - [2025-03-28T06:35:32.218+0000] {override.py:1912} INFO - Created Permission View: can edit on DAG:example_params_ui_tutorial
[2025-03-28T06:35:32.223+0000] {logging_mixin.py:190} INFO - [2025-03-28T06:35:32.223+0000] {override.py:1912} INFO - Created Permission View: can read on DAG:example_params_ui_tutorial
[2025-03-28T06:35:32.229+0000] {logging_mixin.py:190} INFO - [2025-03-28T06:35:32.229+0000] {override.py:1912} INFO - Created Permission View: can create on DAG Run:example_params_ui_tutorial
[2025-03-28T06:35:32.234+0000] {logging_mixin.py:190} INFO - [2025-03-28T06:35:32.233+0000] {override.py:1912} INFO - Created Permission View: can delete on DAG Run:example_params_ui_tutorial
[2025-03-28T06:35:32.238+0000] {logging_mixin.py:190} INFO - [2025-03-28T06:35:32.238+0000] {override.py:1912} INFO - Created Permission View: can read on DAG Run:example_params_ui_tutorial
[2025-03-28T06:35:32.244+0000] {logging_mixin.py:190} INFO - [2025-03-28T06:35:32.244+0000] {override.py:1912} INFO - Created Permission View: menu access on DAG Run:example_params_ui_tutorial
[2025-03-28T06:35:32.245+0000] {logging_mixin.py:190} INFO - [2025-03-28T06:35:32.245+0000] {dag.py:3239} INFO - Sync 1 DAGs
[2025-03-28T06:35:32.259+0000] {logging_mixin.py:190} INFO - [2025-03-28T06:35:32.259+0000] {dag.py:3262} INFO - Creating ORM DAG for example_params_ui_tutorial
[2025-03-28T06:35:32.260+0000] {logging_mixin.py:190} INFO - [2025-03-28T06:35:32.260+0000] {dag.py:4180} INFO - Setting next_dagrun for example_params_ui_tutorial to None, run_after=None
[2025-03-28T06:35:32.272+0000] {processor.py:208} INFO - Processing /home/airflow/.local/lib/python3.12/site-packages/airflow/example_dags/example_params_ui_tutorial.py took 0.204 seconds
[2025-03-28T06:36:02.988+0000] {processor.py:186} INFO - Started process (PID=157) to work on /home/airflow/.local/lib/python3.12/site-packages/airflow/example_dags/example_params_ui_tutorial.py
[2025-03-28T06:36:02.989+0000] {processor.py:914} INFO - Processing file /home/airflow/.local/lib/python3.12/site-packages/airflow/example_dags/example_params_ui_tutorial.py for tasks to queue
[2025-03-28T06:36:02.991+0000] {logging_mixin.py:190} INFO - [2025-03-28T06:36:02.991+0000] {dagbag.py:588} INFO - Filling up the DagBag from /home/airflow/.local/lib/python3.12/site-packages/airflow/example_dags/example_params_ui_tutorial.py
[2025-03-28T06:36:02.998+0000] {processor.py:925} INFO - DAG(s) 'example_params_ui_tutorial' retrieved from /home/airflow/.local/lib/python3.12/site-packages/airflow/example_dags/example_params_ui_tutorial.py
[2025-03-28T06:36:03.035+0000] {logging_mixin.py:190} INFO - [2025-03-28T06:36:03.035+0000] {dag.py:3239} INFO - Sync 1 DAGs
[2025-03-28T06:36:03.046+0000] {logging_mixin.py:190} INFO - [2025-03-28T06:36:03.046+0000] {dag.py:4180} INFO - Setting next_dagrun for example_params_ui_tutorial to None, run_after=None
[2025-03-28T06:36:03.059+0000] {processor.py:208} INFO - Processing /home/airflow/.local/lib/python3.12/site-packages/airflow/example_dags/example_params_ui_tutorial.py took 0.076 seconds
[2025-03-28T06:36:33.834+0000] {processor.py:186} INFO - Started process (PID=220) to work on /home/airflow/.local/lib/python3.12/site-packages/airflow/example_dags/example_params_ui_tutorial.py
[2025-03-28T06:36:33.834+0000] {processor.py:914} INFO - Processing file /home/airflow/.local/lib/python3.12/site-packages/airflow/example_dags/example_params_ui_tutorial.py for tasks to queue
[2025-03-28T06:36:33.836+0000] {logging_mixin.py:190} INFO - [2025-03-28T06:36:33.836+0000] {dagbag.py:588} INFO - Filling up the DagBag from /home/airflow/.local/lib/python3.12/site-packages/airflow/example_dags/example_params_ui_tutorial.py
[2025-03-28T06:36:33.844+0000] {processor.py:925} INFO - DAG(s) 'example_params_ui_tutorial' retrieved from /home/airflow/.local/lib/python3.12/site-packages/airflow/example_dags/example_params_ui_tutorial.py
[2025-03-28T06:36:33.880+0000] {logging_mixin.py:190} INFO - [2025-03-28T06:36:33.880+0000] {dag.py:3239} INFO - Sync 1 DAGs
[2025-03-28T06:36:33.893+0000] {logging_mixin.py:190} INFO - [2025-03-28T06:36:33.892+0000] {dag.py:4180} INFO - Setting next_dagrun for example_params_ui_tutorial to None, run_after=None
[2025-03-28T06:36:33.907+0000] {processor.py:208} INFO - Processing /home/airflow/.local/lib/python3.12/site-packages/airflow/example_dags/example_params_ui_tutorial.py took 0.079 seconds
[2025-03-28T06:45:51.430+0000] {processor.py:186} INFO - Started process (PID=93) to work on /home/airflow/.local/lib/python3.12/site-packages/airflow/example_dags/example_params_ui_tutorial.py
[2025-03-28T06:45:51.431+0000] {processor.py:914} INFO - Processing file /home/airflow/.local/lib/python3.12/site-packages/airflow/example_dags/example_params_ui_tutorial.py for tasks to queue
[2025-03-28T06:45:51.432+0000] {logging_mixin.py:190} INFO - [2025-03-28T06:45:51.432+0000] {dagbag.py:588} INFO - Filling up the DagBag from /home/airflow/.local/lib/python3.12/site-packages/airflow/example_dags/example_params_ui_tutorial.py
[2025-03-28T06:45:51.439+0000] {processor.py:925} INFO - DAG(s) 'example_params_ui_tutorial' retrieved from /home/airflow/.local/lib/python3.12/site-packages/airflow/example_dags/example_params_ui_tutorial.py
[2025-03-28T06:45:51.471+0000] {logging_mixin.py:190} INFO - [2025-03-28T06:45:51.471+0000] {dag.py:3239} INFO - Sync 1 DAGs
[2025-03-28T06:45:51.482+0000] {logging_mixin.py:190} INFO - [2025-03-28T06:45:51.481+0000] {dag.py:4180} INFO - Setting next_dagrun for example_params_ui_tutorial to None, run_after=None
[2025-03-28T06:45:51.494+0000] {processor.py:208} INFO - Processing /home/airflow/.local/lib/python3.12/site-packages/airflow/example_dags/example_params_ui_tutorial.py took 0.068 seconds
[2025-03-28T06:46:21.704+0000] {processor.py:186} INFO - Started process (PID=155) to work on /home/airflow/.local/lib/python3.12/site-packages/airflow/example_dags/example_params_ui_tutorial.py
[2025-03-28T06:46:21.705+0000] {processor.py:914} INFO - Processing file /home/airflow/.local/lib/python3.12/site-packages/airflow/example_dags/example_params_ui_tutorial.py for tasks to queue
[2025-03-28T06:46:21.707+0000] {logging_mixin.py:190} INFO - [2025-03-28T06:46:21.706+0000] {dagbag.py:588} INFO - Filling up the DagBag from /home/airflow/.local/lib/python3.12/site-packages/airflow/example_dags/example_params_ui_tutorial.py
[2025-03-28T06:46:21.713+0000] {processor.py:925} INFO - DAG(s) 'example_params_ui_tutorial' retrieved from /home/airflow/.local/lib/python3.12/site-packages/airflow/example_dags/example_params_ui_tutorial.py
[2025-03-28T06:46:21.745+0000] {logging_mixin.py:190} INFO - [2025-03-28T06:46:21.745+0000] {dag.py:3239} INFO - Sync 1 DAGs
[2025-03-28T06:46:21.755+0000] {logging_mixin.py:190} INFO - [2025-03-28T06:46:21.755+0000] {dag.py:4180} INFO - Setting next_dagrun for example_params_ui_tutorial to None, run_after=None
[2025-03-28T06:46:21.769+0000] {processor.py:208} INFO - Processing /home/airflow/.local/lib/python3.12/site-packages/airflow/example_dags/example_params_ui_tutorial.py took 0.069 seconds
[2025-03-28T06:46:52.314+0000] {processor.py:186} INFO - Started process (PID=218) to work on /home/airflow/.local/lib/python3.12/site-packages/airflow/example_dags/example_params_ui_tutorial.py
[2025-03-28T06:46:52.315+0000] {processor.py:914} INFO - Processing file /home/airflow/.local/lib/python3.12/site-packages/airflow/example_dags/example_params_ui_tutorial.py for tasks to queue
[2025-03-28T06:46:52.316+0000] {logging_mixin.py:190} INFO - [2025-03-28T06:46:52.316+0000] {dagbag.py:588} INFO - Filling up the DagBag from /home/airflow/.local/lib/python3.12/site-packages/airflow/example_dags/example_params_ui_tutorial.py
[2025-03-28T06:46:52.323+0000] {processor.py:925} INFO - DAG(s) 'example_params_ui_tutorial' retrieved from /home/airflow/.local/lib/python3.12/site-packages/airflow/example_dags/example_params_ui_tutorial.py
[2025-03-28T06:46:52.355+0000] {logging_mixin.py:190} INFO - [2025-03-28T06:46:52.355+0000] {dag.py:3239} INFO - Sync 1 DAGs
[2025-03-28T06:46:52.366+0000] {logging_mixin.py:190} INFO - [2025-03-28T06:46:52.366+0000] {dag.py:4180} INFO - Setting next_dagrun for example_params_ui_tutorial to None, run_after=None
[2025-03-28T06:46:52.378+0000] {processor.py:208} INFO - Processing /home/airflow/.local/lib/python3.12/site-packages/airflow/example_dags/example_params_ui_tutorial.py took 0.069 seconds
