[2025-03-28T06:35:30.711+0000] {processor.py:186} INFO - Started process (PID=89) to work on /home/airflow/.local/lib/python3.12/site-packages/airflow/example_dags/example_latest_only.py
[2025-03-28T06:35:30.712+0000] {processor.py:914} INFO - Processing file /home/airflow/.local/lib/python3.12/site-packages/airflow/example_dags/example_latest_only.py for tasks to queue
[2025-03-28T06:35:30.713+0000] {logging_mixin.py:190} INFO - [2025-03-28T06:35:30.713+0000] {dagbag.py:588} INFO - Filling up the DagBag from /home/airflow/.local/lib/python3.12/site-packages/airflow/example_dags/example_latest_only.py
[2025-03-28T06:35:30.719+0000] {processor.py:925} INFO - DAG(s) 'latest_only' retrieved from /home/airflow/.local/lib/python3.12/site-packages/airflow/example_dags/example_latest_only.py
[2025-03-28T06:35:30.801+0000] {logging_mixin.py:190} INFO - [2025-03-28T06:35:30.800+0000] {override.py:1912} INFO - Created Permission View: can delete on DAG:latest_only
[2025-03-28T06:35:30.810+0000] {logging_mixin.py:190} INFO - [2025-03-28T06:35:30.810+0000] {override.py:1912} INFO - Created Permission View: can edit on DAG:latest_only
[2025-03-28T06:35:30.815+0000] {logging_mixin.py:190} INFO - [2025-03-28T06:35:30.815+0000] {override.py:1912} INFO - Created Permission View: can read on DAG:latest_only
[2025-03-28T06:35:30.821+0000] {logging_mixin.py:190} INFO - [2025-03-28T06:35:30.820+0000] {override.py:1912} INFO - Created Permission View: can create on DAG Run:latest_only
[2025-03-28T06:35:30.826+0000] {logging_mixin.py:190} INFO - [2025-03-28T06:35:30.825+0000] {override.py:1912} INFO - Created Permission View: can delete on DAG Run:latest_only
[2025-03-28T06:35:30.831+0000] {logging_mixin.py:190} INFO - [2025-03-28T06:35:30.830+0000] {override.py:1912} INFO - Created Permission View: can read on DAG Run:latest_only
[2025-03-28T06:35:30.835+0000] {logging_mixin.py:190} INFO - [2025-03-28T06:35:30.835+0000] {override.py:1912} INFO - Created Permission View: menu access on DAG Run:latest_only
[2025-03-28T06:35:30.835+0000] {logging_mixin.py:190} INFO - [2025-03-28T06:35:30.835+0000] {dag.py:3239} INFO - Sync 1 DAGs
[2025-03-28T06:35:30.845+0000] {logging_mixin.py:190} INFO - [2025-03-28T06:35:30.845+0000] {dag.py:3262} INFO - Creating ORM DAG for latest_only
[2025-03-28T06:35:30.853+0000] {logging_mixin.py:190} INFO - [2025-03-28T06:35:30.852+0000] {dag.py:4180} INFO - Setting next_dagrun for latest_only to 2025-03-28 00:00:00+00:00, run_after=2025-03-28 04:00:00+00:00
[2025-03-28T06:35:30.865+0000] {processor.py:208} INFO - Processing /home/airflow/.local/lib/python3.12/site-packages/airflow/example_dags/example_latest_only.py took 0.159 seconds
[2025-03-28T06:36:01.085+0000] {processor.py:186} INFO - Started process (PID=151) to work on /home/airflow/.local/lib/python3.12/site-packages/airflow/example_dags/example_latest_only.py
[2025-03-28T06:36:01.086+0000] {processor.py:914} INFO - Processing file /home/airflow/.local/lib/python3.12/site-packages/airflow/example_dags/example_latest_only.py for tasks to queue
[2025-03-28T06:36:01.088+0000] {logging_mixin.py:190} INFO - [2025-03-28T06:36:01.088+0000] {dagbag.py:588} INFO - Filling up the DagBag from /home/airflow/.local/lib/python3.12/site-packages/airflow/example_dags/example_latest_only.py
[2025-03-28T06:36:01.093+0000] {processor.py:925} INFO - DAG(s) 'latest_only' retrieved from /home/airflow/.local/lib/python3.12/site-packages/airflow/example_dags/example_latest_only.py
[2025-03-28T06:36:01.108+0000] {logging_mixin.py:190} INFO - [2025-03-28T06:36:01.108+0000] {dag.py:3239} INFO - Sync 1 DAGs
[2025-03-28T06:36:01.123+0000] {logging_mixin.py:190} INFO - [2025-03-28T06:36:01.123+0000] {dag.py:4180} INFO - Setting next_dagrun for latest_only to 2025-03-28 00:00:00+00:00, run_after=2025-03-28 04:00:00+00:00
[2025-03-28T06:36:01.135+0000] {processor.py:208} INFO - Processing /home/airflow/.local/lib/python3.12/site-packages/airflow/example_dags/example_latest_only.py took 0.054 seconds
[2025-03-28T06:36:31.984+0000] {processor.py:186} INFO - Started process (PID=214) to work on /home/airflow/.local/lib/python3.12/site-packages/airflow/example_dags/example_latest_only.py
[2025-03-28T06:36:31.985+0000] {processor.py:914} INFO - Processing file /home/airflow/.local/lib/python3.12/site-packages/airflow/example_dags/example_latest_only.py for tasks to queue
[2025-03-28T06:36:31.987+0000] {logging_mixin.py:190} INFO - [2025-03-28T06:36:31.986+0000] {dagbag.py:588} INFO - Filling up the DagBag from /home/airflow/.local/lib/python3.12/site-packages/airflow/example_dags/example_latest_only.py
[2025-03-28T06:36:31.992+0000] {processor.py:925} INFO - DAG(s) 'latest_only' retrieved from /home/airflow/.local/lib/python3.12/site-packages/airflow/example_dags/example_latest_only.py
[2025-03-28T06:36:32.007+0000] {logging_mixin.py:190} INFO - [2025-03-28T06:36:32.006+0000] {dag.py:3239} INFO - Sync 1 DAGs
[2025-03-28T06:36:32.023+0000] {logging_mixin.py:190} INFO - [2025-03-28T06:36:32.023+0000] {dag.py:4180} INFO - Setting next_dagrun for latest_only to 2025-03-28 00:00:00+00:00, run_after=2025-03-28 04:00:00+00:00
[2025-03-28T06:36:32.034+0000] {processor.py:208} INFO - Processing /home/airflow/.local/lib/python3.12/site-packages/airflow/example_dags/example_latest_only.py took 0.054 seconds
[2025-03-28T06:45:50.810+0000] {processor.py:186} INFO - Started process (PID=88) to work on /home/airflow/.local/lib/python3.12/site-packages/airflow/example_dags/example_latest_only.py
[2025-03-28T06:45:50.811+0000] {processor.py:914} INFO - Processing file /home/airflow/.local/lib/python3.12/site-packages/airflow/example_dags/example_latest_only.py for tasks to queue
[2025-03-28T06:45:50.812+0000] {logging_mixin.py:190} INFO - [2025-03-28T06:45:50.812+0000] {dagbag.py:588} INFO - Filling up the DagBag from /home/airflow/.local/lib/python3.12/site-packages/airflow/example_dags/example_latest_only.py
[2025-03-28T06:45:50.817+0000] {processor.py:925} INFO - DAG(s) 'latest_only' retrieved from /home/airflow/.local/lib/python3.12/site-packages/airflow/example_dags/example_latest_only.py
[2025-03-28T06:45:50.834+0000] {logging_mixin.py:190} INFO - [2025-03-28T06:45:50.834+0000] {dag.py:3239} INFO - Sync 1 DAGs
[2025-03-28T06:45:50.850+0000] {logging_mixin.py:190} INFO - [2025-03-28T06:45:50.849+0000] {dag.py:4180} INFO - Setting next_dagrun for latest_only to 2025-03-28 00:00:00+00:00, run_after=2025-03-28 04:00:00+00:00
[2025-03-28T06:45:50.861+0000] {processor.py:208} INFO - Processing /home/airflow/.local/lib/python3.12/site-packages/airflow/example_dags/example_latest_only.py took 0.055 seconds
[2025-03-28T06:46:21.379+0000] {processor.py:186} INFO - Started process (PID=151) to work on /home/airflow/.local/lib/python3.12/site-packages/airflow/example_dags/example_latest_only.py
[2025-03-28T06:46:21.380+0000] {processor.py:914} INFO - Processing file /home/airflow/.local/lib/python3.12/site-packages/airflow/example_dags/example_latest_only.py for tasks to queue
[2025-03-28T06:46:21.382+0000] {logging_mixin.py:190} INFO - [2025-03-28T06:46:21.382+0000] {dagbag.py:588} INFO - Filling up the DagBag from /home/airflow/.local/lib/python3.12/site-packages/airflow/example_dags/example_latest_only.py
[2025-03-28T06:46:21.387+0000] {processor.py:925} INFO - DAG(s) 'latest_only' retrieved from /home/airflow/.local/lib/python3.12/site-packages/airflow/example_dags/example_latest_only.py
[2025-03-28T06:46:21.403+0000] {logging_mixin.py:190} INFO - [2025-03-28T06:46:21.403+0000] {dag.py:3239} INFO - Sync 1 DAGs
[2025-03-28T06:46:21.418+0000] {logging_mixin.py:190} INFO - [2025-03-28T06:46:21.418+0000] {dag.py:4180} INFO - Setting next_dagrun for latest_only to 2025-03-28 00:00:00+00:00, run_after=2025-03-28 04:00:00+00:00
[2025-03-28T06:46:21.430+0000] {processor.py:208} INFO - Processing /home/airflow/.local/lib/python3.12/site-packages/airflow/example_dags/example_latest_only.py took 0.055 seconds
[2025-03-28T06:46:51.789+0000] {processor.py:186} INFO - Started process (PID=213) to work on /home/airflow/.local/lib/python3.12/site-packages/airflow/example_dags/example_latest_only.py
[2025-03-28T06:46:51.790+0000] {processor.py:914} INFO - Processing file /home/airflow/.local/lib/python3.12/site-packages/airflow/example_dags/example_latest_only.py for tasks to queue
[2025-03-28T06:46:51.792+0000] {logging_mixin.py:190} INFO - [2025-03-28T06:46:51.792+0000] {dagbag.py:588} INFO - Filling up the DagBag from /home/airflow/.local/lib/python3.12/site-packages/airflow/example_dags/example_latest_only.py
[2025-03-28T06:46:51.796+0000] {processor.py:925} INFO - DAG(s) 'latest_only' retrieved from /home/airflow/.local/lib/python3.12/site-packages/airflow/example_dags/example_latest_only.py
[2025-03-28T06:46:51.811+0000] {logging_mixin.py:190} INFO - [2025-03-28T06:46:51.811+0000] {dag.py:3239} INFO - Sync 1 DAGs
[2025-03-28T06:46:51.829+0000] {logging_mixin.py:190} INFO - [2025-03-28T06:46:51.828+0000] {dag.py:4180} INFO - Setting next_dagrun for latest_only to 2025-03-28 00:00:00+00:00, run_after=2025-03-28 04:00:00+00:00
[2025-03-28T06:46:51.840+0000] {processor.py:208} INFO - Processing /home/airflow/.local/lib/python3.12/site-packages/airflow/example_dags/example_latest_only.py took 0.055 seconds
