[2025-03-28T06:35:30.482+0000] {processor.py:186} INFO - Started process (PID=87) to work on /home/airflow/.local/lib/python3.12/site-packages/airflow/example_dags/example_dataset_alias.py
[2025-03-28T06:35:30.483+0000] {processor.py:914} INFO - Processing file /home/airflow/.local/lib/python3.12/site-packages/airflow/example_dags/example_dataset_alias.py for tasks to queue
[2025-03-28T06:35:30.484+0000] {logging_mixin.py:190} INFO - [2025-03-28T06:35:30.484+0000] {dagbag.py:588} INFO - Filling up the DagBag from /home/airflow/.local/lib/python3.12/site-packages/airflow/example_dags/example_dataset_alias.py
[2025-03-28T06:35:30.981+0000] {processor.py:925} INFO - DAG(s) 'dataset_alias_example_alias_producer', 'dataset_alias_example_alias_consumer', 'dataset_s3_bucket_producer', 'dataset_s3_bucket_consumer' retrieved from /home/airflow/.local/lib/python3.12/site-packages/airflow/example_dags/example_dataset_alias.py
[2025-03-28T06:35:31.055+0000] {logging_mixin.py:190} INFO - [2025-03-28T06:35:31.055+0000] {override.py:1912} INFO - Created Permission View: can delete on DAG:dataset_alias_example_alias_producer
[2025-03-28T06:35:31.063+0000] {logging_mixin.py:190} INFO - [2025-03-28T06:35:31.063+0000] {override.py:1912} INFO - Created Permission View: can edit on DAG:dataset_alias_example_alias_producer
[2025-03-28T06:35:31.068+0000] {logging_mixin.py:190} INFO - [2025-03-28T06:35:31.067+0000] {override.py:1912} INFO - Created Permission View: can read on DAG:dataset_alias_example_alias_producer
[2025-03-28T06:35:31.073+0000] {logging_mixin.py:190} INFO - [2025-03-28T06:35:31.073+0000] {override.py:1912} INFO - Created Permission View: can create on DAG Run:dataset_alias_example_alias_producer
[2025-03-28T06:35:31.078+0000] {logging_mixin.py:190} INFO - [2025-03-28T06:35:31.078+0000] {override.py:1912} INFO - Created Permission View: can delete on DAG Run:dataset_alias_example_alias_producer
[2025-03-28T06:35:31.083+0000] {logging_mixin.py:190} INFO - [2025-03-28T06:35:31.083+0000] {override.py:1912} INFO - Created Permission View: can read on DAG Run:dataset_alias_example_alias_producer
[2025-03-28T06:35:31.088+0000] {logging_mixin.py:190} INFO - [2025-03-28T06:35:31.088+0000] {override.py:1912} INFO - Created Permission View: menu access on DAG Run:dataset_alias_example_alias_producer
[2025-03-28T06:35:31.097+0000] {logging_mixin.py:190} INFO - [2025-03-28T06:35:31.097+0000] {override.py:1912} INFO - Created Permission View: can delete on DAG:dataset_alias_example_alias_consumer
[2025-03-28T06:35:31.102+0000] {logging_mixin.py:190} INFO - [2025-03-28T06:35:31.102+0000] {override.py:1912} INFO - Created Permission View: can edit on DAG:dataset_alias_example_alias_consumer
[2025-03-28T06:35:31.106+0000] {logging_mixin.py:190} INFO - [2025-03-28T06:35:31.106+0000] {override.py:1912} INFO - Created Permission View: can read on DAG:dataset_alias_example_alias_consumer
[2025-03-28T06:35:31.110+0000] {logging_mixin.py:190} INFO - [2025-03-28T06:35:31.110+0000] {override.py:1912} INFO - Created Permission View: can create on DAG Run:dataset_alias_example_alias_consumer
[2025-03-28T06:35:31.114+0000] {logging_mixin.py:190} INFO - [2025-03-28T06:35:31.114+0000] {override.py:1912} INFO - Created Permission View: can delete on DAG Run:dataset_alias_example_alias_consumer
[2025-03-28T06:35:31.119+0000] {logging_mixin.py:190} INFO - [2025-03-28T06:35:31.119+0000] {override.py:1912} INFO - Created Permission View: can read on DAG Run:dataset_alias_example_alias_consumer
[2025-03-28T06:35:31.124+0000] {logging_mixin.py:190} INFO - [2025-03-28T06:35:31.124+0000] {override.py:1912} INFO - Created Permission View: menu access on DAG Run:dataset_alias_example_alias_consumer
[2025-03-28T06:35:31.135+0000] {logging_mixin.py:190} INFO - [2025-03-28T06:35:31.134+0000] {override.py:1912} INFO - Created Permission View: can delete on DAG:dataset_s3_bucket_producer
[2025-03-28T06:35:31.140+0000] {logging_mixin.py:190} INFO - [2025-03-28T06:35:31.140+0000] {override.py:1912} INFO - Created Permission View: can edit on DAG:dataset_s3_bucket_producer
[2025-03-28T06:35:31.145+0000] {logging_mixin.py:190} INFO - [2025-03-28T06:35:31.144+0000] {override.py:1912} INFO - Created Permission View: can read on DAG:dataset_s3_bucket_producer
[2025-03-28T06:35:31.150+0000] {logging_mixin.py:190} INFO - [2025-03-28T06:35:31.150+0000] {override.py:1912} INFO - Created Permission View: can create on DAG Run:dataset_s3_bucket_producer
[2025-03-28T06:35:31.155+0000] {logging_mixin.py:190} INFO - [2025-03-28T06:35:31.155+0000] {override.py:1912} INFO - Created Permission View: can delete on DAG Run:dataset_s3_bucket_producer
[2025-03-28T06:35:31.160+0000] {logging_mixin.py:190} INFO - [2025-03-28T06:35:31.160+0000] {override.py:1912} INFO - Created Permission View: can read on DAG Run:dataset_s3_bucket_producer
[2025-03-28T06:35:31.165+0000] {logging_mixin.py:190} INFO - [2025-03-28T06:35:31.165+0000] {override.py:1912} INFO - Created Permission View: menu access on DAG Run:dataset_s3_bucket_producer
[2025-03-28T06:35:31.174+0000] {logging_mixin.py:190} INFO - [2025-03-28T06:35:31.174+0000] {override.py:1912} INFO - Created Permission View: can delete on DAG:dataset_s3_bucket_consumer
[2025-03-28T06:35:31.180+0000] {logging_mixin.py:190} INFO - [2025-03-28T06:35:31.179+0000] {override.py:1912} INFO - Created Permission View: can edit on DAG:dataset_s3_bucket_consumer
[2025-03-28T06:35:31.184+0000] {logging_mixin.py:190} INFO - [2025-03-28T06:35:31.184+0000] {override.py:1912} INFO - Created Permission View: can read on DAG:dataset_s3_bucket_consumer
[2025-03-28T06:35:31.189+0000] {logging_mixin.py:190} INFO - [2025-03-28T06:35:31.189+0000] {override.py:1912} INFO - Created Permission View: can create on DAG Run:dataset_s3_bucket_consumer
[2025-03-28T06:35:31.194+0000] {logging_mixin.py:190} INFO - [2025-03-28T06:35:31.194+0000] {override.py:1912} INFO - Created Permission View: can delete on DAG Run:dataset_s3_bucket_consumer
[2025-03-28T06:35:31.199+0000] {logging_mixin.py:190} INFO - [2025-03-28T06:35:31.198+0000] {override.py:1912} INFO - Created Permission View: can read on DAG Run:dataset_s3_bucket_consumer
[2025-03-28T06:35:31.204+0000] {logging_mixin.py:190} INFO - [2025-03-28T06:35:31.203+0000] {override.py:1912} INFO - Created Permission View: menu access on DAG Run:dataset_s3_bucket_consumer
[2025-03-28T06:35:31.204+0000] {logging_mixin.py:190} INFO - [2025-03-28T06:35:31.204+0000] {dag.py:3239} INFO - Sync 4 DAGs
[2025-03-28T06:35:31.213+0000] {logging_mixin.py:190} INFO - [2025-03-28T06:35:31.213+0000] {dag.py:3262} INFO - Creating ORM DAG for dataset_s3_bucket_consumer
[2025-03-28T06:35:31.214+0000] {logging_mixin.py:190} INFO - [2025-03-28T06:35:31.214+0000] {dag.py:3262} INFO - Creating ORM DAG for dataset_alias_example_alias_producer
[2025-03-28T06:35:31.214+0000] {logging_mixin.py:190} INFO - [2025-03-28T06:35:31.214+0000] {dag.py:3262} INFO - Creating ORM DAG for dataset_s3_bucket_producer
[2025-03-28T06:35:31.215+0000] {logging_mixin.py:190} INFO - [2025-03-28T06:35:31.215+0000] {dag.py:3262} INFO - Creating ORM DAG for dataset_alias_example_alias_consumer
[2025-03-28T06:35:31.222+0000] {logging_mixin.py:190} INFO - [2025-03-28T06:35:31.221+0000] {dag.py:4180} INFO - Setting next_dagrun for dataset_alias_example_alias_consumer to None, run_after=None
[2025-03-28T06:35:31.222+0000] {logging_mixin.py:190} INFO - [2025-03-28T06:35:31.222+0000] {dag.py:4180} INFO - Setting next_dagrun for dataset_alias_example_alias_producer to None, run_after=None
[2025-03-28T06:35:31.222+0000] {logging_mixin.py:190} INFO - [2025-03-28T06:35:31.222+0000] {dag.py:4180} INFO - Setting next_dagrun for dataset_s3_bucket_consumer to None, run_after=None
[2025-03-28T06:35:31.223+0000] {logging_mixin.py:190} INFO - [2025-03-28T06:35:31.223+0000] {dag.py:4180} INFO - Setting next_dagrun for dataset_s3_bucket_producer to None, run_after=None
[2025-03-28T06:35:31.243+0000] {processor.py:208} INFO - Processing /home/airflow/.local/lib/python3.12/site-packages/airflow/example_dags/example_dataset_alias.py took 0.766 seconds
[2025-03-28T06:36:02.176+0000] {processor.py:186} INFO - Started process (PID=153) to work on /home/airflow/.local/lib/python3.12/site-packages/airflow/example_dags/example_dataset_alias.py
[2025-03-28T06:36:02.185+0000] {processor.py:914} INFO - Processing file /home/airflow/.local/lib/python3.12/site-packages/airflow/example_dags/example_dataset_alias.py for tasks to queue
[2025-03-28T06:36:02.188+0000] {logging_mixin.py:190} INFO - [2025-03-28T06:36:02.187+0000] {dagbag.py:588} INFO - Filling up the DagBag from /home/airflow/.local/lib/python3.12/site-packages/airflow/example_dags/example_dataset_alias.py
[2025-03-28T06:36:02.800+0000] {processor.py:925} INFO - DAG(s) 'dataset_alias_example_alias_consumer', 'dataset_alias_example_alias_producer', 'dataset_s3_bucket_consumer', 'dataset_s3_bucket_producer' retrieved from /home/airflow/.local/lib/python3.12/site-packages/airflow/example_dags/example_dataset_alias.py
[2025-03-28T06:36:02.815+0000] {logging_mixin.py:190} INFO - [2025-03-28T06:36:02.814+0000] {dag.py:3239} INFO - Sync 4 DAGs
[2025-03-28T06:36:02.832+0000] {logging_mixin.py:190} INFO - [2025-03-28T06:36:02.831+0000] {dag.py:4180} INFO - Setting next_dagrun for dataset_alias_example_alias_consumer to None, run_after=None
[2025-03-28T06:36:02.833+0000] {logging_mixin.py:190} INFO - [2025-03-28T06:36:02.833+0000] {dag.py:4180} INFO - Setting next_dagrun for dataset_alias_example_alias_producer to None, run_after=None
[2025-03-28T06:36:02.834+0000] {logging_mixin.py:190} INFO - [2025-03-28T06:36:02.834+0000] {dag.py:4180} INFO - Setting next_dagrun for dataset_s3_bucket_consumer to None, run_after=None
[2025-03-28T06:36:02.835+0000] {logging_mixin.py:190} INFO - [2025-03-28T06:36:02.835+0000] {dag.py:4180} INFO - Setting next_dagrun for dataset_s3_bucket_producer to None, run_after=None
[2025-03-28T06:36:02.857+0000] {processor.py:208} INFO - Processing /home/airflow/.local/lib/python3.12/site-packages/airflow/example_dags/example_dataset_alias.py took 0.686 seconds
[2025-03-28T06:36:33.070+0000] {processor.py:186} INFO - Started process (PID=216) to work on /home/airflow/.local/lib/python3.12/site-packages/airflow/example_dags/example_dataset_alias.py
[2025-03-28T06:36:33.071+0000] {processor.py:914} INFO - Processing file /home/airflow/.local/lib/python3.12/site-packages/airflow/example_dags/example_dataset_alias.py for tasks to queue
[2025-03-28T06:36:33.073+0000] {logging_mixin.py:190} INFO - [2025-03-28T06:36:33.073+0000] {dagbag.py:588} INFO - Filling up the DagBag from /home/airflow/.local/lib/python3.12/site-packages/airflow/example_dags/example_dataset_alias.py
[2025-03-28T06:36:33.714+0000] {processor.py:925} INFO - DAG(s) 'dataset_s3_bucket_consumer', 'dataset_s3_bucket_producer', 'dataset_alias_example_alias_producer', 'dataset_alias_example_alias_consumer' retrieved from /home/airflow/.local/lib/python3.12/site-packages/airflow/example_dags/example_dataset_alias.py
[2025-03-28T06:36:33.730+0000] {logging_mixin.py:190} INFO - [2025-03-28T06:36:33.729+0000] {dag.py:3239} INFO - Sync 4 DAGs
[2025-03-28T06:36:33.746+0000] {logging_mixin.py:190} INFO - [2025-03-28T06:36:33.746+0000] {dag.py:4180} INFO - Setting next_dagrun for dataset_alias_example_alias_consumer to None, run_after=None
[2025-03-28T06:36:33.748+0000] {logging_mixin.py:190} INFO - [2025-03-28T06:36:33.748+0000] {dag.py:4180} INFO - Setting next_dagrun for dataset_alias_example_alias_producer to None, run_after=None
[2025-03-28T06:36:33.751+0000] {logging_mixin.py:190} INFO - [2025-03-28T06:36:33.751+0000] {dag.py:4180} INFO - Setting next_dagrun for dataset_s3_bucket_consumer to None, run_after=None
[2025-03-28T06:36:33.752+0000] {logging_mixin.py:190} INFO - [2025-03-28T06:36:33.751+0000] {dag.py:4180} INFO - Setting next_dagrun for dataset_s3_bucket_producer to None, run_after=None
[2025-03-28T06:36:33.767+0000] {processor.py:208} INFO - Processing /home/airflow/.local/lib/python3.12/site-packages/airflow/example_dags/example_dataset_alias.py took 0.701 seconds
[2025-03-28T06:45:50.704+0000] {processor.py:186} INFO - Started process (PID=86) to work on /home/airflow/.local/lib/python3.12/site-packages/airflow/example_dags/example_dataset_alias.py
[2025-03-28T06:45:50.705+0000] {processor.py:914} INFO - Processing file /home/airflow/.local/lib/python3.12/site-packages/airflow/example_dags/example_dataset_alias.py for tasks to queue
[2025-03-28T06:45:50.706+0000] {logging_mixin.py:190} INFO - [2025-03-28T06:45:50.706+0000] {dagbag.py:588} INFO - Filling up the DagBag from /home/airflow/.local/lib/python3.12/site-packages/airflow/example_dags/example_dataset_alias.py
[2025-03-28T06:45:51.185+0000] {processor.py:925} INFO - DAG(s) 'dataset_s3_bucket_producer', 'dataset_s3_bucket_consumer', 'dataset_alias_example_alias_consumer', 'dataset_alias_example_alias_producer' retrieved from /home/airflow/.local/lib/python3.12/site-packages/airflow/example_dags/example_dataset_alias.py
[2025-03-28T06:45:51.199+0000] {logging_mixin.py:190} INFO - [2025-03-28T06:45:51.199+0000] {dag.py:3239} INFO - Sync 4 DAGs
[2025-03-28T06:45:51.217+0000] {logging_mixin.py:190} INFO - [2025-03-28T06:45:51.216+0000] {dag.py:4180} INFO - Setting next_dagrun for dataset_alias_example_alias_consumer to None, run_after=None
[2025-03-28T06:45:51.218+0000] {logging_mixin.py:190} INFO - [2025-03-28T06:45:51.218+0000] {dag.py:4180} INFO - Setting next_dagrun for dataset_alias_example_alias_producer to None, run_after=None
[2025-03-28T06:45:51.219+0000] {logging_mixin.py:190} INFO - [2025-03-28T06:45:51.219+0000] {dag.py:4180} INFO - Setting next_dagrun for dataset_s3_bucket_consumer to None, run_after=None
[2025-03-28T06:45:51.220+0000] {logging_mixin.py:190} INFO - [2025-03-28T06:45:51.220+0000] {dag.py:4180} INFO - Setting next_dagrun for dataset_s3_bucket_producer to None, run_after=None
[2025-03-28T06:45:51.235+0000] {processor.py:208} INFO - Processing /home/airflow/.local/lib/python3.12/site-packages/airflow/example_dags/example_dataset_alias.py took 0.535 seconds
[2025-03-28T06:46:21.290+0000] {processor.py:186} INFO - Started process (PID=149) to work on /home/airflow/.local/lib/python3.12/site-packages/airflow/example_dags/example_dataset_alias.py
[2025-03-28T06:46:21.291+0000] {processor.py:914} INFO - Processing file /home/airflow/.local/lib/python3.12/site-packages/airflow/example_dags/example_dataset_alias.py for tasks to queue
[2025-03-28T06:46:21.293+0000] {logging_mixin.py:190} INFO - [2025-03-28T06:46:21.293+0000] {dagbag.py:588} INFO - Filling up the DagBag from /home/airflow/.local/lib/python3.12/site-packages/airflow/example_dags/example_dataset_alias.py
[2025-03-28T06:46:21.771+0000] {processor.py:925} INFO - DAG(s) 'dataset_s3_bucket_consumer', 'dataset_alias_example_alias_consumer', 'dataset_alias_example_alias_producer', 'dataset_s3_bucket_producer' retrieved from /home/airflow/.local/lib/python3.12/site-packages/airflow/example_dags/example_dataset_alias.py
[2025-03-28T06:46:21.786+0000] {logging_mixin.py:190} INFO - [2025-03-28T06:46:21.786+0000] {dag.py:3239} INFO - Sync 4 DAGs
[2025-03-28T06:46:21.804+0000] {logging_mixin.py:190} INFO - [2025-03-28T06:46:21.803+0000] {dag.py:4180} INFO - Setting next_dagrun for dataset_alias_example_alias_consumer to None, run_after=None
[2025-03-28T06:46:21.805+0000] {logging_mixin.py:190} INFO - [2025-03-28T06:46:21.805+0000] {dag.py:4180} INFO - Setting next_dagrun for dataset_alias_example_alias_producer to None, run_after=None
[2025-03-28T06:46:21.806+0000] {logging_mixin.py:190} INFO - [2025-03-28T06:46:21.806+0000] {dag.py:4180} INFO - Setting next_dagrun for dataset_s3_bucket_consumer to None, run_after=None
[2025-03-28T06:46:21.807+0000] {logging_mixin.py:190} INFO - [2025-03-28T06:46:21.807+0000] {dag.py:4180} INFO - Setting next_dagrun for dataset_s3_bucket_producer to None, run_after=None
[2025-03-28T06:46:21.822+0000] {processor.py:208} INFO - Processing /home/airflow/.local/lib/python3.12/site-packages/airflow/example_dags/example_dataset_alias.py took 0.535 seconds
[2025-03-28T06:46:52.019+0000] {processor.py:186} INFO - Started process (PID=216) to work on /home/airflow/.local/lib/python3.12/site-packages/airflow/example_dags/example_dataset_alias.py
[2025-03-28T06:46:52.019+0000] {processor.py:914} INFO - Processing file /home/airflow/.local/lib/python3.12/site-packages/airflow/example_dags/example_dataset_alias.py for tasks to queue
[2025-03-28T06:46:52.021+0000] {logging_mixin.py:190} INFO - [2025-03-28T06:46:52.021+0000] {dagbag.py:588} INFO - Filling up the DagBag from /home/airflow/.local/lib/python3.12/site-packages/airflow/example_dags/example_dataset_alias.py
[2025-03-28T06:46:52.493+0000] {processor.py:925} INFO - DAG(s) 'dataset_alias_example_alias_producer', 'dataset_s3_bucket_producer', 'dataset_s3_bucket_consumer', 'dataset_alias_example_alias_consumer' retrieved from /home/airflow/.local/lib/python3.12/site-packages/airflow/example_dags/example_dataset_alias.py
[2025-03-28T06:46:52.507+0000] {logging_mixin.py:190} INFO - [2025-03-28T06:46:52.506+0000] {dag.py:3239} INFO - Sync 4 DAGs
[2025-03-28T06:46:52.522+0000] {logging_mixin.py:190} INFO - [2025-03-28T06:46:52.522+0000] {dag.py:4180} INFO - Setting next_dagrun for dataset_alias_example_alias_consumer to None, run_after=None
[2025-03-28T06:46:52.524+0000] {logging_mixin.py:190} INFO - [2025-03-28T06:46:52.524+0000] {dag.py:4180} INFO - Setting next_dagrun for dataset_alias_example_alias_producer to None, run_after=None
[2025-03-28T06:46:52.525+0000] {logging_mixin.py:190} INFO - [2025-03-28T06:46:52.525+0000] {dag.py:4180} INFO - Setting next_dagrun for dataset_s3_bucket_consumer to None, run_after=None
[2025-03-28T06:46:52.526+0000] {logging_mixin.py:190} INFO - [2025-03-28T06:46:52.525+0000] {dag.py:4180} INFO - Setting next_dagrun for dataset_s3_bucket_producer to None, run_after=None
[2025-03-28T06:46:52.539+0000] {processor.py:208} INFO - Processing /home/airflow/.local/lib/python3.12/site-packages/airflow/example_dags/example_dataset_alias.py took 0.525 seconds
