[2025-03-28T06:35:27.713+0000] {processor.py:186} INFO - Started process (PID=65) to work on /home/airflow/.local/lib/python3.12/site-packages/airflow/example_dags/example_complex.py
[2025-03-28T06:35:27.714+0000] {processor.py:914} INFO - Processing file /home/airflow/.local/lib/python3.12/site-packages/airflow/example_dags/example_complex.py for tasks to queue
[2025-03-28T06:35:27.715+0000] {logging_mixin.py:190} INFO - [2025-03-28T06:35:27.715+0000] {dagbag.py:588} INFO - Filling up the DagBag from /home/airflow/.local/lib/python3.12/site-packages/airflow/example_dags/example_complex.py
[2025-03-28T06:35:27.726+0000] {processor.py:925} INFO - DAG(s) 'example_complex' retrieved from /home/airflow/.local/lib/python3.12/site-packages/airflow/example_dags/example_complex.py
[2025-03-28T06:35:27.819+0000] {logging_mixin.py:190} INFO - [2025-03-28T06:35:27.818+0000] {override.py:1912} INFO - Created Permission View: can delete on DAG:example_complex
[2025-03-28T06:35:27.826+0000] {logging_mixin.py:190} INFO - [2025-03-28T06:35:27.826+0000] {override.py:1912} INFO - Created Permission View: can edit on DAG:example_complex
[2025-03-28T06:35:27.830+0000] {logging_mixin.py:190} INFO - [2025-03-28T06:35:27.830+0000] {override.py:1912} INFO - Created Permission View: can read on DAG:example_complex
[2025-03-28T06:35:27.836+0000] {logging_mixin.py:190} INFO - [2025-03-28T06:35:27.835+0000] {override.py:1912} INFO - Created Permission View: can create on DAG Run:example_complex
[2025-03-28T06:35:27.840+0000] {logging_mixin.py:190} INFO - [2025-03-28T06:35:27.840+0000] {override.py:1912} INFO - Created Permission View: can delete on DAG Run:example_complex
[2025-03-28T06:35:27.845+0000] {logging_mixin.py:190} INFO - [2025-03-28T06:35:27.845+0000] {override.py:1912} INFO - Created Permission View: can read on DAG Run:example_complex
[2025-03-28T06:35:27.849+0000] {logging_mixin.py:190} INFO - [2025-03-28T06:35:27.849+0000] {override.py:1912} INFO - Created Permission View: menu access on DAG Run:example_complex
[2025-03-28T06:35:27.850+0000] {logging_mixin.py:190} INFO - [2025-03-28T06:35:27.850+0000] {dag.py:3239} INFO - Sync 1 DAGs
[2025-03-28T06:35:27.861+0000] {logging_mixin.py:190} INFO - [2025-03-28T06:35:27.860+0000] {dag.py:3262} INFO - Creating ORM DAG for example_complex
[2025-03-28T06:35:27.861+0000] {logging_mixin.py:190} INFO - [2025-03-28T06:35:27.861+0000] {dag.py:4180} INFO - Setting next_dagrun for example_complex to None, run_after=None
[2025-03-28T06:35:27.874+0000] {processor.py:208} INFO - Processing /home/airflow/.local/lib/python3.12/site-packages/airflow/example_dags/example_complex.py took 0.166 seconds
[2025-03-28T06:35:58.135+0000] {processor.py:186} INFO - Started process (PID=128) to work on /home/airflow/.local/lib/python3.12/site-packages/airflow/example_dags/example_complex.py
[2025-03-28T06:35:58.136+0000] {processor.py:914} INFO - Processing file /home/airflow/.local/lib/python3.12/site-packages/airflow/example_dags/example_complex.py for tasks to queue
[2025-03-28T06:35:58.138+0000] {logging_mixin.py:190} INFO - [2025-03-28T06:35:58.138+0000] {dagbag.py:588} INFO - Filling up the DagBag from /home/airflow/.local/lib/python3.12/site-packages/airflow/example_dags/example_complex.py
[2025-03-28T06:35:58.148+0000] {processor.py:925} INFO - DAG(s) 'example_complex' retrieved from /home/airflow/.local/lib/python3.12/site-packages/airflow/example_dags/example_complex.py
[2025-03-28T06:35:58.174+0000] {logging_mixin.py:190} INFO - [2025-03-28T06:35:58.174+0000] {dag.py:3239} INFO - Sync 1 DAGs
[2025-03-28T06:35:58.184+0000] {logging_mixin.py:190} INFO - [2025-03-28T06:35:58.184+0000] {dag.py:4180} INFO - Setting next_dagrun for example_complex to None, run_after=None
[2025-03-28T06:35:58.197+0000] {processor.py:208} INFO - Processing /home/airflow/.local/lib/python3.12/site-packages/airflow/example_dags/example_complex.py took 0.067 seconds
[2025-03-28T06:36:28.810+0000] {processor.py:186} INFO - Started process (PID=191) to work on /home/airflow/.local/lib/python3.12/site-packages/airflow/example_dags/example_complex.py
[2025-03-28T06:36:28.811+0000] {processor.py:914} INFO - Processing file /home/airflow/.local/lib/python3.12/site-packages/airflow/example_dags/example_complex.py for tasks to queue
[2025-03-28T06:36:28.813+0000] {logging_mixin.py:190} INFO - [2025-03-28T06:36:28.813+0000] {dagbag.py:588} INFO - Filling up the DagBag from /home/airflow/.local/lib/python3.12/site-packages/airflow/example_dags/example_complex.py
[2025-03-28T06:36:28.821+0000] {processor.py:925} INFO - DAG(s) 'example_complex' retrieved from /home/airflow/.local/lib/python3.12/site-packages/airflow/example_dags/example_complex.py
[2025-03-28T06:36:28.844+0000] {logging_mixin.py:190} INFO - [2025-03-28T06:36:28.844+0000] {dag.py:3239} INFO - Sync 1 DAGs
[2025-03-28T06:36:28.854+0000] {logging_mixin.py:190} INFO - [2025-03-28T06:36:28.854+0000] {dag.py:4180} INFO - Setting next_dagrun for example_complex to None, run_after=None
[2025-03-28T06:36:28.866+0000] {processor.py:208} INFO - Processing /home/airflow/.local/lib/python3.12/site-packages/airflow/example_dags/example_complex.py took 0.060 seconds
[2025-03-28T06:45:48.968+0000] {processor.py:186} INFO - Started process (PID=64) to work on /home/airflow/.local/lib/python3.12/site-packages/airflow/example_dags/example_complex.py
[2025-03-28T06:45:48.969+0000] {processor.py:914} INFO - Processing file /home/airflow/.local/lib/python3.12/site-packages/airflow/example_dags/example_complex.py for tasks to queue
[2025-03-28T06:45:48.971+0000] {logging_mixin.py:190} INFO - [2025-03-28T06:45:48.971+0000] {dagbag.py:588} INFO - Filling up the DagBag from /home/airflow/.local/lib/python3.12/site-packages/airflow/example_dags/example_complex.py
[2025-03-28T06:45:48.980+0000] {processor.py:925} INFO - DAG(s) 'example_complex' retrieved from /home/airflow/.local/lib/python3.12/site-packages/airflow/example_dags/example_complex.py
[2025-03-28T06:45:49.011+0000] {logging_mixin.py:190} INFO - [2025-03-28T06:45:49.010+0000] {dag.py:3239} INFO - Sync 1 DAGs
[2025-03-28T06:45:49.026+0000] {logging_mixin.py:190} INFO - [2025-03-28T06:45:49.026+0000] {dag.py:4180} INFO - Setting next_dagrun for example_complex to None, run_after=None
[2025-03-28T06:45:49.041+0000] {processor.py:208} INFO - Processing /home/airflow/.local/lib/python3.12/site-packages/airflow/example_dags/example_complex.py took 0.077 seconds
[2025-03-28T06:46:19.589+0000] {processor.py:186} INFO - Started process (PID=127) to work on /home/airflow/.local/lib/python3.12/site-packages/airflow/example_dags/example_complex.py
[2025-03-28T06:46:19.590+0000] {processor.py:914} INFO - Processing file /home/airflow/.local/lib/python3.12/site-packages/airflow/example_dags/example_complex.py for tasks to queue
[2025-03-28T06:46:19.591+0000] {logging_mixin.py:190} INFO - [2025-03-28T06:46:19.591+0000] {dagbag.py:588} INFO - Filling up the DagBag from /home/airflow/.local/lib/python3.12/site-packages/airflow/example_dags/example_complex.py
[2025-03-28T06:46:19.599+0000] {processor.py:925} INFO - DAG(s) 'example_complex' retrieved from /home/airflow/.local/lib/python3.12/site-packages/airflow/example_dags/example_complex.py
[2025-03-28T06:46:19.621+0000] {logging_mixin.py:190} INFO - [2025-03-28T06:46:19.621+0000] {dag.py:3239} INFO - Sync 1 DAGs
[2025-03-28T06:46:19.634+0000] {logging_mixin.py:190} INFO - [2025-03-28T06:46:19.633+0000] {dag.py:4180} INFO - Setting next_dagrun for example_complex to None, run_after=None
[2025-03-28T06:46:19.647+0000] {processor.py:208} INFO - Processing /home/airflow/.local/lib/python3.12/site-packages/airflow/example_dags/example_complex.py took 0.062 seconds
[2025-03-28T06:46:50.585+0000] {processor.py:186} INFO - Started process (PID=190) to work on /home/airflow/.local/lib/python3.12/site-packages/airflow/example_dags/example_complex.py
[2025-03-28T06:46:50.586+0000] {processor.py:914} INFO - Processing file /home/airflow/.local/lib/python3.12/site-packages/airflow/example_dags/example_complex.py for tasks to queue
[2025-03-28T06:46:50.588+0000] {logging_mixin.py:190} INFO - [2025-03-28T06:46:50.587+0000] {dagbag.py:588} INFO - Filling up the DagBag from /home/airflow/.local/lib/python3.12/site-packages/airflow/example_dags/example_complex.py
[2025-03-28T06:46:50.598+0000] {processor.py:925} INFO - DAG(s) 'example_complex' retrieved from /home/airflow/.local/lib/python3.12/site-packages/airflow/example_dags/example_complex.py
[2025-03-28T06:46:50.627+0000] {logging_mixin.py:190} INFO - [2025-03-28T06:46:50.627+0000] {dag.py:3239} INFO - Sync 1 DAGs
[2025-03-28T06:46:50.639+0000] {logging_mixin.py:190} INFO - [2025-03-28T06:46:50.638+0000] {dag.py:4180} INFO - Setting next_dagrun for example_complex to None, run_after=None
[2025-03-28T06:46:50.653+0000] {processor.py:208} INFO - Processing /home/airflow/.local/lib/python3.12/site-packages/airflow/example_dags/example_complex.py took 0.073 seconds
[2025-03-28T06:47:21.644+0000] {processor.py:186} INFO - Started process (PID=253) to work on /home/airflow/.local/lib/python3.12/site-packages/airflow/example_dags/example_complex.py
[2025-03-28T06:47:21.645+0000] {processor.py:914} INFO - Processing file /home/airflow/.local/lib/python3.12/site-packages/airflow/example_dags/example_complex.py for tasks to queue
[2025-03-28T06:47:21.647+0000] {logging_mixin.py:190} INFO - [2025-03-28T06:47:21.647+0000] {dagbag.py:588} INFO - Filling up the DagBag from /home/airflow/.local/lib/python3.12/site-packages/airflow/example_dags/example_complex.py
[2025-03-28T06:47:21.658+0000] {processor.py:925} INFO - DAG(s) 'example_complex' retrieved from /home/airflow/.local/lib/python3.12/site-packages/airflow/example_dags/example_complex.py
[2025-03-28T06:47:21.698+0000] {logging_mixin.py:190} INFO - [2025-03-28T06:47:21.697+0000] {dag.py:3239} INFO - Sync 1 DAGs
[2025-03-28T06:47:21.715+0000] {logging_mixin.py:190} INFO - [2025-03-28T06:47:21.715+0000] {dag.py:4180} INFO - Setting next_dagrun for example_complex to None, run_after=None
[2025-03-28T06:47:21.738+0000] {processor.py:208} INFO - Processing /home/airflow/.local/lib/python3.12/site-packages/airflow/example_dags/example_complex.py took 0.099 seconds
