[2025-03-28T06:35:26.268+0000] {processor.py:186} INFO - Started process (PID=52) to work on /home/airflow/.local/lib/python3.12/site-packages/airflow/example_dags/example_sensors.py
[2025-03-28T06:35:26.269+0000] {processor.py:914} INFO - Processing file /home/airflow/.local/lib/python3.12/site-packages/airflow/example_dags/example_sensors.py for tasks to queue
[2025-03-28T06:35:26.271+0000] {logging_mixin.py:190} INFO - [2025-03-28T06:35:26.270+0000] {dagbag.py:588} INFO - Filling up the DagBag from /home/airflow/.local/lib/python3.12/site-packages/airflow/example_dags/example_sensors.py
[2025-03-28T06:35:26.280+0000] {processor.py:925} INFO - DAG(s) 'example_sensors' retrieved from /home/airflow/.local/lib/python3.12/site-packages/airflow/example_dags/example_sensors.py
[2025-03-28T06:35:26.380+0000] {logging_mixin.py:190} INFO - [2025-03-28T06:35:26.379+0000] {override.py:1912} INFO - Created Permission View: can delete on DAG:example_sensors
[2025-03-28T06:35:26.388+0000] {logging_mixin.py:190} INFO - [2025-03-28T06:35:26.387+0000] {override.py:1912} INFO - Created Permission View: can edit on DAG:example_sensors
[2025-03-28T06:35:26.392+0000] {logging_mixin.py:190} INFO - [2025-03-28T06:35:26.392+0000] {override.py:1912} INFO - Created Permission View: can read on DAG:example_sensors
[2025-03-28T06:35:26.398+0000] {logging_mixin.py:190} INFO - [2025-03-28T06:35:26.398+0000] {override.py:1912} INFO - Created Permission View: can create on DAG Run:example_sensors
[2025-03-28T06:35:26.403+0000] {logging_mixin.py:190} INFO - [2025-03-28T06:35:26.402+0000] {override.py:1912} INFO - Created Permission View: can delete on DAG Run:example_sensors
[2025-03-28T06:35:26.408+0000] {logging_mixin.py:190} INFO - [2025-03-28T06:35:26.407+0000] {override.py:1912} INFO - Created Permission View: can read on DAG Run:example_sensors
[2025-03-28T06:35:26.413+0000] {logging_mixin.py:190} INFO - [2025-03-28T06:35:26.413+0000] {override.py:1912} INFO - Created Permission View: menu access on DAG Run:example_sensors
[2025-03-28T06:35:26.413+0000] {logging_mixin.py:190} INFO - [2025-03-28T06:35:26.413+0000] {dag.py:3239} INFO - Sync 1 DAGs
[2025-03-28T06:35:26.424+0000] {logging_mixin.py:190} INFO - [2025-03-28T06:35:26.424+0000] {dag.py:3262} INFO - Creating ORM DAG for example_sensors
[2025-03-28T06:35:26.425+0000] {logging_mixin.py:190} INFO - [2025-03-28T06:35:26.425+0000] {dag.py:4180} INFO - Setting next_dagrun for example_sensors to None, run_after=None
[2025-03-28T06:35:26.437+0000] {processor.py:208} INFO - Processing /home/airflow/.local/lib/python3.12/site-packages/airflow/example_dags/example_sensors.py took 0.174 seconds
[2025-03-28T06:35:57.316+0000] {processor.py:186} INFO - Started process (PID=115) to work on /home/airflow/.local/lib/python3.12/site-packages/airflow/example_dags/example_sensors.py
[2025-03-28T06:35:57.317+0000] {processor.py:914} INFO - Processing file /home/airflow/.local/lib/python3.12/site-packages/airflow/example_dags/example_sensors.py for tasks to queue
[2025-03-28T06:35:57.318+0000] {logging_mixin.py:190} INFO - [2025-03-28T06:35:57.318+0000] {dagbag.py:588} INFO - Filling up the DagBag from /home/airflow/.local/lib/python3.12/site-packages/airflow/example_dags/example_sensors.py
[2025-03-28T06:35:57.328+0000] {processor.py:925} INFO - DAG(s) 'example_sensors' retrieved from /home/airflow/.local/lib/python3.12/site-packages/airflow/example_dags/example_sensors.py
[2025-03-28T06:35:57.352+0000] {logging_mixin.py:190} INFO - [2025-03-28T06:35:57.352+0000] {dag.py:3239} INFO - Sync 1 DAGs
[2025-03-28T06:35:57.365+0000] {logging_mixin.py:190} INFO - [2025-03-28T06:35:57.364+0000] {dag.py:4180} INFO - Setting next_dagrun for example_sensors to None, run_after=None
[2025-03-28T06:35:57.378+0000] {processor.py:208} INFO - Processing /home/airflow/.local/lib/python3.12/site-packages/airflow/example_dags/example_sensors.py took 0.068 seconds
[2025-03-28T06:36:28.056+0000] {processor.py:186} INFO - Started process (PID=178) to work on /home/airflow/.local/lib/python3.12/site-packages/airflow/example_dags/example_sensors.py
[2025-03-28T06:36:28.057+0000] {processor.py:914} INFO - Processing file /home/airflow/.local/lib/python3.12/site-packages/airflow/example_dags/example_sensors.py for tasks to queue
[2025-03-28T06:36:28.058+0000] {logging_mixin.py:190} INFO - [2025-03-28T06:36:28.058+0000] {dagbag.py:588} INFO - Filling up the DagBag from /home/airflow/.local/lib/python3.12/site-packages/airflow/example_dags/example_sensors.py
[2025-03-28T06:36:28.066+0000] {processor.py:925} INFO - DAG(s) 'example_sensors' retrieved from /home/airflow/.local/lib/python3.12/site-packages/airflow/example_dags/example_sensors.py
[2025-03-28T06:36:28.087+0000] {logging_mixin.py:190} INFO - [2025-03-28T06:36:28.086+0000] {dag.py:3239} INFO - Sync 1 DAGs
[2025-03-28T06:36:28.097+0000] {logging_mixin.py:190} INFO - [2025-03-28T06:36:28.097+0000] {dag.py:4180} INFO - Setting next_dagrun for example_sensors to None, run_after=None
[2025-03-28T06:36:28.110+0000] {processor.py:208} INFO - Processing /home/airflow/.local/lib/python3.12/site-packages/airflow/example_dags/example_sensors.py took 0.059 seconds
[2025-03-28T06:45:48.313+0000] {processor.py:186} INFO - Started process (PID=51) to work on /home/airflow/.local/lib/python3.12/site-packages/airflow/example_dags/example_sensors.py
[2025-03-28T06:45:48.314+0000] {processor.py:914} INFO - Processing file /home/airflow/.local/lib/python3.12/site-packages/airflow/example_dags/example_sensors.py for tasks to queue
[2025-03-28T06:45:48.315+0000] {logging_mixin.py:190} INFO - [2025-03-28T06:45:48.315+0000] {dagbag.py:588} INFO - Filling up the DagBag from /home/airflow/.local/lib/python3.12/site-packages/airflow/example_dags/example_sensors.py
[2025-03-28T06:45:48.324+0000] {processor.py:925} INFO - DAG(s) 'example_sensors' retrieved from /home/airflow/.local/lib/python3.12/site-packages/airflow/example_dags/example_sensors.py
[2025-03-28T06:45:48.346+0000] {logging_mixin.py:190} INFO - [2025-03-28T06:45:48.345+0000] {dag.py:3239} INFO - Sync 1 DAGs
[2025-03-28T06:45:48.356+0000] {logging_mixin.py:190} INFO - [2025-03-28T06:45:48.356+0000] {dag.py:4180} INFO - Setting next_dagrun for example_sensors to None, run_after=None
[2025-03-28T06:45:48.369+0000] {processor.py:208} INFO - Processing /home/airflow/.local/lib/python3.12/site-packages/airflow/example_dags/example_sensors.py took 0.060 seconds
[2025-03-28T06:46:19.070+0000] {processor.py:186} INFO - Started process (PID=114) to work on /home/airflow/.local/lib/python3.12/site-packages/airflow/example_dags/example_sensors.py
[2025-03-28T06:46:19.070+0000] {processor.py:914} INFO - Processing file /home/airflow/.local/lib/python3.12/site-packages/airflow/example_dags/example_sensors.py for tasks to queue
[2025-03-28T06:46:19.072+0000] {logging_mixin.py:190} INFO - [2025-03-28T06:46:19.072+0000] {dagbag.py:588} INFO - Filling up the DagBag from /home/airflow/.local/lib/python3.12/site-packages/airflow/example_dags/example_sensors.py
[2025-03-28T06:46:19.081+0000] {processor.py:925} INFO - DAG(s) 'example_sensors' retrieved from /home/airflow/.local/lib/python3.12/site-packages/airflow/example_dags/example_sensors.py
[2025-03-28T06:46:19.103+0000] {logging_mixin.py:190} INFO - [2025-03-28T06:46:19.102+0000] {dag.py:3239} INFO - Sync 1 DAGs
[2025-03-28T06:46:19.114+0000] {logging_mixin.py:190} INFO - [2025-03-28T06:46:19.114+0000] {dag.py:4180} INFO - Setting next_dagrun for example_sensors to None, run_after=None
[2025-03-28T06:46:19.126+0000] {processor.py:208} INFO - Processing /home/airflow/.local/lib/python3.12/site-packages/airflow/example_dags/example_sensors.py took 0.061 seconds
[2025-03-28T06:46:49.801+0000] {processor.py:186} INFO - Started process (PID=177) to work on /home/airflow/.local/lib/python3.12/site-packages/airflow/example_dags/example_sensors.py
[2025-03-28T06:46:49.802+0000] {processor.py:914} INFO - Processing file /home/airflow/.local/lib/python3.12/site-packages/airflow/example_dags/example_sensors.py for tasks to queue
[2025-03-28T06:46:49.804+0000] {logging_mixin.py:190} INFO - [2025-03-28T06:46:49.803+0000] {dagbag.py:588} INFO - Filling up the DagBag from /home/airflow/.local/lib/python3.12/site-packages/airflow/example_dags/example_sensors.py
[2025-03-28T06:46:49.813+0000] {processor.py:925} INFO - DAG(s) 'example_sensors' retrieved from /home/airflow/.local/lib/python3.12/site-packages/airflow/example_dags/example_sensors.py
[2025-03-28T06:46:49.837+0000] {logging_mixin.py:190} INFO - [2025-03-28T06:46:49.836+0000] {dag.py:3239} INFO - Sync 1 DAGs
[2025-03-28T06:46:49.848+0000] {logging_mixin.py:190} INFO - [2025-03-28T06:46:49.848+0000] {dag.py:4180} INFO - Setting next_dagrun for example_sensors to None, run_after=None
[2025-03-28T06:46:49.864+0000] {processor.py:208} INFO - Processing /home/airflow/.local/lib/python3.12/site-packages/airflow/example_dags/example_sensors.py took 0.069 seconds
[2025-03-28T06:47:20.217+0000] {processor.py:186} INFO - Started process (PID=239) to work on /home/airflow/.local/lib/python3.12/site-packages/airflow/example_dags/example_sensors.py
[2025-03-28T06:47:20.218+0000] {processor.py:914} INFO - Processing file /home/airflow/.local/lib/python3.12/site-packages/airflow/example_dags/example_sensors.py for tasks to queue
[2025-03-28T06:47:20.219+0000] {logging_mixin.py:190} INFO - [2025-03-28T06:47:20.219+0000] {dagbag.py:588} INFO - Filling up the DagBag from /home/airflow/.local/lib/python3.12/site-packages/airflow/example_dags/example_sensors.py
[2025-03-28T06:47:20.228+0000] {processor.py:925} INFO - DAG(s) 'example_sensors' retrieved from /home/airflow/.local/lib/python3.12/site-packages/airflow/example_dags/example_sensors.py
[2025-03-28T06:47:20.252+0000] {logging_mixin.py:190} INFO - [2025-03-28T06:47:20.252+0000] {dag.py:3239} INFO - Sync 1 DAGs
[2025-03-28T06:47:20.264+0000] {logging_mixin.py:190} INFO - [2025-03-28T06:47:20.264+0000] {dag.py:4180} INFO - Setting next_dagrun for example_sensors to None, run_after=None
[2025-03-28T06:47:20.277+0000] {processor.py:208} INFO - Processing /home/airflow/.local/lib/python3.12/site-packages/airflow/example_dags/example_sensors.py took 0.065 seconds
