[2025-03-28T06:35:29.964+0000] {processor.py:186} INFO - Started process (PID=83) to work on /home/airflow/.local/lib/python3.12/site-packages/airflow/example_dags/example_bash_operator.py
[2025-03-28T06:35:29.965+0000] {processor.py:914} INFO - Processing file /home/airflow/.local/lib/python3.12/site-packages/airflow/example_dags/example_bash_operator.py for tasks to queue
[2025-03-28T06:35:29.967+0000] {logging_mixin.py:190} INFO - [2025-03-28T06:35:29.966+0000] {dagbag.py:588} INFO - Filling up the DagBag from /home/airflow/.local/lib/python3.12/site-packages/airflow/example_dags/example_bash_operator.py
[2025-03-28T06:35:29.977+0000] {processor.py:925} INFO - DAG(s) 'example_bash_operator' retrieved from /home/airflow/.local/lib/python3.12/site-packages/airflow/example_dags/example_bash_operator.py
[2025-03-28T06:35:30.065+0000] {logging_mixin.py:190} INFO - [2025-03-28T06:35:30.065+0000] {override.py:1912} INFO - Created Permission View: can delete on DAG:example_bash_operator
[2025-03-28T06:35:30.073+0000] {logging_mixin.py:190} INFO - [2025-03-28T06:35:30.073+0000] {override.py:1912} INFO - Created Permission View: can edit on DAG:example_bash_operator
[2025-03-28T06:35:30.078+0000] {logging_mixin.py:190} INFO - [2025-03-28T06:35:30.077+0000] {override.py:1912} INFO - Created Permission View: can read on DAG:example_bash_operator
[2025-03-28T06:35:30.082+0000] {logging_mixin.py:190} INFO - [2025-03-28T06:35:30.082+0000] {override.py:1912} INFO - Created Permission View: can create on DAG Run:example_bash_operator
[2025-03-28T06:35:30.087+0000] {logging_mixin.py:190} INFO - [2025-03-28T06:35:30.087+0000] {override.py:1912} INFO - Created Permission View: can delete on DAG Run:example_bash_operator
[2025-03-28T06:35:30.091+0000] {logging_mixin.py:190} INFO - [2025-03-28T06:35:30.091+0000] {override.py:1912} INFO - Created Permission View: can read on DAG Run:example_bash_operator
[2025-03-28T06:35:30.095+0000] {logging_mixin.py:190} INFO - [2025-03-28T06:35:30.095+0000] {override.py:1912} INFO - Created Permission View: menu access on DAG Run:example_bash_operator
[2025-03-28T06:35:30.096+0000] {logging_mixin.py:190} INFO - [2025-03-28T06:35:30.096+0000] {dag.py:3239} INFO - Sync 1 DAGs
[2025-03-28T06:35:30.106+0000] {logging_mixin.py:190} INFO - [2025-03-28T06:35:30.105+0000] {dag.py:3262} INFO - Creating ORM DAG for example_bash_operator
[2025-03-28T06:35:30.114+0000] {logging_mixin.py:190} INFO - [2025-03-28T06:35:30.114+0000] {dag.py:4180} INFO - Setting next_dagrun for example_bash_operator to 2025-03-27 00:00:00+00:00, run_after=2025-03-28 00:00:00+00:00
[2025-03-28T06:35:30.126+0000] {processor.py:208} INFO - Processing /home/airflow/.local/lib/python3.12/site-packages/airflow/example_dags/example_bash_operator.py took 0.166 seconds
[2025-03-28T06:36:00.397+0000] {processor.py:186} INFO - Started process (PID=146) to work on /home/airflow/.local/lib/python3.12/site-packages/airflow/example_dags/example_bash_operator.py
[2025-03-28T06:36:00.398+0000] {processor.py:914} INFO - Processing file /home/airflow/.local/lib/python3.12/site-packages/airflow/example_dags/example_bash_operator.py for tasks to queue
[2025-03-28T06:36:00.400+0000] {logging_mixin.py:190} INFO - [2025-03-28T06:36:00.400+0000] {dagbag.py:588} INFO - Filling up the DagBag from /home/airflow/.local/lib/python3.12/site-packages/airflow/example_dags/example_bash_operator.py
[2025-03-28T06:36:00.411+0000] {processor.py:925} INFO - DAG(s) 'example_bash_operator' retrieved from /home/airflow/.local/lib/python3.12/site-packages/airflow/example_dags/example_bash_operator.py
[2025-03-28T06:36:00.434+0000] {logging_mixin.py:190} INFO - [2025-03-28T06:36:00.434+0000] {dag.py:3239} INFO - Sync 1 DAGs
[2025-03-28T06:36:00.452+0000] {logging_mixin.py:190} INFO - [2025-03-28T06:36:00.452+0000] {dag.py:4180} INFO - Setting next_dagrun for example_bash_operator to 2025-03-27 00:00:00+00:00, run_after=2025-03-28 00:00:00+00:00
[2025-03-28T06:36:00.465+0000] {processor.py:208} INFO - Processing /home/airflow/.local/lib/python3.12/site-packages/airflow/example_dags/example_bash_operator.py took 0.073 seconds
[2025-03-28T06:36:31.606+0000] {processor.py:186} INFO - Started process (PID=209) to work on /home/airflow/.local/lib/python3.12/site-packages/airflow/example_dags/example_bash_operator.py
[2025-03-28T06:36:31.607+0000] {processor.py:914} INFO - Processing file /home/airflow/.local/lib/python3.12/site-packages/airflow/example_dags/example_bash_operator.py for tasks to queue
[2025-03-28T06:36:31.608+0000] {logging_mixin.py:190} INFO - [2025-03-28T06:36:31.608+0000] {dagbag.py:588} INFO - Filling up the DagBag from /home/airflow/.local/lib/python3.12/site-packages/airflow/example_dags/example_bash_operator.py
[2025-03-28T06:36:31.617+0000] {processor.py:925} INFO - DAG(s) 'example_bash_operator' retrieved from /home/airflow/.local/lib/python3.12/site-packages/airflow/example_dags/example_bash_operator.py
[2025-03-28T06:36:31.637+0000] {logging_mixin.py:190} INFO - [2025-03-28T06:36:31.637+0000] {dag.py:3239} INFO - Sync 1 DAGs
[2025-03-28T06:36:31.654+0000] {logging_mixin.py:190} INFO - [2025-03-28T06:36:31.654+0000] {dag.py:4180} INFO - Setting next_dagrun for example_bash_operator to 2025-03-27 00:00:00+00:00, run_after=2025-03-28 00:00:00+00:00
[2025-03-28T06:36:31.666+0000] {processor.py:208} INFO - Processing /home/airflow/.local/lib/python3.12/site-packages/airflow/example_dags/example_bash_operator.py took 0.065 seconds
[2025-03-28T06:45:50.397+0000] {processor.py:186} INFO - Started process (PID=82) to work on /home/airflow/.local/lib/python3.12/site-packages/airflow/example_dags/example_bash_operator.py
[2025-03-28T06:45:50.398+0000] {processor.py:914} INFO - Processing file /home/airflow/.local/lib/python3.12/site-packages/airflow/example_dags/example_bash_operator.py for tasks to queue
[2025-03-28T06:45:50.400+0000] {logging_mixin.py:190} INFO - [2025-03-28T06:45:50.400+0000] {dagbag.py:588} INFO - Filling up the DagBag from /home/airflow/.local/lib/python3.12/site-packages/airflow/example_dags/example_bash_operator.py
[2025-03-28T06:45:50.410+0000] {processor.py:925} INFO - DAG(s) 'example_bash_operator' retrieved from /home/airflow/.local/lib/python3.12/site-packages/airflow/example_dags/example_bash_operator.py
[2025-03-28T06:45:50.431+0000] {logging_mixin.py:190} INFO - [2025-03-28T06:45:50.431+0000] {dag.py:3239} INFO - Sync 1 DAGs
[2025-03-28T06:45:50.448+0000] {logging_mixin.py:190} INFO - [2025-03-28T06:45:50.447+0000] {dag.py:4180} INFO - Setting next_dagrun for example_bash_operator to 2025-03-27 00:00:00+00:00, run_after=2025-03-28 00:00:00+00:00
[2025-03-28T06:45:50.460+0000] {processor.py:208} INFO - Processing /home/airflow/.local/lib/python3.12/site-packages/airflow/example_dags/example_bash_operator.py took 0.066 seconds
[2025-03-28T06:46:20.548+0000] {processor.py:186} INFO - Started process (PID=144) to work on /home/airflow/.local/lib/python3.12/site-packages/airflow/example_dags/example_bash_operator.py
[2025-03-28T06:46:20.549+0000] {processor.py:914} INFO - Processing file /home/airflow/.local/lib/python3.12/site-packages/airflow/example_dags/example_bash_operator.py for tasks to queue
[2025-03-28T06:46:20.550+0000] {logging_mixin.py:190} INFO - [2025-03-28T06:46:20.550+0000] {dagbag.py:588} INFO - Filling up the DagBag from /home/airflow/.local/lib/python3.12/site-packages/airflow/example_dags/example_bash_operator.py
[2025-03-28T06:46:20.560+0000] {processor.py:925} INFO - DAG(s) 'example_bash_operator' retrieved from /home/airflow/.local/lib/python3.12/site-packages/airflow/example_dags/example_bash_operator.py
[2025-03-28T06:46:20.580+0000] {logging_mixin.py:190} INFO - [2025-03-28T06:46:20.580+0000] {dag.py:3239} INFO - Sync 1 DAGs
[2025-03-28T06:46:20.597+0000] {logging_mixin.py:190} INFO - [2025-03-28T06:46:20.597+0000] {dag.py:4180} INFO - Setting next_dagrun for example_bash_operator to 2025-03-27 00:00:00+00:00, run_after=2025-03-28 00:00:00+00:00
[2025-03-28T06:46:20.610+0000] {processor.py:208} INFO - Processing /home/airflow/.local/lib/python3.12/site-packages/airflow/example_dags/example_bash_operator.py took 0.066 seconds
[2025-03-28T06:46:51.518+0000] {processor.py:186} INFO - Started process (PID=207) to work on /home/airflow/.local/lib/python3.12/site-packages/airflow/example_dags/example_bash_operator.py
[2025-03-28T06:46:51.519+0000] {processor.py:914} INFO - Processing file /home/airflow/.local/lib/python3.12/site-packages/airflow/example_dags/example_bash_operator.py for tasks to queue
[2025-03-28T06:46:51.520+0000] {logging_mixin.py:190} INFO - [2025-03-28T06:46:51.520+0000] {dagbag.py:588} INFO - Filling up the DagBag from /home/airflow/.local/lib/python3.12/site-packages/airflow/example_dags/example_bash_operator.py
[2025-03-28T06:46:51.530+0000] {processor.py:925} INFO - DAG(s) 'example_bash_operator' retrieved from /home/airflow/.local/lib/python3.12/site-packages/airflow/example_dags/example_bash_operator.py
[2025-03-28T06:46:51.549+0000] {logging_mixin.py:190} INFO - [2025-03-28T06:46:51.549+0000] {dag.py:3239} INFO - Sync 1 DAGs
[2025-03-28T06:46:51.566+0000] {logging_mixin.py:190} INFO - [2025-03-28T06:46:51.566+0000] {dag.py:4180} INFO - Setting next_dagrun for example_bash_operator to 2025-03-27 00:00:00+00:00, run_after=2025-03-28 00:00:00+00:00
[2025-03-28T06:46:51.578+0000] {processor.py:208} INFO - Processing /home/airflow/.local/lib/python3.12/site-packages/airflow/example_dags/example_bash_operator.py took 0.063 seconds
