[2025-03-28T06:35:27.011+0000] {processor.py:186} INFO - Started process (PID=57) to work on /home/airflow/.local/lib/python3.12/site-packages/airflow/example_dags/example_dynamic_task_mapping.py
[2025-03-28T06:35:27.011+0000] {processor.py:914} INFO - Processing file /home/airflow/.local/lib/python3.12/site-packages/airflow/example_dags/example_dynamic_task_mapping.py for tasks to queue
[2025-03-28T06:35:27.013+0000] {logging_mixin.py:190} INFO - [2025-03-28T06:35:27.013+0000] {dagbag.py:588} INFO - Filling up the DagBag from /home/airflow/.local/lib/python3.12/site-packages/airflow/example_dags/example_dynamic_task_mapping.py
[2025-03-28T06:35:27.020+0000] {processor.py:925} INFO - DAG(s) 'example_dynamic_task_mapping' retrieved from /home/airflow/.local/lib/python3.12/site-packages/airflow/example_dags/example_dynamic_task_mapping.py
[2025-03-28T06:35:27.102+0000] {logging_mixin.py:190} INFO - [2025-03-28T06:35:27.101+0000] {override.py:1912} INFO - Created Permission View: can delete on DAG:example_dynamic_task_mapping
[2025-03-28T06:35:27.108+0000] {logging_mixin.py:190} INFO - [2025-03-28T06:35:27.108+0000] {override.py:1912} INFO - Created Permission View: can edit on DAG:example_dynamic_task_mapping
[2025-03-28T06:35:27.113+0000] {logging_mixin.py:190} INFO - [2025-03-28T06:35:27.113+0000] {override.py:1912} INFO - Created Permission View: can read on DAG:example_dynamic_task_mapping
[2025-03-28T06:35:27.118+0000] {logging_mixin.py:190} INFO - [2025-03-28T06:35:27.118+0000] {override.py:1912} INFO - Created Permission View: can create on DAG Run:example_dynamic_task_mapping
[2025-03-28T06:35:27.123+0000] {logging_mixin.py:190} INFO - [2025-03-28T06:35:27.123+0000] {override.py:1912} INFO - Created Permission View: can delete on DAG Run:example_dynamic_task_mapping
[2025-03-28T06:35:27.127+0000] {logging_mixin.py:190} INFO - [2025-03-28T06:35:27.127+0000] {override.py:1912} INFO - Created Permission View: can read on DAG Run:example_dynamic_task_mapping
[2025-03-28T06:35:27.131+0000] {logging_mixin.py:190} INFO - [2025-03-28T06:35:27.131+0000] {override.py:1912} INFO - Created Permission View: menu access on DAG Run:example_dynamic_task_mapping
[2025-03-28T06:35:27.132+0000] {logging_mixin.py:190} INFO - [2025-03-28T06:35:27.131+0000] {dag.py:3239} INFO - Sync 1 DAGs
[2025-03-28T06:35:27.142+0000] {logging_mixin.py:190} INFO - [2025-03-28T06:35:27.141+0000] {dag.py:3262} INFO - Creating ORM DAG for example_dynamic_task_mapping
[2025-03-28T06:35:27.142+0000] {logging_mixin.py:190} INFO - [2025-03-28T06:35:27.142+0000] {dag.py:4180} INFO - Setting next_dagrun for example_dynamic_task_mapping to None, run_after=None
[2025-03-28T06:35:27.152+0000] {processor.py:208} INFO - Processing /home/airflow/.local/lib/python3.12/site-packages/airflow/example_dags/example_dynamic_task_mapping.py took 0.146 seconds
[2025-03-28T06:35:57.777+0000] {processor.py:186} INFO - Started process (PID=120) to work on /home/airflow/.local/lib/python3.12/site-packages/airflow/example_dags/example_dynamic_task_mapping.py
[2025-03-28T06:35:57.778+0000] {processor.py:914} INFO - Processing file /home/airflow/.local/lib/python3.12/site-packages/airflow/example_dags/example_dynamic_task_mapping.py for tasks to queue
[2025-03-28T06:35:57.780+0000] {logging_mixin.py:190} INFO - [2025-03-28T06:35:57.779+0000] {dagbag.py:588} INFO - Filling up the DagBag from /home/airflow/.local/lib/python3.12/site-packages/airflow/example_dags/example_dynamic_task_mapping.py
[2025-03-28T06:35:57.788+0000] {processor.py:925} INFO - DAG(s) 'example_dynamic_task_mapping' retrieved from /home/airflow/.local/lib/python3.12/site-packages/airflow/example_dags/example_dynamic_task_mapping.py
[2025-03-28T06:35:57.807+0000] {logging_mixin.py:190} INFO - [2025-03-28T06:35:57.807+0000] {dag.py:3239} INFO - Sync 1 DAGs
[2025-03-28T06:35:57.818+0000] {logging_mixin.py:190} INFO - [2025-03-28T06:35:57.818+0000] {dag.py:4180} INFO - Setting next_dagrun for example_dynamic_task_mapping to None, run_after=None
[2025-03-28T06:35:57.830+0000] {processor.py:208} INFO - Processing /home/airflow/.local/lib/python3.12/site-packages/airflow/example_dags/example_dynamic_task_mapping.py took 0.058 seconds
[2025-03-28T06:36:28.353+0000] {processor.py:186} INFO - Started process (PID=183) to work on /home/airflow/.local/lib/python3.12/site-packages/airflow/example_dags/example_dynamic_task_mapping.py
[2025-03-28T06:36:28.353+0000] {processor.py:914} INFO - Processing file /home/airflow/.local/lib/python3.12/site-packages/airflow/example_dags/example_dynamic_task_mapping.py for tasks to queue
[2025-03-28T06:36:28.355+0000] {logging_mixin.py:190} INFO - [2025-03-28T06:36:28.355+0000] {dagbag.py:588} INFO - Filling up the DagBag from /home/airflow/.local/lib/python3.12/site-packages/airflow/example_dags/example_dynamic_task_mapping.py
[2025-03-28T06:36:28.361+0000] {processor.py:925} INFO - DAG(s) 'example_dynamic_task_mapping' retrieved from /home/airflow/.local/lib/python3.12/site-packages/airflow/example_dags/example_dynamic_task_mapping.py
[2025-03-28T06:36:28.376+0000] {logging_mixin.py:190} INFO - [2025-03-28T06:36:28.376+0000] {dag.py:3239} INFO - Sync 1 DAGs
[2025-03-28T06:36:28.386+0000] {logging_mixin.py:190} INFO - [2025-03-28T06:36:28.386+0000] {dag.py:4180} INFO - Setting next_dagrun for example_dynamic_task_mapping to None, run_after=None
[2025-03-28T06:36:28.398+0000] {processor.py:208} INFO - Processing /home/airflow/.local/lib/python3.12/site-packages/airflow/example_dags/example_dynamic_task_mapping.py took 0.049 seconds
[2025-03-28T06:45:48.565+0000] {processor.py:186} INFO - Started process (PID=56) to work on /home/airflow/.local/lib/python3.12/site-packages/airflow/example_dags/example_dynamic_task_mapping.py
[2025-03-28T06:45:48.566+0000] {processor.py:914} INFO - Processing file /home/airflow/.local/lib/python3.12/site-packages/airflow/example_dags/example_dynamic_task_mapping.py for tasks to queue
[2025-03-28T06:45:48.568+0000] {logging_mixin.py:190} INFO - [2025-03-28T06:45:48.568+0000] {dagbag.py:588} INFO - Filling up the DagBag from /home/airflow/.local/lib/python3.12/site-packages/airflow/example_dags/example_dynamic_task_mapping.py
[2025-03-28T06:45:48.576+0000] {processor.py:925} INFO - DAG(s) 'example_dynamic_task_mapping' retrieved from /home/airflow/.local/lib/python3.12/site-packages/airflow/example_dags/example_dynamic_task_mapping.py
[2025-03-28T06:45:48.597+0000] {logging_mixin.py:190} INFO - [2025-03-28T06:45:48.597+0000] {dag.py:3239} INFO - Sync 1 DAGs
[2025-03-28T06:45:48.610+0000] {logging_mixin.py:190} INFO - [2025-03-28T06:45:48.610+0000] {dag.py:4180} INFO - Setting next_dagrun for example_dynamic_task_mapping to None, run_after=None
[2025-03-28T06:45:48.624+0000] {processor.py:208} INFO - Processing /home/airflow/.local/lib/python3.12/site-packages/airflow/example_dags/example_dynamic_task_mapping.py took 0.064 seconds
[2025-03-28T06:46:19.291+0000] {processor.py:186} INFO - Started process (PID=119) to work on /home/airflow/.local/lib/python3.12/site-packages/airflow/example_dags/example_dynamic_task_mapping.py
[2025-03-28T06:46:19.292+0000] {processor.py:914} INFO - Processing file /home/airflow/.local/lib/python3.12/site-packages/airflow/example_dags/example_dynamic_task_mapping.py for tasks to queue
[2025-03-28T06:46:19.293+0000] {logging_mixin.py:190} INFO - [2025-03-28T06:46:19.293+0000] {dagbag.py:588} INFO - Filling up the DagBag from /home/airflow/.local/lib/python3.12/site-packages/airflow/example_dags/example_dynamic_task_mapping.py
[2025-03-28T06:46:19.299+0000] {processor.py:925} INFO - DAG(s) 'example_dynamic_task_mapping' retrieved from /home/airflow/.local/lib/python3.12/site-packages/airflow/example_dags/example_dynamic_task_mapping.py
[2025-03-28T06:46:19.314+0000] {logging_mixin.py:190} INFO - [2025-03-28T06:46:19.313+0000] {dag.py:3239} INFO - Sync 1 DAGs
[2025-03-28T06:46:19.325+0000] {logging_mixin.py:190} INFO - [2025-03-28T06:46:19.325+0000] {dag.py:4180} INFO - Setting next_dagrun for example_dynamic_task_mapping to None, run_after=None
[2025-03-28T06:46:19.338+0000] {processor.py:208} INFO - Processing /home/airflow/.local/lib/python3.12/site-packages/airflow/example_dags/example_dynamic_task_mapping.py took 0.051 seconds
[2025-03-28T06:46:50.206+0000] {processor.py:186} INFO - Started process (PID=182) to work on /home/airflow/.local/lib/python3.12/site-packages/airflow/example_dags/example_dynamic_task_mapping.py
[2025-03-28T06:46:50.207+0000] {processor.py:914} INFO - Processing file /home/airflow/.local/lib/python3.12/site-packages/airflow/example_dags/example_dynamic_task_mapping.py for tasks to queue
[2025-03-28T06:46:50.209+0000] {logging_mixin.py:190} INFO - [2025-03-28T06:46:50.209+0000] {dagbag.py:588} INFO - Filling up the DagBag from /home/airflow/.local/lib/python3.12/site-packages/airflow/example_dags/example_dynamic_task_mapping.py
[2025-03-28T06:46:50.216+0000] {processor.py:925} INFO - DAG(s) 'example_dynamic_task_mapping' retrieved from /home/airflow/.local/lib/python3.12/site-packages/airflow/example_dags/example_dynamic_task_mapping.py
[2025-03-28T06:46:50.237+0000] {logging_mixin.py:190} INFO - [2025-03-28T06:46:50.236+0000] {dag.py:3239} INFO - Sync 1 DAGs
[2025-03-28T06:46:50.249+0000] {logging_mixin.py:190} INFO - [2025-03-28T06:46:50.249+0000] {dag.py:4180} INFO - Setting next_dagrun for example_dynamic_task_mapping to None, run_after=None
[2025-03-28T06:46:50.262+0000] {processor.py:208} INFO - Processing /home/airflow/.local/lib/python3.12/site-packages/airflow/example_dags/example_dynamic_task_mapping.py took 0.061 seconds
[2025-03-28T06:47:20.674+0000] {processor.py:186} INFO - Started process (PID=245) to work on /home/airflow/.local/lib/python3.12/site-packages/airflow/example_dags/example_dynamic_task_mapping.py
[2025-03-28T06:47:20.675+0000] {processor.py:914} INFO - Processing file /home/airflow/.local/lib/python3.12/site-packages/airflow/example_dags/example_dynamic_task_mapping.py for tasks to queue
[2025-03-28T06:47:20.678+0000] {logging_mixin.py:190} INFO - [2025-03-28T06:47:20.678+0000] {dagbag.py:588} INFO - Filling up the DagBag from /home/airflow/.local/lib/python3.12/site-packages/airflow/example_dags/example_dynamic_task_mapping.py
[2025-03-28T06:47:20.691+0000] {processor.py:925} INFO - DAG(s) 'example_dynamic_task_mapping' retrieved from /home/airflow/.local/lib/python3.12/site-packages/airflow/example_dags/example_dynamic_task_mapping.py
[2025-03-28T06:47:20.715+0000] {logging_mixin.py:190} INFO - [2025-03-28T06:47:20.715+0000] {dag.py:3239} INFO - Sync 1 DAGs
[2025-03-28T06:47:20.734+0000] {logging_mixin.py:190} INFO - [2025-03-28T06:47:20.734+0000] {dag.py:4180} INFO - Setting next_dagrun for example_dynamic_task_mapping to None, run_after=None
[2025-03-28T06:47:20.755+0000] {processor.py:208} INFO - Processing /home/airflow/.local/lib/python3.12/site-packages/airflow/example_dags/example_dynamic_task_mapping.py took 0.089 seconds
