[2025-03-28T06:35:28.832+0000] {processor.py:186} INFO - Started process (PID=74) to work on /home/airflow/.local/lib/python3.12/site-packages/airflow/example_dags/example_latest_only_with_trigger.py
[2025-03-28T06:35:28.832+0000] {processor.py:914} INFO - Processing file /home/airflow/.local/lib/python3.12/site-packages/airflow/example_dags/example_latest_only_with_trigger.py for tasks to queue
[2025-03-28T06:35:28.834+0000] {logging_mixin.py:190} INFO - [2025-03-28T06:35:28.834+0000] {dagbag.py:588} INFO - Filling up the DagBag from /home/airflow/.local/lib/python3.12/site-packages/airflow/example_dags/example_latest_only_with_trigger.py
[2025-03-28T06:35:28.840+0000] {processor.py:925} INFO - DAG(s) 'latest_only_with_trigger' retrieved from /home/airflow/.local/lib/python3.12/site-packages/airflow/example_dags/example_latest_only_with_trigger.py
[2025-03-28T06:35:28.923+0000] {logging_mixin.py:190} INFO - [2025-03-28T06:35:28.922+0000] {override.py:1912} INFO - Created Permission View: can delete on DAG:latest_only_with_trigger
[2025-03-28T06:35:28.929+0000] {logging_mixin.py:190} INFO - [2025-03-28T06:35:28.929+0000] {override.py:1912} INFO - Created Permission View: can edit on DAG:latest_only_with_trigger
[2025-03-28T06:35:28.933+0000] {logging_mixin.py:190} INFO - [2025-03-28T06:35:28.933+0000] {override.py:1912} INFO - Created Permission View: can read on DAG:latest_only_with_trigger
[2025-03-28T06:35:28.938+0000] {logging_mixin.py:190} INFO - [2025-03-28T06:35:28.938+0000] {override.py:1912} INFO - Created Permission View: can create on DAG Run:latest_only_with_trigger
[2025-03-28T06:35:28.943+0000] {logging_mixin.py:190} INFO - [2025-03-28T06:35:28.943+0000] {override.py:1912} INFO - Created Permission View: can delete on DAG Run:latest_only_with_trigger
[2025-03-28T06:35:28.947+0000] {logging_mixin.py:190} INFO - [2025-03-28T06:35:28.947+0000] {override.py:1912} INFO - Created Permission View: can read on DAG Run:latest_only_with_trigger
[2025-03-28T06:35:28.952+0000] {logging_mixin.py:190} INFO - [2025-03-28T06:35:28.951+0000] {override.py:1912} INFO - Created Permission View: menu access on DAG Run:latest_only_with_trigger
[2025-03-28T06:35:28.952+0000] {logging_mixin.py:190} INFO - [2025-03-28T06:35:28.952+0000] {dag.py:3239} INFO - Sync 1 DAGs
[2025-03-28T06:35:28.963+0000] {logging_mixin.py:190} INFO - [2025-03-28T06:35:28.963+0000] {dag.py:3262} INFO - Creating ORM DAG for latest_only_with_trigger
[2025-03-28T06:35:28.970+0000] {logging_mixin.py:190} INFO - [2025-03-28T06:35:28.970+0000] {dag.py:4180} INFO - Setting next_dagrun for latest_only_with_trigger to 2025-03-28 00:00:00+00:00, run_after=2025-03-28 04:00:00+00:00
[2025-03-28T06:35:28.982+0000] {processor.py:208} INFO - Processing /home/airflow/.local/lib/python3.12/site-packages/airflow/example_dags/example_latest_only_with_trigger.py took 0.155 seconds
[2025-03-28T06:35:59.823+0000] {processor.py:186} INFO - Started process (PID=137) to work on /home/airflow/.local/lib/python3.12/site-packages/airflow/example_dags/example_latest_only_with_trigger.py
[2025-03-28T06:35:59.824+0000] {processor.py:914} INFO - Processing file /home/airflow/.local/lib/python3.12/site-packages/airflow/example_dags/example_latest_only_with_trigger.py for tasks to queue
[2025-03-28T06:35:59.826+0000] {logging_mixin.py:190} INFO - [2025-03-28T06:35:59.825+0000] {dagbag.py:588} INFO - Filling up the DagBag from /home/airflow/.local/lib/python3.12/site-packages/airflow/example_dags/example_latest_only_with_trigger.py
[2025-03-28T06:35:59.832+0000] {processor.py:925} INFO - DAG(s) 'latest_only_with_trigger' retrieved from /home/airflow/.local/lib/python3.12/site-packages/airflow/example_dags/example_latest_only_with_trigger.py
[2025-03-28T06:35:59.850+0000] {logging_mixin.py:190} INFO - [2025-03-28T06:35:59.850+0000] {dag.py:3239} INFO - Sync 1 DAGs
[2025-03-28T06:35:59.868+0000] {logging_mixin.py:190} INFO - [2025-03-28T06:35:59.868+0000] {dag.py:4180} INFO - Setting next_dagrun for latest_only_with_trigger to 2025-03-28 00:00:00+00:00, run_after=2025-03-28 04:00:00+00:00
[2025-03-28T06:35:59.881+0000] {processor.py:208} INFO - Processing /home/airflow/.local/lib/python3.12/site-packages/airflow/example_dags/example_latest_only_with_trigger.py took 0.063 seconds
[2025-03-28T06:36:31.062+0000] {processor.py:186} INFO - Started process (PID=200) to work on /home/airflow/.local/lib/python3.12/site-packages/airflow/example_dags/example_latest_only_with_trigger.py
[2025-03-28T06:36:31.063+0000] {processor.py:914} INFO - Processing file /home/airflow/.local/lib/python3.12/site-packages/airflow/example_dags/example_latest_only_with_trigger.py for tasks to queue
[2025-03-28T06:36:31.064+0000] {logging_mixin.py:190} INFO - [2025-03-28T06:36:31.064+0000] {dagbag.py:588} INFO - Filling up the DagBag from /home/airflow/.local/lib/python3.12/site-packages/airflow/example_dags/example_latest_only_with_trigger.py
[2025-03-28T06:36:31.070+0000] {processor.py:925} INFO - DAG(s) 'latest_only_with_trigger' retrieved from /home/airflow/.local/lib/python3.12/site-packages/airflow/example_dags/example_latest_only_with_trigger.py
[2025-03-28T06:36:31.086+0000] {logging_mixin.py:190} INFO - [2025-03-28T06:36:31.086+0000] {dag.py:3239} INFO - Sync 1 DAGs
[2025-03-28T06:36:31.102+0000] {logging_mixin.py:190} INFO - [2025-03-28T06:36:31.102+0000] {dag.py:4180} INFO - Setting next_dagrun for latest_only_with_trigger to 2025-03-28 00:00:00+00:00, run_after=2025-03-28 04:00:00+00:00
[2025-03-28T06:36:31.117+0000] {processor.py:208} INFO - Processing /home/airflow/.local/lib/python3.12/site-packages/airflow/example_dags/example_latest_only_with_trigger.py took 0.059 seconds
[2025-03-28T06:45:49.782+0000] {processor.py:186} INFO - Started process (PID=73) to work on /home/airflow/.local/lib/python3.12/site-packages/airflow/example_dags/example_latest_only_with_trigger.py
[2025-03-28T06:45:49.783+0000] {processor.py:914} INFO - Processing file /home/airflow/.local/lib/python3.12/site-packages/airflow/example_dags/example_latest_only_with_trigger.py for tasks to queue
[2025-03-28T06:45:49.784+0000] {logging_mixin.py:190} INFO - [2025-03-28T06:45:49.784+0000] {dagbag.py:588} INFO - Filling up the DagBag from /home/airflow/.local/lib/python3.12/site-packages/airflow/example_dags/example_latest_only_with_trigger.py
[2025-03-28T06:45:49.790+0000] {processor.py:925} INFO - DAG(s) 'latest_only_with_trigger' retrieved from /home/airflow/.local/lib/python3.12/site-packages/airflow/example_dags/example_latest_only_with_trigger.py
[2025-03-28T06:45:49.808+0000] {logging_mixin.py:190} INFO - [2025-03-28T06:45:49.807+0000] {dag.py:3239} INFO - Sync 1 DAGs
[2025-03-28T06:45:49.824+0000] {logging_mixin.py:190} INFO - [2025-03-28T06:45:49.823+0000] {dag.py:4180} INFO - Setting next_dagrun for latest_only_with_trigger to 2025-03-28 00:00:00+00:00, run_after=2025-03-28 04:00:00+00:00
[2025-03-28T06:45:49.836+0000] {processor.py:208} INFO - Processing /home/airflow/.local/lib/python3.12/site-packages/airflow/example_dags/example_latest_only_with_trigger.py took 0.058 seconds
[2025-03-28T06:46:20.115+0000] {processor.py:186} INFO - Started process (PID=136) to work on /home/airflow/.local/lib/python3.12/site-packages/airflow/example_dags/example_latest_only_with_trigger.py
[2025-03-28T06:46:20.116+0000] {processor.py:914} INFO - Processing file /home/airflow/.local/lib/python3.12/site-packages/airflow/example_dags/example_latest_only_with_trigger.py for tasks to queue
[2025-03-28T06:46:20.117+0000] {logging_mixin.py:190} INFO - [2025-03-28T06:46:20.117+0000] {dagbag.py:588} INFO - Filling up the DagBag from /home/airflow/.local/lib/python3.12/site-packages/airflow/example_dags/example_latest_only_with_trigger.py
[2025-03-28T06:46:20.123+0000] {processor.py:925} INFO - DAG(s) 'latest_only_with_trigger' retrieved from /home/airflow/.local/lib/python3.12/site-packages/airflow/example_dags/example_latest_only_with_trigger.py
[2025-03-28T06:46:20.141+0000] {logging_mixin.py:190} INFO - [2025-03-28T06:46:20.140+0000] {dag.py:3239} INFO - Sync 1 DAGs
[2025-03-28T06:46:20.157+0000] {logging_mixin.py:190} INFO - [2025-03-28T06:46:20.156+0000] {dag.py:4180} INFO - Setting next_dagrun for latest_only_with_trigger to 2025-03-28 00:00:00+00:00, run_after=2025-03-28 04:00:00+00:00
[2025-03-28T06:46:20.169+0000] {processor.py:208} INFO - Processing /home/airflow/.local/lib/python3.12/site-packages/airflow/example_dags/example_latest_only_with_trigger.py took 0.058 seconds
[2025-03-28T06:46:50.926+0000] {processor.py:186} INFO - Started process (PID=198) to work on /home/airflow/.local/lib/python3.12/site-packages/airflow/example_dags/example_latest_only_with_trigger.py
[2025-03-28T06:46:50.926+0000] {processor.py:914} INFO - Processing file /home/airflow/.local/lib/python3.12/site-packages/airflow/example_dags/example_latest_only_with_trigger.py for tasks to queue
[2025-03-28T06:46:50.928+0000] {logging_mixin.py:190} INFO - [2025-03-28T06:46:50.928+0000] {dagbag.py:588} INFO - Filling up the DagBag from /home/airflow/.local/lib/python3.12/site-packages/airflow/example_dags/example_latest_only_with_trigger.py
[2025-03-28T06:46:50.933+0000] {processor.py:925} INFO - DAG(s) 'latest_only_with_trigger' retrieved from /home/airflow/.local/lib/python3.12/site-packages/airflow/example_dags/example_latest_only_with_trigger.py
[2025-03-28T06:46:50.948+0000] {logging_mixin.py:190} INFO - [2025-03-28T06:46:50.948+0000] {dag.py:3239} INFO - Sync 1 DAGs
[2025-03-28T06:46:50.964+0000] {logging_mixin.py:190} INFO - [2025-03-28T06:46:50.964+0000] {dag.py:4180} INFO - Setting next_dagrun for latest_only_with_trigger to 2025-03-28 00:00:00+00:00, run_after=2025-03-28 04:00:00+00:00
[2025-03-28T06:46:50.976+0000] {processor.py:208} INFO - Processing /home/airflow/.local/lib/python3.12/site-packages/airflow/example_dags/example_latest_only_with_trigger.py took 0.054 seconds
