[2025-03-28T06:35:25.164+0000] {processor.py:186} INFO - Started process (PID=48) to work on /home/airflow/.local/lib/python3.12/site-packages/airflow/example_dags/example_local_kubernetes_executor.py
[2025-03-28T06:35:25.165+0000] {processor.py:914} INFO - Processing file /home/airflow/.local/lib/python3.12/site-packages/airflow/example_dags/example_local_kubernetes_executor.py for tasks to queue
[2025-03-28T06:35:25.166+0000] {logging_mixin.py:190} INFO - [2025-03-28T06:35:25.166+0000] {dagbag.py:588} INFO - Filling up the DagBag from /home/airflow/.local/lib/python3.12/site-packages/airflow/example_dags/example_local_kubernetes_executor.py
[2025-03-28T06:35:25.175+0000] {processor.py:925} INFO - DAG(s) 'example_local_kubernetes_executor' retrieved from /home/airflow/.local/lib/python3.12/site-packages/airflow/example_dags/example_local_kubernetes_executor.py
[2025-03-28T06:35:25.268+0000] {logging_mixin.py:190} INFO - [2025-03-28T06:35:25.267+0000] {override.py:1912} INFO - Created Permission View: can delete on DAG:example_local_kubernetes_executor
[2025-03-28T06:35:25.277+0000] {logging_mixin.py:190} INFO - [2025-03-28T06:35:25.277+0000] {override.py:1912} INFO - Created Permission View: can edit on DAG:example_local_kubernetes_executor
[2025-03-28T06:35:25.282+0000] {logging_mixin.py:190} INFO - [2025-03-28T06:35:25.282+0000] {override.py:1912} INFO - Created Permission View: can read on DAG:example_local_kubernetes_executor
[2025-03-28T06:35:25.288+0000] {logging_mixin.py:190} INFO - [2025-03-28T06:35:25.287+0000] {override.py:1912} INFO - Created Permission View: can create on DAG Run:example_local_kubernetes_executor
[2025-03-28T06:35:25.292+0000] {logging_mixin.py:190} INFO - [2025-03-28T06:35:25.292+0000] {override.py:1912} INFO - Created Permission View: can delete on DAG Run:example_local_kubernetes_executor
[2025-03-28T06:35:25.298+0000] {logging_mixin.py:190} INFO - [2025-03-28T06:35:25.297+0000] {override.py:1912} INFO - Created Permission View: can read on DAG Run:example_local_kubernetes_executor
[2025-03-28T06:35:25.302+0000] {logging_mixin.py:190} INFO - [2025-03-28T06:35:25.302+0000] {override.py:1912} INFO - Created Permission View: menu access on DAG Run:example_local_kubernetes_executor
[2025-03-28T06:35:25.303+0000] {logging_mixin.py:190} INFO - [2025-03-28T06:35:25.303+0000] {dag.py:3239} INFO - Sync 1 DAGs
[2025-03-28T06:35:25.312+0000] {logging_mixin.py:190} INFO - [2025-03-28T06:35:25.312+0000] {dag.py:3262} INFO - Creating ORM DAG for example_local_kubernetes_executor
[2025-03-28T06:35:25.313+0000] {logging_mixin.py:190} INFO - [2025-03-28T06:35:25.313+0000] {dag.py:4180} INFO - Setting next_dagrun for example_local_kubernetes_executor to None, run_after=None
[2025-03-28T06:35:25.325+0000] {processor.py:208} INFO - Processing /home/airflow/.local/lib/python3.12/site-packages/airflow/example_dags/example_local_kubernetes_executor.py took 0.165 seconds
[2025-03-28T06:35:55.861+0000] {processor.py:186} INFO - Started process (PID=110) to work on /home/airflow/.local/lib/python3.12/site-packages/airflow/example_dags/example_local_kubernetes_executor.py
[2025-03-28T06:35:55.862+0000] {processor.py:914} INFO - Processing file /home/airflow/.local/lib/python3.12/site-packages/airflow/example_dags/example_local_kubernetes_executor.py for tasks to queue
[2025-03-28T06:35:55.864+0000] {logging_mixin.py:190} INFO - [2025-03-28T06:35:55.864+0000] {dagbag.py:588} INFO - Filling up the DagBag from /home/airflow/.local/lib/python3.12/site-packages/airflow/example_dags/example_local_kubernetes_executor.py
[2025-03-28T06:35:55.873+0000] {processor.py:925} INFO - DAG(s) 'example_local_kubernetes_executor' retrieved from /home/airflow/.local/lib/python3.12/site-packages/airflow/example_dags/example_local_kubernetes_executor.py
[2025-03-28T06:35:55.893+0000] {logging_mixin.py:190} INFO - [2025-03-28T06:35:55.893+0000] {dag.py:3239} INFO - Sync 1 DAGs
[2025-03-28T06:35:55.904+0000] {logging_mixin.py:190} INFO - [2025-03-28T06:35:55.904+0000] {dag.py:4180} INFO - Setting next_dagrun for example_local_kubernetes_executor to None, run_after=None
[2025-03-28T06:35:55.917+0000] {processor.py:208} INFO - Processing /home/airflow/.local/lib/python3.12/site-packages/airflow/example_dags/example_local_kubernetes_executor.py took 0.061 seconds
[2025-03-28T06:36:26.599+0000] {processor.py:186} INFO - Started process (PID=173) to work on /home/airflow/.local/lib/python3.12/site-packages/airflow/example_dags/example_local_kubernetes_executor.py
[2025-03-28T06:36:26.600+0000] {processor.py:914} INFO - Processing file /home/airflow/.local/lib/python3.12/site-packages/airflow/example_dags/example_local_kubernetes_executor.py for tasks to queue
[2025-03-28T06:36:26.603+0000] {logging_mixin.py:190} INFO - [2025-03-28T06:36:26.602+0000] {dagbag.py:588} INFO - Filling up the DagBag from /home/airflow/.local/lib/python3.12/site-packages/airflow/example_dags/example_local_kubernetes_executor.py
[2025-03-28T06:36:26.613+0000] {processor.py:925} INFO - DAG(s) 'example_local_kubernetes_executor' retrieved from /home/airflow/.local/lib/python3.12/site-packages/airflow/example_dags/example_local_kubernetes_executor.py
[2025-03-28T06:36:26.637+0000] {logging_mixin.py:190} INFO - [2025-03-28T06:36:26.636+0000] {dag.py:3239} INFO - Sync 1 DAGs
[2025-03-28T06:36:26.650+0000] {logging_mixin.py:190} INFO - [2025-03-28T06:36:26.650+0000] {dag.py:4180} INFO - Setting next_dagrun for example_local_kubernetes_executor to None, run_after=None
[2025-03-28T06:36:26.666+0000] {processor.py:208} INFO - Processing /home/airflow/.local/lib/python3.12/site-packages/airflow/example_dags/example_local_kubernetes_executor.py took 0.074 seconds
[2025-03-28T06:45:47.781+0000] {processor.py:186} INFO - Started process (PID=47) to work on /home/airflow/.local/lib/python3.12/site-packages/airflow/example_dags/example_local_kubernetes_executor.py
[2025-03-28T06:45:47.782+0000] {processor.py:914} INFO - Processing file /home/airflow/.local/lib/python3.12/site-packages/airflow/example_dags/example_local_kubernetes_executor.py for tasks to queue
[2025-03-28T06:45:47.784+0000] {logging_mixin.py:190} INFO - [2025-03-28T06:45:47.783+0000] {dagbag.py:588} INFO - Filling up the DagBag from /home/airflow/.local/lib/python3.12/site-packages/airflow/example_dags/example_local_kubernetes_executor.py
[2025-03-28T06:45:47.791+0000] {processor.py:925} INFO - DAG(s) 'example_local_kubernetes_executor' retrieved from /home/airflow/.local/lib/python3.12/site-packages/airflow/example_dags/example_local_kubernetes_executor.py
[2025-03-28T06:45:47.813+0000] {logging_mixin.py:190} INFO - [2025-03-28T06:45:47.813+0000] {dag.py:3239} INFO - Sync 1 DAGs
[2025-03-28T06:45:47.826+0000] {logging_mixin.py:190} INFO - [2025-03-28T06:45:47.826+0000] {dag.py:4180} INFO - Setting next_dagrun for example_local_kubernetes_executor to None, run_after=None
[2025-03-28T06:45:47.842+0000] {processor.py:208} INFO - Processing /home/airflow/.local/lib/python3.12/site-packages/airflow/example_dags/example_local_kubernetes_executor.py took 0.065 seconds
[2025-03-28T06:46:18.060+0000] {processor.py:186} INFO - Started process (PID=109) to work on /home/airflow/.local/lib/python3.12/site-packages/airflow/example_dags/example_local_kubernetes_executor.py
[2025-03-28T06:46:18.061+0000] {processor.py:914} INFO - Processing file /home/airflow/.local/lib/python3.12/site-packages/airflow/example_dags/example_local_kubernetes_executor.py for tasks to queue
[2025-03-28T06:46:18.063+0000] {logging_mixin.py:190} INFO - [2025-03-28T06:46:18.063+0000] {dagbag.py:588} INFO - Filling up the DagBag from /home/airflow/.local/lib/python3.12/site-packages/airflow/example_dags/example_local_kubernetes_executor.py
[2025-03-28T06:46:18.071+0000] {processor.py:925} INFO - DAG(s) 'example_local_kubernetes_executor' retrieved from /home/airflow/.local/lib/python3.12/site-packages/airflow/example_dags/example_local_kubernetes_executor.py
[2025-03-28T06:46:18.088+0000] {logging_mixin.py:190} INFO - [2025-03-28T06:46:18.088+0000] {dag.py:3239} INFO - Sync 1 DAGs
[2025-03-28T06:46:18.099+0000] {logging_mixin.py:190} INFO - [2025-03-28T06:46:18.099+0000] {dag.py:4180} INFO - Setting next_dagrun for example_local_kubernetes_executor to None, run_after=None
[2025-03-28T06:46:18.111+0000] {processor.py:208} INFO - Processing /home/airflow/.local/lib/python3.12/site-packages/airflow/example_dags/example_local_kubernetes_executor.py took 0.056 seconds
[2025-03-28T06:46:48.328+0000] {processor.py:186} INFO - Started process (PID=172) to work on /home/airflow/.local/lib/python3.12/site-packages/airflow/example_dags/example_local_kubernetes_executor.py
[2025-03-28T06:46:48.329+0000] {processor.py:914} INFO - Processing file /home/airflow/.local/lib/python3.12/site-packages/airflow/example_dags/example_local_kubernetes_executor.py for tasks to queue
[2025-03-28T06:46:48.331+0000] {logging_mixin.py:190} INFO - [2025-03-28T06:46:48.330+0000] {dagbag.py:588} INFO - Filling up the DagBag from /home/airflow/.local/lib/python3.12/site-packages/airflow/example_dags/example_local_kubernetes_executor.py
[2025-03-28T06:46:48.340+0000] {processor.py:925} INFO - DAG(s) 'example_local_kubernetes_executor' retrieved from /home/airflow/.local/lib/python3.12/site-packages/airflow/example_dags/example_local_kubernetes_executor.py
[2025-03-28T06:46:48.361+0000] {logging_mixin.py:190} INFO - [2025-03-28T06:46:48.360+0000] {dag.py:3239} INFO - Sync 1 DAGs
[2025-03-28T06:46:48.371+0000] {logging_mixin.py:190} INFO - [2025-03-28T06:46:48.371+0000] {dag.py:4180} INFO - Setting next_dagrun for example_local_kubernetes_executor to None, run_after=None
[2025-03-28T06:46:48.385+0000] {processor.py:208} INFO - Processing /home/airflow/.local/lib/python3.12/site-packages/airflow/example_dags/example_local_kubernetes_executor.py took 0.062 seconds
[2025-03-28T06:47:18.998+0000] {processor.py:186} INFO - Started process (PID=235) to work on /home/airflow/.local/lib/python3.12/site-packages/airflow/example_dags/example_local_kubernetes_executor.py
[2025-03-28T06:47:18.999+0000] {processor.py:914} INFO - Processing file /home/airflow/.local/lib/python3.12/site-packages/airflow/example_dags/example_local_kubernetes_executor.py for tasks to queue
[2025-03-28T06:47:19.001+0000] {logging_mixin.py:190} INFO - [2025-03-28T06:47:19.000+0000] {dagbag.py:588} INFO - Filling up the DagBag from /home/airflow/.local/lib/python3.12/site-packages/airflow/example_dags/example_local_kubernetes_executor.py
[2025-03-28T06:47:19.010+0000] {processor.py:925} INFO - DAG(s) 'example_local_kubernetes_executor' retrieved from /home/airflow/.local/lib/python3.12/site-packages/airflow/example_dags/example_local_kubernetes_executor.py
[2025-03-28T06:47:19.030+0000] {logging_mixin.py:190} INFO - [2025-03-28T06:47:19.030+0000] {dag.py:3239} INFO - Sync 1 DAGs
[2025-03-28T06:47:19.041+0000] {logging_mixin.py:190} INFO - [2025-03-28T06:47:19.041+0000] {dag.py:4180} INFO - Setting next_dagrun for example_local_kubernetes_executor to None, run_after=None
[2025-03-28T06:47:19.055+0000] {processor.py:208} INFO - Processing /home/airflow/.local/lib/python3.12/site-packages/airflow/example_dags/example_local_kubernetes_executor.py took 0.061 seconds
