[2025-03-28T06:35:29.381+0000] {processor.py:186} INFO - Started process (PID=80) to work on /home/airflow/.local/lib/python3.12/site-packages/airflow/example_dags/example_outlet_event_extra.py
[2025-03-28T06:35:29.382+0000] {processor.py:914} INFO - Processing file /home/airflow/.local/lib/python3.12/site-packages/airflow/example_dags/example_outlet_event_extra.py for tasks to queue
[2025-03-28T06:35:29.384+0000] {logging_mixin.py:190} INFO - [2025-03-28T06:35:29.383+0000] {dagbag.py:588} INFO - Filling up the DagBag from /home/airflow/.local/lib/python3.12/site-packages/airflow/example_dags/example_outlet_event_extra.py
[2025-03-28T06:35:29.883+0000] {processor.py:925} INFO - DAG(s) 'dataset_with_extra_from_classic_operator', 'dataset_with_extra_by_yield', 'dataset_with_extra_by_context' retrieved from /home/airflow/.local/lib/python3.12/site-packages/airflow/example_dags/example_outlet_event_extra.py
[2025-03-28T06:35:29.966+0000] {logging_mixin.py:190} INFO - [2025-03-28T06:35:29.966+0000] {override.py:1912} INFO - Created Permission View: can delete on DAG:dataset_with_extra_from_classic_operator
[2025-03-28T06:35:29.973+0000] {logging_mixin.py:190} INFO - [2025-03-28T06:35:29.973+0000] {override.py:1912} INFO - Created Permission View: can edit on DAG:dataset_with_extra_from_classic_operator
[2025-03-28T06:35:29.978+0000] {logging_mixin.py:190} INFO - [2025-03-28T06:35:29.978+0000] {override.py:1912} INFO - Created Permission View: can read on DAG:dataset_with_extra_from_classic_operator
[2025-03-28T06:35:29.983+0000] {logging_mixin.py:190} INFO - [2025-03-28T06:35:29.983+0000] {override.py:1912} INFO - Created Permission View: can create on DAG Run:dataset_with_extra_from_classic_operator
[2025-03-28T06:35:29.988+0000] {logging_mixin.py:190} INFO - [2025-03-28T06:35:29.988+0000] {override.py:1912} INFO - Created Permission View: can delete on DAG Run:dataset_with_extra_from_classic_operator
[2025-03-28T06:35:29.993+0000] {logging_mixin.py:190} INFO - [2025-03-28T06:35:29.993+0000] {override.py:1912} INFO - Created Permission View: can read on DAG Run:dataset_with_extra_from_classic_operator
[2025-03-28T06:35:29.998+0000] {logging_mixin.py:190} INFO - [2025-03-28T06:35:29.997+0000] {override.py:1912} INFO - Created Permission View: menu access on DAG Run:dataset_with_extra_from_classic_operator
[2025-03-28T06:35:30.007+0000] {logging_mixin.py:190} INFO - [2025-03-28T06:35:30.007+0000] {override.py:1912} INFO - Created Permission View: can delete on DAG:dataset_with_extra_by_yield
[2025-03-28T06:35:30.012+0000] {logging_mixin.py:190} INFO - [2025-03-28T06:35:30.012+0000] {override.py:1912} INFO - Created Permission View: can edit on DAG:dataset_with_extra_by_yield
[2025-03-28T06:35:30.016+0000] {logging_mixin.py:190} INFO - [2025-03-28T06:35:30.016+0000] {override.py:1912} INFO - Created Permission View: can read on DAG:dataset_with_extra_by_yield
[2025-03-28T06:35:30.021+0000] {logging_mixin.py:190} INFO - [2025-03-28T06:35:30.021+0000] {override.py:1912} INFO - Created Permission View: can create on DAG Run:dataset_with_extra_by_yield
[2025-03-28T06:35:30.026+0000] {logging_mixin.py:190} INFO - [2025-03-28T06:35:30.026+0000] {override.py:1912} INFO - Created Permission View: can delete on DAG Run:dataset_with_extra_by_yield
[2025-03-28T06:35:30.030+0000] {logging_mixin.py:190} INFO - [2025-03-28T06:35:30.030+0000] {override.py:1912} INFO - Created Permission View: can read on DAG Run:dataset_with_extra_by_yield
[2025-03-28T06:35:30.035+0000] {logging_mixin.py:190} INFO - [2025-03-28T06:35:30.035+0000] {override.py:1912} INFO - Created Permission View: menu access on DAG Run:dataset_with_extra_by_yield
[2025-03-28T06:35:30.043+0000] {logging_mixin.py:190} INFO - [2025-03-28T06:35:30.043+0000] {override.py:1912} INFO - Created Permission View: can delete on DAG:dataset_with_extra_by_context
[2025-03-28T06:35:30.047+0000] {logging_mixin.py:190} INFO - [2025-03-28T06:35:30.047+0000] {override.py:1912} INFO - Created Permission View: can edit on DAG:dataset_with_extra_by_context
[2025-03-28T06:35:30.051+0000] {logging_mixin.py:190} INFO - [2025-03-28T06:35:30.051+0000] {override.py:1912} INFO - Created Permission View: can read on DAG:dataset_with_extra_by_context
[2025-03-28T06:35:30.055+0000] {logging_mixin.py:190} INFO - [2025-03-28T06:35:30.055+0000] {override.py:1912} INFO - Created Permission View: can create on DAG Run:dataset_with_extra_by_context
[2025-03-28T06:35:30.060+0000] {logging_mixin.py:190} INFO - [2025-03-28T06:35:30.060+0000] {override.py:1912} INFO - Created Permission View: can delete on DAG Run:dataset_with_extra_by_context
[2025-03-28T06:35:30.065+0000] {logging_mixin.py:190} INFO - [2025-03-28T06:35:30.065+0000] {override.py:1912} INFO - Created Permission View: can read on DAG Run:dataset_with_extra_by_context
[2025-03-28T06:35:30.070+0000] {logging_mixin.py:190} INFO - [2025-03-28T06:35:30.070+0000] {override.py:1912} INFO - Created Permission View: menu access on DAG Run:dataset_with_extra_by_context
[2025-03-28T06:35:30.070+0000] {logging_mixin.py:190} INFO - [2025-03-28T06:35:30.070+0000] {dag.py:3239} INFO - Sync 3 DAGs
[2025-03-28T06:35:30.081+0000] {logging_mixin.py:190} INFO - [2025-03-28T06:35:30.081+0000] {dag.py:3262} INFO - Creating ORM DAG for dataset_with_extra_by_context
[2025-03-28T06:35:30.082+0000] {logging_mixin.py:190} INFO - [2025-03-28T06:35:30.082+0000] {dag.py:3262} INFO - Creating ORM DAG for dataset_with_extra_from_classic_operator
[2025-03-28T06:35:30.082+0000] {logging_mixin.py:190} INFO - [2025-03-28T06:35:30.082+0000] {dag.py:3262} INFO - Creating ORM DAG for dataset_with_extra_by_yield
[2025-03-28T06:35:30.090+0000] {logging_mixin.py:190} INFO - [2025-03-28T06:35:30.090+0000] {dag.py:4180} INFO - Setting next_dagrun for dataset_with_extra_by_context to 2025-03-27 00:00:00+00:00, run_after=2025-03-28 00:00:00+00:00
[2025-03-28T06:35:30.091+0000] {logging_mixin.py:190} INFO - [2025-03-28T06:35:30.091+0000] {dag.py:4180} INFO - Setting next_dagrun for dataset_with_extra_by_yield to 2025-03-27 00:00:00+00:00, run_after=2025-03-28 00:00:00+00:00
[2025-03-28T06:35:30.092+0000] {logging_mixin.py:190} INFO - [2025-03-28T06:35:30.092+0000] {dag.py:4180} INFO - Setting next_dagrun for dataset_with_extra_from_classic_operator to 2025-03-27 00:00:00+00:00, run_after=2025-03-28 00:00:00+00:00
[2025-03-28T06:35:30.109+0000] {processor.py:208} INFO - Processing /home/airflow/.local/lib/python3.12/site-packages/airflow/example_dags/example_outlet_event_extra.py took 0.732 seconds
[2025-03-28T06:36:00.379+0000] {processor.py:186} INFO - Started process (PID=145) to work on /home/airflow/.local/lib/python3.12/site-packages/airflow/example_dags/example_outlet_event_extra.py
[2025-03-28T06:36:00.379+0000] {processor.py:914} INFO - Processing file /home/airflow/.local/lib/python3.12/site-packages/airflow/example_dags/example_outlet_event_extra.py for tasks to queue
[2025-03-28T06:36:00.381+0000] {logging_mixin.py:190} INFO - [2025-03-28T06:36:00.381+0000] {dagbag.py:588} INFO - Filling up the DagBag from /home/airflow/.local/lib/python3.12/site-packages/airflow/example_dags/example_outlet_event_extra.py
[2025-03-28T06:36:01.001+0000] {processor.py:925} INFO - DAG(s) 'dataset_with_extra_from_classic_operator', 'dataset_with_extra_by_yield', 'dataset_with_extra_by_context' retrieved from /home/airflow/.local/lib/python3.12/site-packages/airflow/example_dags/example_outlet_event_extra.py
[2025-03-28T06:36:01.021+0000] {logging_mixin.py:190} INFO - [2025-03-28T06:36:01.021+0000] {dag.py:3239} INFO - Sync 3 DAGs
[2025-03-28T06:36:01.038+0000] {logging_mixin.py:190} INFO - [2025-03-28T06:36:01.038+0000] {dag.py:4180} INFO - Setting next_dagrun for dataset_with_extra_by_context to 2025-03-27 00:00:00+00:00, run_after=2025-03-28 00:00:00+00:00
[2025-03-28T06:36:01.041+0000] {logging_mixin.py:190} INFO - [2025-03-28T06:36:01.041+0000] {dag.py:4180} INFO - Setting next_dagrun for dataset_with_extra_by_yield to 2025-03-27 00:00:00+00:00, run_after=2025-03-28 00:00:00+00:00
[2025-03-28T06:36:01.043+0000] {logging_mixin.py:190} INFO - [2025-03-28T06:36:01.043+0000] {dag.py:4180} INFO - Setting next_dagrun for dataset_with_extra_from_classic_operator to 2025-03-27 00:00:00+00:00, run_after=2025-03-28 00:00:00+00:00
[2025-03-28T06:36:01.056+0000] {processor.py:208} INFO - Processing /home/airflow/.local/lib/python3.12/site-packages/airflow/example_dags/example_outlet_event_extra.py took 0.682 seconds
[2025-03-28T06:36:31.424+0000] {processor.py:186} INFO - Started process (PID=206) to work on /home/airflow/.local/lib/python3.12/site-packages/airflow/example_dags/example_outlet_event_extra.py
[2025-03-28T06:36:31.424+0000] {processor.py:914} INFO - Processing file /home/airflow/.local/lib/python3.12/site-packages/airflow/example_dags/example_outlet_event_extra.py for tasks to queue
[2025-03-28T06:36:31.426+0000] {logging_mixin.py:190} INFO - [2025-03-28T06:36:31.426+0000] {dagbag.py:588} INFO - Filling up the DagBag from /home/airflow/.local/lib/python3.12/site-packages/airflow/example_dags/example_outlet_event_extra.py
[2025-03-28T06:36:31.895+0000] {processor.py:925} INFO - DAG(s) 'dataset_with_extra_by_context', 'dataset_with_extra_from_classic_operator', 'dataset_with_extra_by_yield' retrieved from /home/airflow/.local/lib/python3.12/site-packages/airflow/example_dags/example_outlet_event_extra.py
[2025-03-28T06:36:31.914+0000] {logging_mixin.py:190} INFO - [2025-03-28T06:36:31.913+0000] {dag.py:3239} INFO - Sync 3 DAGs
[2025-03-28T06:36:31.931+0000] {logging_mixin.py:190} INFO - [2025-03-28T06:36:31.931+0000] {dag.py:4180} INFO - Setting next_dagrun for dataset_with_extra_by_context to 2025-03-27 00:00:00+00:00, run_after=2025-03-28 00:00:00+00:00
[2025-03-28T06:36:31.935+0000] {logging_mixin.py:190} INFO - [2025-03-28T06:36:31.935+0000] {dag.py:4180} INFO - Setting next_dagrun for dataset_with_extra_by_yield to 2025-03-27 00:00:00+00:00, run_after=2025-03-28 00:00:00+00:00
[2025-03-28T06:36:31.938+0000] {logging_mixin.py:190} INFO - [2025-03-28T06:36:31.937+0000] {dag.py:4180} INFO - Setting next_dagrun for dataset_with_extra_from_classic_operator to 2025-03-27 00:00:00+00:00, run_after=2025-03-28 00:00:00+00:00
[2025-03-28T06:36:31.953+0000] {processor.py:208} INFO - Processing /home/airflow/.local/lib/python3.12/site-packages/airflow/example_dags/example_outlet_event_extra.py took 0.534 seconds
[2025-03-28T06:45:50.099+0000] {processor.py:186} INFO - Started process (PID=79) to work on /home/airflow/.local/lib/python3.12/site-packages/airflow/example_dags/example_outlet_event_extra.py
[2025-03-28T06:45:50.100+0000] {processor.py:914} INFO - Processing file /home/airflow/.local/lib/python3.12/site-packages/airflow/example_dags/example_outlet_event_extra.py for tasks to queue
[2025-03-28T06:45:50.101+0000] {logging_mixin.py:190} INFO - [2025-03-28T06:45:50.101+0000] {dagbag.py:588} INFO - Filling up the DagBag from /home/airflow/.local/lib/python3.12/site-packages/airflow/example_dags/example_outlet_event_extra.py
[2025-03-28T06:45:50.632+0000] {processor.py:925} INFO - DAG(s) 'dataset_with_extra_by_context', 'dataset_with_extra_by_yield', 'dataset_with_extra_from_classic_operator' retrieved from /home/airflow/.local/lib/python3.12/site-packages/airflow/example_dags/example_outlet_event_extra.py
[2025-03-28T06:45:50.651+0000] {logging_mixin.py:190} INFO - [2025-03-28T06:45:50.651+0000] {dag.py:3239} INFO - Sync 3 DAGs
[2025-03-28T06:45:50.669+0000] {logging_mixin.py:190} INFO - [2025-03-28T06:45:50.669+0000] {dag.py:4180} INFO - Setting next_dagrun for dataset_with_extra_by_context to 2025-03-27 00:00:00+00:00, run_after=2025-03-28 00:00:00+00:00
[2025-03-28T06:45:50.673+0000] {logging_mixin.py:190} INFO - [2025-03-28T06:45:50.672+0000] {dag.py:4180} INFO - Setting next_dagrun for dataset_with_extra_by_yield to 2025-03-27 00:00:00+00:00, run_after=2025-03-28 00:00:00+00:00
[2025-03-28T06:45:50.674+0000] {logging_mixin.py:190} INFO - [2025-03-28T06:45:50.674+0000] {dag.py:4180} INFO - Setting next_dagrun for dataset_with_extra_from_classic_operator to 2025-03-27 00:00:00+00:00, run_after=2025-03-28 00:00:00+00:00
[2025-03-28T06:45:50.688+0000] {processor.py:208} INFO - Processing /home/airflow/.local/lib/python3.12/site-packages/airflow/example_dags/example_outlet_event_extra.py took 0.593 seconds
[2025-03-28T06:46:20.772+0000] {processor.py:186} INFO - Started process (PID=148) to work on /home/airflow/.local/lib/python3.12/site-packages/airflow/example_dags/example_outlet_event_extra.py
[2025-03-28T06:46:20.772+0000] {processor.py:914} INFO - Processing file /home/airflow/.local/lib/python3.12/site-packages/airflow/example_dags/example_outlet_event_extra.py for tasks to queue
[2025-03-28T06:46:20.774+0000] {logging_mixin.py:190} INFO - [2025-03-28T06:46:20.774+0000] {dagbag.py:588} INFO - Filling up the DagBag from /home/airflow/.local/lib/python3.12/site-packages/airflow/example_dags/example_outlet_event_extra.py
[2025-03-28T06:46:21.205+0000] {processor.py:925} INFO - DAG(s) 'dataset_with_extra_from_classic_operator', 'dataset_with_extra_by_context', 'dataset_with_extra_by_yield' retrieved from /home/airflow/.local/lib/python3.12/site-packages/airflow/example_dags/example_outlet_event_extra.py
[2025-03-28T06:46:21.223+0000] {logging_mixin.py:190} INFO - [2025-03-28T06:46:21.222+0000] {dag.py:3239} INFO - Sync 3 DAGs
[2025-03-28T06:46:21.241+0000] {logging_mixin.py:190} INFO - [2025-03-28T06:46:21.241+0000] {dag.py:4180} INFO - Setting next_dagrun for dataset_with_extra_by_context to 2025-03-27 00:00:00+00:00, run_after=2025-03-28 00:00:00+00:00
[2025-03-28T06:46:21.245+0000] {logging_mixin.py:190} INFO - [2025-03-28T06:46:21.245+0000] {dag.py:4180} INFO - Setting next_dagrun for dataset_with_extra_by_yield to 2025-03-27 00:00:00+00:00, run_after=2025-03-28 00:00:00+00:00
[2025-03-28T06:46:21.246+0000] {logging_mixin.py:190} INFO - [2025-03-28T06:46:21.246+0000] {dag.py:4180} INFO - Setting next_dagrun for dataset_with_extra_from_classic_operator to 2025-03-27 00:00:00+00:00, run_after=2025-03-28 00:00:00+00:00
[2025-03-28T06:46:21.259+0000] {processor.py:208} INFO - Processing /home/airflow/.local/lib/python3.12/site-packages/airflow/example_dags/example_outlet_event_extra.py took 0.491 seconds
[2025-03-28T06:46:51.674+0000] {processor.py:186} INFO - Started process (PID=211) to work on /home/airflow/.local/lib/python3.12/site-packages/airflow/example_dags/example_outlet_event_extra.py
[2025-03-28T06:46:51.674+0000] {processor.py:914} INFO - Processing file /home/airflow/.local/lib/python3.12/site-packages/airflow/example_dags/example_outlet_event_extra.py for tasks to queue
[2025-03-28T06:46:51.676+0000] {logging_mixin.py:190} INFO - [2025-03-28T06:46:51.676+0000] {dagbag.py:588} INFO - Filling up the DagBag from /home/airflow/.local/lib/python3.12/site-packages/airflow/example_dags/example_outlet_event_extra.py
[2025-03-28T06:46:52.130+0000] {processor.py:925} INFO - DAG(s) 'dataset_with_extra_from_classic_operator', 'dataset_with_extra_by_yield', 'dataset_with_extra_by_context' retrieved from /home/airflow/.local/lib/python3.12/site-packages/airflow/example_dags/example_outlet_event_extra.py
[2025-03-28T06:46:52.151+0000] {logging_mixin.py:190} INFO - [2025-03-28T06:46:52.151+0000] {dag.py:3239} INFO - Sync 3 DAGs
[2025-03-28T06:46:52.170+0000] {logging_mixin.py:190} INFO - [2025-03-28T06:46:52.170+0000] {dag.py:4180} INFO - Setting next_dagrun for dataset_with_extra_by_context to 2025-03-27 00:00:00+00:00, run_after=2025-03-28 00:00:00+00:00
[2025-03-28T06:46:52.173+0000] {logging_mixin.py:190} INFO - [2025-03-28T06:46:52.173+0000] {dag.py:4180} INFO - Setting next_dagrun for dataset_with_extra_by_yield to 2025-03-27 00:00:00+00:00, run_after=2025-03-28 00:00:00+00:00
[2025-03-28T06:46:52.175+0000] {logging_mixin.py:190} INFO - [2025-03-28T06:46:52.175+0000] {dag.py:4180} INFO - Setting next_dagrun for dataset_with_extra_from_classic_operator to 2025-03-27 00:00:00+00:00, run_after=2025-03-28 00:00:00+00:00
[2025-03-28T06:46:52.190+0000] {processor.py:208} INFO - Processing /home/airflow/.local/lib/python3.12/site-packages/airflow/example_dags/example_outlet_event_extra.py took 0.520 seconds
