[2025-03-28T06:35:32.062+0000] {processor.py:186} INFO - Started process (PID=93) to work on /home/airflow/.local/lib/python3.12/site-packages/airflow/example_dags/example_branch_operator.py
[2025-03-28T06:35:32.062+0000] {processor.py:914} INFO - Processing file /home/airflow/.local/lib/python3.12/site-packages/airflow/example_dags/example_branch_operator.py for tasks to queue
[2025-03-28T06:35:32.065+0000] {logging_mixin.py:190} INFO - [2025-03-28T06:35:32.064+0000] {dagbag.py:588} INFO - Filling up the DagBag from /home/airflow/.local/lib/python3.12/site-packages/airflow/example_dags/example_branch_operator.py
[2025-03-28T06:35:32.085+0000] {processor.py:925} INFO - DAG(s) 'example_branch_operator' retrieved from /home/airflow/.local/lib/python3.12/site-packages/airflow/example_dags/example_branch_operator.py
[2025-03-28T06:35:32.197+0000] {logging_mixin.py:190} INFO - [2025-03-28T06:35:32.197+0000] {override.py:1912} INFO - Created Permission View: can delete on DAG:example_branch_operator
[2025-03-28T06:35:32.206+0000] {logging_mixin.py:190} INFO - [2025-03-28T06:35:32.206+0000] {override.py:1912} INFO - Created Permission View: can edit on DAG:example_branch_operator
[2025-03-28T06:35:32.211+0000] {logging_mixin.py:190} INFO - [2025-03-28T06:35:32.211+0000] {override.py:1912} INFO - Created Permission View: can read on DAG:example_branch_operator
[2025-03-28T06:35:32.217+0000] {logging_mixin.py:190} INFO - [2025-03-28T06:35:32.217+0000] {override.py:1912} INFO - Created Permission View: can create on DAG Run:example_branch_operator
[2025-03-28T06:35:32.222+0000] {logging_mixin.py:190} INFO - [2025-03-28T06:35:32.222+0000] {override.py:1912} INFO - Created Permission View: can delete on DAG Run:example_branch_operator
[2025-03-28T06:35:32.228+0000] {logging_mixin.py:190} INFO - [2025-03-28T06:35:32.228+0000] {override.py:1912} INFO - Created Permission View: can read on DAG Run:example_branch_operator
[2025-03-28T06:35:32.233+0000] {logging_mixin.py:190} INFO - [2025-03-28T06:35:32.233+0000] {override.py:1912} INFO - Created Permission View: menu access on DAG Run:example_branch_operator
[2025-03-28T06:35:32.233+0000] {logging_mixin.py:190} INFO - [2025-03-28T06:35:32.233+0000] {dag.py:3239} INFO - Sync 1 DAGs
[2025-03-28T06:35:32.246+0000] {logging_mixin.py:190} INFO - [2025-03-28T06:35:32.246+0000] {dag.py:3262} INFO - Creating ORM DAG for example_branch_operator
[2025-03-28T06:35:32.259+0000] {logging_mixin.py:190} INFO - [2025-03-28T06:35:32.259+0000] {dag.py:4180} INFO - Setting next_dagrun for example_branch_operator to 2025-03-27 00:00:00+00:00, run_after=2025-03-28 00:00:00+00:00
[2025-03-28T06:35:32.271+0000] {processor.py:208} INFO - Processing /home/airflow/.local/lib/python3.12/site-packages/airflow/example_dags/example_branch_operator.py took 0.217 seconds
[2025-03-28T06:36:02.899+0000] {processor.py:186} INFO - Started process (PID=156) to work on /home/airflow/.local/lib/python3.12/site-packages/airflow/example_dags/example_branch_operator.py
[2025-03-28T06:36:02.900+0000] {processor.py:914} INFO - Processing file /home/airflow/.local/lib/python3.12/site-packages/airflow/example_dags/example_branch_operator.py for tasks to queue
[2025-03-28T06:36:02.902+0000] {logging_mixin.py:190} INFO - [2025-03-28T06:36:02.901+0000] {dagbag.py:588} INFO - Filling up the DagBag from /home/airflow/.local/lib/python3.12/site-packages/airflow/example_dags/example_branch_operator.py
[2025-03-28T06:36:02.916+0000] {processor.py:925} INFO - DAG(s) 'example_branch_operator' retrieved from /home/airflow/.local/lib/python3.12/site-packages/airflow/example_dags/example_branch_operator.py
[2025-03-28T06:36:02.941+0000] {logging_mixin.py:190} INFO - [2025-03-28T06:36:02.941+0000] {dag.py:3239} INFO - Sync 1 DAGs
[2025-03-28T06:36:02.960+0000] {logging_mixin.py:190} INFO - [2025-03-28T06:36:02.960+0000] {dag.py:4180} INFO - Setting next_dagrun for example_branch_operator to 2025-03-27 00:00:00+00:00, run_after=2025-03-28 00:00:00+00:00
[2025-03-28T06:36:02.973+0000] {processor.py:208} INFO - Processing /home/airflow/.local/lib/python3.12/site-packages/airflow/example_dags/example_branch_operator.py took 0.079 seconds
[2025-03-28T06:36:33.808+0000] {processor.py:186} INFO - Started process (PID=219) to work on /home/airflow/.local/lib/python3.12/site-packages/airflow/example_dags/example_branch_operator.py
[2025-03-28T06:36:33.809+0000] {processor.py:914} INFO - Processing file /home/airflow/.local/lib/python3.12/site-packages/airflow/example_dags/example_branch_operator.py for tasks to queue
[2025-03-28T06:36:33.811+0000] {logging_mixin.py:190} INFO - [2025-03-28T06:36:33.811+0000] {dagbag.py:588} INFO - Filling up the DagBag from /home/airflow/.local/lib/python3.12/site-packages/airflow/example_dags/example_branch_operator.py
[2025-03-28T06:36:33.827+0000] {processor.py:925} INFO - DAG(s) 'example_branch_operator' retrieved from /home/airflow/.local/lib/python3.12/site-packages/airflow/example_dags/example_branch_operator.py
[2025-03-28T06:36:33.851+0000] {logging_mixin.py:190} INFO - [2025-03-28T06:36:33.851+0000] {dag.py:3239} INFO - Sync 1 DAGs
[2025-03-28T06:36:33.870+0000] {logging_mixin.py:190} INFO - [2025-03-28T06:36:33.870+0000] {dag.py:4180} INFO - Setting next_dagrun for example_branch_operator to 2025-03-27 00:00:00+00:00, run_after=2025-03-28 00:00:00+00:00
[2025-03-28T06:36:33.882+0000] {processor.py:208} INFO - Processing /home/airflow/.local/lib/python3.12/site-packages/airflow/example_dags/example_branch_operator.py took 0.080 seconds
[2025-03-28T06:45:51.269+0000] {processor.py:186} INFO - Started process (PID=92) to work on /home/airflow/.local/lib/python3.12/site-packages/airflow/example_dags/example_branch_operator.py
[2025-03-28T06:45:51.269+0000] {processor.py:914} INFO - Processing file /home/airflow/.local/lib/python3.12/site-packages/airflow/example_dags/example_branch_operator.py for tasks to queue
[2025-03-28T06:45:51.271+0000] {logging_mixin.py:190} INFO - [2025-03-28T06:45:51.271+0000] {dagbag.py:588} INFO - Filling up the DagBag from /home/airflow/.local/lib/python3.12/site-packages/airflow/example_dags/example_branch_operator.py
[2025-03-28T06:45:51.283+0000] {processor.py:925} INFO - DAG(s) 'example_branch_operator' retrieved from /home/airflow/.local/lib/python3.12/site-packages/airflow/example_dags/example_branch_operator.py
[2025-03-28T06:45:51.373+0000] {logging_mixin.py:190} INFO - [2025-03-28T06:45:51.372+0000] {dag.py:3239} INFO - Sync 1 DAGs
[2025-03-28T06:45:51.388+0000] {logging_mixin.py:190} INFO - [2025-03-28T06:45:51.388+0000] {dag.py:4180} INFO - Setting next_dagrun for example_branch_operator to 2025-03-27 00:00:00+00:00, run_after=2025-03-28 00:00:00+00:00
[2025-03-28T06:45:51.401+0000] {processor.py:208} INFO - Processing /home/airflow/.local/lib/python3.12/site-packages/airflow/example_dags/example_branch_operator.py took 0.137 seconds
[2025-03-28T06:46:21.608+0000] {processor.py:186} INFO - Started process (PID=154) to work on /home/airflow/.local/lib/python3.12/site-packages/airflow/example_dags/example_branch_operator.py
[2025-03-28T06:46:21.609+0000] {processor.py:914} INFO - Processing file /home/airflow/.local/lib/python3.12/site-packages/airflow/example_dags/example_branch_operator.py for tasks to queue
[2025-03-28T06:46:21.610+0000] {logging_mixin.py:190} INFO - [2025-03-28T06:46:21.610+0000] {dagbag.py:588} INFO - Filling up the DagBag from /home/airflow/.local/lib/python3.12/site-packages/airflow/example_dags/example_branch_operator.py
[2025-03-28T06:46:21.623+0000] {processor.py:925} INFO - DAG(s) 'example_branch_operator' retrieved from /home/airflow/.local/lib/python3.12/site-packages/airflow/example_dags/example_branch_operator.py
[2025-03-28T06:46:21.645+0000] {logging_mixin.py:190} INFO - [2025-03-28T06:46:21.645+0000] {dag.py:3239} INFO - Sync 1 DAGs
[2025-03-28T06:46:21.663+0000] {logging_mixin.py:190} INFO - [2025-03-28T06:46:21.663+0000] {dag.py:4180} INFO - Setting next_dagrun for example_branch_operator to 2025-03-27 00:00:00+00:00, run_after=2025-03-28 00:00:00+00:00
[2025-03-28T06:46:21.678+0000] {processor.py:208} INFO - Processing /home/airflow/.local/lib/python3.12/site-packages/airflow/example_dags/example_branch_operator.py took 0.074 seconds
[2025-03-28T06:46:52.223+0000] {processor.py:186} INFO - Started process (PID=217) to work on /home/airflow/.local/lib/python3.12/site-packages/airflow/example_dags/example_branch_operator.py
[2025-03-28T06:46:52.224+0000] {processor.py:914} INFO - Processing file /home/airflow/.local/lib/python3.12/site-packages/airflow/example_dags/example_branch_operator.py for tasks to queue
[2025-03-28T06:46:52.226+0000] {logging_mixin.py:190} INFO - [2025-03-28T06:46:52.225+0000] {dagbag.py:588} INFO - Filling up the DagBag from /home/airflow/.local/lib/python3.12/site-packages/airflow/example_dags/example_branch_operator.py
[2025-03-28T06:46:52.238+0000] {processor.py:925} INFO - DAG(s) 'example_branch_operator' retrieved from /home/airflow/.local/lib/python3.12/site-packages/airflow/example_dags/example_branch_operator.py
[2025-03-28T06:46:52.260+0000] {logging_mixin.py:190} INFO - [2025-03-28T06:46:52.260+0000] {dag.py:3239} INFO - Sync 1 DAGs
[2025-03-28T06:46:52.276+0000] {logging_mixin.py:190} INFO - [2025-03-28T06:46:52.276+0000] {dag.py:4180} INFO - Setting next_dagrun for example_branch_operator to 2025-03-27 00:00:00+00:00, run_after=2025-03-28 00:00:00+00:00
[2025-03-28T06:46:52.288+0000] {processor.py:208} INFO - Processing /home/airflow/.local/lib/python3.12/site-packages/airflow/example_dags/example_branch_operator.py took 0.069 seconds
