[2025-03-28T06:35:27.361+0000] {processor.py:186} INFO - Started process (PID=62) to work on /home/airflow/.local/lib/python3.12/site-packages/airflow/example_dags/tutorial_taskflow_api.py
[2025-03-28T06:35:27.361+0000] {processor.py:914} INFO - Processing file /home/airflow/.local/lib/python3.12/site-packages/airflow/example_dags/tutorial_taskflow_api.py for tasks to queue
[2025-03-28T06:35:27.363+0000] {logging_mixin.py:190} INFO - [2025-03-28T06:35:27.363+0000] {dagbag.py:588} INFO - Filling up the DagBag from /home/airflow/.local/lib/python3.12/site-packages/airflow/example_dags/tutorial_taskflow_api.py
[2025-03-28T06:35:27.372+0000] {processor.py:925} INFO - DAG(s) 'tutorial_taskflow_api' retrieved from /home/airflow/.local/lib/python3.12/site-packages/airflow/example_dags/tutorial_taskflow_api.py
[2025-03-28T06:35:27.455+0000] {logging_mixin.py:190} INFO - [2025-03-28T06:35:27.454+0000] {override.py:1912} INFO - Created Permission View: can delete on DAG:tutorial_taskflow_api
[2025-03-28T06:35:27.461+0000] {logging_mixin.py:190} INFO - [2025-03-28T06:35:27.461+0000] {override.py:1912} INFO - Created Permission View: can edit on DAG:tutorial_taskflow_api
[2025-03-28T06:35:27.466+0000] {logging_mixin.py:190} INFO - [2025-03-28T06:35:27.466+0000] {override.py:1912} INFO - Created Permission View: can read on DAG:tutorial_taskflow_api
[2025-03-28T06:35:27.471+0000] {logging_mixin.py:190} INFO - [2025-03-28T06:35:27.470+0000] {override.py:1912} INFO - Created Permission View: can create on DAG Run:tutorial_taskflow_api
[2025-03-28T06:35:27.475+0000] {logging_mixin.py:190} INFO - [2025-03-28T06:35:27.475+0000] {override.py:1912} INFO - Created Permission View: can delete on DAG Run:tutorial_taskflow_api
[2025-03-28T06:35:27.479+0000] {logging_mixin.py:190} INFO - [2025-03-28T06:35:27.479+0000] {override.py:1912} INFO - Created Permission View: can read on DAG Run:tutorial_taskflow_api
[2025-03-28T06:35:27.484+0000] {logging_mixin.py:190} INFO - [2025-03-28T06:35:27.483+0000] {override.py:1912} INFO - Created Permission View: menu access on DAG Run:tutorial_taskflow_api
[2025-03-28T06:35:27.484+0000] {logging_mixin.py:190} INFO - [2025-03-28T06:35:27.484+0000] {dag.py:3239} INFO - Sync 1 DAGs
[2025-03-28T06:35:27.494+0000] {logging_mixin.py:190} INFO - [2025-03-28T06:35:27.494+0000] {dag.py:3262} INFO - Creating ORM DAG for tutorial_taskflow_api
[2025-03-28T06:35:27.494+0000] {logging_mixin.py:190} INFO - [2025-03-28T06:35:27.494+0000] {dag.py:4180} INFO - Setting next_dagrun for tutorial_taskflow_api to None, run_after=None
[2025-03-28T06:35:27.508+0000] {processor.py:208} INFO - Processing /home/airflow/.local/lib/python3.12/site-packages/airflow/example_dags/tutorial_taskflow_api.py took 0.152 seconds
[2025-03-28T06:35:57.964+0000] {processor.py:186} INFO - Started process (PID=125) to work on /home/airflow/.local/lib/python3.12/site-packages/airflow/example_dags/tutorial_taskflow_api.py
[2025-03-28T06:35:57.965+0000] {processor.py:914} INFO - Processing file /home/airflow/.local/lib/python3.12/site-packages/airflow/example_dags/tutorial_taskflow_api.py for tasks to queue
[2025-03-28T06:35:57.967+0000] {logging_mixin.py:190} INFO - [2025-03-28T06:35:57.967+0000] {dagbag.py:588} INFO - Filling up the DagBag from /home/airflow/.local/lib/python3.12/site-packages/airflow/example_dags/tutorial_taskflow_api.py
[2025-03-28T06:35:57.974+0000] {processor.py:925} INFO - DAG(s) 'tutorial_taskflow_api' retrieved from /home/airflow/.local/lib/python3.12/site-packages/airflow/example_dags/tutorial_taskflow_api.py
[2025-03-28T06:35:57.992+0000] {logging_mixin.py:190} INFO - [2025-03-28T06:35:57.991+0000] {dag.py:3239} INFO - Sync 1 DAGs
[2025-03-28T06:35:58.003+0000] {logging_mixin.py:190} INFO - [2025-03-28T06:35:58.003+0000] {dag.py:4180} INFO - Setting next_dagrun for tutorial_taskflow_api to None, run_after=None
[2025-03-28T06:35:58.016+0000] {processor.py:208} INFO - Processing /home/airflow/.local/lib/python3.12/site-packages/airflow/example_dags/tutorial_taskflow_api.py took 0.057 seconds
[2025-03-28T06:36:28.649+0000] {processor.py:186} INFO - Started process (PID=188) to work on /home/airflow/.local/lib/python3.12/site-packages/airflow/example_dags/tutorial_taskflow_api.py
[2025-03-28T06:36:28.649+0000] {processor.py:914} INFO - Processing file /home/airflow/.local/lib/python3.12/site-packages/airflow/example_dags/tutorial_taskflow_api.py for tasks to queue
[2025-03-28T06:36:28.652+0000] {logging_mixin.py:190} INFO - [2025-03-28T06:36:28.651+0000] {dagbag.py:588} INFO - Filling up the DagBag from /home/airflow/.local/lib/python3.12/site-packages/airflow/example_dags/tutorial_taskflow_api.py
[2025-03-28T06:36:28.659+0000] {processor.py:925} INFO - DAG(s) 'tutorial_taskflow_api' retrieved from /home/airflow/.local/lib/python3.12/site-packages/airflow/example_dags/tutorial_taskflow_api.py
[2025-03-28T06:36:28.676+0000] {logging_mixin.py:190} INFO - [2025-03-28T06:36:28.676+0000] {dag.py:3239} INFO - Sync 1 DAGs
[2025-03-28T06:36:28.687+0000] {logging_mixin.py:190} INFO - [2025-03-28T06:36:28.687+0000] {dag.py:4180} INFO - Setting next_dagrun for tutorial_taskflow_api to None, run_after=None
[2025-03-28T06:36:28.701+0000] {processor.py:208} INFO - Processing /home/airflow/.local/lib/python3.12/site-packages/airflow/example_dags/tutorial_taskflow_api.py took 0.057 seconds
[2025-03-28T06:45:48.834+0000] {processor.py:186} INFO - Started process (PID=61) to work on /home/airflow/.local/lib/python3.12/site-packages/airflow/example_dags/tutorial_taskflow_api.py
[2025-03-28T06:45:48.835+0000] {processor.py:914} INFO - Processing file /home/airflow/.local/lib/python3.12/site-packages/airflow/example_dags/tutorial_taskflow_api.py for tasks to queue
[2025-03-28T06:45:48.838+0000] {logging_mixin.py:190} INFO - [2025-03-28T06:45:48.837+0000] {dagbag.py:588} INFO - Filling up the DagBag from /home/airflow/.local/lib/python3.12/site-packages/airflow/example_dags/tutorial_taskflow_api.py
[2025-03-28T06:45:48.845+0000] {processor.py:925} INFO - DAG(s) 'tutorial_taskflow_api' retrieved from /home/airflow/.local/lib/python3.12/site-packages/airflow/example_dags/tutorial_taskflow_api.py
[2025-03-28T06:45:48.865+0000] {logging_mixin.py:190} INFO - [2025-03-28T06:45:48.864+0000] {dag.py:3239} INFO - Sync 1 DAGs
[2025-03-28T06:45:48.879+0000] {logging_mixin.py:190} INFO - [2025-03-28T06:45:48.878+0000] {dag.py:4180} INFO - Setting next_dagrun for tutorial_taskflow_api to None, run_after=None
[2025-03-28T06:45:48.898+0000] {processor.py:208} INFO - Processing /home/airflow/.local/lib/python3.12/site-packages/airflow/example_dags/tutorial_taskflow_api.py took 0.069 seconds
[2025-03-28T06:46:19.489+0000] {processor.py:186} INFO - Started process (PID=124) to work on /home/airflow/.local/lib/python3.12/site-packages/airflow/example_dags/tutorial_taskflow_api.py
[2025-03-28T06:46:19.489+0000] {processor.py:914} INFO - Processing file /home/airflow/.local/lib/python3.12/site-packages/airflow/example_dags/tutorial_taskflow_api.py for tasks to queue
[2025-03-28T06:46:19.491+0000] {logging_mixin.py:190} INFO - [2025-03-28T06:46:19.491+0000] {dagbag.py:588} INFO - Filling up the DagBag from /home/airflow/.local/lib/python3.12/site-packages/airflow/example_dags/tutorial_taskflow_api.py
[2025-03-28T06:46:19.498+0000] {processor.py:925} INFO - DAG(s) 'tutorial_taskflow_api' retrieved from /home/airflow/.local/lib/python3.12/site-packages/airflow/example_dags/tutorial_taskflow_api.py
[2025-03-28T06:46:19.512+0000] {logging_mixin.py:190} INFO - [2025-03-28T06:46:19.512+0000] {dag.py:3239} INFO - Sync 1 DAGs
[2025-03-28T06:46:19.523+0000] {logging_mixin.py:190} INFO - [2025-03-28T06:46:19.523+0000] {dag.py:4180} INFO - Setting next_dagrun for tutorial_taskflow_api to None, run_after=None
[2025-03-28T06:46:19.536+0000] {processor.py:208} INFO - Processing /home/airflow/.local/lib/python3.12/site-packages/airflow/example_dags/tutorial_taskflow_api.py took 0.051 seconds
[2025-03-28T06:46:50.451+0000] {processor.py:186} INFO - Started process (PID=187) to work on /home/airflow/.local/lib/python3.12/site-packages/airflow/example_dags/tutorial_taskflow_api.py
[2025-03-28T06:46:50.452+0000] {processor.py:914} INFO - Processing file /home/airflow/.local/lib/python3.12/site-packages/airflow/example_dags/tutorial_taskflow_api.py for tasks to queue
[2025-03-28T06:46:50.454+0000] {logging_mixin.py:190} INFO - [2025-03-28T06:46:50.454+0000] {dagbag.py:588} INFO - Filling up the DagBag from /home/airflow/.local/lib/python3.12/site-packages/airflow/example_dags/tutorial_taskflow_api.py
[2025-03-28T06:46:50.463+0000] {processor.py:925} INFO - DAG(s) 'tutorial_taskflow_api' retrieved from /home/airflow/.local/lib/python3.12/site-packages/airflow/example_dags/tutorial_taskflow_api.py
[2025-03-28T06:46:50.482+0000] {logging_mixin.py:190} INFO - [2025-03-28T06:46:50.482+0000] {dag.py:3239} INFO - Sync 1 DAGs
[2025-03-28T06:46:50.494+0000] {logging_mixin.py:190} INFO - [2025-03-28T06:46:50.494+0000] {dag.py:4180} INFO - Setting next_dagrun for tutorial_taskflow_api to None, run_after=None
[2025-03-28T06:46:50.511+0000] {processor.py:208} INFO - Processing /home/airflow/.local/lib/python3.12/site-packages/airflow/example_dags/tutorial_taskflow_api.py took 0.066 seconds
[2025-03-28T06:47:21.478+0000] {processor.py:186} INFO - Started process (PID=250) to work on /home/airflow/.local/lib/python3.12/site-packages/airflow/example_dags/tutorial_taskflow_api.py
[2025-03-28T06:47:21.480+0000] {processor.py:914} INFO - Processing file /home/airflow/.local/lib/python3.12/site-packages/airflow/example_dags/tutorial_taskflow_api.py for tasks to queue
[2025-03-28T06:47:21.483+0000] {logging_mixin.py:190} INFO - [2025-03-28T06:47:21.483+0000] {dagbag.py:588} INFO - Filling up the DagBag from /home/airflow/.local/lib/python3.12/site-packages/airflow/example_dags/tutorial_taskflow_api.py
[2025-03-28T06:47:21.494+0000] {processor.py:925} INFO - DAG(s) 'tutorial_taskflow_api' retrieved from /home/airflow/.local/lib/python3.12/site-packages/airflow/example_dags/tutorial_taskflow_api.py
[2025-03-28T06:47:21.518+0000] {logging_mixin.py:190} INFO - [2025-03-28T06:47:21.518+0000] {dag.py:3239} INFO - Sync 1 DAGs
[2025-03-28T06:47:21.534+0000] {logging_mixin.py:190} INFO - [2025-03-28T06:47:21.534+0000] {dag.py:4180} INFO - Setting next_dagrun for tutorial_taskflow_api to None, run_after=None
[2025-03-28T06:47:21.554+0000] {processor.py:208} INFO - Processing /home/airflow/.local/lib/python3.12/site-packages/airflow/example_dags/tutorial_taskflow_api.py took 0.084 seconds
