[2025-03-28T06:35:27.019+0000] {processor.py:186} INFO - Started process (PID=58) to work on /home/airflow/.local/lib/python3.12/site-packages/airflow/example_dags/tutorial.py
[2025-03-28T06:35:27.019+0000] {processor.py:914} INFO - Processing file /home/airflow/.local/lib/python3.12/site-packages/airflow/example_dags/tutorial.py for tasks to queue
[2025-03-28T06:35:27.021+0000] {logging_mixin.py:190} INFO - [2025-03-28T06:35:27.020+0000] {dagbag.py:588} INFO - Filling up the DagBag from /home/airflow/.local/lib/python3.12/site-packages/airflow/example_dags/tutorial.py
[2025-03-28T06:35:27.028+0000] {processor.py:925} INFO - DAG(s) 'tutorial' retrieved from /home/airflow/.local/lib/python3.12/site-packages/airflow/example_dags/tutorial.py
[2025-03-28T06:35:27.106+0000] {logging_mixin.py:190} INFO - [2025-03-28T06:35:27.106+0000] {override.py:1912} INFO - Created Permission View: can delete on DAG:tutorial
[2025-03-28T06:35:27.114+0000] {logging_mixin.py:190} INFO - [2025-03-28T06:35:27.113+0000] {override.py:1912} INFO - Created Permission View: can edit on DAG:tutorial
[2025-03-28T06:35:27.119+0000] {logging_mixin.py:190} INFO - [2025-03-28T06:35:27.119+0000] {override.py:1912} INFO - Created Permission View: can read on DAG:tutorial
[2025-03-28T06:35:27.124+0000] {logging_mixin.py:190} INFO - [2025-03-28T06:35:27.124+0000] {override.py:1912} INFO - Created Permission View: can create on DAG Run:tutorial
[2025-03-28T06:35:27.128+0000] {logging_mixin.py:190} INFO - [2025-03-28T06:35:27.128+0000] {override.py:1912} INFO - Created Permission View: can delete on DAG Run:tutorial
[2025-03-28T06:35:27.132+0000] {logging_mixin.py:190} INFO - [2025-03-28T06:35:27.132+0000] {override.py:1912} INFO - Created Permission View: can read on DAG Run:tutorial
[2025-03-28T06:35:27.136+0000] {logging_mixin.py:190} INFO - [2025-03-28T06:35:27.136+0000] {override.py:1912} INFO - Created Permission View: menu access on DAG Run:tutorial
[2025-03-28T06:35:27.137+0000] {logging_mixin.py:190} INFO - [2025-03-28T06:35:27.136+0000] {dag.py:3239} INFO - Sync 1 DAGs
[2025-03-28T06:35:27.146+0000] {logging_mixin.py:190} INFO - [2025-03-28T06:35:27.146+0000] {dag.py:3262} INFO - Creating ORM DAG for tutorial
[2025-03-28T06:35:27.153+0000] {logging_mixin.py:190} INFO - [2025-03-28T06:35:27.153+0000] {dag.py:4180} INFO - Setting next_dagrun for tutorial to 2025-03-27 00:00:00+00:00, run_after=2025-03-28 00:00:00+00:00
[2025-03-28T06:35:27.165+0000] {processor.py:208} INFO - Processing /home/airflow/.local/lib/python3.12/site-packages/airflow/example_dags/tutorial.py took 0.151 seconds
[2025-03-28T06:35:57.786+0000] {processor.py:186} INFO - Started process (PID=121) to work on /home/airflow/.local/lib/python3.12/site-packages/airflow/example_dags/tutorial.py
[2025-03-28T06:35:57.787+0000] {processor.py:914} INFO - Processing file /home/airflow/.local/lib/python3.12/site-packages/airflow/example_dags/tutorial.py for tasks to queue
[2025-03-28T06:35:57.789+0000] {logging_mixin.py:190} INFO - [2025-03-28T06:35:57.789+0000] {dagbag.py:588} INFO - Filling up the DagBag from /home/airflow/.local/lib/python3.12/site-packages/airflow/example_dags/tutorial.py
[2025-03-28T06:35:57.797+0000] {processor.py:925} INFO - DAG(s) 'tutorial' retrieved from /home/airflow/.local/lib/python3.12/site-packages/airflow/example_dags/tutorial.py
[2025-03-28T06:35:57.814+0000] {logging_mixin.py:190} INFO - [2025-03-28T06:35:57.814+0000] {dag.py:3239} INFO - Sync 1 DAGs
[2025-03-28T06:35:57.830+0000] {logging_mixin.py:190} INFO - [2025-03-28T06:35:57.830+0000] {dag.py:4180} INFO - Setting next_dagrun for tutorial to 2025-03-27 00:00:00+00:00, run_after=2025-03-28 00:00:00+00:00
[2025-03-28T06:35:57.845+0000] {processor.py:208} INFO - Processing /home/airflow/.local/lib/python3.12/site-packages/airflow/example_dags/tutorial.py took 0.063 seconds
[2025-03-28T06:36:28.421+0000] {processor.py:186} INFO - Started process (PID=184) to work on /home/airflow/.local/lib/python3.12/site-packages/airflow/example_dags/tutorial.py
[2025-03-28T06:36:28.422+0000] {processor.py:914} INFO - Processing file /home/airflow/.local/lib/python3.12/site-packages/airflow/example_dags/tutorial.py for tasks to queue
[2025-03-28T06:36:28.424+0000] {logging_mixin.py:190} INFO - [2025-03-28T06:36:28.423+0000] {dagbag.py:588} INFO - Filling up the DagBag from /home/airflow/.local/lib/python3.12/site-packages/airflow/example_dags/tutorial.py
[2025-03-28T06:36:28.429+0000] {processor.py:925} INFO - DAG(s) 'tutorial' retrieved from /home/airflow/.local/lib/python3.12/site-packages/airflow/example_dags/tutorial.py
[2025-03-28T06:36:28.444+0000] {logging_mixin.py:190} INFO - [2025-03-28T06:36:28.444+0000] {dag.py:3239} INFO - Sync 1 DAGs
[2025-03-28T06:36:28.460+0000] {logging_mixin.py:190} INFO - [2025-03-28T06:36:28.460+0000] {dag.py:4180} INFO - Setting next_dagrun for tutorial to 2025-03-27 00:00:00+00:00, run_after=2025-03-28 00:00:00+00:00
[2025-03-28T06:36:28.473+0000] {processor.py:208} INFO - Processing /home/airflow/.local/lib/python3.12/site-packages/airflow/example_dags/tutorial.py took 0.056 seconds
[2025-03-28T06:45:48.653+0000] {processor.py:186} INFO - Started process (PID=57) to work on /home/airflow/.local/lib/python3.12/site-packages/airflow/example_dags/tutorial.py
[2025-03-28T06:45:48.654+0000] {processor.py:914} INFO - Processing file /home/airflow/.local/lib/python3.12/site-packages/airflow/example_dags/tutorial.py for tasks to queue
[2025-03-28T06:45:48.656+0000] {logging_mixin.py:190} INFO - [2025-03-28T06:45:48.655+0000] {dagbag.py:588} INFO - Filling up the DagBag from /home/airflow/.local/lib/python3.12/site-packages/airflow/example_dags/tutorial.py
[2025-03-28T06:45:48.662+0000] {processor.py:925} INFO - DAG(s) 'tutorial' retrieved from /home/airflow/.local/lib/python3.12/site-packages/airflow/example_dags/tutorial.py
[2025-03-28T06:45:48.680+0000] {logging_mixin.py:190} INFO - [2025-03-28T06:45:48.680+0000] {dag.py:3239} INFO - Sync 1 DAGs
[2025-03-28T06:45:48.699+0000] {logging_mixin.py:190} INFO - [2025-03-28T06:45:48.699+0000] {dag.py:4180} INFO - Setting next_dagrun for tutorial to 2025-03-27 00:00:00+00:00, run_after=2025-03-28 00:00:00+00:00
[2025-03-28T06:45:48.714+0000] {processor.py:208} INFO - Processing /home/airflow/.local/lib/python3.12/site-packages/airflow/example_dags/tutorial.py took 0.066 seconds
[2025-03-28T06:46:19.348+0000] {processor.py:186} INFO - Started process (PID=120) to work on /home/airflow/.local/lib/python3.12/site-packages/airflow/example_dags/tutorial.py
[2025-03-28T06:46:19.348+0000] {processor.py:914} INFO - Processing file /home/airflow/.local/lib/python3.12/site-packages/airflow/example_dags/tutorial.py for tasks to queue
[2025-03-28T06:46:19.350+0000] {logging_mixin.py:190} INFO - [2025-03-28T06:46:19.350+0000] {dagbag.py:588} INFO - Filling up the DagBag from /home/airflow/.local/lib/python3.12/site-packages/airflow/example_dags/tutorial.py
[2025-03-28T06:46:19.356+0000] {processor.py:925} INFO - DAG(s) 'tutorial' retrieved from /home/airflow/.local/lib/python3.12/site-packages/airflow/example_dags/tutorial.py
[2025-03-28T06:46:19.370+0000] {logging_mixin.py:190} INFO - [2025-03-28T06:46:19.370+0000] {dag.py:3239} INFO - Sync 1 DAGs
[2025-03-28T06:46:19.387+0000] {logging_mixin.py:190} INFO - [2025-03-28T06:46:19.387+0000] {dag.py:4180} INFO - Setting next_dagrun for tutorial to 2025-03-27 00:00:00+00:00, run_after=2025-03-28 00:00:00+00:00
[2025-03-28T06:46:19.399+0000] {processor.py:208} INFO - Processing /home/airflow/.local/lib/python3.12/site-packages/airflow/example_dags/tutorial.py took 0.055 seconds
[2025-03-28T06:46:50.271+0000] {processor.py:186} INFO - Started process (PID=183) to work on /home/airflow/.local/lib/python3.12/site-packages/airflow/example_dags/tutorial.py
[2025-03-28T06:46:50.272+0000] {processor.py:914} INFO - Processing file /home/airflow/.local/lib/python3.12/site-packages/airflow/example_dags/tutorial.py for tasks to queue
[2025-03-28T06:46:50.274+0000] {logging_mixin.py:190} INFO - [2025-03-28T06:46:50.274+0000] {dagbag.py:588} INFO - Filling up the DagBag from /home/airflow/.local/lib/python3.12/site-packages/airflow/example_dags/tutorial.py
[2025-03-28T06:46:50.281+0000] {processor.py:925} INFO - DAG(s) 'tutorial' retrieved from /home/airflow/.local/lib/python3.12/site-packages/airflow/example_dags/tutorial.py
[2025-03-28T06:46:50.298+0000] {logging_mixin.py:190} INFO - [2025-03-28T06:46:50.298+0000] {dag.py:3239} INFO - Sync 1 DAGs
[2025-03-28T06:46:50.316+0000] {logging_mixin.py:190} INFO - [2025-03-28T06:46:50.316+0000] {dag.py:4180} INFO - Setting next_dagrun for tutorial to 2025-03-27 00:00:00+00:00, run_after=2025-03-28 00:00:00+00:00
[2025-03-28T06:46:50.331+0000] {processor.py:208} INFO - Processing /home/airflow/.local/lib/python3.12/site-packages/airflow/example_dags/tutorial.py took 0.064 seconds
[2025-03-28T06:47:20.806+0000] {processor.py:186} INFO - Started process (PID=246) to work on /home/airflow/.local/lib/python3.12/site-packages/airflow/example_dags/tutorial.py
[2025-03-28T06:47:20.807+0000] {processor.py:914} INFO - Processing file /home/airflow/.local/lib/python3.12/site-packages/airflow/example_dags/tutorial.py for tasks to queue
[2025-03-28T06:47:20.810+0000] {logging_mixin.py:190} INFO - [2025-03-28T06:47:20.810+0000] {dagbag.py:588} INFO - Filling up the DagBag from /home/airflow/.local/lib/python3.12/site-packages/airflow/example_dags/tutorial.py
[2025-03-28T06:47:20.821+0000] {processor.py:925} INFO - DAG(s) 'tutorial' retrieved from /home/airflow/.local/lib/python3.12/site-packages/airflow/example_dags/tutorial.py
[2025-03-28T06:47:20.866+0000] {logging_mixin.py:190} INFO - [2025-03-28T06:47:20.865+0000] {dag.py:3239} INFO - Sync 1 DAGs
[2025-03-28T06:47:20.916+0000] {logging_mixin.py:190} INFO - [2025-03-28T06:47:20.915+0000] {dag.py:4180} INFO - Setting next_dagrun for tutorial to 2025-03-27 00:00:00+00:00, run_after=2025-03-28 00:00:00+00:00
[2025-03-28T06:47:20.952+0000] {processor.py:208} INFO - Processing /home/airflow/.local/lib/python3.12/site-packages/airflow/example_dags/tutorial.py took 0.154 seconds
