[2025-03-28T06:35:30.143+0000] {processor.py:186} INFO - Started process (PID=84) to work on /home/airflow/.local/lib/python3.12/site-packages/airflow/example_dags/tutorial_dag.py
[2025-03-28T06:35:30.143+0000] {processor.py:914} INFO - Processing file /home/airflow/.local/lib/python3.12/site-packages/airflow/example_dags/tutorial_dag.py for tasks to queue
[2025-03-28T06:35:30.145+0000] {logging_mixin.py:190} INFO - [2025-03-28T06:35:30.145+0000] {dagbag.py:588} INFO - Filling up the DagBag from /home/airflow/.local/lib/python3.12/site-packages/airflow/example_dags/tutorial_dag.py
[2025-03-28T06:35:30.151+0000] {processor.py:925} INFO - DAG(s) 'tutorial_dag' retrieved from /home/airflow/.local/lib/python3.12/site-packages/airflow/example_dags/tutorial_dag.py
[2025-03-28T06:35:30.230+0000] {logging_mixin.py:190} INFO - [2025-03-28T06:35:30.229+0000] {override.py:1912} INFO - Created Permission View: can delete on DAG:tutorial_dag
[2025-03-28T06:35:30.238+0000] {logging_mixin.py:190} INFO - [2025-03-28T06:35:30.238+0000] {override.py:1912} INFO - Created Permission View: can edit on DAG:tutorial_dag
[2025-03-28T06:35:30.242+0000] {logging_mixin.py:190} INFO - [2025-03-28T06:35:30.242+0000] {override.py:1912} INFO - Created Permission View: can read on DAG:tutorial_dag
[2025-03-28T06:35:30.247+0000] {logging_mixin.py:190} INFO - [2025-03-28T06:35:30.247+0000] {override.py:1912} INFO - Created Permission View: can create on DAG Run:tutorial_dag
[2025-03-28T06:35:30.253+0000] {logging_mixin.py:190} INFO - [2025-03-28T06:35:30.252+0000] {override.py:1912} INFO - Created Permission View: can delete on DAG Run:tutorial_dag
[2025-03-28T06:35:30.259+0000] {logging_mixin.py:190} INFO - [2025-03-28T06:35:30.258+0000] {override.py:1912} INFO - Created Permission View: can read on DAG Run:tutorial_dag
[2025-03-28T06:35:30.264+0000] {logging_mixin.py:190} INFO - [2025-03-28T06:35:30.264+0000] {override.py:1912} INFO - Created Permission View: menu access on DAG Run:tutorial_dag
[2025-03-28T06:35:30.265+0000] {logging_mixin.py:190} INFO - [2025-03-28T06:35:30.265+0000] {dag.py:3239} INFO - Sync 1 DAGs
[2025-03-28T06:35:30.274+0000] {logging_mixin.py:190} INFO - [2025-03-28T06:35:30.274+0000] {dag.py:3262} INFO - Creating ORM DAG for tutorial_dag
[2025-03-28T06:35:30.275+0000] {logging_mixin.py:190} INFO - [2025-03-28T06:35:30.275+0000] {dag.py:4180} INFO - Setting next_dagrun for tutorial_dag to None, run_after=None
[2025-03-28T06:35:30.286+0000] {processor.py:208} INFO - Processing /home/airflow/.local/lib/python3.12/site-packages/airflow/example_dags/tutorial_dag.py took 0.147 seconds
[2025-03-28T06:36:00.499+0000] {processor.py:186} INFO - Started process (PID=147) to work on /home/airflow/.local/lib/python3.12/site-packages/airflow/example_dags/tutorial_dag.py
[2025-03-28T06:36:00.500+0000] {processor.py:914} INFO - Processing file /home/airflow/.local/lib/python3.12/site-packages/airflow/example_dags/tutorial_dag.py for tasks to queue
[2025-03-28T06:36:00.502+0000] {logging_mixin.py:190} INFO - [2025-03-28T06:36:00.501+0000] {dagbag.py:588} INFO - Filling up the DagBag from /home/airflow/.local/lib/python3.12/site-packages/airflow/example_dags/tutorial_dag.py
[2025-03-28T06:36:00.508+0000] {processor.py:925} INFO - DAG(s) 'tutorial_dag' retrieved from /home/airflow/.local/lib/python3.12/site-packages/airflow/example_dags/tutorial_dag.py
[2025-03-28T06:36:00.526+0000] {logging_mixin.py:190} INFO - [2025-03-28T06:36:00.526+0000] {dag.py:3239} INFO - Sync 1 DAGs
[2025-03-28T06:36:00.537+0000] {logging_mixin.py:190} INFO - [2025-03-28T06:36:00.537+0000] {dag.py:4180} INFO - Setting next_dagrun for tutorial_dag to None, run_after=None
[2025-03-28T06:36:00.551+0000] {processor.py:208} INFO - Processing /home/airflow/.local/lib/python3.12/site-packages/airflow/example_dags/tutorial_dag.py took 0.058 seconds
[2025-03-28T06:36:31.692+0000] {processor.py:186} INFO - Started process (PID=210) to work on /home/airflow/.local/lib/python3.12/site-packages/airflow/example_dags/tutorial_dag.py
[2025-03-28T06:36:31.692+0000] {processor.py:914} INFO - Processing file /home/airflow/.local/lib/python3.12/site-packages/airflow/example_dags/tutorial_dag.py for tasks to queue
[2025-03-28T06:36:31.694+0000] {logging_mixin.py:190} INFO - [2025-03-28T06:36:31.694+0000] {dagbag.py:588} INFO - Filling up the DagBag from /home/airflow/.local/lib/python3.12/site-packages/airflow/example_dags/tutorial_dag.py
[2025-03-28T06:36:31.699+0000] {processor.py:925} INFO - DAG(s) 'tutorial_dag' retrieved from /home/airflow/.local/lib/python3.12/site-packages/airflow/example_dags/tutorial_dag.py
[2025-03-28T06:36:31.716+0000] {logging_mixin.py:190} INFO - [2025-03-28T06:36:31.715+0000] {dag.py:3239} INFO - Sync 1 DAGs
[2025-03-28T06:36:31.726+0000] {logging_mixin.py:190} INFO - [2025-03-28T06:36:31.726+0000] {dag.py:4180} INFO - Setting next_dagrun for tutorial_dag to None, run_after=None
[2025-03-28T06:36:31.740+0000] {processor.py:208} INFO - Processing /home/airflow/.local/lib/python3.12/site-packages/airflow/example_dags/tutorial_dag.py took 0.053 seconds
[2025-03-28T06:45:50.487+0000] {processor.py:186} INFO - Started process (PID=83) to work on /home/airflow/.local/lib/python3.12/site-packages/airflow/example_dags/tutorial_dag.py
[2025-03-28T06:45:50.488+0000] {processor.py:914} INFO - Processing file /home/airflow/.local/lib/python3.12/site-packages/airflow/example_dags/tutorial_dag.py for tasks to queue
[2025-03-28T06:45:50.490+0000] {logging_mixin.py:190} INFO - [2025-03-28T06:45:50.489+0000] {dagbag.py:588} INFO - Filling up the DagBag from /home/airflow/.local/lib/python3.12/site-packages/airflow/example_dags/tutorial_dag.py
[2025-03-28T06:45:50.495+0000] {processor.py:925} INFO - DAG(s) 'tutorial_dag' retrieved from /home/airflow/.local/lib/python3.12/site-packages/airflow/example_dags/tutorial_dag.py
[2025-03-28T06:45:50.513+0000] {logging_mixin.py:190} INFO - [2025-03-28T06:45:50.513+0000] {dag.py:3239} INFO - Sync 1 DAGs
[2025-03-28T06:45:50.524+0000] {logging_mixin.py:190} INFO - [2025-03-28T06:45:50.524+0000] {dag.py:4180} INFO - Setting next_dagrun for tutorial_dag to None, run_after=None
[2025-03-28T06:45:50.537+0000] {processor.py:208} INFO - Processing /home/airflow/.local/lib/python3.12/site-packages/airflow/example_dags/tutorial_dag.py took 0.054 seconds
[2025-03-28T06:46:20.594+0000] {processor.py:186} INFO - Started process (PID=145) to work on /home/airflow/.local/lib/python3.12/site-packages/airflow/example_dags/tutorial_dag.py
[2025-03-28T06:46:20.594+0000] {processor.py:914} INFO - Processing file /home/airflow/.local/lib/python3.12/site-packages/airflow/example_dags/tutorial_dag.py for tasks to queue
[2025-03-28T06:46:20.596+0000] {logging_mixin.py:190} INFO - [2025-03-28T06:46:20.596+0000] {dagbag.py:588} INFO - Filling up the DagBag from /home/airflow/.local/lib/python3.12/site-packages/airflow/example_dags/tutorial_dag.py
[2025-03-28T06:46:20.601+0000] {processor.py:925} INFO - DAG(s) 'tutorial_dag' retrieved from /home/airflow/.local/lib/python3.12/site-packages/airflow/example_dags/tutorial_dag.py
[2025-03-28T06:46:20.617+0000] {logging_mixin.py:190} INFO - [2025-03-28T06:46:20.617+0000] {dag.py:3239} INFO - Sync 1 DAGs
[2025-03-28T06:46:20.627+0000] {logging_mixin.py:190} INFO - [2025-03-28T06:46:20.627+0000] {dag.py:4180} INFO - Setting next_dagrun for tutorial_dag to None, run_after=None
[2025-03-28T06:46:20.639+0000] {processor.py:208} INFO - Processing /home/airflow/.local/lib/python3.12/site-packages/airflow/example_dags/tutorial_dag.py took 0.050 seconds
[2025-03-28T06:46:51.572+0000] {processor.py:186} INFO - Started process (PID=208) to work on /home/airflow/.local/lib/python3.12/site-packages/airflow/example_dags/tutorial_dag.py
[2025-03-28T06:46:51.573+0000] {processor.py:914} INFO - Processing file /home/airflow/.local/lib/python3.12/site-packages/airflow/example_dags/tutorial_dag.py for tasks to queue
[2025-03-28T06:46:51.575+0000] {logging_mixin.py:190} INFO - [2025-03-28T06:46:51.574+0000] {dagbag.py:588} INFO - Filling up the DagBag from /home/airflow/.local/lib/python3.12/site-packages/airflow/example_dags/tutorial_dag.py
[2025-03-28T06:46:51.581+0000] {processor.py:925} INFO - DAG(s) 'tutorial_dag' retrieved from /home/airflow/.local/lib/python3.12/site-packages/airflow/example_dags/tutorial_dag.py
[2025-03-28T06:46:51.596+0000] {logging_mixin.py:190} INFO - [2025-03-28T06:46:51.596+0000] {dag.py:3239} INFO - Sync 1 DAGs
[2025-03-28T06:46:51.606+0000] {logging_mixin.py:190} INFO - [2025-03-28T06:46:51.606+0000] {dag.py:4180} INFO - Setting next_dagrun for tutorial_dag to None, run_after=None
[2025-03-28T06:46:51.618+0000] {processor.py:208} INFO - Processing /home/airflow/.local/lib/python3.12/site-packages/airflow/example_dags/tutorial_dag.py took 0.050 seconds
