[2025-03-28T06:35:26.649+0000] {processor.py:186} INFO - Started process (PID=55) to work on /home/airflow/.local/lib/python3.12/site-packages/airflow/example_dags/tutorial_objectstorage.py
[2025-03-28T06:35:26.650+0000] {processor.py:914} INFO - Processing file /home/airflow/.local/lib/python3.12/site-packages/airflow/example_dags/tutorial_objectstorage.py for tasks to queue
[2025-03-28T06:35:26.651+0000] {logging_mixin.py:190} INFO - [2025-03-28T06:35:26.651+0000] {dagbag.py:588} INFO - Filling up the DagBag from /home/airflow/.local/lib/python3.12/site-packages/airflow/example_dags/tutorial_objectstorage.py
[2025-03-28T06:35:26.659+0000] {processor.py:925} INFO - DAG(s) 'tutorial_objectstorage' retrieved from /home/airflow/.local/lib/python3.12/site-packages/airflow/example_dags/tutorial_objectstorage.py
[2025-03-28T06:35:26.737+0000] {logging_mixin.py:190} INFO - [2025-03-28T06:35:26.737+0000] {override.py:1912} INFO - Created Permission View: can delete on DAG:tutorial_objectstorage
[2025-03-28T06:35:26.744+0000] {logging_mixin.py:190} INFO - [2025-03-28T06:35:26.744+0000] {override.py:1912} INFO - Created Permission View: can edit on DAG:tutorial_objectstorage
[2025-03-28T06:35:26.749+0000] {logging_mixin.py:190} INFO - [2025-03-28T06:35:26.748+0000] {override.py:1912} INFO - Created Permission View: can read on DAG:tutorial_objectstorage
[2025-03-28T06:35:26.754+0000] {logging_mixin.py:190} INFO - [2025-03-28T06:35:26.753+0000] {override.py:1912} INFO - Created Permission View: can create on DAG Run:tutorial_objectstorage
[2025-03-28T06:35:26.758+0000] {logging_mixin.py:190} INFO - [2025-03-28T06:35:26.758+0000] {override.py:1912} INFO - Created Permission View: can delete on DAG Run:tutorial_objectstorage
[2025-03-28T06:35:26.763+0000] {logging_mixin.py:190} INFO - [2025-03-28T06:35:26.762+0000] {override.py:1912} INFO - Created Permission View: can read on DAG Run:tutorial_objectstorage
[2025-03-28T06:35:26.767+0000] {logging_mixin.py:190} INFO - [2025-03-28T06:35:26.767+0000] {override.py:1912} INFO - Created Permission View: menu access on DAG Run:tutorial_objectstorage
[2025-03-28T06:35:26.767+0000] {logging_mixin.py:190} INFO - [2025-03-28T06:35:26.767+0000] {dag.py:3239} INFO - Sync 1 DAGs
[2025-03-28T06:35:26.777+0000] {logging_mixin.py:190} INFO - [2025-03-28T06:35:26.777+0000] {dag.py:3262} INFO - Creating ORM DAG for tutorial_objectstorage
[2025-03-28T06:35:26.777+0000] {logging_mixin.py:190} INFO - [2025-03-28T06:35:26.777+0000] {dag.py:4180} INFO - Setting next_dagrun for tutorial_objectstorage to None, run_after=None
[2025-03-28T06:35:26.789+0000] {processor.py:208} INFO - Processing /home/airflow/.local/lib/python3.12/site-packages/airflow/example_dags/tutorial_objectstorage.py took 0.144 seconds
[2025-03-28T06:35:57.581+0000] {processor.py:186} INFO - Started process (PID=118) to work on /home/airflow/.local/lib/python3.12/site-packages/airflow/example_dags/tutorial_objectstorage.py
[2025-03-28T06:35:57.582+0000] {processor.py:914} INFO - Processing file /home/airflow/.local/lib/python3.12/site-packages/airflow/example_dags/tutorial_objectstorage.py for tasks to queue
[2025-03-28T06:35:57.583+0000] {logging_mixin.py:190} INFO - [2025-03-28T06:35:57.583+0000] {dagbag.py:588} INFO - Filling up the DagBag from /home/airflow/.local/lib/python3.12/site-packages/airflow/example_dags/tutorial_objectstorage.py
[2025-03-28T06:35:57.592+0000] {processor.py:925} INFO - DAG(s) 'tutorial_objectstorage' retrieved from /home/airflow/.local/lib/python3.12/site-packages/airflow/example_dags/tutorial_objectstorage.py
[2025-03-28T06:35:57.610+0000] {logging_mixin.py:190} INFO - [2025-03-28T06:35:57.610+0000] {dag.py:3239} INFO - Sync 1 DAGs
[2025-03-28T06:35:57.621+0000] {logging_mixin.py:190} INFO - [2025-03-28T06:35:57.621+0000] {dag.py:4180} INFO - Setting next_dagrun for tutorial_objectstorage to None, run_after=None
[2025-03-28T06:35:57.635+0000] {processor.py:208} INFO - Processing /home/airflow/.local/lib/python3.12/site-packages/airflow/example_dags/tutorial_objectstorage.py took 0.059 seconds
[2025-03-28T06:36:28.280+0000] {processor.py:186} INFO - Started process (PID=181) to work on /home/airflow/.local/lib/python3.12/site-packages/airflow/example_dags/tutorial_objectstorage.py
[2025-03-28T06:36:28.281+0000] {processor.py:914} INFO - Processing file /home/airflow/.local/lib/python3.12/site-packages/airflow/example_dags/tutorial_objectstorage.py for tasks to queue
[2025-03-28T06:36:28.282+0000] {logging_mixin.py:190} INFO - [2025-03-28T06:36:28.282+0000] {dagbag.py:588} INFO - Filling up the DagBag from /home/airflow/.local/lib/python3.12/site-packages/airflow/example_dags/tutorial_objectstorage.py
[2025-03-28T06:36:28.289+0000] {processor.py:925} INFO - DAG(s) 'tutorial_objectstorage' retrieved from /home/airflow/.local/lib/python3.12/site-packages/airflow/example_dags/tutorial_objectstorage.py
[2025-03-28T06:36:28.304+0000] {logging_mixin.py:190} INFO - [2025-03-28T06:36:28.304+0000] {dag.py:3239} INFO - Sync 1 DAGs
[2025-03-28T06:36:28.314+0000] {logging_mixin.py:190} INFO - [2025-03-28T06:36:28.314+0000] {dag.py:4180} INFO - Setting next_dagrun for tutorial_objectstorage to None, run_after=None
[2025-03-28T06:36:28.327+0000] {processor.py:208} INFO - Processing /home/airflow/.local/lib/python3.12/site-packages/airflow/example_dags/tutorial_objectstorage.py took 0.051 seconds
[2025-03-28T06:45:48.481+0000] {processor.py:186} INFO - Started process (PID=54) to work on /home/airflow/.local/lib/python3.12/site-packages/airflow/example_dags/tutorial_objectstorage.py
[2025-03-28T06:45:48.482+0000] {processor.py:914} INFO - Processing file /home/airflow/.local/lib/python3.12/site-packages/airflow/example_dags/tutorial_objectstorage.py for tasks to queue
[2025-03-28T06:45:48.483+0000] {logging_mixin.py:190} INFO - [2025-03-28T06:45:48.483+0000] {dagbag.py:588} INFO - Filling up the DagBag from /home/airflow/.local/lib/python3.12/site-packages/airflow/example_dags/tutorial_objectstorage.py
[2025-03-28T06:45:48.490+0000] {processor.py:925} INFO - DAG(s) 'tutorial_objectstorage' retrieved from /home/airflow/.local/lib/python3.12/site-packages/airflow/example_dags/tutorial_objectstorage.py
[2025-03-28T06:45:48.507+0000] {logging_mixin.py:190} INFO - [2025-03-28T06:45:48.507+0000] {dag.py:3239} INFO - Sync 1 DAGs
[2025-03-28T06:45:48.518+0000] {logging_mixin.py:190} INFO - [2025-03-28T06:45:48.517+0000] {dag.py:4180} INFO - Setting next_dagrun for tutorial_objectstorage to None, run_after=None
[2025-03-28T06:45:48.530+0000] {processor.py:208} INFO - Processing /home/airflow/.local/lib/python3.12/site-packages/airflow/example_dags/tutorial_objectstorage.py took 0.053 seconds
[2025-03-28T06:46:19.220+0000] {processor.py:186} INFO - Started process (PID=117) to work on /home/airflow/.local/lib/python3.12/site-packages/airflow/example_dags/tutorial_objectstorage.py
[2025-03-28T06:46:19.220+0000] {processor.py:914} INFO - Processing file /home/airflow/.local/lib/python3.12/site-packages/airflow/example_dags/tutorial_objectstorage.py for tasks to queue
[2025-03-28T06:46:19.222+0000] {logging_mixin.py:190} INFO - [2025-03-28T06:46:19.222+0000] {dagbag.py:588} INFO - Filling up the DagBag from /home/airflow/.local/lib/python3.12/site-packages/airflow/example_dags/tutorial_objectstorage.py
[2025-03-28T06:46:19.228+0000] {processor.py:925} INFO - DAG(s) 'tutorial_objectstorage' retrieved from /home/airflow/.local/lib/python3.12/site-packages/airflow/example_dags/tutorial_objectstorage.py
[2025-03-28T06:46:19.242+0000] {logging_mixin.py:190} INFO - [2025-03-28T06:46:19.242+0000] {dag.py:3239} INFO - Sync 1 DAGs
[2025-03-28T06:46:19.254+0000] {logging_mixin.py:190} INFO - [2025-03-28T06:46:19.253+0000] {dag.py:4180} INFO - Setting next_dagrun for tutorial_objectstorage to None, run_after=None
[2025-03-28T06:46:19.267+0000] {processor.py:208} INFO - Processing /home/airflow/.local/lib/python3.12/site-packages/airflow/example_dags/tutorial_objectstorage.py took 0.051 seconds
[2025-03-28T06:46:50.066+0000] {processor.py:186} INFO - Started process (PID=180) to work on /home/airflow/.local/lib/python3.12/site-packages/airflow/example_dags/tutorial_objectstorage.py
[2025-03-28T06:46:50.067+0000] {processor.py:914} INFO - Processing file /home/airflow/.local/lib/python3.12/site-packages/airflow/example_dags/tutorial_objectstorage.py for tasks to queue
[2025-03-28T06:46:50.069+0000] {logging_mixin.py:190} INFO - [2025-03-28T06:46:50.068+0000] {dagbag.py:588} INFO - Filling up the DagBag from /home/airflow/.local/lib/python3.12/site-packages/airflow/example_dags/tutorial_objectstorage.py
[2025-03-28T06:46:50.076+0000] {processor.py:925} INFO - DAG(s) 'tutorial_objectstorage' retrieved from /home/airflow/.local/lib/python3.12/site-packages/airflow/example_dags/tutorial_objectstorage.py
[2025-03-28T06:46:50.093+0000] {logging_mixin.py:190} INFO - [2025-03-28T06:46:50.093+0000] {dag.py:3239} INFO - Sync 1 DAGs
[2025-03-28T06:46:50.104+0000] {logging_mixin.py:190} INFO - [2025-03-28T06:46:50.104+0000] {dag.py:4180} INFO - Setting next_dagrun for tutorial_objectstorage to None, run_after=None
[2025-03-28T06:46:50.118+0000] {processor.py:208} INFO - Processing /home/airflow/.local/lib/python3.12/site-packages/airflow/example_dags/tutorial_objectstorage.py took 0.056 seconds
[2025-03-28T06:47:20.421+0000] {processor.py:186} INFO - Started process (PID=243) to work on /home/airflow/.local/lib/python3.12/site-packages/airflow/example_dags/tutorial_objectstorage.py
[2025-03-28T06:47:20.421+0000] {processor.py:914} INFO - Processing file /home/airflow/.local/lib/python3.12/site-packages/airflow/example_dags/tutorial_objectstorage.py for tasks to queue
[2025-03-28T06:47:20.423+0000] {logging_mixin.py:190} INFO - [2025-03-28T06:47:20.423+0000] {dagbag.py:588} INFO - Filling up the DagBag from /home/airflow/.local/lib/python3.12/site-packages/airflow/example_dags/tutorial_objectstorage.py
[2025-03-28T06:47:20.431+0000] {processor.py:925} INFO - DAG(s) 'tutorial_objectstorage' retrieved from /home/airflow/.local/lib/python3.12/site-packages/airflow/example_dags/tutorial_objectstorage.py
[2025-03-28T06:47:20.449+0000] {logging_mixin.py:190} INFO - [2025-03-28T06:47:20.449+0000] {dag.py:3239} INFO - Sync 1 DAGs
[2025-03-28T06:47:20.460+0000] {logging_mixin.py:190} INFO - [2025-03-28T06:47:20.460+0000] {dag.py:4180} INFO - Setting next_dagrun for tutorial_objectstorage to None, run_after=None
[2025-03-28T06:47:20.473+0000] {processor.py:208} INFO - Processing /home/airflow/.local/lib/python3.12/site-packages/airflow/example_dags/tutorial_objectstorage.py took 0.058 seconds
